[2.094s] Invoking command in '/home/ashish/ros2_ws/build/turtlebot3_example': PYTHONPATH=/home/ashish/ros2_ws/build/turtlebot3_example/prefix_override:/usr/lib/python3/dist-packages/colcon_core/task/python/colcon_distutils_commands:/home/ashish/ros2_ws/install/turtlebot3_example/lib/python3.10/site-packages:${PYTHONPATH} /usr/bin/python3 -W ignore:setup.py install is deprecated -W ignore:easy_install command is deprecated setup.py develop --editable --build-directory /home/ashish/ros2_ws/build/turtlebot3_example/build --no-deps symlink_data
[2.498s] running develop
[2.761s] running egg_info
[2.761s] writing turtlebot3_example.egg-info/PKG-INFO
[2.762s] writing dependency_links to turtlebot3_example.egg-info/dependency_links.txt
[2.762s] writing entry points to turtlebot3_example.egg-info/entry_points.txt
[2.764s] writing requirements to turtlebot3_example.egg-info/requires.txt
[2.764s] writing top-level names to turtlebot3_example.egg-info/top_level.txt
[2.773s] reading manifest file 'turtlebot3_example.egg-info/SOURCES.txt'
[2.786s] writing manifest file 'turtlebot3_example.egg-info/SOURCES.txt'
[2.786s] running build_ext
[2.786s] Creating /home/ashish/ros2_ws/install/turtlebot3_example/lib/python3.10/site-packages/turtlebot3-example.egg-link (link to .)
[2.786s] Installing turtlebot3_obstacle_detection script to /home/ashish/ros2_ws/install/turtlebot3_example/lib/turtlebot3_example
[2.787s] Installing turtlebot3_patrol_client script to /home/ashish/ros2_ws/install/turtlebot3_example/lib/turtlebot3_example
[2.787s] Installing turtlebot3_patrol_server script to /home/ashish/ros2_ws/install/turtlebot3_example/lib/turtlebot3_example
[2.787s] Installing turtlebot3_position_control script to /home/ashish/ros2_ws/install/turtlebot3_example/lib/turtlebot3_example
[2.787s] 
[2.787s] Installed /home/ashish/ros2_ws/build/turtlebot3_example
[2.787s] running symlink_data
[2.829s] Invoked command in '/home/ashish/ros2_ws/build/turtlebot3_example' returned '0': PYTHONPATH=/home/ashish/ros2_ws/build/turtlebot3_example/prefix_override:/usr/lib/python3/dist-packages/colcon_core/task/python/colcon_distutils_commands:/home/ashish/ros2_ws/install/turtlebot3_example/lib/python3.10/site-packages:${PYTHONPATH} /usr/bin/python3 -W ignore:setup.py install is deprecated -W ignore:easy_install command is deprecated setup.py develop --editable --build-directory /home/ashish/ros2_ws/build/turtlebot3_example/build --no-deps symlink_data
