[0.100s] Invoking command in '/home/ashish/ros2_ws/build/turtlebot3': AMENT_PREFIX_PATH=/home/ashish/ros2_ws/install/turtlebot3_bringup:/home/ashish/ros2_ws/install/turtlebot3_teleop:/home/ashish/ros2_ws/install/turtlebot3_node:/home/ashish/ros2_ws/install/turtlebot3_navigation2:/home/ashish/ros2_ws/install/turtlebot3_example:/home/ashish/ros2_ws/install/turtlebot3_description:/home/ashish/ros2_ws/install/turtlebot3_cartographer:${AMENT_PREFIX_PATH} CMAKE_PREFIX_PATH=/home/ashish/ros2_ws/install/turtlebot3_bringup:/home/ashish/ros2_ws/install/turtlebot3_node:/home/ashish/ros2_ws/install/turtlebot3_navigation2:/home/ashish/ros2_ws/install/turtlebot3_description:/home/ashish/ros2_ws/install/turtlebot3_cartographer:/home/ashish/ros2_ws/install/rplidar_ros:/opt/ros/humble PYTHONPATH=/home/ashish/ros2_ws/install/turtlebot3_teleop/lib/python3.10/site-packages:/home/ashish/ros2_ws/install/turtlebot3_example/lib/python3.10/site-packages:${PYTHONPATH} /usr/bin/cmake /home/ashish/ros2_ws/src/turtlebot3/turtlebot3 -DCMAKE_INSTALL_PREFIX=/home/ashish/ros2_ws/install/turtlebot3
[0.527s] -- The C compiler identification is GNU 11.4.0
[1.008s] -- The CXX compiler identification is GNU 11.4.0
[1.065s] -- Detecting C compiler ABI info
[1.734s] -- Detecting C compiler ABI info - done
[1.828s] -- Check for working C compiler: /usr/bin/cc - skipped
[1.828s] -- Detecting C compile features
[1.853s] -- Detecting C compile features - done
[1.893s] -- Detecting CXX compiler ABI info
[2.700s] -- Detecting CXX compiler ABI info - done
[2.732s] -- Check for working CXX compiler: /usr/bin/c++ - skipped
[2.766s] -- Detecting CXX compile features
[2.775s] -- Detecting CXX compile features - done
[2.781s] -- Found ament_cmake: 1.3.11 (/opt/ros/humble/share/ament_cmake/cmake)
[3.377s] -- Found Python3: /usr/bin/python3 (found version "3.10.12") found components: Interpreter 
[3.982s] -- Configuring done
[4.045s] -- Generating done
[4.045s] -- Build files have been written to: /home/ashish/ros2_ws/build/turtlebot3
[4.102s] Invoked command in '/home/ashish/ros2_ws/build/turtlebot3' returned '0': AMENT_PREFIX_PATH=/home/ashish/ros2_ws/install/turtlebot3_bringup:/home/ashish/ros2_ws/install/turtlebot3_teleop:/home/ashish/ros2_ws/install/turtlebot3_node:/home/ashish/ros2_ws/install/turtlebot3_navigation2:/home/ashish/ros2_ws/install/turtlebot3_example:/home/ashish/ros2_ws/install/turtlebot3_description:/home/ashish/ros2_ws/install/turtlebot3_cartographer:${AMENT_PREFIX_PATH} CMAKE_PREFIX_PATH=/home/ashish/ros2_ws/install/turtlebot3_bringup:/home/ashish/ros2_ws/install/turtlebot3_node:/home/ashish/ros2_ws/install/turtlebot3_navigation2:/home/ashish/ros2_ws/install/turtlebot3_description:/home/ashish/ros2_ws/install/turtlebot3_cartographer:/home/ashish/ros2_ws/install/rplidar_ros:/opt/ros/humble PYTHONPATH=/home/ashish/ros2_ws/install/turtlebot3_teleop/lib/python3.10/site-packages:/home/ashish/ros2_ws/install/turtlebot3_example/lib/python3.10/site-packages:${PYTHONPATH} /usr/bin/cmake /home/ashish/ros2_ws/src/turtlebot3/turtlebot3 -DCMAKE_INSTALL_PREFIX=/home/ashish/ros2_ws/install/turtlebot3
[4.104s] Invoking command in '/home/ashish/ros2_ws/build/turtlebot3': AMENT_PREFIX_PATH=/home/ashish/ros2_ws/install/turtlebot3_bringup:/home/ashish/ros2_ws/install/turtlebot3_teleop:/home/ashish/ros2_ws/install/turtlebot3_node:/home/ashish/ros2_ws/install/turtlebot3_navigation2:/home/ashish/ros2_ws/install/turtlebot3_example:/home/ashish/ros2_ws/install/turtlebot3_description:/home/ashish/ros2_ws/install/turtlebot3_cartographer:${AMENT_PREFIX_PATH} CMAKE_PREFIX_PATH=/home/ashish/ros2_ws/install/turtlebot3_bringup:/home/ashish/ros2_ws/install/turtlebot3_node:/home/ashish/ros2_ws/install/turtlebot3_navigation2:/home/ashish/ros2_ws/install/turtlebot3_description:/home/ashish/ros2_ws/install/turtlebot3_cartographer:/home/ashish/ros2_ws/install/rplidar_ros:/opt/ros/humble PYTHONPATH=/home/ashish/ros2_ws/install/turtlebot3_teleop/lib/python3.10/site-packages:/home/ashish/ros2_ws/install/turtlebot3_example/lib/python3.10/site-packages:${PYTHONPATH} /usr/bin/cmake --build /home/ashish/ros2_ws/build/turtlebot3 -- -j4 -l4
[4.388s] Invoked command in '/home/ashish/ros2_ws/build/turtlebot3' returned '0': AMENT_PREFIX_PATH=/home/ashish/ros2_ws/install/turtlebot3_bringup:/home/ashish/ros2_ws/install/turtlebot3_teleop:/home/ashish/ros2_ws/install/turtlebot3_node:/home/ashish/ros2_ws/install/turtlebot3_navigation2:/home/ashish/ros2_ws/install/turtlebot3_example:/home/ashish/ros2_ws/install/turtlebot3_description:/home/ashish/ros2_ws/install/turtlebot3_cartographer:${AMENT_PREFIX_PATH} CMAKE_PREFIX_PATH=/home/ashish/ros2_ws/install/turtlebot3_bringup:/home/ashish/ros2_ws/install/turtlebot3_node:/home/ashish/ros2_ws/install/turtlebot3_navigation2:/home/ashish/ros2_ws/install/turtlebot3_description:/home/ashish/ros2_ws/install/turtlebot3_cartographer:/home/ashish/ros2_ws/install/rplidar_ros:/opt/ros/humble PYTHONPATH=/home/ashish/ros2_ws/install/turtlebot3_teleop/lib/python3.10/site-packages:/home/ashish/ros2_ws/install/turtlebot3_example/lib/python3.10/site-packages:${PYTHONPATH} /usr/bin/cmake --build /home/ashish/ros2_ws/build/turtlebot3 -- -j4 -l4
[4.458s] Invoking command in '/home/ashish/ros2_ws/build/turtlebot3': AMENT_PREFIX_PATH=/home/ashish/ros2_ws/install/turtlebot3_bringup:/home/ashish/ros2_ws/install/turtlebot3_teleop:/home/ashish/ros2_ws/install/turtlebot3_node:/home/ashish/ros2_ws/install/turtlebot3_navigation2:/home/ashish/ros2_ws/install/turtlebot3_example:/home/ashish/ros2_ws/install/turtlebot3_description:/home/ashish/ros2_ws/install/turtlebot3_cartographer:${AMENT_PREFIX_PATH} CMAKE_PREFIX_PATH=/home/ashish/ros2_ws/install/turtlebot3_bringup:/home/ashish/ros2_ws/install/turtlebot3_node:/home/ashish/ros2_ws/install/turtlebot3_navigation2:/home/ashish/ros2_ws/install/turtlebot3_description:/home/ashish/ros2_ws/install/turtlebot3_cartographer:/home/ashish/ros2_ws/install/rplidar_ros:/opt/ros/humble PYTHONPATH=/home/ashish/ros2_ws/install/turtlebot3_teleop/lib/python3.10/site-packages:/home/ashish/ros2_ws/install/turtlebot3_example/lib/python3.10/site-packages:${PYTHONPATH} /usr/bin/cmake --install /home/ashish/ros2_ws/build/turtlebot3
[4.506s] -- Install configuration: ""
[4.506s] -- Installing: /home/ashish/ros2_ws/install/turtlebot3/share/ament_index/resource_index/package_run_dependencies/turtlebot3
[4.507s] -- Installing: /home/ashish/ros2_ws/install/turtlebot3/share/ament_index/resource_index/parent_prefix_path/turtlebot3
[4.507s] -- Installing: /home/ashish/ros2_ws/install/turtlebot3/share/turtlebot3/environment/ament_prefix_path.sh
[4.511s] -- Installing: /home/ashish/ros2_ws/install/turtlebot3/share/turtlebot3/environment/ament_prefix_path.dsv
[4.514s] -- Installing: /home/ashish/ros2_ws/install/turtlebot3/share/turtlebot3/environment/path.sh
[4.514s] -- Installing: /home/ashish/ros2_ws/install/turtlebot3/share/turtlebot3/environment/path.dsv
[4.514s] -- Installing: /home/ashish/ros2_ws/install/turtlebot3/share/turtlebot3/local_setup.bash
[4.554s] -- Installing: /home/ashish/ros2_ws/install/turtlebot3/share/turtlebot3/local_setup.sh
[4.555s] -- Installing: /home/ashish/ros2_ws/install/turtlebot3/share/turtlebot3/local_setup.zsh
[4.555s] -- Installing: /home/ashish/ros2_ws/install/turtlebot3/share/turtlebot3/local_setup.dsv
[4.555s] -- Installing: /home/ashish/ros2_ws/install/turtlebot3/share/turtlebot3/package.dsv
[4.555s] -- Installing: /home/ashish/ros2_ws/install/turtlebot3/share/ament_index/resource_index/packages/turtlebot3
[4.555s] -- Installing: /home/ashish/ros2_ws/install/turtlebot3/share/turtlebot3/cmake/turtlebot3Config.cmake
[4.555s] -- Installing: /home/ashish/ros2_ws/install/turtlebot3/share/turtlebot3/cmake/turtlebot3Config-version.cmake
[4.555s] -- Installing: /home/ashish/ros2_ws/install/turtlebot3/share/turtlebot3/package.xml
[4.585s] Invoked command in '/home/ashish/ros2_ws/build/turtlebot3' returned '0': AMENT_PREFIX_PATH=/home/ashish/ros2_ws/install/turtlebot3_bringup:/home/ashish/ros2_ws/install/turtlebot3_teleop:/home/ashish/ros2_ws/install/turtlebot3_node:/home/ashish/ros2_ws/install/turtlebot3_navigation2:/home/ashish/ros2_ws/install/turtlebot3_example:/home/ashish/ros2_ws/install/turtlebot3_description:/home/ashish/ros2_ws/install/turtlebot3_cartographer:${AMENT_PREFIX_PATH} CMAKE_PREFIX_PATH=/home/ashish/ros2_ws/install/turtlebot3_bringup:/home/ashish/ros2_ws/install/turtlebot3_node:/home/ashish/ros2_ws/install/turtlebot3_navigation2:/home/ashish/ros2_ws/install/turtlebot3_description:/home/ashish/ros2_ws/install/turtlebot3_cartographer:/home/ashish/ros2_ws/install/rplidar_ros:/opt/ros/humble PYTHONPATH=/home/ashish/ros2_ws/install/turtlebot3_teleop/lib/python3.10/site-packages:/home/ashish/ros2_ws/install/turtlebot3_example/lib/python3.10/site-packages:${PYTHONPATH} /usr/bin/cmake --install /home/ashish/ros2_ws/build/turtlebot3
