[0.071s] Invoking command in '/home/ashish/ros2_ws/build/hector_map_tools': /usr/bin/cmake /home/ashish/ros2_ws/src/hector_slam/hector_map_tools -DCATKIN_INSTALL_INTO_PREFIX_ROOT=0 -DCATKIN_SYMLINK_INSTALL=ON -DCMAKE_INSTALL_PREFIX=/home/ashish/ros2_ws/install/hector_map_tools
[0.458s] -- The C compiler identification is GNU 11.4.0
[0.749s] -- The CXX compiler identification is GNU 11.4.0
[0.783s] -- Detecting C compiler ABI info
[0.909s] -- Detecting C compiler ABI info - done
[0.919s] -- Check for working C compiler: /usr/bin/cc - skipped
[0.920s] -- Detecting C compile features
[0.926s] -- Detecting C compile features - done
[0.933s] -- Detecting CXX compiler ABI info
[1.092s] -- Detecting CXX compiler ABI info - done
[1.092s] -- Check for working CXX compiler: /usr/bin/c++ - skipped
[1.092s] -- Detecting CXX compile features
[1.092s] -- Detecting CXX compile features - done
[1.140s] -- Configuring incomplete, errors occurred!
[1.140s] See also "/home/ashish/ros2_ws/build/hector_map_tools/CMakeFiles/CMakeOutput.log".
[1.140s] [31mCMake Error at CMakeLists.txt:4 (find_package):
[1.140s]   By not providing "Findcatkin.cmake" in CMAKE_MODULE_PATH this project has
[1.140s]   asked CMake to find a package configuration file provided by "catkin", but
[1.140s]   CMake did not find one.
[1.140s] 
[1.140s]   Could not find a package configuration file provided by "catkin" with any
[1.141s]   of the following names:
[1.141s] 
[1.141s]     catkinConfig.cmake
[1.141s]     catkin-config.cmake
[1.141s] 
[1.141s]   Add the installation prefix of "catkin" to CMAKE_PREFIX_PATH or set
[1.141s]   "catkin_DIR" to a directory containing one of the above files.  If "catkin"
[1.141s]   provides a separate development package or SDK, be sure it has been
[1.141s]   installed.
[1.141s] 
[1.141s] [0m
[1.141s] Invoked command in '/home/ashish/ros2_ws/build/hector_map_tools' returned '1': /usr/bin/cmake /home/ashish/ros2_ws/src/hector_slam/hector_map_tools -DCATKIN_INSTALL_INTO_PREFIX_ROOT=0 -DCATKIN_SYMLINK_INSTALL=ON -DCMAKE_INSTALL_PREFIX=/home/ashish/ros2_ws/install/hector_map_tools
