[0.101s] Invoking command in '/home/ashish/ros2_ws/build/turtlebot3_cartographer': AMENT_PREFIX_PATH=/home/ashish/ros2_ws/install/cartographer_ros:/home/ashish/ros2_ws/install/cartographer_ros_msgs:${AMENT_PREFIX_PATH} CMAKE_PREFIX_PATH=/home/ashish/ros2_ws/install/cartographer_ros:/home/ashish/ros2_ws/install/turtlebot3_teleop:/home/ashish/ros2_ws/install/turtlebot3_example:/opt/ros/humble:/home/ashish/ros2_ws/install/cartographer_ros_msgs:/home/ashish/ros2_ws/install/cartographer:${CMAKE_PREFIX_PATH} LD_LIBRARY_PATH=/home/ashish/ros2_ws/install/cartographer_ros/lib:/home/ashish/ros2_ws/install/cartographer_ros_msgs/lib:${LD_LIBRARY_PATH} PATH=/home/ashish/ros2_ws/install/cartographer/bin:${PATH} PKG_CONFIG_PATH=/home/ashish/ros2_ws/install/cartographer/lib/x86_64-linux-gnu/pkgconfig:/home/ashish/ros2_ws/install/cartographer/lib/pkgconfig PYTHONPATH=/home/ashish/ros2_ws/install/cartographer_ros_msgs/local/lib/python3.10/dist-packages:${PYTHONPATH} /usr/bin/cmake --build /home/ashish/ros2_ws/build/turtlebot3_cartographer -- -j4 -l4
[0.184s] Invoked command in '/home/ashish/ros2_ws/build/turtlebot3_cartographer' returned '0': AMENT_PREFIX_PATH=/home/ashish/ros2_ws/install/cartographer_ros:/home/ashish/ros2_ws/install/cartographer_ros_msgs:${AMENT_PREFIX_PATH} CMAKE_PREFIX_PATH=/home/ashish/ros2_ws/install/cartographer_ros:/home/ashish/ros2_ws/install/turtlebot3_teleop:/home/ashish/ros2_ws/install/turtlebot3_example:/opt/ros/humble:/home/ashish/ros2_ws/install/cartographer_ros_msgs:/home/ashish/ros2_ws/install/cartographer:${CMAKE_PREFIX_PATH} LD_LIBRARY_PATH=/home/ashish/ros2_ws/install/cartographer_ros/lib:/home/ashish/ros2_ws/install/cartographer_ros_msgs/lib:${LD_LIBRARY_PATH} PATH=/home/ashish/ros2_ws/install/cartographer/bin:${PATH} PKG_CONFIG_PATH=/home/ashish/ros2_ws/install/cartographer/lib/x86_64-linux-gnu/pkgconfig:/home/ashish/ros2_ws/install/cartographer/lib/pkgconfig PYTHONPATH=/home/ashish/ros2_ws/install/cartographer_ros_msgs/local/lib/python3.10/dist-packages:${PYTHONPATH} /usr/bin/cmake --build /home/ashish/ros2_ws/build/turtlebot3_cartographer -- -j4 -l4
[0.187s] Invoking command in '/home/ashish/ros2_ws/build/turtlebot3_cartographer': AMENT_PREFIX_PATH=/home/ashish/ros2_ws/install/cartographer_ros:/home/ashish/ros2_ws/install/cartographer_ros_msgs:${AMENT_PREFIX_PATH} CMAKE_PREFIX_PATH=/home/ashish/ros2_ws/install/cartographer_ros:/home/ashish/ros2_ws/install/turtlebot3_teleop:/home/ashish/ros2_ws/install/turtlebot3_example:/opt/ros/humble:/home/ashish/ros2_ws/install/cartographer_ros_msgs:/home/ashish/ros2_ws/install/cartographer:${CMAKE_PREFIX_PATH} LD_LIBRARY_PATH=/home/ashish/ros2_ws/install/cartographer_ros/lib:/home/ashish/ros2_ws/install/cartographer_ros_msgs/lib:${LD_LIBRARY_PATH} PATH=/home/ashish/ros2_ws/install/cartographer/bin:${PATH} PKG_CONFIG_PATH=/home/ashish/ros2_ws/install/cartographer/lib/x86_64-linux-gnu/pkgconfig:/home/ashish/ros2_ws/install/cartographer/lib/pkgconfig PYTHONPATH=/home/ashish/ros2_ws/install/cartographer_ros_msgs/local/lib/python3.10/dist-packages:${PYTHONPATH} /usr/bin/cmake --install /home/ashish/ros2_ws/build/turtlebot3_cartographer
[0.198s] -- Install configuration: ""
[0.199s] -- Execute custom install script
[0.199s] -- Up-to-date symlink: /home/ashish/ros2_ws/install/turtlebot3_cartographer/share/turtlebot3_cartographer/config/turtlebot3_lds_2d.lua
[0.200s] -- Up-to-date symlink: /home/ashish/ros2_ws/install/turtlebot3_cartographer/share/turtlebot3_cartographer/launch/cartographer.launch.py
[0.200s] -- Up-to-date symlink: /home/ashish/ros2_ws/install/turtlebot3_cartographer/share/turtlebot3_cartographer/launch/occupancy_grid.launch.py
[0.200s] -- Up-to-date symlink: /home/ashish/ros2_ws/install/turtlebot3_cartographer/share/turtlebot3_cartographer/rviz/tb3_cartographer.rviz
[0.200s] -- Up-to-date symlink: /home/ashish/ros2_ws/install/turtlebot3_cartographer/share/ament_index/resource_index/package_run_dependencies/turtlebot3_cartographer
[0.200s] -- Up-to-date symlink: /home/ashish/ros2_ws/install/turtlebot3_cartographer/share/ament_index/resource_index/parent_prefix_path/turtlebot3_cartographer
[0.201s] -- Up-to-date symlink: /home/ashish/ros2_ws/install/turtlebot3_cartographer/share/turtlebot3_cartographer/environment/ament_prefix_path.sh
[0.202s] -- Up-to-date symlink: /home/ashish/ros2_ws/install/turtlebot3_cartographer/share/turtlebot3_cartographer/environment/ament_prefix_path.dsv
[0.202s] -- Up-to-date symlink: /home/ashish/ros2_ws/install/turtlebot3_cartographer/share/turtlebot3_cartographer/environment/path.sh
[0.203s] -- Up-to-date symlink: /home/ashish/ros2_ws/install/turtlebot3_cartographer/share/turtlebot3_cartographer/environment/path.dsv
[0.204s] -- Up-to-date symlink: /home/ashish/ros2_ws/install/turtlebot3_cartographer/share/turtlebot3_cartographer/local_setup.bash
[0.204s] -- Up-to-date symlink: /home/ashish/ros2_ws/install/turtlebot3_cartographer/share/turtlebot3_cartographer/local_setup.sh
[0.205s] -- Up-to-date symlink: /home/ashish/ros2_ws/install/turtlebot3_cartographer/share/turtlebot3_cartographer/local_setup.zsh
[0.207s] -- Up-to-date symlink: /home/ashish/ros2_ws/install/turtlebot3_cartographer/share/turtlebot3_cartographer/local_setup.dsv
[0.208s] -- Symlinking: /home/ashish/ros2_ws/install/turtlebot3_cartographer/share/turtlebot3_cartographer/package.dsv
[0.240s] -- Up-to-date symlink: /home/ashish/ros2_ws/install/turtlebot3_cartographer/share/ament_index/resource_index/packages/turtlebot3_cartographer
[0.244s] -- Up-to-date symlink: /home/ashish/ros2_ws/install/turtlebot3_cartographer/share/turtlebot3_cartographer/cmake/turtlebot3_cartographerConfig.cmake
[0.245s] -- Up-to-date symlink: /home/ashish/ros2_ws/install/turtlebot3_cartographer/share/turtlebot3_cartographer/cmake/turtlebot3_cartographerConfig-version.cmake
[0.245s] -- Up-to-date symlink: /home/ashish/ros2_ws/install/turtlebot3_cartographer/share/turtlebot3_cartographer/package.xml
[0.245s] Invoked command in '/home/ashish/ros2_ws/build/turtlebot3_cartographer' returned '0': AMENT_PREFIX_PATH=/home/ashish/ros2_ws/install/cartographer_ros:/home/ashish/ros2_ws/install/cartographer_ros_msgs:${AMENT_PREFIX_PATH} CMAKE_PREFIX_PATH=/home/ashish/ros2_ws/install/cartographer_ros:/home/ashish/ros2_ws/install/turtlebot3_teleop:/home/ashish/ros2_ws/install/turtlebot3_example:/opt/ros/humble:/home/ashish/ros2_ws/install/cartographer_ros_msgs:/home/ashish/ros2_ws/install/cartographer:${CMAKE_PREFIX_PATH} LD_LIBRARY_PATH=/home/ashish/ros2_ws/install/cartographer_ros/lib:/home/ashish/ros2_ws/install/cartographer_ros_msgs/lib:${LD_LIBRARY_PATH} PATH=/home/ashish/ros2_ws/install/cartographer/bin:${PATH} PKG_CONFIG_PATH=/home/ashish/ros2_ws/install/cartographer/lib/x86_64-linux-gnu/pkgconfig:/home/ashish/ros2_ws/install/cartographer/lib/pkgconfig PYTHONPATH=/home/ashish/ros2_ws/install/cartographer_ros_msgs/local/lib/python3.10/dist-packages:${PYTHONPATH} /usr/bin/cmake --install /home/ashish/ros2_ws/build/turtlebot3_cartographer
