[0.167s] Invoking command in '/home/ashish/ros2_ws/build/turtlebot3_cartographer': CMAKE_PREFIX_PATH=${CMAKE_PREFIX_PATH}:/opt/ros/humble /usr/bin/cmake /home/ashish/ros2_ws/src/turtlebot3/turtlebot3_cartographer -DCMAKE_INSTALL_PREFIX=/home/ashish/ros2_ws/install/turtlebot3_cartographer
[0.631s] -- The C compiler identification is GNU 11.4.0
[0.757s] -- The CXX compiler identification is GNU 11.4.0
[0.768s] -- Detecting C compiler ABI info
[1.110s] -- Detecting C compiler ABI info - done
[1.122s] -- Check for working C compiler: /usr/bin/cc - skipped
[1.229s] -- Detecting C compile features
[1.229s] -- Detecting C compile features - done
[1.229s] -- Detecting CXX compiler ABI info
[2.258s] -- Detecting CXX compiler ABI info - done
[2.279s] -- Check for working CXX compiler: /usr/bin/c++ - skipped
[2.282s] -- Detecting CXX compile features
[2.283s] -- Detecting CXX compile features - done
[2.301s] -- Found ament_cmake: 1.3.11 (/opt/ros/humble/share/ament_cmake/cmake)
[3.012s] -- Found Python3: /usr/bin/python3 (found version "3.10.12") found components: Interpreter 
[4.275s] -- Configuring done
[4.285s] -- Generating done
[4.323s] -- Build files have been written to: /home/ashish/ros2_ws/build/turtlebot3_cartographer
[4.360s] Invoked command in '/home/ashish/ros2_ws/build/turtlebot3_cartographer' returned '0': CMAKE_PREFIX_PATH=${CMAKE_PREFIX_PATH}:/opt/ros/humble /usr/bin/cmake /home/ashish/ros2_ws/src/turtlebot3/turtlebot3_cartographer -DCMAKE_INSTALL_PREFIX=/home/ashish/ros2_ws/install/turtlebot3_cartographer
[4.367s] Invoking command in '/home/ashish/ros2_ws/build/turtlebot3_cartographer': CMAKE_PREFIX_PATH=${CMAKE_PREFIX_PATH}:/opt/ros/humble /usr/bin/cmake --build /home/ashish/ros2_ws/build/turtlebot3_cartographer -- -j4 -l4
[5.005s] Invoked command in '/home/ashish/ros2_ws/build/turtlebot3_cartographer' returned '0': CMAKE_PREFIX_PATH=${CMAKE_PREFIX_PATH}:/opt/ros/humble /usr/bin/cmake --build /home/ashish/ros2_ws/build/turtlebot3_cartographer -- -j4 -l4
[5.094s] Invoking command in '/home/ashish/ros2_ws/build/turtlebot3_cartographer': CMAKE_PREFIX_PATH=${CMAKE_PREFIX_PATH}:/opt/ros/humble /usr/bin/cmake --install /home/ashish/ros2_ws/build/turtlebot3_cartographer
[5.101s] -- Install configuration: ""
[5.108s] -- Installing: /home/ashish/ros2_ws/install/turtlebot3_cartographer/share/turtlebot3_cartographer/config
[5.113s] -- Installing: /home/ashish/ros2_ws/install/turtlebot3_cartographer/share/turtlebot3_cartographer/config/turtlebot3_lds_2d.lua
[5.113s] -- Installing: /home/ashish/ros2_ws/install/turtlebot3_cartographer/share/turtlebot3_cartographer/launch
[5.113s] -- Installing: /home/ashish/ros2_ws/install/turtlebot3_cartographer/share/turtlebot3_cartographer/launch/cartographer.launch.py
[5.113s] -- Installing: /home/ashish/ros2_ws/install/turtlebot3_cartographer/share/turtlebot3_cartographer/launch/occupancy_grid.launch.py
[5.113s] -- Installing: /home/ashish/ros2_ws/install/turtlebot3_cartographer/share/turtlebot3_cartographer/rviz
[5.113s] -- Installing: /home/ashish/ros2_ws/install/turtlebot3_cartographer/share/turtlebot3_cartographer/rviz/tb3_cartographer.rviz
[5.113s] -- Installing: /home/ashish/ros2_ws/install/turtlebot3_cartographer/share/ament_index/resource_index/package_run_dependencies/turtlebot3_cartographer
[5.114s] -- Installing: /home/ashish/ros2_ws/install/turtlebot3_cartographer/share/ament_index/resource_index/parent_prefix_path/turtlebot3_cartographer
[5.114s] -- Installing: /home/ashish/ros2_ws/install/turtlebot3_cartographer/share/turtlebot3_cartographer/environment/ament_prefix_path.sh
[5.114s] -- Installing: /home/ashish/ros2_ws/install/turtlebot3_cartographer/share/turtlebot3_cartographer/environment/ament_prefix_path.dsv
[5.114s] -- Installing: /home/ashish/ros2_ws/install/turtlebot3_cartographer/share/turtlebot3_cartographer/environment/path.sh
[5.114s] -- Installing: /home/ashish/ros2_ws/install/turtlebot3_cartographer/share/turtlebot3_cartographer/environment/path.dsv
[5.114s] -- Installing: /home/ashish/ros2_ws/install/turtlebot3_cartographer/share/turtlebot3_cartographer/local_setup.bash
[5.177s] -- Installing: /home/ashish/ros2_ws/install/turtlebot3_cartographer/share/turtlebot3_cartographer/local_setup.sh
[5.177s] -- Installing: /home/ashish/ros2_ws/install/turtlebot3_cartographer/share/turtlebot3_cartographer/local_setup.zsh
[5.177s] -- Installing: /home/ashish/ros2_ws/install/turtlebot3_cartographer/share/turtlebot3_cartographer/local_setup.dsv
[5.177s] -- Installing: /home/ashish/ros2_ws/install/turtlebot3_cartographer/share/turtlebot3_cartographer/package.dsv
[5.177s] -- Installing: /home/ashish/ros2_ws/install/turtlebot3_cartographer/share/ament_index/resource_index/packages/turtlebot3_cartographer
[5.178s] -- Installing: /home/ashish/ros2_ws/install/turtlebot3_cartographer/share/turtlebot3_cartographer/cmake/turtlebot3_cartographerConfig.cmake
[5.178s] -- Installing: /home/ashish/ros2_ws/install/turtlebot3_cartographer/share/turtlebot3_cartographer/cmake/turtlebot3_cartographerConfig-version.cmake
[5.178s] -- Installing: /home/ashish/ros2_ws/install/turtlebot3_cartographer/share/turtlebot3_cartographer/package.xml
[5.218s] Invoked command in '/home/ashish/ros2_ws/build/turtlebot3_cartographer' returned '0': CMAKE_PREFIX_PATH=${CMAKE_PREFIX_PATH}:/opt/ros/humble /usr/bin/cmake --install /home/ashish/ros2_ws/build/turtlebot3_cartographer
