[0.099s] Invoking command in '/home/ashish/ros2_ws/build/cartographer': CMAKE_PREFIX_PATH=/home/ashish/ros2_ws/install/turtlebot3:/home/ashish/ros2_ws/install/turtlebot3_simulations:/home/ashish/ros2_ws/install/turtlebot3_bringup:/home/ashish/ros2_ws/install/turtlebot3_node:/home/ashish/ros2_ws/install/turtlebot3_navigation2:/home/ashish/ros2_ws/install/turtlebot3_gazebo:/home/ashish/ros2_ws/install/turtlebot3_fake_node:/home/ashish/ros2_ws/install/turtlebot3_description:/home/ashish/ros2_ws/install/turtlebot3_cartographer:/home/ashish/ros2_ws/install/rplidar_ros:/home/ashish/ros2_ws/install/rf2o_laser_odometry:/home/ashish/ros2_ws/install/cartographer_rviz:/home/ashish/ros2_ws/install/cartographer_ros:/home/ashish/ros2_ws/install/turtlebot3_teleop:/home/ashish/ros2_ws/install/turtlebot3_example:/opt/ros/humble:/home/ashish/ros2_ws/install/cartographer_ros_msgs:/home/ashish/ros2_ws/install/cartographer /usr/bin/cmake --build /home/ashish/ros2_ws/build/cartographer -- -j4 -l4
[0.257s] [  1%] Built target gtest
[0.277s] [  1%] [34m[1mBuilding documentation.[0m
[0.356s] [  1%] Built target cartographer_detect_changes
[0.379s] [  2%] Built target gmock
[0.494s] [  2%] Built target gmock_main
[0.797s] [ 55%] Built target cartographer
[0.892s] [ 57%] Built target cartographer_pbstream
[0.896s] [ 57%] Built target cartographer_autogenerate_ground_truth
[0.916s] [ 57%] Built target cartographer_compute_relations_metrics
[0.991s] [01mRunning Sphinx v4.3.2[39;49;00m
[0.992s] [ 57%] Built target cartographer_print_configuration
[1.027s] [ 58%] Built target cartographer_test_library
[1.124s] [ 59%] Built target cartographer.common.fixed_ratio_sampler_test
[1.168s] [ 59%] Built target cartographer.common.internal.blocking_queue_test
[1.176s] [ 59%] Built target cartographer.common.configuration_files_test
[1.228s] [ 60%] Built target cartographer.common.internal.rate_timer_test
[1.253s] [01mloading pickled environment... [39;49;00mdone
[1.258s] [01mbuilding [mo]: [39;49;00mtargets for 0 po files that are out of date
[1.259s] [01mbuilding [html]: [39;49;00mtargets for 0 source files that are out of date
[1.263s] [01mupdating environment: [39;49;00m0 added, 0 changed, 0 removed
[1.267s] [01mlooking for now-outdated files... [39;49;00mnone found
[1.268s] [01mno targets are out of date.[39;49;00m
[1.268s] [01mbuild succeeded.[39;49;00m
[1.268s] 
[1.268s] The HTML pages are in html.
[1.310s] [ 60%] Built target cartographer.common.lua_parameter_dictionary_test
[1.329s] [ 61%] Built target cartographer.common.math_test
[1.344s] [ 61%] Built target cartographer.common.task_test
[1.398s] [ 62%] Built target cartographer.common.thread_pool_test
[1.447s] [ 62%] Built target cartographer.io.fake_file_writer_test
[1.468s] [ 63%] Built target cartographer.io.internal.in_memory_proto_stream_test
[1.468s] [ 63%] Built target build_doc
[1.559s] [ 64%] Built target cartographer.io.points_processor_pipeline_builder_test
[1.565s] [ 64%] Built target cartographer.io.probability_grid_points_processor_test
[1.574s] [ 64%] Built target cartographer.io.proto_stream_test
[1.600s] [ 65%] Built target cartographer.io.proto_stream_deserializer_test
[1.640s] [ 66%] Built target cartographer.io.serialization_format_migration_test
[1.659s] [ 66%] Built target cartographer.mapping.2d.map_limits_test
[1.662s] [ 67%] Built target cartographer.mapping.2d.probability_grid_test
[1.776s] [ 67%] Built target cartographer.mapping.2d.range_data_inserter_2d_test
[1.776s] [ 68%] Built target cartographer.mapping.2d.submap_2d_test
[1.823s] [ 68%] Built target cartographer.mapping.2d.xy_index_test
[1.862s] [ 69%] Built target cartographer.mapping.3d.hybrid_grid_test
[1.946s] [ 70%] Built target cartographer.mapping.3d.submap_3d_test
[1.947s] [ 70%] Built target cartographer.mapping.3d.range_data_inserter_3d_test
[1.947s] [ 71%] Built target cartographer.mapping.imu_tracker_test
[1.953s] [ 71%] Built target cartographer.mapping.id_test
[2.004s] [ 71%] Built target cartographer.mapping.internal.2d.pose_graph_2d_test
[2.020s] [ 72%] Built target cartographer.mapping.internal.2d.ray_to_pixel_mask_test
[2.058s] [ 72%] Built target cartographer.mapping.internal.2d.normal_estimation_2d_test
[2.070s] [ 73%] Built target cartographer.mapping.internal.2d.overlapping_submaps_trimmer_2d_test
[2.120s] [ 74%] Built target cartographer.mapping.internal.2d.scan_matching.correlative_scan_matcher_test
[2.146s] [ 74%] Built target cartographer.mapping.internal.2d.scan_matching.ceres_scan_matcher_2d_test
[2.176s] [ 74%] Built target cartographer.mapping.internal.2d.scan_matching.fast_correlative_scan_matcher_2d_test
[2.199s] [ 75%] Built target cartographer.mapping.internal.2d.scan_matching.interpolated_tsdf_2d_test
[2.216s] [ 75%] Built target cartographer.mapping.internal.2d.scan_matching.occupied_space_cost_function_2d_test
[2.228s] [ 76%] Built target cartographer.mapping.internal.2d.scan_matching.real_time_correlative_scan_matcher_2d_test
[2.254s] [ 76%] Built target cartographer.mapping.internal.2d.scan_matching.tsdf_match_cost_function_2d_test
[2.311s] [ 77%] Built target cartographer.mapping.internal.2d.tsdf_range_data_inserter_2d_test
[2.324s] [ 77%] Built target cartographer.mapping.internal.3d.local_trajectory_builder_3d_test
[2.330s] [ 77%] Built target cartographer.mapping.internal.2d.tsdf_2d_test
[2.389s] [ 78%] Built target cartographer.mapping.internal.3d.pose_graph_3d_test
[2.433s] [ 79%] Built target cartographer.mapping.internal.3d.scan_matching.ceres_scan_matcher_3d_test
[2.433s] [ 79%] Built target cartographer.mapping.internal.3d.scan_matching.fast_correlative_scan_matcher_3d_test
[2.435s] [ 80%] Built target cartographer.mapping.internal.2d.tsd_value_converter_test
[2.496s] [ 81%] Built target cartographer.mapping.internal.3d.scan_matching.intensity_cost_function_3d_test
[2.513s] [ 81%] Built target cartographer.mapping.internal.3d.scan_matching.interpolated_grid_test
[2.588s] [ 81%] Built target cartographer.mapping.internal.3d.scan_matching.real_time_correlative_scan_matcher_3d_test
[2.656s] [ 82%] Built target cartographer.mapping.internal.3d.scan_matching.rotation_delta_cost_functor_3d_test
[2.656s] [ 83%] Built target cartographer.mapping.internal.3d.scan_matching.precomputation_grid_3d_test
[2.686s] [ 83%] Built target cartographer.mapping.internal.3d.scan_matching.rotational_scan_matcher_test
[2.744s] [ 84%] Built target cartographer.mapping.internal.constraints.constraint_builder_3d_test
[2.778s] [ 84%] Built target cartographer.mapping.internal.constraints.constraint_builder_2d_test
[2.781s] [ 84%] Built target cartographer.mapping.internal.motion_filter_test
[2.809s] [ 85%] Built target cartographer.mapping.internal.connected_components_test
[2.848s] [ 86%] Built target cartographer.mapping.internal.optimization.cost_functions.landmark_cost_function_2d_test
[2.891s] [ 86%] Built target cartographer.mapping.internal.optimization.cost_functions.landmark_cost_function_3d_test
[2.968s] [ 86%] Built target cartographer.mapping.internal.optimization.optimization_problem_3d_test
[2.968s] [ 87%] Built target cartographer.mapping.internal.optimization.cost_functions.spa_cost_function_2d_test
[2.988s] [ 88%] Built target cartographer.mapping.internal.range_data_collator_test
[2.989s] [ 88%] Built target cartographer.mapping.internal.trajectory_connectivity_state_test
[3.066s] [ 89%] Built target cartographer.mapping.map_builder_test
[3.077s] [ 89%] Built target cartographer.mapping.pose_extrapolator_test
[3.110s] [ 89%] Built target cartographer.mapping.pose_graph_trimmer_test
[3.112s] [ 90%] Built target cartographer.mapping.pose_graph_test
[3.183s] [ 91%] Built target cartographer.mapping.probability_values_test
[3.252s] [ 91%] Built target cartographer.mapping.submaps_test
[3.260s] [ 91%] Built target cartographer.mapping.value_conversion_tables_test
[3.263s] [ 92%] Built target cartographer.mapping.trajectory_node_test
[3.405s] [ 93%] Built target cartographer.sensor.compressed_point_cloud_test
[3.406s] [ 93%] Built target cartographer.sensor.internal.collator_test
[3.406s] [ 93%] Built target cartographer.sensor.internal.trajectory_collator_test
[3.406s] [ 94%] Built target cartographer.sensor.internal.ordered_multi_queue_test
[3.524s] [ 95%] Built target cartographer.sensor.internal.voxel_filter_test
[3.560s] [ 96%] Built target cartographer.sensor.point_cloud_test
[3.565s] [ 97%] Built target cartographer.sensor.map_by_time_test
[3.639s] [ 97%] Built target cartographer.sensor.landmark_data_test
[3.673s] [ 97%] Built target cartographer.sensor.range_data_test
[3.699s] [ 98%] Built target cartographer.transform.rigid_transform_test
[3.722s] [ 98%] Built target cartographer.transform.timestamped_transform_test
[3.752s] [100%] Built target cartographer.transform.transform_interpolation_buffer_test
[3.815s] [100%] Built target cartographer.transform.transform_test
[3.882s] Invoked command in '/home/ashish/ros2_ws/build/cartographer' returned '0': CMAKE_PREFIX_PATH=/home/ashish/ros2_ws/install/turtlebot3:/home/ashish/ros2_ws/install/turtlebot3_simulations:/home/ashish/ros2_ws/install/turtlebot3_bringup:/home/ashish/ros2_ws/install/turtlebot3_node:/home/ashish/ros2_ws/install/turtlebot3_navigation2:/home/ashish/ros2_ws/install/turtlebot3_gazebo:/home/ashish/ros2_ws/install/turtlebot3_fake_node:/home/ashish/ros2_ws/install/turtlebot3_description:/home/ashish/ros2_ws/install/turtlebot3_cartographer:/home/ashish/ros2_ws/install/rplidar_ros:/home/ashish/ros2_ws/install/rf2o_laser_odometry:/home/ashish/ros2_ws/install/cartographer_rviz:/home/ashish/ros2_ws/install/cartographer_ros:/home/ashish/ros2_ws/install/turtlebot3_teleop:/home/ashish/ros2_ws/install/turtlebot3_example:/opt/ros/humble:/home/ashish/ros2_ws/install/cartographer_ros_msgs:/home/ashish/ros2_ws/install/cartographer /usr/bin/cmake --build /home/ashish/ros2_ws/build/cartographer -- -j4 -l4
[3.883s] Invoking command in '/home/ashish/ros2_ws/build/cartographer': CMAKE_PREFIX_PATH=/home/ashish/ros2_ws/install/turtlebot3:/home/ashish/ros2_ws/install/turtlebot3_simulations:/home/ashish/ros2_ws/install/turtlebot3_bringup:/home/ashish/ros2_ws/install/turtlebot3_node:/home/ashish/ros2_ws/install/turtlebot3_navigation2:/home/ashish/ros2_ws/install/turtlebot3_gazebo:/home/ashish/ros2_ws/install/turtlebot3_fake_node:/home/ashish/ros2_ws/install/turtlebot3_description:/home/ashish/ros2_ws/install/turtlebot3_cartographer:/home/ashish/ros2_ws/install/rplidar_ros:/home/ashish/ros2_ws/install/rf2o_laser_odometry:/home/ashish/ros2_ws/install/cartographer_rviz:/home/ashish/ros2_ws/install/cartographer_ros:/home/ashish/ros2_ws/install/turtlebot3_teleop:/home/ashish/ros2_ws/install/turtlebot3_example:/opt/ros/humble:/home/ashish/ros2_ws/install/cartographer_ros_msgs:/home/ashish/ros2_ws/install/cartographer /usr/bin/cmake --install /home/ashish/ros2_ws/build/cartographer
[3.940s] -- Install configuration: "Release"
[3.944s] -- Up-to-date: /home/ashish/ros2_ws/install/cartographer/share/cartographer/package.xml
[3.944s] -- Up-to-date: /home/ashish/ros2_ws/install/cartographer/share/cartographer//configuration_files
[3.944s] -- Up-to-date: /home/ashish/ros2_ws/install/cartographer/share/cartographer//configuration_files/trajectory_builder.lua
[3.945s] -- Up-to-date: /home/ashish/ros2_ws/install/cartographer/share/cartographer//configuration_files/trajectory_builder_2d.lua
[3.947s] -- Up-to-date: /home/ashish/ros2_ws/install/cartographer/share/cartographer//configuration_files/trajectory_builder_3d.lua
[3.947s] -- Up-to-date: /home/ashish/ros2_ws/install/cartographer/share/cartographer//configuration_files/map_builder_server.lua
[3.947s] -- Up-to-date: /home/ashish/ros2_ws/install/cartographer/share/cartographer//configuration_files/pose_graph.lua
[3.947s] -- Up-to-date: /home/ashish/ros2_ws/install/cartographer/share/cartographer//configuration_files/map_builder.lua
[3.948s] -- Up-to-date: /home/ashish/ros2_ws/install/cartographer/share/cartographer//cmake
[3.948s] -- Up-to-date: /home/ashish/ros2_ws/install/cartographer/share/cartographer//cmake/modules
[3.948s] -- Up-to-date: /home/ashish/ros2_ws/install/cartographer/share/cartographer//cmake/modules/FindGMock.cmake
[3.948s] -- Up-to-date: /home/ashish/ros2_ws/install/cartographer/share/cartographer//cmake/modules/FindLuaGoogle.cmake
[3.948s] -- Up-to-date: /home/ashish/ros2_ws/install/cartographer/share/cartographer//cmake/modules/FindSphinx.cmake
[3.948s] -- Up-to-date: /home/ashish/ros2_ws/install/cartographer/share/cartographer//cmake/modules/FindEigen3.cmake
[3.948s] -- Up-to-date: /home/ashish/ros2_ws/install/cartographer/share/cartographer//cmake/functions.cmake
[3.948s] -- Up-to-date: /home/ashish/ros2_ws/install/cartographer/bin/cartographer_autogenerate_ground_truth
[3.949s] -- Up-to-date: /home/ashish/ros2_ws/install/cartographer/bin/cartographer_compute_relations_metrics
[3.949s] -- Up-to-date: /home/ashish/ros2_ws/install/cartographer/bin/cartographer_pbstream
[3.949s] -- Up-to-date: /home/ashish/ros2_ws/install/cartographer/bin/cartographer_print_configuration
[3.949s] -- Up-to-date: /home/ashish/ros2_ws/install/cartographer/lib/libcartographer.a
[3.949s] -- Up-to-date: /home/ashish/ros2_ws/install/cartographer/include/cartographer/common/configuration_file_resolver.h
[3.949s] -- Up-to-date: /home/ashish/ros2_ws/install/cartographer/include/cartographer/common/fixed_ratio_sampler.h
[3.949s] -- Up-to-date: /home/ashish/ros2_ws/install/cartographer/include/cartographer/common/histogram.h
[3.949s] -- Up-to-date: /home/ashish/ros2_ws/install/cartographer/include/cartographer/common/lua.h
[3.949s] -- Up-to-date: /home/ashish/ros2_ws/install/cartographer/include/cartographer/common/lua_parameter_dictionary.h
[3.949s] -- Up-to-date: /home/ashish/ros2_ws/install/cartographer/include/cartographer/common/math.h
[3.949s] -- Up-to-date: /home/ashish/ros2_ws/install/cartographer/include/cartographer/common/port.h
[3.950s] -- Up-to-date: /home/ashish/ros2_ws/install/cartographer/include/cartographer/common/task.h
[3.950s] -- Up-to-date: /home/ashish/ros2_ws/install/cartographer/include/cartographer/common/thread_pool.h
[3.950s] -- Up-to-date: /home/ashish/ros2_ws/install/cartographer/include/cartographer/common/time.h
[3.950s] -- Up-to-date: /home/ashish/ros2_ws/install/cartographer/include/cartographer/ground_truth/autogenerate_ground_truth.h
[3.950s] -- Up-to-date: /home/ashish/ros2_ws/install/cartographer/include/cartographer/ground_truth/relations_text_file.h
[3.950s] -- Up-to-date: /home/ashish/ros2_ws/install/cartographer/include/cartographer/io/color.h
[3.950s] -- Up-to-date: /home/ashish/ros2_ws/install/cartographer/include/cartographer/io/coloring_points_processor.h
[3.950s] -- Up-to-date: /home/ashish/ros2_ws/install/cartographer/include/cartographer/io/counting_points_processor.h
[3.951s] -- Up-to-date: /home/ashish/ros2_ws/install/cartographer/include/cartographer/io/draw_trajectories.h
[3.951s] -- Up-to-date: /home/ashish/ros2_ws/install/cartographer/include/cartographer/io/file_writer.h
[3.951s] -- Up-to-date: /home/ashish/ros2_ws/install/cartographer/include/cartographer/io/fixed_ratio_sampling_points_processor.h
[3.951s] -- Up-to-date: /home/ashish/ros2_ws/install/cartographer/include/cartographer/io/frame_id_filtering_points_processor.h
[3.951s] -- Up-to-date: /home/ashish/ros2_ws/install/cartographer/include/cartographer/io/hybrid_grid_points_processor.h
[3.951s] -- Up-to-date: /home/ashish/ros2_ws/install/cartographer/include/cartographer/io/image.h
[3.951s] -- Up-to-date: /home/ashish/ros2_ws/install/cartographer/include/cartographer/io/intensity_to_color_points_processor.h
[3.955s] -- Up-to-date: /home/ashish/ros2_ws/install/cartographer/include/cartographer/io/min_max_range_filtering_points_processor.h
[3.956s] -- Up-to-date: /home/ashish/ros2_ws/install/cartographer/include/cartographer/io/null_points_processor.h
[3.956s] -- Up-to-date: /home/ashish/ros2_ws/install/cartographer/include/cartographer/io/outlier_removing_points_processor.h
[3.956s] -- Up-to-date: /home/ashish/ros2_ws/install/cartographer/include/cartographer/io/pcd_writing_points_processor.h
[3.956s] -- Up-to-date: /home/ashish/ros2_ws/install/cartographer/include/cartographer/io/ply_writing_points_processor.h
[3.956s] -- Up-to-date: /home/ashish/ros2_ws/install/cartographer/include/cartographer/io/points_batch.h
[3.956s] -- Up-to-date: /home/ashish/ros2_ws/install/cartographer/include/cartographer/io/points_processor.h
[3.956s] -- Up-to-date: /home/ashish/ros2_ws/install/cartographer/include/cartographer/io/points_processor_pipeline_builder.h
[3.956s] -- Up-to-date: /home/ashish/ros2_ws/install/cartographer/include/cartographer/io/probability_grid_points_processor.h
[3.958s] -- Up-to-date: /home/ashish/ros2_ws/install/cartographer/include/cartographer/io/proto_stream.h
[3.958s] -- Up-to-date: /home/ashish/ros2_ws/install/cartographer/include/cartographer/io/proto_stream_deserializer.h
[3.958s] -- Up-to-date: /home/ashish/ros2_ws/install/cartographer/include/cartographer/io/proto_stream_interface.h
[3.958s] -- Up-to-date: /home/ashish/ros2_ws/install/cartographer/include/cartographer/io/serialization_format_migration.h
[3.958s] -- Up-to-date: /home/ashish/ros2_ws/install/cartographer/include/cartographer/io/submap_painter.h
[3.958s] -- Up-to-date: /home/ashish/ros2_ws/install/cartographer/include/cartographer/io/vertical_range_filtering_points_processor.h
[3.958s] -- Up-to-date: /home/ashish/ros2_ws/install/cartographer/include/cartographer/io/xray_points_processor.h
[3.958s] -- Up-to-date: /home/ashish/ros2_ws/install/cartographer/include/cartographer/io/xyz_writing_points_processor.h
[3.959s] -- Up-to-date: /home/ashish/ros2_ws/install/cartographer/include/cartographer/mapping/2d/grid_2d.h
[3.959s] -- Up-to-date: /home/ashish/ros2_ws/install/cartographer/include/cartographer/mapping/2d/map_limits.h
[3.959s] -- Up-to-date: /home/ashish/ros2_ws/install/cartographer/include/cartographer/mapping/2d/probability_grid.h
[3.959s] -- Up-to-date: /home/ashish/ros2_ws/install/cartographer/include/cartographer/mapping/2d/probability_grid_range_data_inserter_2d.h
[3.960s] -- Up-to-date: /home/ashish/ros2_ws/install/cartographer/include/cartographer/mapping/2d/submap_2d.h
[3.961s] -- Up-to-date: /home/ashish/ros2_ws/install/cartographer/include/cartographer/mapping/2d/xy_index.h
[3.961s] -- Up-to-date: /home/ashish/ros2_ws/install/cartographer/include/cartographer/mapping/3d/hybrid_grid.h
[3.962s] -- Up-to-date: /home/ashish/ros2_ws/install/cartographer/include/cartographer/mapping/3d/range_data_inserter_3d.h
[3.962s] -- Up-to-date: /home/ashish/ros2_ws/install/cartographer/include/cartographer/mapping/3d/submap_3d.h
[3.963s] -- Up-to-date: /home/ashish/ros2_ws/install/cartographer/include/cartographer/mapping/detect_floors.h
[3.963s] -- Up-to-date: /home/ashish/ros2_ws/install/cartographer/include/cartographer/mapping/grid_interface.h
[3.964s] -- Up-to-date: /home/ashish/ros2_ws/install/cartographer/include/cartographer/mapping/id.h
[3.964s] -- Up-to-date: /home/ashish/ros2_ws/install/cartographer/include/cartographer/mapping/imu_tracker.h
[3.965s] -- Up-to-date: /home/ashish/ros2_ws/install/cartographer/include/cartographer/mapping/map_builder.h
[3.965s] -- Up-to-date: /home/ashish/ros2_ws/install/cartographer/include/cartographer/mapping/map_builder_interface.h
[3.965s] -- Up-to-date: /home/ashish/ros2_ws/install/cartographer/include/cartographer/mapping/pose_extrapolator.h
[3.965s] -- Up-to-date: /home/ashish/ros2_ws/install/cartographer/include/cartographer/mapping/pose_extrapolator_interface.h
[3.966s] -- Up-to-date: /home/ashish/ros2_ws/install/cartographer/include/cartographer/mapping/pose_graph.h
[3.967s] -- Up-to-date: /home/ashish/ros2_ws/install/cartographer/include/cartographer/mapping/pose_graph_interface.h
[3.967s] -- Up-to-date: /home/ashish/ros2_ws/install/cartographer/include/cartographer/mapping/pose_graph_trimmer.h
[3.975s] -- Up-to-date: /home/ashish/ros2_ws/install/cartographer/include/cartographer/mapping/probability_values.h
[3.986s] -- Up-to-date: /home/ashish/ros2_ws/install/cartographer/include/cartographer/mapping/range_data_inserter_interface.h
[3.986s] -- Up-to-date: /home/ashish/ros2_ws/install/cartographer/include/cartographer/mapping/submaps.h
[3.986s] -- Up-to-date: /home/ashish/ros2_ws/install/cartographer/include/cartographer/mapping/trajectory_builder_interface.h
[3.987s] -- Up-to-date: /home/ashish/ros2_ws/install/cartographer/include/cartographer/mapping/trajectory_node.h
[3.987s] -- Up-to-date: /home/ashish/ros2_ws/install/cartographer/include/cartographer/mapping/value_conversion_tables.h
[3.987s] -- Up-to-date: /home/ashish/ros2_ws/install/cartographer/include/cartographer/metrics/counter.h
[3.987s] -- Up-to-date: /home/ashish/ros2_ws/install/cartographer/include/cartographer/metrics/family_factory.h
[3.987s] -- Up-to-date: /home/ashish/ros2_ws/install/cartographer/include/cartographer/metrics/gauge.h
[3.987s] -- Up-to-date: /home/ashish/ros2_ws/install/cartographer/include/cartographer/metrics/histogram.h
[3.987s] -- Up-to-date: /home/ashish/ros2_ws/install/cartographer/include/cartographer/metrics/register.h
[3.987s] -- Up-to-date: /home/ashish/ros2_ws/install/cartographer/include/cartographer/sensor/collator_interface.h
[3.987s] -- Up-to-date: /home/ashish/ros2_ws/install/cartographer/include/cartographer/sensor/compressed_point_cloud.h
[3.987s] -- Up-to-date: /home/ashish/ros2_ws/install/cartographer/include/cartographer/sensor/data.h
[3.987s] -- Up-to-date: /home/ashish/ros2_ws/install/cartographer/include/cartographer/sensor/fixed_frame_pose_data.h
[3.988s] -- Up-to-date: /home/ashish/ros2_ws/install/cartographer/include/cartographer/sensor/imu_data.h
[3.988s] -- Up-to-date: /home/ashish/ros2_ws/install/cartographer/include/cartographer/sensor/landmark_data.h
[3.988s] -- Up-to-date: /home/ashish/ros2_ws/install/cartographer/include/cartographer/sensor/map_by_time.h
[3.988s] -- Up-to-date: /home/ashish/ros2_ws/install/cartographer/include/cartographer/sensor/odometry_data.h
[3.988s] -- Up-to-date: /home/ashish/ros2_ws/install/cartographer/include/cartographer/sensor/point_cloud.h
[3.988s] -- Up-to-date: /home/ashish/ros2_ws/install/cartographer/include/cartographer/sensor/range_data.h
[3.988s] -- Up-to-date: /home/ashish/ros2_ws/install/cartographer/include/cartographer/sensor/rangefinder_point.h
[3.988s] -- Up-to-date: /home/ashish/ros2_ws/install/cartographer/include/cartographer/sensor/timed_point_cloud_data.h
[3.988s] -- Up-to-date: /home/ashish/ros2_ws/install/cartographer/include/cartographer/transform/rigid_transform.h
[3.988s] -- Up-to-date: /home/ashish/ros2_ws/install/cartographer/include/cartographer/transform/timestamped_transform.h
[3.988s] -- Up-to-date: /home/ashish/ros2_ws/install/cartographer/include/cartographer/transform/transform.h
[3.988s] -- Up-to-date: /home/ashish/ros2_ws/install/cartographer/include/cartographer/transform/transform_interpolation_buffer.h
[3.989s] -- Up-to-date: /home/ashish/ros2_ws/install/cartographer/include/cartographer/io/fake_file_writer.h
[3.989s] -- Up-to-date: /home/ashish/ros2_ws/install/cartographer/include/cartographer/transform/rigid_transform_test_helpers.h
[3.989s] -- Up-to-date: /home/ashish/ros2_ws/install/cartographer/include/cartographer/common/proto/ceres_solver_options.pb.h
[3.989s] -- Up-to-date: /home/ashish/ros2_ws/install/cartographer/include/cartographer/ground_truth/proto/relations.pb.h
[3.989s] -- Up-to-date: /home/ashish/ros2_ws/install/cartographer/include/cartographer/mapping/proto/cell_limits_2d.pb.h
[3.989s] -- Up-to-date: /home/ashish/ros2_ws/install/cartographer/include/cartographer/mapping/proto/connected_components.pb.h
[3.989s] -- Up-to-date: /home/ashish/ros2_ws/install/cartographer/include/cartographer/mapping/proto/grid_2d.pb.h
[3.989s] -- Up-to-date: /home/ashish/ros2_ws/install/cartographer/include/cartographer/mapping/proto/grid_2d_options.pb.h
[3.989s] -- Up-to-date: /home/ashish/ros2_ws/install/cartographer/include/cartographer/mapping/proto/hybrid_grid.pb.h
[3.989s] -- Up-to-date: /home/ashish/ros2_ws/install/cartographer/include/cartographer/mapping/proto/local_trajectory_builder_options_2d.pb.h
[3.989s] -- Up-to-date: /home/ashish/ros2_ws/install/cartographer/include/cartographer/mapping/proto/local_trajectory_builder_options_3d.pb.h
[3.989s] -- Up-to-date: /home/ashish/ros2_ws/install/cartographer/include/cartographer/mapping/proto/map_builder_options.pb.h
[3.990s] -- Up-to-date: /home/ashish/ros2_ws/install/cartographer/include/cartographer/mapping/proto/map_limits.pb.h
[3.990s] -- Up-to-date: /home/ashish/ros2_ws/install/cartographer/include/cartographer/mapping/proto/motion_filter_options.pb.h
[3.990s] -- Up-to-date: /home/ashish/ros2_ws/install/cartographer/include/cartographer/mapping/proto/normal_estimation_options_2d.pb.h
[3.990s] -- Up-to-date: /home/ashish/ros2_ws/install/cartographer/include/cartographer/mapping/proto/pose_extrapolator_options.pb.h
[3.990s] -- Up-to-date: /home/ashish/ros2_ws/install/cartographer/include/cartographer/mapping/proto/pose_graph.pb.h
[3.990s] -- Up-to-date: /home/ashish/ros2_ws/install/cartographer/include/cartographer/mapping/proto/pose_graph/constraint_builder_options.pb.h
[3.990s] -- Up-to-date: /home/ashish/ros2_ws/install/cartographer/include/cartographer/mapping/proto/pose_graph/optimization_problem_options.pb.h
[3.990s] -- Up-to-date: /home/ashish/ros2_ws/install/cartographer/include/cartographer/mapping/proto/pose_graph_options.pb.h
[3.990s] -- Up-to-date: /home/ashish/ros2_ws/install/cartographer/include/cartographer/mapping/proto/probability_grid.pb.h
[3.990s] -- Up-to-date: /home/ashish/ros2_ws/install/cartographer/include/cartographer/mapping/proto/probability_grid_range_data_inserter_options_2d.pb.h
[3.990s] -- Up-to-date: /home/ashish/ros2_ws/install/cartographer/include/cartographer/mapping/proto/range_data_inserter_options.pb.h
[3.990s] -- Up-to-date: /home/ashish/ros2_ws/install/cartographer/include/cartographer/mapping/proto/range_data_inserter_options_3d.pb.h
[3.991s] -- Up-to-date: /home/ashish/ros2_ws/install/cartographer/include/cartographer/mapping/proto/scan_matching/ceres_scan_matcher_options_2d.pb.h
[3.991s] -- Up-to-date: /home/ashish/ros2_ws/install/cartographer/include/cartographer/mapping/proto/scan_matching/ceres_scan_matcher_options_3d.pb.h
[3.991s] -- Up-to-date: /home/ashish/ros2_ws/install/cartographer/include/cartographer/mapping/proto/scan_matching/fast_correlative_scan_matcher_options_2d.pb.h
[3.991s] -- Up-to-date: /home/ashish/ros2_ws/install/cartographer/include/cartographer/mapping/proto/scan_matching/fast_correlative_scan_matcher_options_3d.pb.h
[3.991s] -- Up-to-date: /home/ashish/ros2_ws/install/cartographer/include/cartographer/mapping/proto/scan_matching/real_time_correlative_scan_matcher_options.pb.h
[3.991s] -- Up-to-date: /home/ashish/ros2_ws/install/cartographer/include/cartographer/mapping/proto/serialization.pb.h
[3.991s] -- Up-to-date: /home/ashish/ros2_ws/install/cartographer/include/cartographer/mapping/proto/submap.pb.h
[3.991s] -- Up-to-date: /home/ashish/ros2_ws/install/cartographer/include/cartographer/mapping/proto/submap_visualization.pb.h
[3.991s] -- Up-to-date: /home/ashish/ros2_ws/install/cartographer/include/cartographer/mapping/proto/submaps_options_2d.pb.h
[3.991s] -- Up-to-date: /home/ashish/ros2_ws/install/cartographer/include/cartographer/mapping/proto/submaps_options_3d.pb.h
[3.991s] -- Up-to-date: /home/ashish/ros2_ws/install/cartographer/include/cartographer/mapping/proto/trajectory.pb.h
[3.991s] -- Up-to-date: /home/ashish/ros2_ws/install/cartographer/include/cartographer/mapping/proto/trajectory_builder_options.pb.h
[3.992s] -- Up-to-date: /home/ashish/ros2_ws/install/cartographer/include/cartographer/mapping/proto/trajectory_node_data.pb.h
[3.992s] -- Up-to-date: /home/ashish/ros2_ws/install/cartographer/include/cartographer/mapping/proto/tsdf_2d.pb.h
[3.992s] -- Up-to-date: /home/ashish/ros2_ws/install/cartographer/include/cartographer/mapping/proto/tsdf_range_data_inserter_options_2d.pb.h
[3.992s] -- Up-to-date: /home/ashish/ros2_ws/install/cartographer/include/cartographer/sensor/proto/adaptive_voxel_filter_options.pb.h
[3.992s] -- Up-to-date: /home/ashish/ros2_ws/install/cartographer/include/cartographer/sensor/proto/sensor.pb.h
[3.992s] -- Up-to-date: /home/ashish/ros2_ws/install/cartographer/include/cartographer/transform/proto/timestamped_transform.pb.h
[3.992s] -- Up-to-date: /home/ashish/ros2_ws/install/cartographer/include/cartographer/transform/proto/transform.pb.h
[3.992s] -- Up-to-date: /home/ashish/ros2_ws/install/cartographer/share/cartographer/cmake/CartographerTargets.cmake
[3.992s] -- Up-to-date: /home/ashish/ros2_ws/install/cartographer/share/cartographer/cmake/CartographerTargets-release.cmake
[3.992s] -- Up-to-date: /home/ashish/ros2_ws/install/cartographer/share/cartographer/cartographer-config.cmake
[4.010s] Invoked command in '/home/ashish/ros2_ws/build/cartographer' returned '0': CMAKE_PREFIX_PATH=/home/ashish/ros2_ws/install/turtlebot3:/home/ashish/ros2_ws/install/turtlebot3_simulations:/home/ashish/ros2_ws/install/turtlebot3_bringup:/home/ashish/ros2_ws/install/turtlebot3_node:/home/ashish/ros2_ws/install/turtlebot3_navigation2:/home/ashish/ros2_ws/install/turtlebot3_gazebo:/home/ashish/ros2_ws/install/turtlebot3_fake_node:/home/ashish/ros2_ws/install/turtlebot3_description:/home/ashish/ros2_ws/install/turtlebot3_cartographer:/home/ashish/ros2_ws/install/rplidar_ros:/home/ashish/ros2_ws/install/rf2o_laser_odometry:/home/ashish/ros2_ws/install/cartographer_rviz:/home/ashish/ros2_ws/install/cartographer_ros:/home/ashish/ros2_ws/install/turtlebot3_teleop:/home/ashish/ros2_ws/install/turtlebot3_example:/opt/ros/humble:/home/ashish/ros2_ws/install/cartographer_ros_msgs:/home/ashish/ros2_ws/install/cartographer /usr/bin/cmake --install /home/ashish/ros2_ws/build/cartographer
