[11.211s] Invoking command in '/home/ashish/ros2_ws/src/turtlebot3/turtlebot3_example': PYTHONPATH=/home/ashish/ros2_ws/build/turtlebot3_example/prefix_override:/usr/lib/python3/dist-packages/colcon_core/task/python/colcon_distutils_commands:/home/ashish/ros2_ws/install/turtlebot3_example/lib/python3.10/site-packages:${PYTHONPATH} /usr/bin/python3 -W ignore:setup.py install is deprecated -W ignore:easy_install command is deprecated setup.py egg_info --egg-base ../../../build/turtlebot3_example build --build-base /home/ashish/ros2_ws/build/turtlebot3_example/build install --record /home/ashish/ros2_ws/build/turtlebot3_example/install.log --single-version-externally-managed install_data
[13.146s] running egg_info
[13.146s] writing ../../../build/turtlebot3_example/turtlebot3_example.egg-info/PKG-INFO
[13.146s] writing dependency_links to ../../../build/turtlebot3_example/turtlebot3_example.egg-info/dependency_links.txt
[13.146s] writing entry points to ../../../build/turtlebot3_example/turtlebot3_example.egg-info/entry_points.txt
[13.146s] writing requirements to ../../../build/turtlebot3_example/turtlebot3_example.egg-info/requires.txt
[13.146s] writing top-level names to ../../../build/turtlebot3_example/turtlebot3_example.egg-info/top_level.txt
[13.154s] reading manifest file '../../../build/turtlebot3_example/turtlebot3_example.egg-info/SOURCES.txt'
[13.154s] writing manifest file '../../../build/turtlebot3_example/turtlebot3_example.egg-info/SOURCES.txt'
[13.154s] running build
[13.154s] running build_py
[13.255s] running install
[13.255s] running install_lib
[13.398s] running install_data
[13.527s] running install_egg_info
[13.527s] removing '/home/ashish/ros2_ws/install/turtlebot3_example/lib/python3.10/site-packages/turtlebot3_example-2.1.5-py3.10.egg-info' (and everything under it)
[13.550s] Copying ../../../build/turtlebot3_example/turtlebot3_example.egg-info to /home/ashish/ros2_ws/install/turtlebot3_example/lib/python3.10/site-packages/turtlebot3_example-2.1.5-py3.10.egg-info
[13.577s] running install_scripts
[13.691s] Installing turtlebot3_obstacle_detection script to /home/ashish/ros2_ws/install/turtlebot3_example/lib/turtlebot3_example
[13.748s] Installing turtlebot3_patrol_client script to /home/ashish/ros2_ws/install/turtlebot3_example/lib/turtlebot3_example
[13.797s] Installing turtlebot3_patrol_server script to /home/ashish/ros2_ws/install/turtlebot3_example/lib/turtlebot3_example
[13.853s] Installing turtlebot3_position_control script to /home/ashish/ros2_ws/install/turtlebot3_example/lib/turtlebot3_example
[13.932s] writing list of installed files to '/home/ashish/ros2_ws/build/turtlebot3_example/install.log'
[14.471s] Invoked command in '/home/ashish/ros2_ws/src/turtlebot3/turtlebot3_example' returned '0': PYTHONPATH=/home/ashish/ros2_ws/build/turtlebot3_example/prefix_override:/usr/lib/python3/dist-packages/colcon_core/task/python/colcon_distutils_commands:/home/ashish/ros2_ws/install/turtlebot3_example/lib/python3.10/site-packages:${PYTHONPATH} /usr/bin/python3 -W ignore:setup.py install is deprecated -W ignore:easy_install command is deprecated setup.py egg_info --egg-base ../../../build/turtlebot3_example build --build-base /home/ashish/ros2_ws/build/turtlebot3_example/build install --record /home/ashish/ros2_ws/build/turtlebot3_example/install.log --single-version-externally-managed install_data
