[0.269s] Invoking command in '/home/ashish/ros2_ws/build/turtlebot3_gazebo': CMAKE_PREFIX_PATH=/home/ashish/ros2_ws/install/turtlebot3:/home/ashish/ros2_ws/install/turtlebot3_simulations:/home/ashish/ros2_ws/install/turtlebot3_bringup:/home/ashish/ros2_ws/install/turtlebot3_node:/home/ashish/ros2_ws/install/turtlebot3_navigation2:/home/ashish/ros2_ws/install/turtlebot3_gazebo:/home/ashish/ros2_ws/install/turtlebot3_fake_node:/home/ashish/ros2_ws/install/turtlebot3_description:/home/ashish/ros2_ws/install/turtlebot3_cartographer:/home/ashish/ros2_ws/install/rplidar_ros:/home/ashish/ros2_ws/install/rf2o_laser_odometry:/home/ashish/ros2_ws/install/nav2_custom_launch:/home/ashish/ros2_ws/install/my_robot_description:/home/ashish/ros2_ws/install/cartographer_rviz:/home/ashish/ros2_ws/install/cartographer_ros:/home/ashish/ros2_ws/install/turtlebot3_teleop:/home/ashish/ros2_ws/install/turtlebot3_example:/opt/ros/humble:/home/ashish/ros2_ws/install/cartographer_ros_msgs:/home/ashish/ros2_ws/install/cartographer /usr/bin/cmake --build /home/ashish/ros2_ws/build/turtlebot3_gazebo -- -j4 -l4
[1.058s] [ 16%] Built target turtlebot3_drive
[2.020s] [ 33%] Built target obstacle1
[2.329s] [ 50%] Built target obstacle2
[2.748s] [ 66%] Built target obstacles
[3.240s] [ 83%] Built target traffic_bar_plugin
[3.864s] [100%] Built target traffic_light_plugin
[3.961s] Invoked command in '/home/ashish/ros2_ws/build/turtlebot3_gazebo' returned '0': CMAKE_PREFIX_PATH=/home/ashish/ros2_ws/install/turtlebot3:/home/ashish/ros2_ws/install/turtlebot3_simulations:/home/ashish/ros2_ws/install/turtlebot3_bringup:/home/ashish/ros2_ws/install/turtlebot3_node:/home/ashish/ros2_ws/install/turtlebot3_navigation2:/home/ashish/ros2_ws/install/turtlebot3_gazebo:/home/ashish/ros2_ws/install/turtlebot3_fake_node:/home/ashish/ros2_ws/install/turtlebot3_description:/home/ashish/ros2_ws/install/turtlebot3_cartographer:/home/ashish/ros2_ws/install/rplidar_ros:/home/ashish/ros2_ws/install/rf2o_laser_odometry:/home/ashish/ros2_ws/install/nav2_custom_launch:/home/ashish/ros2_ws/install/my_robot_description:/home/ashish/ros2_ws/install/cartographer_rviz:/home/ashish/ros2_ws/install/cartographer_ros:/home/ashish/ros2_ws/install/turtlebot3_teleop:/home/ashish/ros2_ws/install/turtlebot3_example:/opt/ros/humble:/home/ashish/ros2_ws/install/cartographer_ros_msgs:/home/ashish/ros2_ws/install/cartographer /usr/bin/cmake --build /home/ashish/ros2_ws/build/turtlebot3_gazebo -- -j4 -l4
[3.995s] Invoking command in '/home/ashish/ros2_ws/build/turtlebot3_gazebo': CMAKE_PREFIX_PATH=/home/ashish/ros2_ws/install/turtlebot3:/home/ashish/ros2_ws/install/turtlebot3_simulations:/home/ashish/ros2_ws/install/turtlebot3_bringup:/home/ashish/ros2_ws/install/turtlebot3_node:/home/ashish/ros2_ws/install/turtlebot3_navigation2:/home/ashish/ros2_ws/install/turtlebot3_gazebo:/home/ashish/ros2_ws/install/turtlebot3_fake_node:/home/ashish/ros2_ws/install/turtlebot3_description:/home/ashish/ros2_ws/install/turtlebot3_cartographer:/home/ashish/ros2_ws/install/rplidar_ros:/home/ashish/ros2_ws/install/rf2o_laser_odometry:/home/ashish/ros2_ws/install/nav2_custom_launch:/home/ashish/ros2_ws/install/my_robot_description:/home/ashish/ros2_ws/install/cartographer_rviz:/home/ashish/ros2_ws/install/cartographer_ros:/home/ashish/ros2_ws/install/turtlebot3_teleop:/home/ashish/ros2_ws/install/turtlebot3_example:/opt/ros/humble:/home/ashish/ros2_ws/install/cartographer_ros_msgs:/home/ashish/ros2_ws/install/cartographer /usr/bin/cmake --install /home/ashish/ros2_ws/build/turtlebot3_gazebo
[4.164s] -- Install configuration: ""
[4.168s] -- Execute custom install script
[4.212s] -- Up-to-date symlink: /home/ashish/ros2_ws/install/turtlebot3_gazebo/lib/turtlebot3_gazebo/turtlebot3_drive
[4.212s] -- Up-to-date symlink: /home/ashish/ros2_ws/install/turtlebot3_gazebo/share/turtlebot3_gazebo//launch/empty_world.launch.py
[4.212s] -- Up-to-date symlink: /home/ashish/ros2_ws/install/turtlebot3_gazebo/share/turtlebot3_gazebo//launch/multi_robot.launch.py
[4.213s] -- Up-to-date symlink: /home/ashish/ros2_ws/install/turtlebot3_gazebo/share/turtlebot3_gazebo//launch/multi_spawn_turtlebot3.launch.py
[4.213s] -- Up-to-date symlink: /home/ashish/ros2_ws/install/turtlebot3_gazebo/share/turtlebot3_gazebo//launch/robot_state_publisher.launch.py
[4.213s] -- Up-to-date symlink: /home/ashish/ros2_ws/install/turtlebot3_gazebo/share/turtlebot3_gazebo//launch/spawn_turtlebot3.launch.py
[4.215s] -- Up-to-date symlink: /home/ashish/ros2_ws/install/turtlebot3_gazebo/share/turtlebot3_gazebo//launch/turtlebot3_autorace_2020.launch.py
[4.223s] -- Up-to-date symlink: /home/ashish/ros2_ws/install/turtlebot3_gazebo/share/turtlebot3_gazebo//launch/turtlebot3_dqn_stage1.launch.py
[4.235s] -- Up-to-date symlink: /home/ashish/ros2_ws/install/turtlebot3_gazebo/share/turtlebot3_gazebo//launch/turtlebot3_dqn_stage2.launch.py
[4.292s] -- Up-to-date symlink: /home/ashish/ros2_ws/install/turtlebot3_gazebo/share/turtlebot3_gazebo//launch/turtlebot3_dqn_stage3.launch.py
[4.292s] -- Up-to-date symlink: /home/ashish/ros2_ws/install/turtlebot3_gazebo/share/turtlebot3_gazebo//launch/turtlebot3_dqn_stage4.launch.py
[4.298s] -- Up-to-date symlink: /home/ashish/ros2_ws/install/turtlebot3_gazebo/share/turtlebot3_gazebo//launch/turtlebot3_house.launch.py
[4.298s] -- Up-to-date symlink: /home/ashish/ros2_ws/install/turtlebot3_gazebo/share/turtlebot3_gazebo//launch/turtlebot3_world.launch.py
[4.763s] -- Up-to-date symlink: /home/ashish/ros2_ws/install/turtlebot3_gazebo/share/turtlebot3_gazebo//models/turtlebot3_autorace_2020/checker/materials/checker.png
[4.763s] -- Up-to-date symlink: /home/ashish/ros2_ws/install/turtlebot3_gazebo/share/turtlebot3_gazebo//models/turtlebot3_autorace_2020/checker/materials/scripts/checker.material
[4.764s] -- Up-to-date symlink: /home/ashish/ros2_ws/install/turtlebot3_gazebo/share/turtlebot3_gazebo//models/turtlebot3_autorace_2020/checker/materials/textures/checker.png
[4.764s] -- Up-to-date symlink: /home/ashish/ros2_ws/install/turtlebot3_gazebo/share/turtlebot3_gazebo//models/turtlebot3_autorace_2020/checker/model.config
[4.764s] -- Up-to-date symlink: /home/ashish/ros2_ws/install/turtlebot3_gazebo/share/turtlebot3_gazebo//models/turtlebot3_autorace_2020/checker/model.sdf
[4.776s] -- Up-to-date symlink: /home/ashish/ros2_ws/install/turtlebot3_gazebo/share/turtlebot3_gazebo//models/turtlebot3_autorace_2020/course/materials/scripts/course.material
[4.781s] -- Up-to-date symlink: /home/ashish/ros2_ws/install/turtlebot3_gazebo/share/turtlebot3_gazebo//models/turtlebot3_autorace_2020/course/materials/textures/course.png
[4.781s] -- Up-to-date symlink: /home/ashish/ros2_ws/install/turtlebot3_gazebo/share/turtlebot3_gazebo//models/turtlebot3_autorace_2020/course/model.config
[4.783s] -- Up-to-date symlink: /home/ashish/ros2_ws/install/turtlebot3_gazebo/share/turtlebot3_gazebo//models/turtlebot3_autorace_2020/course/model.sdf
[4.791s] -- Up-to-date symlink: /home/ashish/ros2_ws/install/turtlebot3_gazebo/share/turtlebot3_gazebo//models/turtlebot3_autorace_2020/traffic_bar/materials/scripts/traffic_bar.material
[4.801s] -- Up-to-date symlink: /home/ashish/ros2_ws/install/turtlebot3_gazebo/share/turtlebot3_gazebo//models/turtlebot3_autorace_2020/traffic_bar/materials/textures/traffic_bar.png
[4.806s] -- Up-to-date symlink: /home/ashish/ros2_ws/install/turtlebot3_gazebo/share/turtlebot3_gazebo//models/turtlebot3_autorace_2020/traffic_bar/model.config
[4.816s] -- Up-to-date symlink: /home/ashish/ros2_ws/install/turtlebot3_gazebo/share/turtlebot3_gazebo//models/turtlebot3_autorace_2020/traffic_bar/model.sdf
[4.892s] -- Up-to-date symlink: /home/ashish/ros2_ws/install/turtlebot3_gazebo/share/turtlebot3_gazebo//models/turtlebot3_autorace_2020/traffic_construction/materials/scripts/traffic_construction.material
[4.929s] -- Up-to-date symlink: /home/ashish/ros2_ws/install/turtlebot3_gazebo/share/turtlebot3_gazebo//models/turtlebot3_autorace_2020/traffic_construction/materials/textures/traffic_construction.png
[4.929s] -- Up-to-date symlink: /home/ashish/ros2_ws/install/turtlebot3_gazebo/share/turtlebot3_gazebo//models/turtlebot3_autorace_2020/traffic_construction/model.config
[4.929s] -- Up-to-date symlink: /home/ashish/ros2_ws/install/turtlebot3_gazebo/share/turtlebot3_gazebo//models/turtlebot3_autorace_2020/traffic_construction/model.sdf
[4.930s] -- Up-to-date symlink: /home/ashish/ros2_ws/install/turtlebot3_gazebo/share/turtlebot3_gazebo//models/turtlebot3_autorace_2020/traffic_intersection/materials/scripts/traffic_intersection.material
[4.930s] -- Up-to-date symlink: /home/ashish/ros2_ws/install/turtlebot3_gazebo/share/turtlebot3_gazebo//models/turtlebot3_autorace_2020/traffic_intersection/materials/textures/traffic_intersection.png
[4.930s] -- Up-to-date symlink: /home/ashish/ros2_ws/install/turtlebot3_gazebo/share/turtlebot3_gazebo//models/turtlebot3_autorace_2020/traffic_intersection/model.config
[4.930s] -- Up-to-date symlink: /home/ashish/ros2_ws/install/turtlebot3_gazebo/share/turtlebot3_gazebo//models/turtlebot3_autorace_2020/traffic_intersection/model.sdf
[4.971s] -- Up-to-date symlink: /home/ashish/ros2_ws/install/turtlebot3_gazebo/share/turtlebot3_gazebo//models/turtlebot3_autorace_2020/traffic_left/materials/scripts/traffic_is_left.material
[4.981s] -- Up-to-date symlink: /home/ashish/ros2_ws/install/turtlebot3_gazebo/share/turtlebot3_gazebo//models/turtlebot3_autorace_2020/traffic_left/materials/textures/traffic_left.png
[4.985s] -- Up-to-date symlink: /home/ashish/ros2_ws/install/turtlebot3_gazebo/share/turtlebot3_gazebo//models/turtlebot3_autorace_2020/traffic_left/model.config
[4.990s] -- Up-to-date symlink: /home/ashish/ros2_ws/install/turtlebot3_gazebo/share/turtlebot3_gazebo//models/turtlebot3_autorace_2020/traffic_left/model.sdf
[4.993s] -- Up-to-date symlink: /home/ashish/ros2_ws/install/turtlebot3_gazebo/share/turtlebot3_gazebo//models/turtlebot3_autorace_2020/traffic_light/materials/scripts/traffic_light.material
[4.996s] -- Up-to-date symlink: /home/ashish/ros2_ws/install/turtlebot3_gazebo/share/turtlebot3_gazebo//models/turtlebot3_autorace_2020/traffic_light/materials/textures/traffic_light.png
[4.997s] -- Up-to-date symlink: /home/ashish/ros2_ws/install/turtlebot3_gazebo/share/turtlebot3_gazebo//models/turtlebot3_autorace_2020/traffic_light/materials/textures/traffic_light_green.png
[5.007s] -- Up-to-date symlink: /home/ashish/ros2_ws/install/turtlebot3_gazebo/share/turtlebot3_gazebo//models/turtlebot3_autorace_2020/traffic_light/materials/textures/traffic_light_red.png
[5.014s] -- Up-to-date symlink: /home/ashish/ros2_ws/install/turtlebot3_gazebo/share/turtlebot3_gazebo//models/turtlebot3_autorace_2020/traffic_light/materials/textures/traffic_light_yellow.png
[5.019s] -- Up-to-date symlink: /home/ashish/ros2_ws/install/turtlebot3_gazebo/share/turtlebot3_gazebo//models/turtlebot3_autorace_2020/traffic_light/model.config
[5.021s] -- Up-to-date symlink: /home/ashish/ros2_ws/install/turtlebot3_gazebo/share/turtlebot3_gazebo//models/turtlebot3_autorace_2020/traffic_light/model.sdf
[5.033s] -- Up-to-date symlink: /home/ashish/ros2_ws/install/turtlebot3_gazebo/share/turtlebot3_gazebo//models/turtlebot3_autorace_2020/traffic_noentry/materials/scripts/traffic_noentry.material
[5.061s] -- Up-to-date symlink: /home/ashish/ros2_ws/install/turtlebot3_gazebo/share/turtlebot3_gazebo//models/turtlebot3_autorace_2020/traffic_noentry/materials/textures/traffic_noentry.png
[5.061s] -- Up-to-date symlink: /home/ashish/ros2_ws/install/turtlebot3_gazebo/share/turtlebot3_gazebo//models/turtlebot3_autorace_2020/traffic_noentry/model.config
[5.061s] -- Up-to-date symlink: /home/ashish/ros2_ws/install/turtlebot3_gazebo/share/turtlebot3_gazebo//models/turtlebot3_autorace_2020/traffic_noentry/model.sdf
[5.091s] -- Up-to-date symlink: /home/ashish/ros2_ws/install/turtlebot3_gazebo/share/turtlebot3_gazebo//models/turtlebot3_autorace_2020/traffic_parking/materials/scripts/traffic_parking.material
[5.093s] -- Up-to-date symlink: /home/ashish/ros2_ws/install/turtlebot3_gazebo/share/turtlebot3_gazebo//models/turtlebot3_autorace_2020/traffic_parking/materials/textures/traffic_parking.png
[5.101s] -- Up-to-date symlink: /home/ashish/ros2_ws/install/turtlebot3_gazebo/share/turtlebot3_gazebo//models/turtlebot3_autorace_2020/traffic_parking/model.config
[5.113s] -- Up-to-date symlink: /home/ashish/ros2_ws/install/turtlebot3_gazebo/share/turtlebot3_gazebo//models/turtlebot3_autorace_2020/traffic_parking/model.sdf
[5.113s] -- Up-to-date symlink: /home/ashish/ros2_ws/install/turtlebot3_gazebo/share/turtlebot3_gazebo//models/turtlebot3_autorace_2020/traffic_pl_left/materials/scripts/traffic_pl_left.material
[5.116s] -- Up-to-date symlink: /home/ashish/ros2_ws/install/turtlebot3_gazebo/share/turtlebot3_gazebo//models/turtlebot3_autorace_2020/traffic_pl_left/materials/textures/traffic_pl_left.png
[5.117s] -- Up-to-date symlink: /home/ashish/ros2_ws/install/turtlebot3_gazebo/share/turtlebot3_gazebo//models/turtlebot3_autorace_2020/traffic_pl_left/model.config
[5.118s] -- Up-to-date symlink: /home/ashish/ros2_ws/install/turtlebot3_gazebo/share/turtlebot3_gazebo//models/turtlebot3_autorace_2020/traffic_pl_left/model.sdf
[5.122s] -- Up-to-date symlink: /home/ashish/ros2_ws/install/turtlebot3_gazebo/share/turtlebot3_gazebo//models/turtlebot3_autorace_2020/traffic_right/materials/scripts/traffic_right.material
[5.125s] -- Up-to-date symlink: /home/ashish/ros2_ws/install/turtlebot3_gazebo/share/turtlebot3_gazebo//models/turtlebot3_autorace_2020/traffic_right/materials/textures/traffic_right.png
[5.128s] -- Up-to-date symlink: /home/ashish/ros2_ws/install/turtlebot3_gazebo/share/turtlebot3_gazebo//models/turtlebot3_autorace_2020/traffic_right/model.config
[5.134s] -- Up-to-date symlink: /home/ashish/ros2_ws/install/turtlebot3_gazebo/share/turtlebot3_gazebo//models/turtlebot3_autorace_2020/traffic_right/model.sdf
[5.181s] -- Up-to-date symlink: /home/ashish/ros2_ws/install/turtlebot3_gazebo/share/turtlebot3_gazebo//models/turtlebot3_autorace_2020/traffic_stop/materials/scripts/traffic_stop.material
[5.183s] -- Up-to-date symlink: /home/ashish/ros2_ws/install/turtlebot3_gazebo/share/turtlebot3_gazebo//models/turtlebot3_autorace_2020/traffic_stop/materials/textures/traffic_stop.png
[5.184s] -- Up-to-date symlink: /home/ashish/ros2_ws/install/turtlebot3_gazebo/share/turtlebot3_gazebo//models/turtlebot3_autorace_2020/traffic_stop/model.config
[5.185s] -- Up-to-date symlink: /home/ashish/ros2_ws/install/turtlebot3_gazebo/share/turtlebot3_gazebo//models/turtlebot3_autorace_2020/traffic_stop/model.sdf
[5.191s] -- Up-to-date symlink: /home/ashish/ros2_ws/install/turtlebot3_gazebo/share/turtlebot3_gazebo//models/turtlebot3_autorace_2020/traffic_tunnel/materials/scripts/tunnel.material
[5.198s] -- Up-to-date symlink: /home/ashish/ros2_ws/install/turtlebot3_gazebo/share/turtlebot3_gazebo//models/turtlebot3_autorace_2020/traffic_tunnel/materials/textures/tunnel.png
[5.234s] -- Up-to-date symlink: /home/ashish/ros2_ws/install/turtlebot3_gazebo/share/turtlebot3_gazebo//models/turtlebot3_autorace_2020/traffic_tunnel/model.config
[5.255s] -- Up-to-date symlink: /home/ashish/ros2_ws/install/turtlebot3_gazebo/share/turtlebot3_gazebo//models/turtlebot3_autorace_2020/traffic_tunnel/model.sdf
[5.255s] -- Up-to-date symlink: /home/ashish/ros2_ws/install/turtlebot3_gazebo/share/turtlebot3_gazebo//models/turtlebot3_burger/model-1_4.sdf
[5.317s] -- Up-to-date symlink: /home/ashish/ros2_ws/install/turtlebot3_gazebo/share/turtlebot3_gazebo//models/turtlebot3_burger/model.config
[5.318s] -- Up-to-date symlink: /home/ashish/ros2_ws/install/turtlebot3_gazebo/share/turtlebot3_gazebo//models/turtlebot3_burger/model.sdf
[5.319s] -- Up-to-date symlink: /home/ashish/ros2_ws/install/turtlebot3_gazebo/share/turtlebot3_gazebo//models/turtlebot3_burger_cam/model-1_4.sdf
[5.319s] -- Up-to-date symlink: /home/ashish/ros2_ws/install/turtlebot3_gazebo/share/turtlebot3_gazebo//models/turtlebot3_burger_cam/model.config
[5.319s] -- Up-to-date symlink: /home/ashish/ros2_ws/install/turtlebot3_gazebo/share/turtlebot3_gazebo//models/turtlebot3_burger_cam/model.sdf
[5.321s] -- Up-to-date symlink: /home/ashish/ros2_ws/install/turtlebot3_gazebo/share/turtlebot3_gazebo//models/turtlebot3_common/meshes/bases/burger_base.stl
[5.328s] -- Up-to-date symlink: /home/ashish/ros2_ws/install/turtlebot3_gazebo/share/turtlebot3_gazebo//models/turtlebot3_common/meshes/bases/waffle_base.stl
[5.329s] -- Up-to-date symlink: /home/ashish/ros2_ws/install/turtlebot3_gazebo/share/turtlebot3_gazebo//models/turtlebot3_common/meshes/bases/waffle_pi_base.stl
[5.330s] -- Up-to-date symlink: /home/ashish/ros2_ws/install/turtlebot3_gazebo/share/turtlebot3_gazebo//models/turtlebot3_common/meshes/burger_base.dae
[5.330s] -- Up-to-date symlink: /home/ashish/ros2_ws/install/turtlebot3_gazebo/share/turtlebot3_gazebo//models/turtlebot3_common/meshes/lds.dae
[5.330s] -- Up-to-date symlink: /home/ashish/ros2_ws/install/turtlebot3_gazebo/share/turtlebot3_gazebo//models/turtlebot3_common/meshes/r200.dae
[5.330s] -- Up-to-date symlink: /home/ashish/ros2_ws/install/turtlebot3_gazebo/share/turtlebot3_gazebo//models/turtlebot3_common/meshes/sensors/astra.dae
[5.331s] -- Up-to-date symlink: /home/ashish/ros2_ws/install/turtlebot3_gazebo/share/turtlebot3_gazebo//models/turtlebot3_common/meshes/sensors/astra.jpg
[5.331s] -- Up-to-date symlink: /home/ashish/ros2_ws/install/turtlebot3_gazebo/share/turtlebot3_gazebo//models/turtlebot3_common/meshes/sensors/lds.stl
[5.331s] -- Up-to-date symlink: /home/ashish/ros2_ws/install/turtlebot3_gazebo/share/turtlebot3_gazebo//models/turtlebot3_common/meshes/sensors/r200.dae
[5.333s] -- Up-to-date symlink: /home/ashish/ros2_ws/install/turtlebot3_gazebo/share/turtlebot3_gazebo//models/turtlebot3_common/meshes/sensors/r200.jpg
[5.335s] -- Up-to-date symlink: /home/ashish/ros2_ws/install/turtlebot3_gazebo/share/turtlebot3_gazebo//models/turtlebot3_common/meshes/tire.dae
[5.335s] -- Up-to-date symlink: /home/ashish/ros2_ws/install/turtlebot3_gazebo/share/turtlebot3_gazebo//models/turtlebot3_common/meshes/waffle_base.dae
[5.337s] -- Up-to-date symlink: /home/ashish/ros2_ws/install/turtlebot3_gazebo/share/turtlebot3_gazebo//models/turtlebot3_common/meshes/waffle_pi_base.dae
[5.337s] -- Up-to-date symlink: /home/ashish/ros2_ws/install/turtlebot3_gazebo/share/turtlebot3_gazebo//models/turtlebot3_common/meshes/wheels/left_tire.stl
[5.338s] -- Up-to-date symlink: /home/ashish/ros2_ws/install/turtlebot3_gazebo/share/turtlebot3_gazebo//models/turtlebot3_common/meshes/wheels/right_tire.stl
[5.339s] -- Up-to-date symlink: /home/ashish/ros2_ws/install/turtlebot3_gazebo/share/turtlebot3_gazebo//models/turtlebot3_common/model.config
[5.339s] -- Up-to-date symlink: /home/ashish/ros2_ws/install/turtlebot3_gazebo/share/turtlebot3_gazebo//models/turtlebot3_dqn_world/goal_box/model.config
[5.339s] -- Up-to-date symlink: /home/ashish/ros2_ws/install/turtlebot3_gazebo/share/turtlebot3_gazebo//models/turtlebot3_dqn_world/goal_box/model.sdf
[5.340s] -- Up-to-date symlink: /home/ashish/ros2_ws/install/turtlebot3_gazebo/share/turtlebot3_gazebo//models/turtlebot3_dqn_world/inner_walls/model.config
[5.342s] -- Up-to-date symlink: /home/ashish/ros2_ws/install/turtlebot3_gazebo/share/turtlebot3_gazebo//models/turtlebot3_dqn_world/inner_walls/model.sdf
[5.342s] -- Up-to-date symlink: /home/ashish/ros2_ws/install/turtlebot3_gazebo/share/turtlebot3_gazebo//models/turtlebot3_dqn_world/model.config
[5.344s] -- Up-to-date symlink: /home/ashish/ros2_ws/install/turtlebot3_gazebo/share/turtlebot3_gazebo//models/turtlebot3_dqn_world/model.sdf
[5.353s] -- Up-to-date symlink: /home/ashish/ros2_ws/install/turtlebot3_gazebo/share/turtlebot3_gazebo//models/turtlebot3_dqn_world/obstacle1/model.config
[5.358s] -- Up-to-date symlink: /home/ashish/ros2_ws/install/turtlebot3_gazebo/share/turtlebot3_gazebo//models/turtlebot3_dqn_world/obstacle1/model.sdf
[5.360s] -- Up-to-date symlink: /home/ashish/ros2_ws/install/turtlebot3_gazebo/share/turtlebot3_gazebo//models/turtlebot3_dqn_world/obstacle2/model.config
[5.366s] -- Up-to-date symlink: /home/ashish/ros2_ws/install/turtlebot3_gazebo/share/turtlebot3_gazebo//models/turtlebot3_dqn_world/obstacle2/model.sdf
[5.366s] -- Up-to-date symlink: /home/ashish/ros2_ws/install/turtlebot3_gazebo/share/turtlebot3_gazebo//models/turtlebot3_dqn_world/obstacles/model.config
[5.366s] -- Up-to-date symlink: /home/ashish/ros2_ws/install/turtlebot3_gazebo/share/turtlebot3_gazebo//models/turtlebot3_dqn_world/obstacles/model.sdf
[5.367s] -- Up-to-date symlink: /home/ashish/ros2_ws/install/turtlebot3_gazebo/share/turtlebot3_gazebo//models/turtlebot3_house/model.config
[5.367s] -- Up-to-date symlink: /home/ashish/ros2_ws/install/turtlebot3_gazebo/share/turtlebot3_gazebo//models/turtlebot3_house/model.sdf
[5.367s] -- Up-to-date symlink: /home/ashish/ros2_ws/install/turtlebot3_gazebo/share/turtlebot3_gazebo//models/turtlebot3_waffle/model-1_4.sdf
[5.367s] -- Up-to-date symlink: /home/ashish/ros2_ws/install/turtlebot3_gazebo/share/turtlebot3_gazebo//models/turtlebot3_waffle/model.config
[5.369s] -- Up-to-date symlink: /home/ashish/ros2_ws/install/turtlebot3_gazebo/share/turtlebot3_gazebo//models/turtlebot3_waffle/model.sdf
[5.371s] -- Up-to-date symlink: /home/ashish/ros2_ws/install/turtlebot3_gazebo/share/turtlebot3_gazebo//models/turtlebot3_waffle_pi/model-1_4_.sdf
[5.401s] -- Up-to-date symlink: /home/ashish/ros2_ws/install/turtlebot3_gazebo/share/turtlebot3_gazebo//models/turtlebot3_waffle_pi/model.config
[5.401s] -- Up-to-date symlink: /home/ashish/ros2_ws/install/turtlebot3_gazebo/share/turtlebot3_gazebo//models/turtlebot3_waffle_pi/model.sdf
[5.483s] -- Up-to-date symlink: /home/ashish/ros2_ws/install/turtlebot3_gazebo/share/turtlebot3_gazebo//models/turtlebot3_world/meshes/hexagon.dae
[5.483s] -- Up-to-date symlink: /home/ashish/ros2_ws/install/turtlebot3_gazebo/share/turtlebot3_gazebo//models/turtlebot3_world/meshes/wall.dae
[5.483s] -- Up-to-date symlink: /home/ashish/ros2_ws/install/turtlebot3_gazebo/share/turtlebot3_gazebo//models/turtlebot3_world/model-1_4.sdf
[5.483s] -- Up-to-date symlink: /home/ashish/ros2_ws/install/turtlebot3_gazebo/share/turtlebot3_gazebo//models/turtlebot3_world/model.config
[5.483s] -- Up-to-date symlink: /home/ashish/ros2_ws/install/turtlebot3_gazebo/share/turtlebot3_gazebo//models/turtlebot3_world/model.sdf
[5.484s] -- Up-to-date symlink: /home/ashish/ros2_ws/install/turtlebot3_gazebo/share/turtlebot3_gazebo//rviz/tb3_gazebo.rviz
[5.485s] -- Up-to-date symlink: /home/ashish/ros2_ws/install/turtlebot3_gazebo/share/turtlebot3_gazebo//urdf/common_properties.urdf
[5.485s] -- Up-to-date symlink: /home/ashish/ros2_ws/install/turtlebot3_gazebo/share/turtlebot3_gazebo//urdf/turtlebot3_burger.urdf
[5.486s] -- Up-to-date symlink: /home/ashish/ros2_ws/install/turtlebot3_gazebo/share/turtlebot3_gazebo//urdf/turtlebot3_burger_cam.urdf
[5.489s] -- Up-to-date symlink: /home/ashish/ros2_ws/install/turtlebot3_gazebo/share/turtlebot3_gazebo//urdf/turtlebot3_waffle.urdf
[5.490s] -- Up-to-date symlink: /home/ashish/ros2_ws/install/turtlebot3_gazebo/share/turtlebot3_gazebo//urdf/turtlebot3_waffle_pi.urdf
[5.495s] -- Up-to-date symlink: /home/ashish/ros2_ws/install/turtlebot3_gazebo/share/turtlebot3_gazebo//worlds/empty_world.world
[5.497s] -- Up-to-date symlink: /home/ashish/ros2_ws/install/turtlebot3_gazebo/share/turtlebot3_gazebo//worlds/turtlebot3_autorace_2020.world
[5.499s] -- Up-to-date symlink: /home/ashish/ros2_ws/install/turtlebot3_gazebo/share/turtlebot3_gazebo//worlds/turtlebot3_dqn_stage1.world
[5.508s] -- Up-to-date symlink: /home/ashish/ros2_ws/install/turtlebot3_gazebo/share/turtlebot3_gazebo//worlds/turtlebot3_dqn_stage2.world
[5.509s] -- Up-to-date symlink: /home/ashish/ros2_ws/install/turtlebot3_gazebo/share/turtlebot3_gazebo//worlds/turtlebot3_dqn_stage3.world
[5.659s] -- Up-to-date symlink: /home/ashish/ros2_ws/install/turtlebot3_gazebo/share/turtlebot3_gazebo//worlds/turtlebot3_dqn_stage4.world
[5.693s] -- Up-to-date symlink: /home/ashish/ros2_ws/install/turtlebot3_gazebo/share/turtlebot3_gazebo//worlds/turtlebot3_house.world
[5.693s] -- Up-to-date symlink: /home/ashish/ros2_ws/install/turtlebot3_gazebo/share/turtlebot3_gazebo//worlds/turtlebot3_world.world
[5.693s] -- Up-to-date symlink: /home/ashish/ros2_ws/install/turtlebot3_gazebo/include//turtlebot3_gazebo/obstacle1.hpp
[5.694s] -- Up-to-date symlink: /home/ashish/ros2_ws/install/turtlebot3_gazebo/include//turtlebot3_gazebo/obstacle2.hpp
[5.694s] -- Up-to-date symlink: /home/ashish/ros2_ws/install/turtlebot3_gazebo/include//turtlebot3_gazebo/obstacles.hpp
[5.694s] -- Up-to-date symlink: /home/ashish/ros2_ws/install/turtlebot3_gazebo/include//turtlebot3_gazebo/traffic_bar_plugin.hpp
[5.731s] -- Up-to-date symlink: /home/ashish/ros2_ws/install/turtlebot3_gazebo/include//turtlebot3_gazebo/traffic_light_plugin.hpp
[5.734s] -- Up-to-date symlink: /home/ashish/ros2_ws/install/turtlebot3_gazebo/include//turtlebot3_gazebo/turtlebot3_drive.hpp
[5.734s] -- Up-to-date symlink: /home/ashish/ros2_ws/install/turtlebot3_gazebo/share/ament_index/resource_index/package_run_dependencies/turtlebot3_gazebo
[5.734s] -- Up-to-date symlink: /home/ashish/ros2_ws/install/turtlebot3_gazebo/share/ament_index/resource_index/parent_prefix_path/turtlebot3_gazebo
[5.740s] -- Up-to-date symlink: /home/ashish/ros2_ws/install/turtlebot3_gazebo/share/turtlebot3_gazebo/environment/ament_prefix_path.sh
[5.740s] -- Up-to-date symlink: /home/ashish/ros2_ws/install/turtlebot3_gazebo/share/turtlebot3_gazebo/environment/ament_prefix_path.dsv
[5.742s] -- Up-to-date symlink: /home/ashish/ros2_ws/install/turtlebot3_gazebo/share/turtlebot3_gazebo/environment/path.sh
[5.742s] -- Up-to-date symlink: /home/ashish/ros2_ws/install/turtlebot3_gazebo/share/turtlebot3_gazebo/environment/path.dsv
[5.742s] -- Up-to-date symlink: /home/ashish/ros2_ws/install/turtlebot3_gazebo/share/turtlebot3_gazebo/local_setup.bash
[5.742s] -- Up-to-date symlink: /home/ashish/ros2_ws/install/turtlebot3_gazebo/share/turtlebot3_gazebo/local_setup.sh
[5.803s] -- Up-to-date symlink: /home/ashish/ros2_ws/install/turtlebot3_gazebo/share/turtlebot3_gazebo/local_setup.zsh
[5.803s] -- Up-to-date symlink: /home/ashish/ros2_ws/install/turtlebot3_gazebo/share/turtlebot3_gazebo/local_setup.dsv
[5.804s] -- Symlinking: /home/ashish/ros2_ws/install/turtlebot3_gazebo/share/turtlebot3_gazebo/package.dsv
[5.804s] -- Up-to-date symlink: /home/ashish/ros2_ws/install/turtlebot3_gazebo/share/ament_index/resource_index/packages/turtlebot3_gazebo
[5.804s] -- Up-to-date symlink: /home/ashish/ros2_ws/install/turtlebot3_gazebo/share/turtlebot3_gazebo/cmake/ament_cmake_export_include_directories-extras.cmake
[5.819s] -- Up-to-date symlink: /home/ashish/ros2_ws/install/turtlebot3_gazebo/share/turtlebot3_gazebo/cmake/ament_cmake_export_dependencies-extras.cmake
[5.819s] -- Up-to-date symlink: /home/ashish/ros2_ws/install/turtlebot3_gazebo/share/turtlebot3_gazebo/cmake/turtlebot3_gazeboConfig.cmake
[5.820s] -- Up-to-date symlink: /home/ashish/ros2_ws/install/turtlebot3_gazebo/share/turtlebot3_gazebo/cmake/turtlebot3_gazeboConfig-version.cmake
[5.828s] -- Up-to-date symlink: /home/ashish/ros2_ws/install/turtlebot3_gazebo/share/turtlebot3_gazebo/package.xml
[7.740s] Invoked command in '/home/ashish/ros2_ws/build/turtlebot3_gazebo' returned '0': CMAKE_PREFIX_PATH=/home/ashish/ros2_ws/install/turtlebot3:/home/ashish/ros2_ws/install/turtlebot3_simulations:/home/ashish/ros2_ws/install/turtlebot3_bringup:/home/ashish/ros2_ws/install/turtlebot3_node:/home/ashish/ros2_ws/install/turtlebot3_navigation2:/home/ashish/ros2_ws/install/turtlebot3_gazebo:/home/ashish/ros2_ws/install/turtlebot3_fake_node:/home/ashish/ros2_ws/install/turtlebot3_description:/home/ashish/ros2_ws/install/turtlebot3_cartographer:/home/ashish/ros2_ws/install/rplidar_ros:/home/ashish/ros2_ws/install/rf2o_laser_odometry:/home/ashish/ros2_ws/install/nav2_custom_launch:/home/ashish/ros2_ws/install/my_robot_description:/home/ashish/ros2_ws/install/cartographer_rviz:/home/ashish/ros2_ws/install/cartographer_ros:/home/ashish/ros2_ws/install/turtlebot3_teleop:/home/ashish/ros2_ws/install/turtlebot3_example:/opt/ros/humble:/home/ashish/ros2_ws/install/cartographer_ros_msgs:/home/ashish/ros2_ws/install/cartographer /usr/bin/cmake --install /home/ashish/ros2_ws/build/turtlebot3_gazebo
