[0.097s] Invoking command in '/home/ashish/ros2_ws/build/turtlebot3_bringup': AMENT_PREFIX_PATH=/home/ashish/ros2_ws/install/turtlebot3_node:/home/ashish/ros2_ws/install/turtlebot3_description:${AMENT_PREFIX_PATH} CMAKE_PREFIX_PATH=/home/ashish/ros2_ws/install/turtlebot3_node:/home/ashish/ros2_ws/install/turtlebot3_description:/home/ashish/ros2_ws/install/rplidar_ros:/opt/ros/humble /usr/bin/cmake /home/ashish/ros2_ws/src/turtlebot3/turtlebot3_bringup -DCMAKE_INSTALL_PREFIX=/home/ashish/ros2_ws/install/turtlebot3_bringup
[0.510s] -- The C compiler identification is GNU 11.4.0
[0.824s] -- The CXX compiler identification is GNU 11.4.0
[0.848s] -- Detecting C compiler ABI info
[1.246s] -- Detecting C compiler ABI info - done
[1.298s] -- Check for working C compiler: /usr/bin/cc - skipped
[1.298s] -- Detecting C compile features
[1.299s] -- Detecting C compile features - done
[1.308s] -- Detecting CXX compiler ABI info
[1.812s] -- Detecting CXX compiler ABI info - done
[1.838s] -- Check for working CXX compiler: /usr/bin/c++ - skipped
[1.839s] -- Detecting CXX compile features
[1.840s] -- Detecting CXX compile features - done
[1.846s] -- Found ament_cmake: 1.3.11 (/opt/ros/humble/share/ament_cmake/cmake)
[2.362s] -- Found Python3: /usr/bin/python3 (found version "3.10.12") found components: Interpreter 
[3.162s] -- Configuring done
[3.173s] -- Generating done
[3.178s] -- Build files have been written to: /home/ashish/ros2_ws/build/turtlebot3_bringup
[3.231s] Invoked command in '/home/ashish/ros2_ws/build/turtlebot3_bringup' returned '0': AMENT_PREFIX_PATH=/home/ashish/ros2_ws/install/turtlebot3_node:/home/ashish/ros2_ws/install/turtlebot3_description:${AMENT_PREFIX_PATH} CMAKE_PREFIX_PATH=/home/ashish/ros2_ws/install/turtlebot3_node:/home/ashish/ros2_ws/install/turtlebot3_description:/home/ashish/ros2_ws/install/rplidar_ros:/opt/ros/humble /usr/bin/cmake /home/ashish/ros2_ws/src/turtlebot3/turtlebot3_bringup -DCMAKE_INSTALL_PREFIX=/home/ashish/ros2_ws/install/turtlebot3_bringup
[3.283s] Invoking command in '/home/ashish/ros2_ws/build/turtlebot3_bringup': AMENT_PREFIX_PATH=/home/ashish/ros2_ws/install/turtlebot3_node:/home/ashish/ros2_ws/install/turtlebot3_description:${AMENT_PREFIX_PATH} CMAKE_PREFIX_PATH=/home/ashish/ros2_ws/install/turtlebot3_node:/home/ashish/ros2_ws/install/turtlebot3_description:/home/ashish/ros2_ws/install/rplidar_ros:/opt/ros/humble /usr/bin/cmake --build /home/ashish/ros2_ws/build/turtlebot3_bringup -- -j4 -l4
[3.568s] Invoked command in '/home/ashish/ros2_ws/build/turtlebot3_bringup' returned '0': AMENT_PREFIX_PATH=/home/ashish/ros2_ws/install/turtlebot3_node:/home/ashish/ros2_ws/install/turtlebot3_description:${AMENT_PREFIX_PATH} CMAKE_PREFIX_PATH=/home/ashish/ros2_ws/install/turtlebot3_node:/home/ashish/ros2_ws/install/turtlebot3_description:/home/ashish/ros2_ws/install/rplidar_ros:/opt/ros/humble /usr/bin/cmake --build /home/ashish/ros2_ws/build/turtlebot3_bringup -- -j4 -l4
[3.573s] Invoking command in '/home/ashish/ros2_ws/build/turtlebot3_bringup': AMENT_PREFIX_PATH=/home/ashish/ros2_ws/install/turtlebot3_node:/home/ashish/ros2_ws/install/turtlebot3_description:${AMENT_PREFIX_PATH} CMAKE_PREFIX_PATH=/home/ashish/ros2_ws/install/turtlebot3_node:/home/ashish/ros2_ws/install/turtlebot3_description:/home/ashish/ros2_ws/install/rplidar_ros:/opt/ros/humble /usr/bin/cmake --install /home/ashish/ros2_ws/build/turtlebot3_bringup
[3.583s] -- Install configuration: ""
[3.583s] -- Installing: /home/ashish/ros2_ws/install/turtlebot3_bringup/share/turtlebot3_bringup/launch
[3.584s] -- Installing: /home/ashish/ros2_ws/install/turtlebot3_bringup/share/turtlebot3_bringup/launch/rviz2.launch.py
[3.584s] -- Installing: /home/ashish/ros2_ws/install/turtlebot3_bringup/share/turtlebot3_bringup/launch/robot.launch.py
[3.584s] -- Installing: /home/ashish/ros2_ws/install/turtlebot3_bringup/share/turtlebot3_bringup/launch/turtlebot3_state_publisher.launch.py
[3.589s] -- Installing: /home/ashish/ros2_ws/install/turtlebot3_bringup/share/turtlebot3_bringup/param
[3.597s] -- Installing: /home/ashish/ros2_ws/install/turtlebot3_bringup/share/turtlebot3_bringup/param/burger.yaml
[3.597s] -- Installing: /home/ashish/ros2_ws/install/turtlebot3_bringup/share/turtlebot3_bringup/param/waffle_pi.yaml
[3.597s] -- Installing: /home/ashish/ros2_ws/install/turtlebot3_bringup/share/turtlebot3_bringup/param/waffle.yaml
[3.597s] -- Installing: /home/ashish/ros2_ws/install/turtlebot3_bringup/share/turtlebot3_bringup/script
[3.597s] -- Installing: /home/ashish/ros2_ws/install/turtlebot3_bringup/share/turtlebot3_bringup/script/create_udev_rules
[3.597s] -- Installing: /home/ashish/ros2_ws/install/turtlebot3_bringup/share/turtlebot3_bringup/script/99-turtlebot3-cdc.rules
[3.597s] -- Installing: /home/ashish/ros2_ws/install/turtlebot3_bringup/share/ament_index/resource_index/package_run_dependencies/turtlebot3_bringup
[3.597s] -- Installing: /home/ashish/ros2_ws/install/turtlebot3_bringup/share/ament_index/resource_index/parent_prefix_path/turtlebot3_bringup
[3.598s] -- Installing: /home/ashish/ros2_ws/install/turtlebot3_bringup/share/turtlebot3_bringup/environment/ament_prefix_path.sh
[3.599s] -- Installing: /home/ashish/ros2_ws/install/turtlebot3_bringup/share/turtlebot3_bringup/environment/ament_prefix_path.dsv
[3.600s] -- Installing: /home/ashish/ros2_ws/install/turtlebot3_bringup/share/turtlebot3_bringup/environment/path.sh
[3.600s] -- Installing: /home/ashish/ros2_ws/install/turtlebot3_bringup/share/turtlebot3_bringup/environment/path.dsv
[3.600s] -- Installing: /home/ashish/ros2_ws/install/turtlebot3_bringup/share/turtlebot3_bringup/local_setup.bash
[3.600s] -- Installing: /home/ashish/ros2_ws/install/turtlebot3_bringup/share/turtlebot3_bringup/local_setup.sh
[3.601s] -- Installing: /home/ashish/ros2_ws/install/turtlebot3_bringup/share/turtlebot3_bringup/local_setup.zsh
[3.601s] -- Installing: /home/ashish/ros2_ws/install/turtlebot3_bringup/share/turtlebot3_bringup/local_setup.dsv
[3.601s] -- Installing: /home/ashish/ros2_ws/install/turtlebot3_bringup/share/turtlebot3_bringup/package.dsv
[3.601s] -- Installing: /home/ashish/ros2_ws/install/turtlebot3_bringup/share/ament_index/resource_index/packages/turtlebot3_bringup
[3.601s] -- Installing: /home/ashish/ros2_ws/install/turtlebot3_bringup/share/turtlebot3_bringup/cmake/turtlebot3_bringupConfig.cmake
[3.601s] -- Installing: /home/ashish/ros2_ws/install/turtlebot3_bringup/share/turtlebot3_bringup/cmake/turtlebot3_bringupConfig-version.cmake
[3.601s] -- Installing: /home/ashish/ros2_ws/install/turtlebot3_bringup/share/turtlebot3_bringup/package.xml
[3.608s] Invoked command in '/home/ashish/ros2_ws/build/turtlebot3_bringup' returned '0': AMENT_PREFIX_PATH=/home/ashish/ros2_ws/install/turtlebot3_node:/home/ashish/ros2_ws/install/turtlebot3_description:${AMENT_PREFIX_PATH} CMAKE_PREFIX_PATH=/home/ashish/ros2_ws/install/turtlebot3_node:/home/ashish/ros2_ws/install/turtlebot3_description:/home/ashish/ros2_ws/install/rplidar_ros:/opt/ros/humble /usr/bin/cmake --install /home/ashish/ros2_ws/build/turtlebot3_bringup
