-- Found ament_cmake: 1.3.11 (/opt/ros/humble/share/ament_cmake/cmake)
-- Override CMake install command with custom implementation using symlinks instead of copying resources
-- Found ament_lint_auto: 0.12.11 (/opt/ros/humble/share/ament_lint_auto/cmake)
-- Added test 'flake8' to check Python code syntax and style conventions
-- Added test 'lint_cmake' to check CMake code style
-- Added test 'pep257' to check Python code against some of the docstring style conventions in PEP 257
-- Added test 'xmllint' to check XML markup files
-- Configuring done
-- Generating done
-- Build files have been written to: /home/ashish/ros2_ws/build/nav2_custom_launch
-- Install configuration: ""
-- Execute custom install script
-- Up-to-date symlink: /home/ashish/ros2_ws/install/nav2_custom_launch/share/ament_index/resource_index/package_run_dependencies/nav2_custom_launch
-- Up-to-date symlink: /home/ashish/ros2_ws/install/nav2_custom_launch/share/ament_index/resource_index/parent_prefix_path/nav2_custom_launch
-- Up-to-date symlink: /home/ashish/ros2_ws/install/nav2_custom_launch/share/nav2_custom_launch/environment/ament_prefix_path.sh
-- Up-to-date symlink: /home/ashish/ros2_ws/install/nav2_custom_launch/share/nav2_custom_launch/environment/ament_prefix_path.dsv
-- Up-to-date symlink: /home/ashish/ros2_ws/install/nav2_custom_launch/share/nav2_custom_launch/environment/path.sh
-- Up-to-date symlink: /home/ashish/ros2_ws/install/nav2_custom_launch/share/nav2_custom_launch/environment/path.dsv
-- Up-to-date symlink: /home/ashish/ros2_ws/install/nav2_custom_launch/share/nav2_custom_launch/local_setup.bash
-- Up-to-date symlink: /home/ashish/ros2_ws/install/nav2_custom_launch/share/nav2_custom_launch/local_setup.sh
-- Up-to-date symlink: /home/ashish/ros2_ws/install/nav2_custom_launch/share/nav2_custom_launch/local_setup.zsh
-- Up-to-date symlink: /home/ashish/ros2_ws/install/nav2_custom_launch/share/nav2_custom_launch/local_setup.dsv
-- Symlinking: /home/ashish/ros2_ws/install/nav2_custom_launch/share/nav2_custom_launch/package.dsv
-- Up-to-date symlink: /home/ashish/ros2_ws/install/nav2_custom_launch/share/ament_index/resource_index/packages/nav2_custom_launch
-- Up-to-date symlink: /home/ashish/ros2_ws/install/nav2_custom_launch/share/nav2_custom_launch/cmake/nav2_custom_launchConfig.cmake
-- Up-to-date symlink: /home/ashish/ros2_ws/install/nav2_custom_launch/share/nav2_custom_launch/cmake/nav2_custom_launchConfig-version.cmake
-- Up-to-date symlink: /home/ashish/ros2_ws/install/nav2_custom_launch/share/nav2_custom_launch/package.xml
-- Symlinking: /home/ashish/ros2_ws/install/nav2_custom_launch/share/nav2_custom_launch//launch/nav2_launch.py
