[0.068s] Invoking command in '/home/ashish/ros2_ws/build/rplidar_ros': CMAKE_PREFIX_PATH=/home/ashish/ros2_ws/install/nav2_custom_launch:/home/ashish/ros2_ws/install/turtlebot3:/home/ashish/ros2_ws/install/turtlebot3_simulations:/home/ashish/ros2_ws/install/turtlebot3_bringup:/home/ashish/ros2_ws/install/turtlebot3_node:/home/ashish/ros2_ws/install/turtlebot3_navigation2:/home/ashish/ros2_ws/install/turtlebot3_gazebo:/home/ashish/ros2_ws/install/turtlebot3_fake_node:/home/ashish/ros2_ws/install/turtlebot3_description:/home/ashish/ros2_ws/install/turtlebot3_cartographer:/home/ashish/ros2_ws/install/rplidar_ros:/home/ashish/ros2_ws/install/rf2o_laser_odometry:/home/ashish/ros2_ws/install/cartographer_rviz:/home/ashish/ros2_ws/install/cartographer_ros:/home/ashish/ros2_ws/install/turtlebot3_teleop:/home/ashish/ros2_ws/install/turtlebot3_example:/opt/ros/humble:/home/ashish/ros2_ws/install/cartographer_ros_msgs:/home/ashish/ros2_ws/install/cartographer /usr/bin/cmake --build /home/ashish/ros2_ws/build/rplidar_ros -- -j4 -l4
[0.197s] [ 77%] Built target rplidar_composition_node
[0.247s] [100%] Built target rplidar_composition
[0.273s] Invoked command in '/home/ashish/ros2_ws/build/rplidar_ros' returned '0': CMAKE_PREFIX_PATH=/home/ashish/ros2_ws/install/nav2_custom_launch:/home/ashish/ros2_ws/install/turtlebot3:/home/ashish/ros2_ws/install/turtlebot3_simulations:/home/ashish/ros2_ws/install/turtlebot3_bringup:/home/ashish/ros2_ws/install/turtlebot3_node:/home/ashish/ros2_ws/install/turtlebot3_navigation2:/home/ashish/ros2_ws/install/turtlebot3_gazebo:/home/ashish/ros2_ws/install/turtlebot3_fake_node:/home/ashish/ros2_ws/install/turtlebot3_description:/home/ashish/ros2_ws/install/turtlebot3_cartographer:/home/ashish/ros2_ws/install/rplidar_ros:/home/ashish/ros2_ws/install/rf2o_laser_odometry:/home/ashish/ros2_ws/install/cartographer_rviz:/home/ashish/ros2_ws/install/cartographer_ros:/home/ashish/ros2_ws/install/turtlebot3_teleop:/home/ashish/ros2_ws/install/turtlebot3_example:/opt/ros/humble:/home/ashish/ros2_ws/install/cartographer_ros_msgs:/home/ashish/ros2_ws/install/cartographer /usr/bin/cmake --build /home/ashish/ros2_ws/build/rplidar_ros -- -j4 -l4
[0.274s] Invoking command in '/home/ashish/ros2_ws/build/rplidar_ros': CMAKE_PREFIX_PATH=/home/ashish/ros2_ws/install/nav2_custom_launch:/home/ashish/ros2_ws/install/turtlebot3:/home/ashish/ros2_ws/install/turtlebot3_simulations:/home/ashish/ros2_ws/install/turtlebot3_bringup:/home/ashish/ros2_ws/install/turtlebot3_node:/home/ashish/ros2_ws/install/turtlebot3_navigation2:/home/ashish/ros2_ws/install/turtlebot3_gazebo:/home/ashish/ros2_ws/install/turtlebot3_fake_node:/home/ashish/ros2_ws/install/turtlebot3_description:/home/ashish/ros2_ws/install/turtlebot3_cartographer:/home/ashish/ros2_ws/install/rplidar_ros:/home/ashish/ros2_ws/install/rf2o_laser_odometry:/home/ashish/ros2_ws/install/cartographer_rviz:/home/ashish/ros2_ws/install/cartographer_ros:/home/ashish/ros2_ws/install/turtlebot3_teleop:/home/ashish/ros2_ws/install/turtlebot3_example:/opt/ros/humble:/home/ashish/ros2_ws/install/cartographer_ros_msgs:/home/ashish/ros2_ws/install/cartographer /usr/bin/cmake --install /home/ashish/ros2_ws/build/rplidar_ros
[0.283s] -- Install configuration: ""
[0.286s] -- Execute custom install script
[0.286s] -- Up-to-date symlink: /home/ashish/ros2_ws/install/rplidar_ros/lib/rplidar_ros/rplidar_composition
[0.287s] -- Up-to-date symlink: /home/ashish/ros2_ws/install/rplidar_ros/share/rplidar_ros/launch/rplidar.launch.py
[0.287s] -- Up-to-date symlink: /home/ashish/ros2_ws/install/rplidar_ros/share/rplidar_ros/launch/rplidar_a3.launch.py
[0.287s] -- Up-to-date symlink: /home/ashish/ros2_ws/install/rplidar_ros/share/rplidar_ros/launch/rplidar_s1.launch.py
[0.287s] -- Up-to-date symlink: /home/ashish/ros2_ws/install/rplidar_ros/share/rplidar_ros/launch/rplidar_s1_tcp.launch.py
[0.296s] -- Up-to-date symlink: /home/ashish/ros2_ws/install/rplidar_ros/share/rplidar_ros/launch/test_rplidar_a3.launch.py
[0.297s] -- Up-to-date symlink: /home/ashish/ros2_ws/install/rplidar_ros/share/rplidar_ros/launch/view_rplidar.launch.py
[0.304s] -- Up-to-date symlink: /home/ashish/ros2_ws/install/rplidar_ros/share/rplidar_ros/launch/view_rplidar_a3.launch.py
[0.304s] -- Up-to-date symlink: /home/ashish/ros2_ws/install/rplidar_ros/share/rplidar_ros/launch/view_rplidar_s1.launch.py
[0.304s] -- Up-to-date symlink: /home/ashish/ros2_ws/install/rplidar_ros/share/rplidar_ros/launch/view_rplidar_s1_tcp.launch.py
[0.304s] -- Up-to-date symlink: /home/ashish/ros2_ws/install/rplidar_ros/share/rplidar_ros/rviz/rplidar.rviz
[0.304s] -- Up-to-date symlink: /home/ashish/ros2_ws/install/rplidar_ros/lib/librplidar_composition_node.so
[0.304s] -- Up-to-date symlink: /home/ashish/ros2_ws/install/rplidar_ros/include/rplidar_node.hpp
[0.305s] -- Up-to-date symlink: /home/ashish/ros2_ws/install/rplidar_ros/include/visibility.h
[0.305s] -- Up-to-date symlink: /home/ashish/ros2_ws/install/rplidar_ros/lib/rplidar_ros/rplidar_composition
[0.305s] -- Up-to-date symlink: /home/ashish/ros2_ws/install/rplidar_ros/share/ament_index/resource_index/package_run_dependencies/rplidar_ros
[0.305s] -- Up-to-date symlink: /home/ashish/ros2_ws/install/rplidar_ros/share/ament_index/resource_index/parent_prefix_path/rplidar_ros
[0.305s] -- Up-to-date symlink: /home/ashish/ros2_ws/install/rplidar_ros/share/rplidar_ros/environment/ament_prefix_path.sh
[0.306s] -- Up-to-date symlink: /home/ashish/ros2_ws/install/rplidar_ros/share/rplidar_ros/environment/ament_prefix_path.dsv
[0.306s] -- Up-to-date symlink: /home/ashish/ros2_ws/install/rplidar_ros/share/rplidar_ros/environment/path.sh
[0.306s] -- Up-to-date symlink: /home/ashish/ros2_ws/install/rplidar_ros/share/rplidar_ros/environment/path.dsv
[0.306s] -- Up-to-date symlink: /home/ashish/ros2_ws/install/rplidar_ros/share/rplidar_ros/local_setup.bash
[0.306s] -- Up-to-date symlink: /home/ashish/ros2_ws/install/rplidar_ros/share/rplidar_ros/local_setup.sh
[0.306s] -- Up-to-date symlink: /home/ashish/ros2_ws/install/rplidar_ros/share/rplidar_ros/local_setup.zsh
[0.318s] -- Up-to-date symlink: /home/ashish/ros2_ws/install/rplidar_ros/share/rplidar_ros/local_setup.dsv
[0.318s] -- Symlinking: /home/ashish/ros2_ws/install/rplidar_ros/share/rplidar_ros/package.dsv
[0.344s] -- Up-to-date symlink: /home/ashish/ros2_ws/install/rplidar_ros/share/ament_index/resource_index/packages/rplidar_ros
[0.344s] -- Up-to-date symlink: /home/ashish/ros2_ws/install/rplidar_ros/share/ament_index/resource_index/rclcpp_components/rplidar_ros
[0.344s] -- Up-to-date symlink: /home/ashish/ros2_ws/install/rplidar_ros/share/rplidar_ros/cmake/ament_cmake_export_dependencies-extras.cmake
[0.345s] -- Up-to-date symlink: /home/ashish/ros2_ws/install/rplidar_ros/share/rplidar_ros/cmake/ament_cmake_export_include_directories-extras.cmake
[0.345s] -- Up-to-date symlink: /home/ashish/ros2_ws/install/rplidar_ros/share/rplidar_ros/cmake/rplidar_rosConfig.cmake
[0.346s] -- Up-to-date symlink: /home/ashish/ros2_ws/install/rplidar_ros/share/rplidar_ros/cmake/rplidar_rosConfig-version.cmake
[0.346s] -- Up-to-date symlink: /home/ashish/ros2_ws/install/rplidar_ros/share/rplidar_ros/package.xml
[0.354s] Invoked command in '/home/ashish/ros2_ws/build/rplidar_ros' returned '0': CMAKE_PREFIX_PATH=/home/ashish/ros2_ws/install/nav2_custom_launch:/home/ashish/ros2_ws/install/turtlebot3:/home/ashish/ros2_ws/install/turtlebot3_simulations:/home/ashish/ros2_ws/install/turtlebot3_bringup:/home/ashish/ros2_ws/install/turtlebot3_node:/home/ashish/ros2_ws/install/turtlebot3_navigation2:/home/ashish/ros2_ws/install/turtlebot3_gazebo:/home/ashish/ros2_ws/install/turtlebot3_fake_node:/home/ashish/ros2_ws/install/turtlebot3_description:/home/ashish/ros2_ws/install/turtlebot3_cartographer:/home/ashish/ros2_ws/install/rplidar_ros:/home/ashish/ros2_ws/install/rf2o_laser_odometry:/home/ashish/ros2_ws/install/cartographer_rviz:/home/ashish/ros2_ws/install/cartographer_ros:/home/ashish/ros2_ws/install/turtlebot3_teleop:/home/ashish/ros2_ws/install/turtlebot3_example:/opt/ros/humble:/home/ashish/ros2_ws/install/cartographer_ros_msgs:/home/ashish/ros2_ws/install/cartographer /usr/bin/cmake --install /home/ashish/ros2_ws/build/rplidar_ros
