[0.314s] Invoking command in '/home/ashish/ros2_ws/build/turtlebot3_node': CMAKE_PREFIX_PATH=/home/ashish/ros2_ws/install/turtlebot3:/home/ashish/ros2_ws/install/turtlebot3_simulations:/home/ashish/ros2_ws/install/turtlebot3_bringup:/home/ashish/ros2_ws/install/turtlebot3_node:/home/ashish/ros2_ws/install/turtlebot3_navigation2:/home/ashish/ros2_ws/install/turtlebot3_gazebo:/home/ashish/ros2_ws/install/turtlebot3_fake_node:/home/ashish/ros2_ws/install/turtlebot3_description:/home/ashish/ros2_ws/install/turtlebot3_cartographer:/home/ashish/ros2_ws/install/rplidar_ros:/home/ashish/ros2_ws/install/rf2o_laser_odometry:/home/ashish/ros2_ws/install/nav2_custom_launch:/home/ashish/ros2_ws/install/my_robot_description:/home/ashish/ros2_ws/install/cartographer_rviz:/home/ashish/ros2_ws/install/cartographer_ros:/home/ashish/ros2_ws/install/turtlebot3_teleop:/home/ashish/ros2_ws/install/turtlebot3_example:/opt/ros/humble:/home/ashish/ros2_ws/install/cartographer_ros_msgs:/home/ashish/ros2_ws/install/cartographer /usr/bin/cmake --build /home/ashish/ros2_ws/build/turtlebot3_node -- -j4 -l4
[2.100s] [ 85%] Built target turtlebot3_node_lib
[2.153s] [100%] Built target turtlebot3_ros
[2.807s] Invoked command in '/home/ashish/ros2_ws/build/turtlebot3_node' returned '0': CMAKE_PREFIX_PATH=/home/ashish/ros2_ws/install/turtlebot3:/home/ashish/ros2_ws/install/turtlebot3_simulations:/home/ashish/ros2_ws/install/turtlebot3_bringup:/home/ashish/ros2_ws/install/turtlebot3_node:/home/ashish/ros2_ws/install/turtlebot3_navigation2:/home/ashish/ros2_ws/install/turtlebot3_gazebo:/home/ashish/ros2_ws/install/turtlebot3_fake_node:/home/ashish/ros2_ws/install/turtlebot3_description:/home/ashish/ros2_ws/install/turtlebot3_cartographer:/home/ashish/ros2_ws/install/rplidar_ros:/home/ashish/ros2_ws/install/rf2o_laser_odometry:/home/ashish/ros2_ws/install/nav2_custom_launch:/home/ashish/ros2_ws/install/my_robot_description:/home/ashish/ros2_ws/install/cartographer_rviz:/home/ashish/ros2_ws/install/cartographer_ros:/home/ashish/ros2_ws/install/turtlebot3_teleop:/home/ashish/ros2_ws/install/turtlebot3_example:/opt/ros/humble:/home/ashish/ros2_ws/install/cartographer_ros_msgs:/home/ashish/ros2_ws/install/cartographer /usr/bin/cmake --build /home/ashish/ros2_ws/build/turtlebot3_node -- -j4 -l4
[2.815s] Invoking command in '/home/ashish/ros2_ws/build/turtlebot3_node': CMAKE_PREFIX_PATH=/home/ashish/ros2_ws/install/turtlebot3:/home/ashish/ros2_ws/install/turtlebot3_simulations:/home/ashish/ros2_ws/install/turtlebot3_bringup:/home/ashish/ros2_ws/install/turtlebot3_node:/home/ashish/ros2_ws/install/turtlebot3_navigation2:/home/ashish/ros2_ws/install/turtlebot3_gazebo:/home/ashish/ros2_ws/install/turtlebot3_fake_node:/home/ashish/ros2_ws/install/turtlebot3_description:/home/ashish/ros2_ws/install/turtlebot3_cartographer:/home/ashish/ros2_ws/install/rplidar_ros:/home/ashish/ros2_ws/install/rf2o_laser_odometry:/home/ashish/ros2_ws/install/nav2_custom_launch:/home/ashish/ros2_ws/install/my_robot_description:/home/ashish/ros2_ws/install/cartographer_rviz:/home/ashish/ros2_ws/install/cartographer_ros:/home/ashish/ros2_ws/install/turtlebot3_teleop:/home/ashish/ros2_ws/install/turtlebot3_example:/opt/ros/humble:/home/ashish/ros2_ws/install/cartographer_ros_msgs:/home/ashish/ros2_ws/install/cartographer /usr/bin/cmake --install /home/ashish/ros2_ws/build/turtlebot3_node
[2.917s] -- Install configuration: ""
[2.918s] -- Execute custom install script
[2.948s] -- Up-to-date symlink: /home/ashish/ros2_ws/install/turtlebot3_node/share/turtlebot3_node/param/burger.yaml
[2.948s] -- Up-to-date symlink: /home/ashish/ros2_ws/install/turtlebot3_node/share/turtlebot3_node/param/waffle.yaml
[2.950s] -- Up-to-date symlink: /home/ashish/ros2_ws/install/turtlebot3_node/share/turtlebot3_node/param/waffle_pi.yaml
[2.950s] -- Up-to-date symlink: /home/ashish/ros2_ws/install/turtlebot3_node/lib/turtlebot3_node/turtlebot3_ros
[2.950s] -- Up-to-date symlink: /home/ashish/ros2_ws/install/turtlebot3_node/share/ament_index/resource_index/package_run_dependencies/turtlebot3_node
[2.950s] -- Up-to-date symlink: /home/ashish/ros2_ws/install/turtlebot3_node/share/ament_index/resource_index/parent_prefix_path/turtlebot3_node
[2.957s] -- Up-to-date symlink: /home/ashish/ros2_ws/install/turtlebot3_node/share/turtlebot3_node/environment/ament_prefix_path.sh
[2.958s] -- Up-to-date symlink: /home/ashish/ros2_ws/install/turtlebot3_node/share/turtlebot3_node/environment/ament_prefix_path.dsv
[2.958s] -- Up-to-date symlink: /home/ashish/ros2_ws/install/turtlebot3_node/share/turtlebot3_node/environment/path.sh
[2.958s] -- Up-to-date symlink: /home/ashish/ros2_ws/install/turtlebot3_node/share/turtlebot3_node/environment/path.dsv
[2.958s] -- Up-to-date symlink: /home/ashish/ros2_ws/install/turtlebot3_node/share/turtlebot3_node/local_setup.bash
[2.958s] -- Up-to-date symlink: /home/ashish/ros2_ws/install/turtlebot3_node/share/turtlebot3_node/local_setup.sh
[2.958s] -- Up-to-date symlink: /home/ashish/ros2_ws/install/turtlebot3_node/share/turtlebot3_node/local_setup.zsh
[2.958s] -- Up-to-date symlink: /home/ashish/ros2_ws/install/turtlebot3_node/share/turtlebot3_node/local_setup.dsv
[2.958s] -- Symlinking: /home/ashish/ros2_ws/install/turtlebot3_node/share/turtlebot3_node/package.dsv
[3.069s] -- Up-to-date symlink: /home/ashish/ros2_ws/install/turtlebot3_node/share/ament_index/resource_index/packages/turtlebot3_node
[3.070s] -- Up-to-date symlink: /home/ashish/ros2_ws/install/turtlebot3_node/share/turtlebot3_node/cmake/ament_cmake_export_include_directories-extras.cmake
[3.071s] -- Up-to-date symlink: /home/ashish/ros2_ws/install/turtlebot3_node/share/turtlebot3_node/cmake/turtlebot3_nodeConfig.cmake
[3.074s] -- Up-to-date symlink: /home/ashish/ros2_ws/install/turtlebot3_node/share/turtlebot3_node/cmake/turtlebot3_nodeConfig-version.cmake
[3.077s] -- Up-to-date symlink: /home/ashish/ros2_ws/install/turtlebot3_node/share/turtlebot3_node/package.xml
[3.087s] Invoked command in '/home/ashish/ros2_ws/build/turtlebot3_node' returned '0': CMAKE_PREFIX_PATH=/home/ashish/ros2_ws/install/turtlebot3:/home/ashish/ros2_ws/install/turtlebot3_simulations:/home/ashish/ros2_ws/install/turtlebot3_bringup:/home/ashish/ros2_ws/install/turtlebot3_node:/home/ashish/ros2_ws/install/turtlebot3_navigation2:/home/ashish/ros2_ws/install/turtlebot3_gazebo:/home/ashish/ros2_ws/install/turtlebot3_fake_node:/home/ashish/ros2_ws/install/turtlebot3_description:/home/ashish/ros2_ws/install/turtlebot3_cartographer:/home/ashish/ros2_ws/install/rplidar_ros:/home/ashish/ros2_ws/install/rf2o_laser_odometry:/home/ashish/ros2_ws/install/nav2_custom_launch:/home/ashish/ros2_ws/install/my_robot_description:/home/ashish/ros2_ws/install/cartographer_rviz:/home/ashish/ros2_ws/install/cartographer_ros:/home/ashish/ros2_ws/install/turtlebot3_teleop:/home/ashish/ros2_ws/install/turtlebot3_example:/opt/ros/humble:/home/ashish/ros2_ws/install/cartographer_ros_msgs:/home/ashish/ros2_ws/install/cartographer /usr/bin/cmake --install /home/ashish/ros2_ws/build/turtlebot3_node
