[0.198s] Invoking command in '/home/ashish/ros2_ws/build/nav2_custom_launch': CMAKE_PREFIX_PATH=/home/ashish/ros2_ws/install/turtlebot3:/home/ashish/ros2_ws/install/turtlebot3_simulations:/home/ashish/ros2_ws/install/turtlebot3_bringup:/home/ashish/ros2_ws/install/turtlebot3_node:/home/ashish/ros2_ws/install/turtlebot3_navigation2:/home/ashish/ros2_ws/install/turtlebot3_gazebo:/home/ashish/ros2_ws/install/turtlebot3_fake_node:/home/ashish/ros2_ws/install/turtlebot3_description:/home/ashish/ros2_ws/install/turtlebot3_cartographer:/home/ashish/ros2_ws/install/rplidar_ros:/home/ashish/ros2_ws/install/rf2o_laser_odometry:/home/ashish/ros2_ws/install/nav2_custom_launch:/home/ashish/ros2_ws/install/my_robot_description:/home/ashish/ros2_ws/install/cartographer_rviz:/home/ashish/ros2_ws/install/cartographer_ros:/home/ashish/ros2_ws/install/turtlebot3_teleop:/home/ashish/ros2_ws/install/turtlebot3_example:/opt/ros/humble:/home/ashish/ros2_ws/install/cartographer_ros_msgs:/home/ashish/ros2_ws/install/cartographer /usr/bin/cmake --build /home/ashish/ros2_ws/build/nav2_custom_launch -- -j4 -l4
[1.420s] Invoked command in '/home/ashish/ros2_ws/build/nav2_custom_launch' returned '0': CMAKE_PREFIX_PATH=/home/ashish/ros2_ws/install/turtlebot3:/home/ashish/ros2_ws/install/turtlebot3_simulations:/home/ashish/ros2_ws/install/turtlebot3_bringup:/home/ashish/ros2_ws/install/turtlebot3_node:/home/ashish/ros2_ws/install/turtlebot3_navigation2:/home/ashish/ros2_ws/install/turtlebot3_gazebo:/home/ashish/ros2_ws/install/turtlebot3_fake_node:/home/ashish/ros2_ws/install/turtlebot3_description:/home/ashish/ros2_ws/install/turtlebot3_cartographer:/home/ashish/ros2_ws/install/rplidar_ros:/home/ashish/ros2_ws/install/rf2o_laser_odometry:/home/ashish/ros2_ws/install/nav2_custom_launch:/home/ashish/ros2_ws/install/my_robot_description:/home/ashish/ros2_ws/install/cartographer_rviz:/home/ashish/ros2_ws/install/cartographer_ros:/home/ashish/ros2_ws/install/turtlebot3_teleop:/home/ashish/ros2_ws/install/turtlebot3_example:/opt/ros/humble:/home/ashish/ros2_ws/install/cartographer_ros_msgs:/home/ashish/ros2_ws/install/cartographer /usr/bin/cmake --build /home/ashish/ros2_ws/build/nav2_custom_launch -- -j4 -l4
[1.504s] Invoking command in '/home/ashish/ros2_ws/build/nav2_custom_launch': CMAKE_PREFIX_PATH=/home/ashish/ros2_ws/install/turtlebot3:/home/ashish/ros2_ws/install/turtlebot3_simulations:/home/ashish/ros2_ws/install/turtlebot3_bringup:/home/ashish/ros2_ws/install/turtlebot3_node:/home/ashish/ros2_ws/install/turtlebot3_navigation2:/home/ashish/ros2_ws/install/turtlebot3_gazebo:/home/ashish/ros2_ws/install/turtlebot3_fake_node:/home/ashish/ros2_ws/install/turtlebot3_description:/home/ashish/ros2_ws/install/turtlebot3_cartographer:/home/ashish/ros2_ws/install/rplidar_ros:/home/ashish/ros2_ws/install/rf2o_laser_odometry:/home/ashish/ros2_ws/install/nav2_custom_launch:/home/ashish/ros2_ws/install/my_robot_description:/home/ashish/ros2_ws/install/cartographer_rviz:/home/ashish/ros2_ws/install/cartographer_ros:/home/ashish/ros2_ws/install/turtlebot3_teleop:/home/ashish/ros2_ws/install/turtlebot3_example:/opt/ros/humble:/home/ashish/ros2_ws/install/cartographer_ros_msgs:/home/ashish/ros2_ws/install/cartographer /usr/bin/cmake --install /home/ashish/ros2_ws/build/nav2_custom_launch
[1.529s] -- Install configuration: ""
[1.533s] -- Execute custom install script
[1.533s] -- Up-to-date symlink: /home/ashish/ros2_ws/install/nav2_custom_launch/share/ament_index/resource_index/package_run_dependencies/nav2_custom_launch
[1.534s] -- Up-to-date symlink: /home/ashish/ros2_ws/install/nav2_custom_launch/share/ament_index/resource_index/parent_prefix_path/nav2_custom_launch
[1.535s] -- Up-to-date symlink: /home/ashish/ros2_ws/install/nav2_custom_launch/share/nav2_custom_launch/environment/ament_prefix_path.sh
[1.535s] -- Up-to-date symlink: /home/ashish/ros2_ws/install/nav2_custom_launch/share/nav2_custom_launch/environment/ament_prefix_path.dsv
[1.536s] -- Up-to-date symlink: /home/ashish/ros2_ws/install/nav2_custom_launch/share/nav2_custom_launch/environment/path.sh
[1.536s] -- Up-to-date symlink: /home/ashish/ros2_ws/install/nav2_custom_launch/share/nav2_custom_launch/environment/path.dsv
[1.536s] -- Up-to-date symlink: /home/ashish/ros2_ws/install/nav2_custom_launch/share/nav2_custom_launch/local_setup.bash
[1.536s] -- Up-to-date symlink: /home/ashish/ros2_ws/install/nav2_custom_launch/share/nav2_custom_launch/local_setup.sh
[1.536s] -- Up-to-date symlink: /home/ashish/ros2_ws/install/nav2_custom_launch/share/nav2_custom_launch/local_setup.zsh
[1.537s] -- Up-to-date symlink: /home/ashish/ros2_ws/install/nav2_custom_launch/share/nav2_custom_launch/local_setup.dsv
[1.537s] -- Symlinking: /home/ashish/ros2_ws/install/nav2_custom_launch/share/nav2_custom_launch/package.dsv
[1.563s] -- Up-to-date symlink: /home/ashish/ros2_ws/install/nav2_custom_launch/share/ament_index/resource_index/packages/nav2_custom_launch
[1.564s] -- Up-to-date symlink: /home/ashish/ros2_ws/install/nav2_custom_launch/share/nav2_custom_launch/cmake/nav2_custom_launchConfig.cmake
[1.564s] -- Up-to-date symlink: /home/ashish/ros2_ws/install/nav2_custom_launch/share/nav2_custom_launch/cmake/nav2_custom_launchConfig-version.cmake
[1.564s] -- Up-to-date symlink: /home/ashish/ros2_ws/install/nav2_custom_launch/share/nav2_custom_launch/package.xml
[1.566s] -- Up-to-date symlink: /home/ashish/ros2_ws/install/nav2_custom_launch/share/nav2_custom_launch//launch/nav2_launch.py
[1.568s] -- Symlinking: /home/ashish/ros2_ws/install/nav2_custom_launch/share/nav2_custom_launch//launch/nav2_navigation_only.launch.py
[1.592s] Invoked command in '/home/ashish/ros2_ws/build/nav2_custom_launch' returned '0': CMAKE_PREFIX_PATH=/home/ashish/ros2_ws/install/turtlebot3:/home/ashish/ros2_ws/install/turtlebot3_simulations:/home/ashish/ros2_ws/install/turtlebot3_bringup:/home/ashish/ros2_ws/install/turtlebot3_node:/home/ashish/ros2_ws/install/turtlebot3_navigation2:/home/ashish/ros2_ws/install/turtlebot3_gazebo:/home/ashish/ros2_ws/install/turtlebot3_fake_node:/home/ashish/ros2_ws/install/turtlebot3_description:/home/ashish/ros2_ws/install/turtlebot3_cartographer:/home/ashish/ros2_ws/install/rplidar_ros:/home/ashish/ros2_ws/install/rf2o_laser_odometry:/home/ashish/ros2_ws/install/nav2_custom_launch:/home/ashish/ros2_ws/install/my_robot_description:/home/ashish/ros2_ws/install/cartographer_rviz:/home/ashish/ros2_ws/install/cartographer_ros:/home/ashish/ros2_ws/install/turtlebot3_teleop:/home/ashish/ros2_ws/install/turtlebot3_example:/opt/ros/humble:/home/ashish/ros2_ws/install/cartographer_ros_msgs:/home/ashish/ros2_ws/install/cartographer /usr/bin/cmake --install /home/ashish/ros2_ws/build/nav2_custom_launch
