[0.981s] DEBUG:colcon:Command line arguments: ['/usr/bin/colcon', 'build']
[0.981s] DEBUG:colcon:Parsed command line arguments: Namespace(log_base=None, log_level=None, verb_name='build', build_base='build', install_base='install', merge_install=False, symlink_install=False, test_result_base=None, continue_on_error=False, executor='parallel', parallel_workers=4, event_handlers=None, ignore_user_meta=False, metas=['./colcon.meta'], base_paths=['.'], packages_ignore=None, packages_ignore_regex=None, paths=None, packages_up_to=None, packages_up_to_regex=None, packages_above=None, packages_above_and_dependencies=None, packages_above_depth=None, packages_select_by_dep=None, packages_skip_by_dep=None, packages_skip_up_to=None, packages_select_build_failed=False, packages_skip_build_finished=False, packages_select_test_failures=False, packages_skip_test_passed=False, packages_select=None, packages_skip=None, packages_select_regex=None, packages_skip_regex=None, packages_start=None, packages_end=None, allow_overriding=[], cmake_args=None, cmake_target=None, cmake_target_skip_unavailable=False, cmake_clean_cache=False, cmake_clean_first=False, cmake_force_configure=False, ament_cmake_args=None, catkin_cmake_args=None, catkin_skip_building_tests=False, verb_parser=<colcon_defaults.argument_parser.defaults.DefaultArgumentsDecorator object at 0x70032b322440>, verb_extension=<colcon_core.verb.build.BuildVerb object at 0x70032b321f00>, main=<bound method BuildVerb.main of <colcon_core.verb.build.BuildVerb object at 0x70032b321f00>>)
[2.657s] Level 1:colcon.colcon_core.package_discovery:discover_packages(colcon_meta) check parameters
[2.662s] Level 1:colcon.colcon_core.package_discovery:discover_packages(recursive) check parameters
[2.663s] Level 1:colcon.colcon_core.package_discovery:discover_packages(ignore) check parameters
[2.663s] Level 1:colcon.colcon_core.package_discovery:discover_packages(path) check parameters
[2.663s] Level 1:colcon.colcon_core.package_discovery:discover_packages(colcon_meta) discover
[2.691s] Level 1:colcon.colcon_core.package_discovery:discover_packages(recursive) discover
[2.691s] INFO:colcon.colcon_core.package_discovery:Crawling recursively for packages in '/home/ashish/ros2_ws'
[2.708s] Level 1:colcon.colcon_core.package_identification:_identify(.) by extensions ['ignore', 'ignore_ament_install']
[2.709s] Level 1:colcon.colcon_core.package_identification:_identify(.) by extension 'ignore'
[2.709s] Level 1:colcon.colcon_core.package_identification:_identify(.) by extension 'ignore_ament_install'
[2.709s] Level 1:colcon.colcon_core.package_identification:_identify(.) by extensions ['colcon_pkg']
[2.709s] Level 1:colcon.colcon_core.package_identification:_identify(.) by extension 'colcon_pkg'
[2.709s] Level 1:colcon.colcon_core.package_identification:_identify(.) by extensions ['colcon_meta']
[2.710s] Level 1:colcon.colcon_core.package_identification:_identify(.) by extension 'colcon_meta'
[2.710s] Level 1:colcon.colcon_core.package_identification:_identify(.) by extensions ['ros']
[2.710s] Level 1:colcon.colcon_core.package_identification:_identify(.) by extension 'ros'
[2.762s] DEBUG:colcon.colcon_core.package_identification:Package '.' with type 'ros.catkin' and name 'slam_ready'
[2.763s] Level 1:colcon.colcon_core.package_discovery:discover_packages(recursive) using defaults
[2.763s] Level 1:colcon.colcon_core.package_discovery:discover_packages(ignore) discover
[2.763s] Level 1:colcon.colcon_core.package_discovery:discover_packages(ignore) using defaults
[2.763s] Level 1:colcon.colcon_core.package_discovery:discover_packages(path) discover
[2.763s] Level 1:colcon.colcon_core.package_discovery:discover_packages(path) using defaults
[2.853s] Level 1:colcon.colcon_core.package_discovery:discover_packages(prefix_path) check parameters
[2.853s] Level 1:colcon.colcon_core.package_discovery:discover_packages(prefix_path) discover
[2.872s] DEBUG:colcon.colcon_installed_package_information.package_discovery:Found 1 installed packages in /home/ashish/ros2_ws/install
[2.877s] DEBUG:colcon.colcon_installed_package_information.package_discovery:Found 316 installed packages in /opt/ros/humble
[2.897s] Level 1:colcon.colcon_core.package_discovery:discover_packages(prefix_path) using defaults
[3.070s] Level 5:colcon.colcon_core.verb:set package 'slam_ready' build argument 'cmake_args' from command line to 'None'
[3.070s] Level 5:colcon.colcon_core.verb:set package 'slam_ready' build argument 'cmake_target' from command line to 'None'
[3.070s] Level 5:colcon.colcon_core.verb:set package 'slam_ready' build argument 'cmake_target_skip_unavailable' from command line to 'False'
[3.070s] Level 5:colcon.colcon_core.verb:set package 'slam_ready' build argument 'cmake_clean_cache' from command line to 'False'
[3.070s] Level 5:colcon.colcon_core.verb:set package 'slam_ready' build argument 'cmake_clean_first' from command line to 'False'
[3.070s] Level 5:colcon.colcon_core.verb:set package 'slam_ready' build argument 'cmake_force_configure' from command line to 'False'
[3.070s] Level 5:colcon.colcon_core.verb:set package 'slam_ready' build argument 'ament_cmake_args' from command line to 'None'
[3.070s] Level 5:colcon.colcon_core.verb:set package 'slam_ready' build argument 'catkin_cmake_args' from command line to 'None'
[3.070s] Level 5:colcon.colcon_core.verb:set package 'slam_ready' build argument 'catkin_skip_building_tests' from command line to 'False'
[3.070s] DEBUG:colcon.colcon_core.verb:Building package 'slam_ready' with the following arguments: {'ament_cmake_args': None, 'build_base': '/home/ashish/ros2_ws/build/slam_ready', 'catkin_cmake_args': None, 'catkin_skip_building_tests': False, 'cmake_args': None, 'cmake_clean_cache': False, 'cmake_clean_first': False, 'cmake_force_configure': False, 'cmake_target': None, 'cmake_target_skip_unavailable': False, 'install_base': '/home/ashish/ros2_ws/install/slam_ready', 'merge_install': False, 'path': '/home/ashish/ros2_ws', 'symlink_install': False, 'test_result_base': None}
[3.070s] INFO:colcon.colcon_core.executor:Executing jobs using 'parallel' executor
[3.075s] DEBUG:colcon.colcon_parallel_executor.executor.parallel:run_until_complete
[3.076s] INFO:colcon.colcon_ros.task.catkin.build:Building ROS package in '/home/ashish/ros2_ws' with build type 'catkin'
[3.076s] INFO:colcon.colcon_cmake.task.cmake.build:Building CMake package in '/home/ashish/ros2_ws'
[3.156s] INFO:colcon.colcon_core.plugin_system:Skipping extension 'colcon_core.shell.bat': Not used on non-Windows systems
[3.156s] INFO:colcon.colcon_core.shell:Skip shell extension 'powershell' for command environment: Not usable outside of PowerShell
[3.156s] DEBUG:colcon.colcon_core.shell:Skip shell extension 'dsv' for command environment
[3.695s] DEBUG:colcon.colcon_core.event_handler.log_command:Invoking command in '/home/ashish/ros2_ws/build/slam_ready': /usr/bin/cmake /home/ashish/ros2_ws -DCATKIN_INSTALL_INTO_PREFIX_ROOT=0 -DCMAKE_INSTALL_PREFIX=/home/ashish/ros2_ws/install/slam_ready
[6.192s] Level 1:colcon.colcon_core.environment:create_environment_scripts_only(slam_ready)
[6.195s] DEBUG:colcon.colcon_core.event_handler.log_command:Invoked command in '/home/ashish/ros2_ws/build/slam_ready' returned '1': /usr/bin/cmake /home/ashish/ros2_ws -DCATKIN_INSTALL_INTO_PREFIX_ROOT=0 -DCMAKE_INSTALL_PREFIX=/home/ashish/ros2_ws/install/slam_ready
[6.861s] Level 1:colcon.colcon_core.environment:checking '/home/ashish/ros2_ws/install/slam_ready' for CMake module files
[6.864s] Level 1:colcon.colcon_core.environment:checking '/home/ashish/ros2_ws/install/slam_ready' for CMake config files
[6.866s] Level 1:colcon.colcon_core.environment:checking '/home/ashish/ros2_ws/install/slam_ready/bin'
[6.866s] Level 1:colcon.colcon_core.environment:checking '/home/ashish/ros2_ws/install/slam_ready/lib/pkgconfig/slam_ready.pc'
[6.869s] Level 1:colcon.colcon_core.environment:checking '/home/ashish/ros2_ws/install/slam_ready/lib/python3.10/site-packages'
[6.871s] Level 1:colcon.colcon_core.environment:checking '/home/ashish/ros2_ws/install/slam_ready/bin'
[6.872s] INFO:colcon.colcon_core.shell:Creating package script '/home/ashish/ros2_ws/install/slam_ready/share/slam_ready/package.ps1'
[7.005s] INFO:colcon.colcon_core.shell:Creating package descriptor '/home/ashish/ros2_ws/install/slam_ready/share/slam_ready/package.dsv'
[7.016s] INFO:colcon.colcon_core.shell:Creating package script '/home/ashish/ros2_ws/install/slam_ready/share/slam_ready/package.sh'
[7.154s] INFO:colcon.colcon_core.shell:Creating package script '/home/ashish/ros2_ws/install/slam_ready/share/slam_ready/package.bash'
[7.320s] INFO:colcon.colcon_core.shell:Creating package script '/home/ashish/ros2_ws/install/slam_ready/share/slam_ready/package.zsh'
[7.351s] Level 1:colcon.colcon_core.environment:create_file_with_runtime_dependencies(/home/ashish/ros2_ws/install/slam_ready/share/colcon-core/packages/slam_ready)
[7.499s] DEBUG:colcon.colcon_parallel_executor.executor.parallel:closing loop
[7.502s] DEBUG:colcon.colcon_parallel_executor.executor.parallel:loop closed
[7.503s] DEBUG:colcon.colcon_parallel_executor.executor.parallel:run_until_complete finished with '1'
[7.503s] DEBUG:colcon.colcon_core.event_reactor:joining thread
[7.815s] INFO:colcon.colcon_core.plugin_system:Skipping extension 'colcon_notification.desktop_notification.terminal_notifier': Not used on non-Darwin systems
[7.816s] INFO:colcon.colcon_core.plugin_system:Skipping extension 'colcon_notification.desktop_notification.win32': Not used on non-Windows systems
[7.816s] INFO:colcon.colcon_notification.desktop_notification:Sending desktop notification using 'notify2'
[7.908s] DEBUG:colcon.colcon_core.event_reactor:joined thread
[7.909s] INFO:colcon.colcon_core.shell:Creating prefix script '/home/ashish/ros2_ws/install/local_setup.ps1'
[7.915s] INFO:colcon.colcon_core.shell:Creating prefix util module '/home/ashish/ros2_ws/install/_local_setup_util_ps1.py'
[7.941s] INFO:colcon.colcon_core.shell:Creating prefix chain script '/home/ashish/ros2_ws/install/setup.ps1'
[7.953s] INFO:colcon.colcon_core.shell:Creating prefix script '/home/ashish/ros2_ws/install/local_setup.sh'
[7.962s] INFO:colcon.colcon_core.shell:Creating prefix util module '/home/ashish/ros2_ws/install/_local_setup_util_sh.py'
[7.983s] INFO:colcon.colcon_core.shell:Creating prefix chain script '/home/ashish/ros2_ws/install/setup.sh'
[7.994s] INFO:colcon.colcon_core.shell:Creating prefix script '/home/ashish/ros2_ws/install/local_setup.bash'
[8.010s] INFO:colcon.colcon_core.shell:Creating prefix chain script '/home/ashish/ros2_ws/install/setup.bash'
[8.026s] INFO:colcon.colcon_core.shell:Creating prefix script '/home/ashish/ros2_ws/install/local_setup.zsh'
[8.039s] INFO:colcon.colcon_core.shell:Creating prefix chain script '/home/ashish/ros2_ws/install/setup.zsh'
