[0.416s] Invoking command in '/home/ashish/ros2_ws/build/rf2o_laser_odometry': CMAKE_PREFIX_PATH=/home/ashish/ros2_ws/install/turtlebot3:/home/ashish/ros2_ws/install/turtlebot3_simulations:/home/ashish/ros2_ws/install/turtlebot3_bringup:/home/ashish/ros2_ws/install/turtlebot3_node:/home/ashish/ros2_ws/install/turtlebot3_navigation2:/home/ashish/ros2_ws/install/turtlebot3_gazebo:/home/ashish/ros2_ws/install/turtlebot3_fake_node:/home/ashish/ros2_ws/install/turtlebot3_description:/home/ashish/ros2_ws/install/turtlebot3_cartographer:/home/ashish/ros2_ws/install/rplidar_ros:/home/ashish/ros2_ws/install/rf2o_laser_odometry:/home/ashish/ros2_ws/install/nav2_custom_launch:/home/ashish/ros2_ws/install/my_robot_description:/home/ashish/ros2_ws/install/cartographer_rviz:/home/ashish/ros2_ws/install/cartographer_ros:/home/ashish/ros2_ws/install/turtlebot3_teleop:/home/ashish/ros2_ws/install/turtlebot3_example:/opt/ros/humble:/home/ashish/ros2_ws/install/cartographer_ros_msgs:/home/ashish/ros2_ws/install/cartographer /usr/bin/cmake --build /home/ashish/ros2_ws/build/rf2o_laser_odometry -- -j4 -l4
[1.105s] [ 60%] Built target rf2o_laser_odometry_node
[1.110s] [100%] Built target rf2o_laser_odometry
[1.168s] Invoked command in '/home/ashish/ros2_ws/build/rf2o_laser_odometry' returned '0': CMAKE_PREFIX_PATH=/home/ashish/ros2_ws/install/turtlebot3:/home/ashish/ros2_ws/install/turtlebot3_simulations:/home/ashish/ros2_ws/install/turtlebot3_bringup:/home/ashish/ros2_ws/install/turtlebot3_node:/home/ashish/ros2_ws/install/turtlebot3_navigation2:/home/ashish/ros2_ws/install/turtlebot3_gazebo:/home/ashish/ros2_ws/install/turtlebot3_fake_node:/home/ashish/ros2_ws/install/turtlebot3_description:/home/ashish/ros2_ws/install/turtlebot3_cartographer:/home/ashish/ros2_ws/install/rplidar_ros:/home/ashish/ros2_ws/install/rf2o_laser_odometry:/home/ashish/ros2_ws/install/nav2_custom_launch:/home/ashish/ros2_ws/install/my_robot_description:/home/ashish/ros2_ws/install/cartographer_rviz:/home/ashish/ros2_ws/install/cartographer_ros:/home/ashish/ros2_ws/install/turtlebot3_teleop:/home/ashish/ros2_ws/install/turtlebot3_example:/opt/ros/humble:/home/ashish/ros2_ws/install/cartographer_ros_msgs:/home/ashish/ros2_ws/install/cartographer /usr/bin/cmake --build /home/ashish/ros2_ws/build/rf2o_laser_odometry -- -j4 -l4
[1.193s] Invoking command in '/home/ashish/ros2_ws/build/rf2o_laser_odometry': CMAKE_PREFIX_PATH=/home/ashish/ros2_ws/install/turtlebot3:/home/ashish/ros2_ws/install/turtlebot3_simulations:/home/ashish/ros2_ws/install/turtlebot3_bringup:/home/ashish/ros2_ws/install/turtlebot3_node:/home/ashish/ros2_ws/install/turtlebot3_navigation2:/home/ashish/ros2_ws/install/turtlebot3_gazebo:/home/ashish/ros2_ws/install/turtlebot3_fake_node:/home/ashish/ros2_ws/install/turtlebot3_description:/home/ashish/ros2_ws/install/turtlebot3_cartographer:/home/ashish/ros2_ws/install/rplidar_ros:/home/ashish/ros2_ws/install/rf2o_laser_odometry:/home/ashish/ros2_ws/install/nav2_custom_launch:/home/ashish/ros2_ws/install/my_robot_description:/home/ashish/ros2_ws/install/cartographer_rviz:/home/ashish/ros2_ws/install/cartographer_ros:/home/ashish/ros2_ws/install/turtlebot3_teleop:/home/ashish/ros2_ws/install/turtlebot3_example:/opt/ros/humble:/home/ashish/ros2_ws/install/cartographer_ros_msgs:/home/ashish/ros2_ws/install/cartographer /usr/bin/cmake --install /home/ashish/ros2_ws/build/rf2o_laser_odometry
[1.265s] -- Install configuration: ""
[1.268s] -- Execute custom install script
[1.287s] -- Up-to-date symlink: /home/ashish/ros2_ws/install/rf2o_laser_odometry/lib/rf2o_laser_odometry/rf2o_laser_odometry_node
[1.325s] -- Up-to-date symlink: /home/ashish/ros2_ws/install/rf2o_laser_odometry/share/rf2o_laser_odometry/launch/rf2o_laser_odometry.launch.py
[1.325s] -- Up-to-date symlink: /home/ashish/ros2_ws/install/rf2o_laser_odometry/share/ament_index/resource_index/package_run_dependencies/rf2o_laser_odometry
[1.326s] -- Up-to-date symlink: /home/ashish/ros2_ws/install/rf2o_laser_odometry/share/ament_index/resource_index/parent_prefix_path/rf2o_laser_odometry
[1.326s] -- Up-to-date symlink: /home/ashish/ros2_ws/install/rf2o_laser_odometry/share/rf2o_laser_odometry/environment/ament_prefix_path.sh
[1.326s] -- Up-to-date symlink: /home/ashish/ros2_ws/install/rf2o_laser_odometry/share/rf2o_laser_odometry/environment/ament_prefix_path.dsv
[1.326s] -- Up-to-date symlink: /home/ashish/ros2_ws/install/rf2o_laser_odometry/share/rf2o_laser_odometry/environment/path.sh
[1.326s] -- Up-to-date symlink: /home/ashish/ros2_ws/install/rf2o_laser_odometry/share/rf2o_laser_odometry/environment/path.dsv
[1.326s] -- Up-to-date symlink: /home/ashish/ros2_ws/install/rf2o_laser_odometry/share/rf2o_laser_odometry/local_setup.bash
[1.326s] -- Up-to-date symlink: /home/ashish/ros2_ws/install/rf2o_laser_odometry/share/rf2o_laser_odometry/local_setup.sh
[1.326s] -- Up-to-date symlink: /home/ashish/ros2_ws/install/rf2o_laser_odometry/share/rf2o_laser_odometry/local_setup.zsh
[1.326s] -- Up-to-date symlink: /home/ashish/ros2_ws/install/rf2o_laser_odometry/share/rf2o_laser_odometry/local_setup.dsv
[1.331s] -- Symlinking: /home/ashish/ros2_ws/install/rf2o_laser_odometry/share/rf2o_laser_odometry/package.dsv
[1.422s] -- Up-to-date symlink: /home/ashish/ros2_ws/install/rf2o_laser_odometry/share/ament_index/resource_index/packages/rf2o_laser_odometry
[1.422s] -- Up-to-date symlink: /home/ashish/ros2_ws/install/rf2o_laser_odometry/share/rf2o_laser_odometry/cmake/rf2o_laser_odometryConfig.cmake
[1.422s] -- Up-to-date symlink: /home/ashish/ros2_ws/install/rf2o_laser_odometry/share/rf2o_laser_odometry/cmake/rf2o_laser_odometryConfig-version.cmake
[1.423s] -- Up-to-date symlink: /home/ashish/ros2_ws/install/rf2o_laser_odometry/share/rf2o_laser_odometry/package.xml
[1.525s] Invoked command in '/home/ashish/ros2_ws/build/rf2o_laser_odometry' returned '0': CMAKE_PREFIX_PATH=/home/ashish/ros2_ws/install/turtlebot3:/home/ashish/ros2_ws/install/turtlebot3_simulations:/home/ashish/ros2_ws/install/turtlebot3_bringup:/home/ashish/ros2_ws/install/turtlebot3_node:/home/ashish/ros2_ws/install/turtlebot3_navigation2:/home/ashish/ros2_ws/install/turtlebot3_gazebo:/home/ashish/ros2_ws/install/turtlebot3_fake_node:/home/ashish/ros2_ws/install/turtlebot3_description:/home/ashish/ros2_ws/install/turtlebot3_cartographer:/home/ashish/ros2_ws/install/rplidar_ros:/home/ashish/ros2_ws/install/rf2o_laser_odometry:/home/ashish/ros2_ws/install/nav2_custom_launch:/home/ashish/ros2_ws/install/my_robot_description:/home/ashish/ros2_ws/install/cartographer_rviz:/home/ashish/ros2_ws/install/cartographer_ros:/home/ashish/ros2_ws/install/turtlebot3_teleop:/home/ashish/ros2_ws/install/turtlebot3_example:/opt/ros/humble:/home/ashish/ros2_ws/install/cartographer_ros_msgs:/home/ashish/ros2_ws/install/cartographer /usr/bin/cmake --install /home/ashish/ros2_ws/build/rf2o_laser_odometry
