[0.268s] Invoking command in '/home/ashish/ros2_ws/build/turtlebot3_description': CMAKE_PREFIX_PATH=/home/ashish/ros2_ws/install/turtlebot3:/home/ashish/ros2_ws/install/turtlebot3_simulations:/home/ashish/ros2_ws/install/turtlebot3_bringup:/home/ashish/ros2_ws/install/turtlebot3_node:/home/ashish/ros2_ws/install/turtlebot3_navigation2:/home/ashish/ros2_ws/install/turtlebot3_gazebo:/home/ashish/ros2_ws/install/turtlebot3_fake_node:/home/ashish/ros2_ws/install/turtlebot3_description:/home/ashish/ros2_ws/install/turtlebot3_cartographer:/home/ashish/ros2_ws/install/rplidar_ros:/home/ashish/ros2_ws/install/rf2o_laser_odometry:/home/ashish/ros2_ws/install/nav2_custom_launch:/home/ashish/ros2_ws/install/my_robot_description:/home/ashish/ros2_ws/install/cartographer_rviz:/home/ashish/ros2_ws/install/cartographer_ros:/home/ashish/ros2_ws/install/turtlebot3_teleop:/home/ashish/ros2_ws/install/turtlebot3_example:/opt/ros/humble:/home/ashish/ros2_ws/install/cartographer_ros_msgs:/home/ashish/ros2_ws/install/cartographer /usr/bin/cmake --build /home/ashish/ros2_ws/build/turtlebot3_description -- -j4 -l4
[1.479s] Invoked command in '/home/ashish/ros2_ws/build/turtlebot3_description' returned '0': CMAKE_PREFIX_PATH=/home/ashish/ros2_ws/install/turtlebot3:/home/ashish/ros2_ws/install/turtlebot3_simulations:/home/ashish/ros2_ws/install/turtlebot3_bringup:/home/ashish/ros2_ws/install/turtlebot3_node:/home/ashish/ros2_ws/install/turtlebot3_navigation2:/home/ashish/ros2_ws/install/turtlebot3_gazebo:/home/ashish/ros2_ws/install/turtlebot3_fake_node:/home/ashish/ros2_ws/install/turtlebot3_description:/home/ashish/ros2_ws/install/turtlebot3_cartographer:/home/ashish/ros2_ws/install/rplidar_ros:/home/ashish/ros2_ws/install/rf2o_laser_odometry:/home/ashish/ros2_ws/install/nav2_custom_launch:/home/ashish/ros2_ws/install/my_robot_description:/home/ashish/ros2_ws/install/cartographer_rviz:/home/ashish/ros2_ws/install/cartographer_ros:/home/ashish/ros2_ws/install/turtlebot3_teleop:/home/ashish/ros2_ws/install/turtlebot3_example:/opt/ros/humble:/home/ashish/ros2_ws/install/cartographer_ros_msgs:/home/ashish/ros2_ws/install/cartographer /usr/bin/cmake --build /home/ashish/ros2_ws/build/turtlebot3_description -- -j4 -l4
[1.682s] Invoking command in '/home/ashish/ros2_ws/build/turtlebot3_description': CMAKE_PREFIX_PATH=/home/ashish/ros2_ws/install/turtlebot3:/home/ashish/ros2_ws/install/turtlebot3_simulations:/home/ashish/ros2_ws/install/turtlebot3_bringup:/home/ashish/ros2_ws/install/turtlebot3_node:/home/ashish/ros2_ws/install/turtlebot3_navigation2:/home/ashish/ros2_ws/install/turtlebot3_gazebo:/home/ashish/ros2_ws/install/turtlebot3_fake_node:/home/ashish/ros2_ws/install/turtlebot3_description:/home/ashish/ros2_ws/install/turtlebot3_cartographer:/home/ashish/ros2_ws/install/rplidar_ros:/home/ashish/ros2_ws/install/rf2o_laser_odometry:/home/ashish/ros2_ws/install/nav2_custom_launch:/home/ashish/ros2_ws/install/my_robot_description:/home/ashish/ros2_ws/install/cartographer_rviz:/home/ashish/ros2_ws/install/cartographer_ros:/home/ashish/ros2_ws/install/turtlebot3_teleop:/home/ashish/ros2_ws/install/turtlebot3_example:/opt/ros/humble:/home/ashish/ros2_ws/install/cartographer_ros_msgs:/home/ashish/ros2_ws/install/cartographer /usr/bin/cmake --install /home/ashish/ros2_ws/build/turtlebot3_description
[1.750s] -- Install configuration: ""
[1.754s] -- Execute custom install script
[1.766s] -- Up-to-date symlink: /home/ashish/ros2_ws/install/turtlebot3_description/share/turtlebot3_description/meshes/bases/burger_base.stl
[1.767s] -- Up-to-date symlink: /home/ashish/ros2_ws/install/turtlebot3_description/share/turtlebot3_description/meshes/bases/waffle_base.stl
[1.770s] -- Up-to-date symlink: /home/ashish/ros2_ws/install/turtlebot3_description/share/turtlebot3_description/meshes/bases/waffle_pi_base.stl
[1.857s] -- Up-to-date symlink: /home/ashish/ros2_ws/install/turtlebot3_description/share/turtlebot3_description/meshes/sensors/astra.dae
[1.857s] -- Up-to-date symlink: /home/ashish/ros2_ws/install/turtlebot3_description/share/turtlebot3_description/meshes/sensors/astra.jpg
[1.857s] -- Up-to-date symlink: /home/ashish/ros2_ws/install/turtlebot3_description/share/turtlebot3_description/meshes/sensors/lds.stl
[1.983s] -- Up-to-date symlink: /home/ashish/ros2_ws/install/turtlebot3_description/share/turtlebot3_description/meshes/sensors/r200.dae
[2.075s] -- Up-to-date symlink: /home/ashish/ros2_ws/install/turtlebot3_description/share/turtlebot3_description/meshes/sensors/r200.jpg
[2.076s] -- Up-to-date symlink: /home/ashish/ros2_ws/install/turtlebot3_description/share/turtlebot3_description/meshes/wheels/left_tire.stl
[2.087s] -- Up-to-date symlink: /home/ashish/ros2_ws/install/turtlebot3_description/share/turtlebot3_description/meshes/wheels/right_tire.stl
[2.193s] -- Up-to-date symlink: /home/ashish/ros2_ws/install/turtlebot3_description/share/turtlebot3_description/rviz/model.rviz
[2.210s] -- Up-to-date symlink: /home/ashish/ros2_ws/install/turtlebot3_description/share/turtlebot3_description/urdf/common_properties.urdf
[2.210s] -- Up-to-date symlink: /home/ashish/ros2_ws/install/turtlebot3_description/share/turtlebot3_description/urdf/turtlebot3_burger.urdf
[2.210s] -- Up-to-date symlink: /home/ashish/ros2_ws/install/turtlebot3_description/share/turtlebot3_description/urdf/turtlebot3_waffle.urdf
[2.213s] -- Up-to-date symlink: /home/ashish/ros2_ws/install/turtlebot3_description/share/turtlebot3_description/urdf/turtlebot3_waffle_pi.urdf
[2.213s] -- Up-to-date symlink: /home/ashish/ros2_ws/install/turtlebot3_description/share/ament_index/resource_index/package_run_dependencies/turtlebot3_description
[2.224s] -- Up-to-date symlink: /home/ashish/ros2_ws/install/turtlebot3_description/share/ament_index/resource_index/parent_prefix_path/turtlebot3_description
[2.299s] -- Up-to-date symlink: /home/ashish/ros2_ws/install/turtlebot3_description/share/turtlebot3_description/environment/ament_prefix_path.sh
[2.309s] -- Up-to-date symlink: /home/ashish/ros2_ws/install/turtlebot3_description/share/turtlebot3_description/environment/ament_prefix_path.dsv
[2.310s] -- Up-to-date symlink: /home/ashish/ros2_ws/install/turtlebot3_description/share/turtlebot3_description/environment/path.sh
[2.311s] -- Up-to-date symlink: /home/ashish/ros2_ws/install/turtlebot3_description/share/turtlebot3_description/environment/path.dsv
[2.311s] -- Up-to-date symlink: /home/ashish/ros2_ws/install/turtlebot3_description/share/turtlebot3_description/local_setup.bash
[2.311s] -- Up-to-date symlink: /home/ashish/ros2_ws/install/turtlebot3_description/share/turtlebot3_description/local_setup.sh
[2.311s] -- Up-to-date symlink: /home/ashish/ros2_ws/install/turtlebot3_description/share/turtlebot3_description/local_setup.zsh
[2.401s] -- Up-to-date symlink: /home/ashish/ros2_ws/install/turtlebot3_description/share/turtlebot3_description/local_setup.dsv
[2.402s] -- Symlinking: /home/ashish/ros2_ws/install/turtlebot3_description/share/turtlebot3_description/package.dsv
[2.535s] -- Up-to-date symlink: /home/ashish/ros2_ws/install/turtlebot3_description/share/ament_index/resource_index/packages/turtlebot3_description
[2.555s] -- Up-to-date symlink: /home/ashish/ros2_ws/install/turtlebot3_description/share/turtlebot3_description/cmake/turtlebot3_descriptionConfig.cmake
[2.556s] -- Up-to-date symlink: /home/ashish/ros2_ws/install/turtlebot3_description/share/turtlebot3_description/cmake/turtlebot3_descriptionConfig-version.cmake
[2.556s] -- Up-to-date symlink: /home/ashish/ros2_ws/install/turtlebot3_description/share/turtlebot3_description/package.xml
[2.612s] Invoked command in '/home/ashish/ros2_ws/build/turtlebot3_description' returned '0': CMAKE_PREFIX_PATH=/home/ashish/ros2_ws/install/turtlebot3:/home/ashish/ros2_ws/install/turtlebot3_simulations:/home/ashish/ros2_ws/install/turtlebot3_bringup:/home/ashish/ros2_ws/install/turtlebot3_node:/home/ashish/ros2_ws/install/turtlebot3_navigation2:/home/ashish/ros2_ws/install/turtlebot3_gazebo:/home/ashish/ros2_ws/install/turtlebot3_fake_node:/home/ashish/ros2_ws/install/turtlebot3_description:/home/ashish/ros2_ws/install/turtlebot3_cartographer:/home/ashish/ros2_ws/install/rplidar_ros:/home/ashish/ros2_ws/install/rf2o_laser_odometry:/home/ashish/ros2_ws/install/nav2_custom_launch:/home/ashish/ros2_ws/install/my_robot_description:/home/ashish/ros2_ws/install/cartographer_rviz:/home/ashish/ros2_ws/install/cartographer_ros:/home/ashish/ros2_ws/install/turtlebot3_teleop:/home/ashish/ros2_ws/install/turtlebot3_example:/opt/ros/humble:/home/ashish/ros2_ws/install/cartographer_ros_msgs:/home/ashish/ros2_ws/install/cartographer /usr/bin/cmake --install /home/ashish/ros2_ws/build/turtlebot3_description
