[0.058s] Invoking command in '/home/ashish/ros2_ws/build/turtlebot3_simulations': CMAKE_PREFIX_PATH=/home/ashish/ros2_ws/install/turtlebot3_gazebo:/home/ashish/ros2_ws/install/turtlebot3_fake_node:/home/ashish/ros2_ws/install/turtlebot3:/home/ashish/ros2_ws/install/turtlebot3_simulations:/home/ashish/ros2_ws/install/turtlebot3_bringup:/home/ashish/ros2_ws/install/turtlebot3_node:/home/ashish/ros2_ws/install/turtlebot3_navigation2:/home/ashish/ros2_ws/install/turtlebot3_description:/home/ashish/ros2_ws/install/turtlebot3_cartographer:/home/ashish/ros2_ws/install/rplidar_ros:/home/ashish/ros2_ws/install/turtlebot3_teleop:/home/ashish/ros2_ws/install/turtlebot3_example:/opt/ros/humble /usr/bin/cmake --build /home/ashish/ros2_ws/build/turtlebot3_simulations -- -j4 -l4
[0.590s] Invoked command in '/home/ashish/ros2_ws/build/turtlebot3_simulations' returned '0': CMAKE_PREFIX_PATH=/home/ashish/ros2_ws/install/turtlebot3_gazebo:/home/ashish/ros2_ws/install/turtlebot3_fake_node:/home/ashish/ros2_ws/install/turtlebot3:/home/ashish/ros2_ws/install/turtlebot3_simulations:/home/ashish/ros2_ws/install/turtlebot3_bringup:/home/ashish/ros2_ws/install/turtlebot3_node:/home/ashish/ros2_ws/install/turtlebot3_navigation2:/home/ashish/ros2_ws/install/turtlebot3_description:/home/ashish/ros2_ws/install/turtlebot3_cartographer:/home/ashish/ros2_ws/install/rplidar_ros:/home/ashish/ros2_ws/install/turtlebot3_teleop:/home/ashish/ros2_ws/install/turtlebot3_example:/opt/ros/humble /usr/bin/cmake --build /home/ashish/ros2_ws/build/turtlebot3_simulations -- -j4 -l4
[0.590s] Invoking command in '/home/ashish/ros2_ws/build/turtlebot3_simulations': CMAKE_PREFIX_PATH=/home/ashish/ros2_ws/install/turtlebot3_gazebo:/home/ashish/ros2_ws/install/turtlebot3_fake_node:/home/ashish/ros2_ws/install/turtlebot3:/home/ashish/ros2_ws/install/turtlebot3_simulations:/home/ashish/ros2_ws/install/turtlebot3_bringup:/home/ashish/ros2_ws/install/turtlebot3_node:/home/ashish/ros2_ws/install/turtlebot3_navigation2:/home/ashish/ros2_ws/install/turtlebot3_description:/home/ashish/ros2_ws/install/turtlebot3_cartographer:/home/ashish/ros2_ws/install/rplidar_ros:/home/ashish/ros2_ws/install/turtlebot3_teleop:/home/ashish/ros2_ws/install/turtlebot3_example:/opt/ros/humble /usr/bin/cmake --install /home/ashish/ros2_ws/build/turtlebot3_simulations
[0.600s] -- Install configuration: ""
[0.602s] -- Execute custom install script
[0.602s] -- Up-to-date symlink: /home/ashish/ros2_ws/install/turtlebot3_simulations/share/ament_index/resource_index/package_run_dependencies/turtlebot3_simulations
[0.603s] -- Up-to-date symlink: /home/ashish/ros2_ws/install/turtlebot3_simulations/share/ament_index/resource_index/parent_prefix_path/turtlebot3_simulations
[0.603s] -- Up-to-date symlink: /home/ashish/ros2_ws/install/turtlebot3_simulations/share/turtlebot3_simulations/environment/ament_prefix_path.sh
[0.604s] -- Up-to-date symlink: /home/ashish/ros2_ws/install/turtlebot3_simulations/share/turtlebot3_simulations/environment/ament_prefix_path.dsv
[0.604s] -- Up-to-date symlink: /home/ashish/ros2_ws/install/turtlebot3_simulations/share/turtlebot3_simulations/environment/path.sh
[0.605s] -- Up-to-date symlink: /home/ashish/ros2_ws/install/turtlebot3_simulations/share/turtlebot3_simulations/environment/path.dsv
[0.605s] -- Up-to-date symlink: /home/ashish/ros2_ws/install/turtlebot3_simulations/share/turtlebot3_simulations/local_setup.bash
[0.606s] -- Up-to-date symlink: /home/ashish/ros2_ws/install/turtlebot3_simulations/share/turtlebot3_simulations/local_setup.sh
[0.606s] -- Up-to-date symlink: /home/ashish/ros2_ws/install/turtlebot3_simulations/share/turtlebot3_simulations/local_setup.zsh
[0.606s] -- Up-to-date symlink: /home/ashish/ros2_ws/install/turtlebot3_simulations/share/turtlebot3_simulations/local_setup.dsv
[0.607s] -- Symlinking: /home/ashish/ros2_ws/install/turtlebot3_simulations/share/turtlebot3_simulations/package.dsv
[0.619s] -- Up-to-date symlink: /home/ashish/ros2_ws/install/turtlebot3_simulations/share/ament_index/resource_index/packages/turtlebot3_simulations
[0.619s] -- Up-to-date symlink: /home/ashish/ros2_ws/install/turtlebot3_simulations/share/turtlebot3_simulations/cmake/turtlebot3_simulationsConfig.cmake
[0.619s] -- Up-to-date symlink: /home/ashish/ros2_ws/install/turtlebot3_simulations/share/turtlebot3_simulations/cmake/turtlebot3_simulationsConfig-version.cmake
[0.619s] -- Up-to-date symlink: /home/ashish/ros2_ws/install/turtlebot3_simulations/share/turtlebot3_simulations/package.xml
[0.687s] Invoked command in '/home/ashish/ros2_ws/build/turtlebot3_simulations' returned '0': CMAKE_PREFIX_PATH=/home/ashish/ros2_ws/install/turtlebot3_gazebo:/home/ashish/ros2_ws/install/turtlebot3_fake_node:/home/ashish/ros2_ws/install/turtlebot3:/home/ashish/ros2_ws/install/turtlebot3_simulations:/home/ashish/ros2_ws/install/turtlebot3_bringup:/home/ashish/ros2_ws/install/turtlebot3_node:/home/ashish/ros2_ws/install/turtlebot3_navigation2:/home/ashish/ros2_ws/install/turtlebot3_description:/home/ashish/ros2_ws/install/turtlebot3_cartographer:/home/ashish/ros2_ws/install/rplidar_ros:/home/ashish/ros2_ws/install/turtlebot3_teleop:/home/ashish/ros2_ws/install/turtlebot3_example:/opt/ros/humble /usr/bin/cmake --install /home/ashish/ros2_ws/build/turtlebot3_simulations
