[1.064s] Invoking command in '/home/ashish/ros2_ws/build/turtlebot3_gazebo': CMAKE_PREFIX_PATH=${CMAKE_PREFIX_PATH}:/home/ashish/ros2_ws/install/turtlebot3_teleop:/home/ashish/ros2_ws/install/turtlebot3_example:/opt/ros/humble /usr/bin/cmake /home/ashish/ros2_ws/src/turtlebot3_simulations/turtlebot3_gazebo -DAMENT_CMAKE_SYMLINK_INSTALL=1 -DCMAKE_INSTALL_PREFIX=/home/ashish/ros2_ws/install/turtlebot3_gazebo
[6.186s] -- The C compiler identification is GNU 11.4.0
[9.352s] -- The CXX compiler identification is GNU 11.4.0
[10.108s] -- Detecting C compiler ABI info
[10.764s] -- Detecting C compiler ABI info - done
[10.930s] -- Check for working C compiler: /usr/bin/cc - skipped
[10.960s] -- Detecting C compile features
[10.960s] -- Detecting C compile features - done
[11.088s] -- Detecting CXX compiler ABI info
[15.539s] -- Detecting CXX compiler ABI info - done
[15.871s] -- Check for working CXX compiler: /usr/bin/c++ - skipped
[15.872s] -- Detecting CXX compile features
[15.872s] -- Detecting CXX compile features - done
[15.947s] -- Found ament_cmake: 1.3.11 (/opt/ros/humble/share/ament_cmake/cmake)
[21.607s] -- Found Python3: /usr/bin/python3 (found version "3.10.12") found components: Interpreter 
[23.138s] -- Override CMake install command with custom implementation using symlinks instead of copying resources
[25.077s] [33mCMake Warning (dev) at /usr/share/cmake-3.22/Modules/FindPackageHandleStandardArgs.cmake:438 (message):
[25.084s]   The package name passed to `find_package_handle_standard_args` (PkgConfig)
[25.084s]   does not match the name of the calling package (gazebo).  This can lead to
[25.084s]   problems in calling code that expects `find_package` result variables
[25.085s]   (e.g., `_FOUND`) to follow a certain pattern.
[25.085s] Call Stack (most recent call first):
[25.085s]   /usr/share/cmake-3.22/Modules/FindPkgConfig.cmake:99 (find_package_handle_standard_args)
[25.085s]   /usr/lib/x86_64-linux-gnu/cmake/gazebo/gazebo-config.cmake:72 (include)
[25.085s]   CMakeLists.txt:23 (find_package)
[25.094s] This warning is for project developers.  Use -Wno-dev to suppress it.
[25.094s] [0m
[25.185s] -- Found PkgConfig: /usr/bin/pkg-config (found version "0.29.2") 
[25.203s] -- Checking for module 'bullet>=2.82'
[26.191s] --   Found bullet, version 3.05
[39.165s] -- Found fcl: /usr/include (found suitable version "0.7.0", minimum required is "0.5.0") 
[43.929s] -- Found assimp: /usr/include (found version "5.2.0") 
[46.692s] -- Found DART: /usr/include (Required is at least version "6.6") found components: dart 
[50.644s] -- Found Boost: /usr/lib/x86_64-linux-gnu/cmake/Boost-1.74.0/BoostConfig.cmake (found suitable version "1.74.0", minimum required is "1.40.0") found components: thread system filesystem program_options regex iostreams date_time 
[51.715s] -- Found Protobuf: /usr/lib/x86_64-linux-gnu/libprotobuf.so (found version "3.12.4") 
[51.875s] -- Looking for ignition-math6 -- found version 6.15.1
[52.312s] -- Searching for dependencies of ignition-math6
[52.643s] -- Looking for OGRE...
[52.644s] -- OGRE_PREFIX_WATCH changed.
[52.871s] -- Checking for module 'OGRE'
[54.330s] --   Found OGRE, version 1.9.0
[57.343s] -- Found Ogre Ghadamon (1.9.0)
[57.793s] -- Found OGRE: optimized;/usr/lib/x86_64-linux-gnu/libOgreMain.so;debug;/usr/lib/x86_64-linux-gnu/libOgreMain.so
[58.134s] -- Looking for OGRE_Paging...
[58.226s] -- Found OGRE_Paging: optimized;/usr/lib/x86_64-linux-gnu/libOgrePaging.so;debug;/usr/lib/x86_64-linux-gnu/libOgrePaging.so
[58.325s] -- Looking for OGRE_Terrain...
[58.697s] -- Found OGRE_Terrain: optimized;/usr/lib/x86_64-linux-gnu/libOgreTerrain.so;debug;/usr/lib/x86_64-linux-gnu/libOgreTerrain.so
[58.734s] -- Looking for OGRE_Property...
[58.930s] -- Found OGRE_Property: optimized;/usr/lib/x86_64-linux-gnu/libOgreProperty.so;debug;/usr/lib/x86_64-linux-gnu/libOgreProperty.so
[58.968s] -- Looking for OGRE_RTShaderSystem...
[59.185s] -- Found OGRE_RTShaderSystem: optimized;/usr/lib/x86_64-linux-gnu/libOgreRTShaderSystem.so;debug;/usr/lib/x86_64-linux-gnu/libOgreRTShaderSystem.so
[59.221s] -- Looking for OGRE_Volume...
[59.419s] -- Found OGRE_Volume: optimized;/usr/lib/x86_64-linux-gnu/libOgreVolume.so;debug;/usr/lib/x86_64-linux-gnu/libOgreVolume.so
[59.420s] -- Looking for OGRE_Overlay...
[59.721s] -- Found OGRE_Overlay: optimized;/usr/lib/x86_64-linux-gnu/libOgreOverlay.so;debug;/usr/lib/x86_64-linux-gnu/libOgreOverlay.so
[61.610s] -- Looking for ignition-math6 -- found version 6.15.1
[61.635s] -- Looking for ignition-transport8 -- found version 8.2.1
[61.645s] -- Searching for dependencies of ignition-transport8
[61.983s] -- Found Protobuf: /usr/lib/x86_64-linux-gnu/libprotobuf.so (found suitable version "3.12.4", minimum required is "3") 
[62.247s] -- Config-file not installed for ZeroMQ -- checking for pkg-config
[62.263s] -- Checking for module 'libzmq >= 4'
[63.358s] --   Found libzmq , version 4.3.4
[63.499s] -- Found ZeroMQ: TRUE (Required is at least version "4") 
[63.523s] -- Checking for module 'uuid'
[63.579s] --   Found uuid, version 2.37.2
[64.616s] -- Found UUID: TRUE  
[64.856s] -- Looking for ignition-msgs5 -- found version 5.8.1
[64.871s] -- Searching for dependencies of ignition-msgs5
[65.623s] -- Looking for ignition-math6 -- found version 6.15.1
[65.943s] -- Checking for module 'tinyxml2'
[67.064s] --   Found tinyxml2, version 9.0.0
[68.630s] -- Looking for ignition-msgs5 -- found version 5.8.1
[68.655s] -- Looking for ignition-common3 -- found version 3.14.0
[68.657s] -- Searching for dependencies of ignition-common3
[68.667s] -- Looking for dlfcn.h - found
[68.695s] -- Looking for libdl - found
[68.696s] -- Found DL: TRUE  
[68.750s] -- Found tinyobjloader: /usr/lib/x86_64-linux-gnu/cmake/tinyobjloader/tinyobjloader-config.cmake (found version "2.0.0") 
[68.756s] -- Searching for <ignition-common3> component [graphics]
[68.769s] -- Looking for ignition-common3-graphics -- found version 3.14.0
[68.771s] -- Searching for dependencies of ignition-common3-graphics
[68.773s] -- Looking for ignition-math6 -- found version 6.15.1
[68.796s] -- Looking for ignition-fuel_tools4 -- found version 4.4.0
[68.798s] -- Searching for dependencies of ignition-fuel_tools4
[69.216s] -- Found CURL: /usr/lib/x86_64-linux-gnu/libcurl.so (found version "7.81.0")  
[69.418s] -- Checking for module 'jsoncpp'
[69.420s] --   Found jsoncpp, version 1.9.5
[72.979s] -- Found JSONCPP: TRUE  
[73.384s] -- Checking for module 'libzip'
[74.560s] --   Found libzip, version 1.7.3
[75.834s] -- Found ZIP: TRUE  
[75.852s] -- Looking for ignition-common3 -- found version 3.14.0
[75.953s] -- Looking for ignition-math6 -- found version 6.15.1
[76.013s] -- Looking for ignition-msgs5 -- found version 5.8.1
[76.169s] -- Found gazebo_ros_pkgs: 3.9.0 (/opt/ros/humble/share/gazebo_ros_pkgs/cmake)
[76.175s] -- Found geometry_msgs: 4.2.4 (/opt/ros/humble/share/geometry_msgs/cmake)
[76.297s] -- Found rosidl_generator_c: 3.1.6 (/opt/ros/humble/share/rosidl_generator_c/cmake)
[76.323s] -- Found rosidl_adapter: 3.1.6 (/opt/ros/humble/share/rosidl_adapter/cmake)
[76.348s] -- Found rosidl_generator_cpp: 3.1.6 (/opt/ros/humble/share/rosidl_generator_cpp/cmake)
[76.412s] -- Using all available rosidl_typesupport_c: rosidl_typesupport_fastrtps_c;rosidl_typesupport_introspection_c
[76.820s] -- Using all available rosidl_typesupport_cpp: rosidl_typesupport_fastrtps_cpp;rosidl_typesupport_introspection_cpp
[76.908s] -- Found nav_msgs: 4.2.4 (/opt/ros/humble/share/nav_msgs/cmake)
[77.173s] -- Found rclcpp: 16.0.11 (/opt/ros/humble/share/rclcpp/cmake)
[78.382s] -- Found rmw_implementation_cmake: 6.1.2 (/opt/ros/humble/share/rmw_implementation_cmake/cmake)
[78.389s] -- Found rmw_fastrtps_cpp: 6.2.7 (/opt/ros/humble/share/rmw_fastrtps_cpp/cmake)
[80.017s] -- Found OpenSSL: /usr/lib/x86_64-linux-gnu/libcrypto.so (found version "3.0.2")  
[81.126s] -- Found FastRTPS: /opt/ros/humble/include  
[83.401s] -- Using RMW implementation 'rmw_fastrtps_cpp' as default
[83.896s] -- Found Threads: TRUE  
[83.898s] -- Found sensor_msgs: 4.2.4 (/opt/ros/humble/share/sensor_msgs/cmake)
[83.929s] -- Found tf2: 0.25.12 (/opt/ros/humble/share/tf2/cmake)
[86.524s] -- Configuring done
[88.031s] -- Generating done
[88.056s] -- Build files have been written to: /home/ashish/ros2_ws/build/turtlebot3_gazebo
[88.148s] Invoked command in '/home/ashish/ros2_ws/build/turtlebot3_gazebo' returned '0': CMAKE_PREFIX_PATH=${CMAKE_PREFIX_PATH}:/home/ashish/ros2_ws/install/turtlebot3_teleop:/home/ashish/ros2_ws/install/turtlebot3_example:/opt/ros/humble /usr/bin/cmake /home/ashish/ros2_ws/src/turtlebot3_simulations/turtlebot3_gazebo -DAMENT_CMAKE_SYMLINK_INSTALL=1 -DCMAKE_INSTALL_PREFIX=/home/ashish/ros2_ws/install/turtlebot3_gazebo
[88.149s] Invoking command in '/home/ashish/ros2_ws/build/turtlebot3_gazebo': CMAKE_PREFIX_PATH=${CMAKE_PREFIX_PATH}:/home/ashish/ros2_ws/install/turtlebot3_teleop:/home/ashish/ros2_ws/install/turtlebot3_example:/opt/ros/humble /usr/bin/cmake --build /home/ashish/ros2_ws/build/turtlebot3_gazebo -- -j4 -l4
[89.645s] [  8%] [32mBuilding CXX object CMakeFiles/turtlebot3_drive.dir/src/turtlebot3_drive.cpp.o[0m
[195.379s] [ 16%] [32mBuilding CXX object CMakeFiles/obstacle1.dir/src/obstacle1.cpp.o[0m
[196.645s] [ 25%] [32mBuilding CXX object CMakeFiles/traffic_bar_plugin.dir/src/traffic_bar_plugin.cpp.o[0m
[198.984s] [ 33%] [32mBuilding CXX object CMakeFiles/traffic_light_plugin.dir/src/traffic_light_plugin.cpp.o[0m
[283.629s] [ 41%] [32m[1mLinking CXX executable turtlebot3_drive[0m
[287.200s] [ 41%] Built target turtlebot3_drive
[337.170s] [ 50%] [32mBuilding CXX object CMakeFiles/obstacle2.dir/src/obstacle2.cpp.o[0m
[383.770s] [ 58%] [32m[1mLinking CXX shared library libobstacle1.so[0m
[397.774s] [ 58%] Built target obstacle1
[398.342s] [ 66%] [32m[1mLinking CXX shared library libtraffic_light_plugin.so[0m
[400.486s] [ 75%] [32m[1mLinking CXX shared library libtraffic_bar_plugin.so[0m
[411.088s] [ 75%] Built target traffic_light_plugin
[411.114s] [ 75%] Built target traffic_bar_plugin
[527.961s] [ 83%] [32m[1mLinking CXX shared library libobstacle2.so[0m
[533.440s] [ 83%] Built target obstacle2
[534.763s] [ 91%] [32mBuilding CXX object CMakeFiles/obstacles.dir/src/obstacles.cpp.o[0m
[700.671s] [100%] [32m[1mLinking CXX shared library libobstacles.so[0m
[706.571s] [100%] Built target obstacles
[707.253s] Invoked command in '/home/ashish/ros2_ws/build/turtlebot3_gazebo' returned '0': CMAKE_PREFIX_PATH=${CMAKE_PREFIX_PATH}:/home/ashish/ros2_ws/install/turtlebot3_teleop:/home/ashish/ros2_ws/install/turtlebot3_example:/opt/ros/humble /usr/bin/cmake --build /home/ashish/ros2_ws/build/turtlebot3_gazebo -- -j4 -l4
[707.297s] Invoking command in '/home/ashish/ros2_ws/build/turtlebot3_gazebo': CMAKE_PREFIX_PATH=${CMAKE_PREFIX_PATH}:/home/ashish/ros2_ws/install/turtlebot3_teleop:/home/ashish/ros2_ws/install/turtlebot3_example:/opt/ros/humble /usr/bin/cmake --install /home/ashish/ros2_ws/build/turtlebot3_gazebo
[707.837s] -- Install configuration: ""
[707.850s] -- Execute custom install script
[707.851s] -- Symlinking: /home/ashish/ros2_ws/install/turtlebot3_gazebo/lib/turtlebot3_gazebo/turtlebot3_drive
[708.339s] -- Symlinking: /home/ashish/ros2_ws/install/turtlebot3_gazebo/share/turtlebot3_gazebo//launch/empty_world.launch.py
[708.703s] -- Symlinking: /home/ashish/ros2_ws/install/turtlebot3_gazebo/share/turtlebot3_gazebo//launch/multi_robot.launch.py
[709.004s] -- Symlinking: /home/ashish/ros2_ws/install/turtlebot3_gazebo/share/turtlebot3_gazebo//launch/multi_spawn_turtlebot3.launch.py
[709.305s] -- Symlinking: /home/ashish/ros2_ws/install/turtlebot3_gazebo/share/turtlebot3_gazebo//launch/robot_state_publisher.launch.py
[709.664s] -- Symlinking: /home/ashish/ros2_ws/install/turtlebot3_gazebo/share/turtlebot3_gazebo//launch/spawn_turtlebot3.launch.py
[709.772s] -- Symlinking: /home/ashish/ros2_ws/install/turtlebot3_gazebo/share/turtlebot3_gazebo//launch/turtlebot3_autorace_2020.launch.py
[710.046s] -- Symlinking: /home/ashish/ros2_ws/install/turtlebot3_gazebo/share/turtlebot3_gazebo//launch/turtlebot3_dqn_stage1.launch.py
[710.567s] -- Symlinking: /home/ashish/ros2_ws/install/turtlebot3_gazebo/share/turtlebot3_gazebo//launch/turtlebot3_dqn_stage2.launch.py
[710.923s] -- Symlinking: /home/ashish/ros2_ws/install/turtlebot3_gazebo/share/turtlebot3_gazebo//launch/turtlebot3_dqn_stage3.launch.py
[711.225s] -- Symlinking: /home/ashish/ros2_ws/install/turtlebot3_gazebo/share/turtlebot3_gazebo//launch/turtlebot3_dqn_stage4.launch.py
[711.503s] -- Symlinking: /home/ashish/ros2_ws/install/turtlebot3_gazebo/share/turtlebot3_gazebo//launch/turtlebot3_house.launch.py
[711.667s] -- Symlinking: /home/ashish/ros2_ws/install/turtlebot3_gazebo/share/turtlebot3_gazebo//launch/turtlebot3_world.launch.py
[712.078s] -- Symlinking: /home/ashish/ros2_ws/install/turtlebot3_gazebo/share/turtlebot3_gazebo//models/turtlebot3_autorace_2020/checker/materials/checker.png
[712.453s] -- Symlinking: /home/ashish/ros2_ws/install/turtlebot3_gazebo/share/turtlebot3_gazebo//models/turtlebot3_autorace_2020/checker/materials/scripts/checker.material
[712.808s] -- Symlinking: /home/ashish/ros2_ws/install/turtlebot3_gazebo/share/turtlebot3_gazebo//models/turtlebot3_autorace_2020/checker/materials/textures/checker.png
[713.115s] -- Symlinking: /home/ashish/ros2_ws/install/turtlebot3_gazebo/share/turtlebot3_gazebo//models/turtlebot3_autorace_2020/checker/model.config
[713.375s] -- Symlinking: /home/ashish/ros2_ws/install/turtlebot3_gazebo/share/turtlebot3_gazebo//models/turtlebot3_autorace_2020/checker/model.sdf
[713.964s] -- Symlinking: /home/ashish/ros2_ws/install/turtlebot3_gazebo/share/turtlebot3_gazebo//models/turtlebot3_autorace_2020/course/materials/scripts/course.material
[714.238s] -- Symlinking: /home/ashish/ros2_ws/install/turtlebot3_gazebo/share/turtlebot3_gazebo//models/turtlebot3_autorace_2020/course/materials/textures/course.png
[714.785s] -- Symlinking: /home/ashish/ros2_ws/install/turtlebot3_gazebo/share/turtlebot3_gazebo//models/turtlebot3_autorace_2020/course/model.config
[714.884s] -- Symlinking: /home/ashish/ros2_ws/install/turtlebot3_gazebo/share/turtlebot3_gazebo//models/turtlebot3_autorace_2020/course/model.sdf
[715.842s] -- Symlinking: /home/ashish/ros2_ws/install/turtlebot3_gazebo/share/turtlebot3_gazebo//models/turtlebot3_autorace_2020/traffic_bar/materials/scripts/traffic_bar.material
[716.285s] -- Symlinking: /home/ashish/ros2_ws/install/turtlebot3_gazebo/share/turtlebot3_gazebo//models/turtlebot3_autorace_2020/traffic_bar/materials/textures/traffic_bar.png
[716.643s] -- Symlinking: /home/ashish/ros2_ws/install/turtlebot3_gazebo/share/turtlebot3_gazebo//models/turtlebot3_autorace_2020/traffic_bar/model.config
[716.827s] -- Symlinking: /home/ashish/ros2_ws/install/turtlebot3_gazebo/share/turtlebot3_gazebo//models/turtlebot3_autorace_2020/traffic_bar/model.sdf
[717.098s] -- Symlinking: /home/ashish/ros2_ws/install/turtlebot3_gazebo/share/turtlebot3_gazebo//models/turtlebot3_autorace_2020/traffic_construction/materials/scripts/traffic_construction.material
[717.388s] -- Symlinking: /home/ashish/ros2_ws/install/turtlebot3_gazebo/share/turtlebot3_gazebo//models/turtlebot3_autorace_2020/traffic_construction/materials/textures/traffic_construction.png
[717.478s] -- Symlinking: /home/ashish/ros2_ws/install/turtlebot3_gazebo/share/turtlebot3_gazebo//models/turtlebot3_autorace_2020/traffic_construction/model.config
[717.798s] -- Symlinking: /home/ashish/ros2_ws/install/turtlebot3_gazebo/share/turtlebot3_gazebo//models/turtlebot3_autorace_2020/traffic_construction/model.sdf
[718.130s] -- Symlinking: /home/ashish/ros2_ws/install/turtlebot3_gazebo/share/turtlebot3_gazebo//models/turtlebot3_autorace_2020/traffic_intersection/materials/scripts/traffic_intersection.material
[718.591s] -- Symlinking: /home/ashish/ros2_ws/install/turtlebot3_gazebo/share/turtlebot3_gazebo//models/turtlebot3_autorace_2020/traffic_intersection/materials/textures/traffic_intersection.png
[718.612s] -- Symlinking: /home/ashish/ros2_ws/install/turtlebot3_gazebo/share/turtlebot3_gazebo//models/turtlebot3_autorace_2020/traffic_intersection/model.config
[718.949s] -- Symlinking: /home/ashish/ros2_ws/install/turtlebot3_gazebo/share/turtlebot3_gazebo//models/turtlebot3_autorace_2020/traffic_intersection/model.sdf
[719.423s] -- Symlinking: /home/ashish/ros2_ws/install/turtlebot3_gazebo/share/turtlebot3_gazebo//models/turtlebot3_autorace_2020/traffic_left/materials/scripts/traffic_is_left.material
[719.682s] -- Symlinking: /home/ashish/ros2_ws/install/turtlebot3_gazebo/share/turtlebot3_gazebo//models/turtlebot3_autorace_2020/traffic_left/materials/textures/traffic_left.png
[720.050s] -- Symlinking: /home/ashish/ros2_ws/install/turtlebot3_gazebo/share/turtlebot3_gazebo//models/turtlebot3_autorace_2020/traffic_left/model.config
[720.290s] -- Symlinking: /home/ashish/ros2_ws/install/turtlebot3_gazebo/share/turtlebot3_gazebo//models/turtlebot3_autorace_2020/traffic_left/model.sdf
[720.639s] -- Symlinking: /home/ashish/ros2_ws/install/turtlebot3_gazebo/share/turtlebot3_gazebo//models/turtlebot3_autorace_2020/traffic_light/materials/scripts/traffic_light.material
[720.813s] -- Symlinking: /home/ashish/ros2_ws/install/turtlebot3_gazebo/share/turtlebot3_gazebo//models/turtlebot3_autorace_2020/traffic_light/materials/textures/traffic_light.png
[721.239s] -- Symlinking: /home/ashish/ros2_ws/install/turtlebot3_gazebo/share/turtlebot3_gazebo//models/turtlebot3_autorace_2020/traffic_light/materials/textures/traffic_light_green.png
[721.492s] -- Symlinking: /home/ashish/ros2_ws/install/turtlebot3_gazebo/share/turtlebot3_gazebo//models/turtlebot3_autorace_2020/traffic_light/materials/textures/traffic_light_red.png
[721.834s] -- Symlinking: /home/ashish/ros2_ws/install/turtlebot3_gazebo/share/turtlebot3_gazebo//models/turtlebot3_autorace_2020/traffic_light/materials/textures/traffic_light_yellow.png
[722.086s] -- Symlinking: /home/ashish/ros2_ws/install/turtlebot3_gazebo/share/turtlebot3_gazebo//models/turtlebot3_autorace_2020/traffic_light/model.config
[722.374s] -- Symlinking: /home/ashish/ros2_ws/install/turtlebot3_gazebo/share/turtlebot3_gazebo//models/turtlebot3_autorace_2020/traffic_light/model.sdf
[722.724s] -- Symlinking: /home/ashish/ros2_ws/install/turtlebot3_gazebo/share/turtlebot3_gazebo//models/turtlebot3_autorace_2020/traffic_noentry/materials/scripts/traffic_noentry.material
[722.993s] -- Symlinking: /home/ashish/ros2_ws/install/turtlebot3_gazebo/share/turtlebot3_gazebo//models/turtlebot3_autorace_2020/traffic_noentry/materials/textures/traffic_noentry.png
[723.300s] -- Symlinking: /home/ashish/ros2_ws/install/turtlebot3_gazebo/share/turtlebot3_gazebo//models/turtlebot3_autorace_2020/traffic_noentry/model.config
[723.659s] -- Symlinking: /home/ashish/ros2_ws/install/turtlebot3_gazebo/share/turtlebot3_gazebo//models/turtlebot3_autorace_2020/traffic_noentry/model.sdf
[723.869s] -- Symlinking: /home/ashish/ros2_ws/install/turtlebot3_gazebo/share/turtlebot3_gazebo//models/turtlebot3_autorace_2020/traffic_parking/materials/scripts/traffic_parking.material
[724.212s] -- Symlinking: /home/ashish/ros2_ws/install/turtlebot3_gazebo/share/turtlebot3_gazebo//models/turtlebot3_autorace_2020/traffic_parking/materials/textures/traffic_parking.png
[724.591s] -- Symlinking: /home/ashish/ros2_ws/install/turtlebot3_gazebo/share/turtlebot3_gazebo//models/turtlebot3_autorace_2020/traffic_parking/model.config
[724.865s] -- Symlinking: /home/ashish/ros2_ws/install/turtlebot3_gazebo/share/turtlebot3_gazebo//models/turtlebot3_autorace_2020/traffic_parking/model.sdf
[725.200s] -- Symlinking: /home/ashish/ros2_ws/install/turtlebot3_gazebo/share/turtlebot3_gazebo//models/turtlebot3_autorace_2020/traffic_pl_left/materials/scripts/traffic_pl_left.material
[725.470s] -- Symlinking: /home/ashish/ros2_ws/install/turtlebot3_gazebo/share/turtlebot3_gazebo//models/turtlebot3_autorace_2020/traffic_pl_left/materials/textures/traffic_pl_left.png
[725.910s] -- Symlinking: /home/ashish/ros2_ws/install/turtlebot3_gazebo/share/turtlebot3_gazebo//models/turtlebot3_autorace_2020/traffic_pl_left/model.config
[726.121s] -- Symlinking: /home/ashish/ros2_ws/install/turtlebot3_gazebo/share/turtlebot3_gazebo//models/turtlebot3_autorace_2020/traffic_pl_left/model.sdf
[726.559s] -- Symlinking: /home/ashish/ros2_ws/install/turtlebot3_gazebo/share/turtlebot3_gazebo//models/turtlebot3_autorace_2020/traffic_right/materials/scripts/traffic_right.material
[726.714s] -- Symlinking: /home/ashish/ros2_ws/install/turtlebot3_gazebo/share/turtlebot3_gazebo//models/turtlebot3_autorace_2020/traffic_right/materials/textures/traffic_right.png
[726.774s] -- Symlinking: /home/ashish/ros2_ws/install/turtlebot3_gazebo/share/turtlebot3_gazebo//models/turtlebot3_autorace_2020/traffic_right/model.config
[727.068s] -- Symlinking: /home/ashish/ros2_ws/install/turtlebot3_gazebo/share/turtlebot3_gazebo//models/turtlebot3_autorace_2020/traffic_right/model.sdf
[727.373s] -- Symlinking: /home/ashish/ros2_ws/install/turtlebot3_gazebo/share/turtlebot3_gazebo//models/turtlebot3_autorace_2020/traffic_stop/materials/scripts/traffic_stop.material
[727.698s] -- Symlinking: /home/ashish/ros2_ws/install/turtlebot3_gazebo/share/turtlebot3_gazebo//models/turtlebot3_autorace_2020/traffic_stop/materials/textures/traffic_stop.png
[728.067s] -- Symlinking: /home/ashish/ros2_ws/install/turtlebot3_gazebo/share/turtlebot3_gazebo//models/turtlebot3_autorace_2020/traffic_stop/model.config
[728.291s] -- Symlinking: /home/ashish/ros2_ws/install/turtlebot3_gazebo/share/turtlebot3_gazebo//models/turtlebot3_autorace_2020/traffic_stop/model.sdf
[728.878s] -- Symlinking: /home/ashish/ros2_ws/install/turtlebot3_gazebo/share/turtlebot3_gazebo//models/turtlebot3_autorace_2020/traffic_tunnel/materials/scripts/tunnel.material
[729.193s] -- Symlinking: /home/ashish/ros2_ws/install/turtlebot3_gazebo/share/turtlebot3_gazebo//models/turtlebot3_autorace_2020/traffic_tunnel/materials/textures/tunnel.png
[729.471s] -- Symlinking: /home/ashish/ros2_ws/install/turtlebot3_gazebo/share/turtlebot3_gazebo//models/turtlebot3_autorace_2020/traffic_tunnel/model.config
[729.965s] -- Symlinking: /home/ashish/ros2_ws/install/turtlebot3_gazebo/share/turtlebot3_gazebo//models/turtlebot3_autorace_2020/traffic_tunnel/model.sdf
[730.211s] -- Symlinking: /home/ashish/ros2_ws/install/turtlebot3_gazebo/share/turtlebot3_gazebo//models/turtlebot3_burger/model-1_4.sdf
[730.736s] -- Symlinking: /home/ashish/ros2_ws/install/turtlebot3_gazebo/share/turtlebot3_gazebo//models/turtlebot3_burger/model.config
[731.157s] -- Symlinking: /home/ashish/ros2_ws/install/turtlebot3_gazebo/share/turtlebot3_gazebo//models/turtlebot3_burger/model.sdf
[731.619s] -- Symlinking: /home/ashish/ros2_ws/install/turtlebot3_gazebo/share/turtlebot3_gazebo//models/turtlebot3_burger_cam/model-1_4.sdf
[731.791s] -- Symlinking: /home/ashish/ros2_ws/install/turtlebot3_gazebo/share/turtlebot3_gazebo//models/turtlebot3_burger_cam/model.config
[732.230s] -- Symlinking: /home/ashish/ros2_ws/install/turtlebot3_gazebo/share/turtlebot3_gazebo//models/turtlebot3_burger_cam/model.sdf
[732.553s] -- Symlinking: /home/ashish/ros2_ws/install/turtlebot3_gazebo/share/turtlebot3_gazebo//models/turtlebot3_common/meshes/bases/burger_base.stl
[732.911s] -- Symlinking: /home/ashish/ros2_ws/install/turtlebot3_gazebo/share/turtlebot3_gazebo//models/turtlebot3_common/meshes/bases/waffle_base.stl
[733.124s] -- Symlinking: /home/ashish/ros2_ws/install/turtlebot3_gazebo/share/turtlebot3_gazebo//models/turtlebot3_common/meshes/bases/waffle_pi_base.stl
[733.459s] -- Symlinking: /home/ashish/ros2_ws/install/turtlebot3_gazebo/share/turtlebot3_gazebo//models/turtlebot3_common/meshes/burger_base.dae
[733.742s] -- Symlinking: /home/ashish/ros2_ws/install/turtlebot3_gazebo/share/turtlebot3_gazebo//models/turtlebot3_common/meshes/lds.dae
[734.047s] -- Symlinking: /home/ashish/ros2_ws/install/turtlebot3_gazebo/share/turtlebot3_gazebo//models/turtlebot3_common/meshes/r200.dae
[734.373s] -- Symlinking: /home/ashish/ros2_ws/install/turtlebot3_gazebo/share/turtlebot3_gazebo//models/turtlebot3_common/meshes/sensors/astra.dae
[734.626s] -- Symlinking: /home/ashish/ros2_ws/install/turtlebot3_gazebo/share/turtlebot3_gazebo//models/turtlebot3_common/meshes/sensors/astra.jpg
[734.985s] -- Symlinking: /home/ashish/ros2_ws/install/turtlebot3_gazebo/share/turtlebot3_gazebo//models/turtlebot3_common/meshes/sensors/lds.stl
[735.264s] -- Symlinking: /home/ashish/ros2_ws/install/turtlebot3_gazebo/share/turtlebot3_gazebo//models/turtlebot3_common/meshes/sensors/r200.dae
[735.609s] -- Symlinking: /home/ashish/ros2_ws/install/turtlebot3_gazebo/share/turtlebot3_gazebo//models/turtlebot3_common/meshes/sensors/r200.jpg
[735.867s] -- Symlinking: /home/ashish/ros2_ws/install/turtlebot3_gazebo/share/turtlebot3_gazebo//models/turtlebot3_common/meshes/tire.dae
[736.124s] -- Symlinking: /home/ashish/ros2_ws/install/turtlebot3_gazebo/share/turtlebot3_gazebo//models/turtlebot3_common/meshes/waffle_base.dae
[736.306s] -- Symlinking: /home/ashish/ros2_ws/install/turtlebot3_gazebo/share/turtlebot3_gazebo//models/turtlebot3_common/meshes/waffle_pi_base.dae
[736.427s] -- Symlinking: /home/ashish/ros2_ws/install/turtlebot3_gazebo/share/turtlebot3_gazebo//models/turtlebot3_common/meshes/wheels/left_tire.stl
[736.791s] -- Symlinking: /home/ashish/ros2_ws/install/turtlebot3_gazebo/share/turtlebot3_gazebo//models/turtlebot3_common/meshes/wheels/right_tire.stl
[737.249s] -- Symlinking: /home/ashish/ros2_ws/install/turtlebot3_gazebo/share/turtlebot3_gazebo//models/turtlebot3_common/model.config
[737.546s] -- Symlinking: /home/ashish/ros2_ws/install/turtlebot3_gazebo/share/turtlebot3_gazebo//models/turtlebot3_dqn_world/goal_box/model.config
[737.855s] -- Symlinking: /home/ashish/ros2_ws/install/turtlebot3_gazebo/share/turtlebot3_gazebo//models/turtlebot3_dqn_world/goal_box/model.sdf
[738.161s] -- Symlinking: /home/ashish/ros2_ws/install/turtlebot3_gazebo/share/turtlebot3_gazebo//models/turtlebot3_dqn_world/inner_walls/model.config
[738.403s] -- Symlinking: /home/ashish/ros2_ws/install/turtlebot3_gazebo/share/turtlebot3_gazebo//models/turtlebot3_dqn_world/inner_walls/model.sdf
[738.630s] -- Symlinking: /home/ashish/ros2_ws/install/turtlebot3_gazebo/share/turtlebot3_gazebo//models/turtlebot3_dqn_world/model.config
[738.834s] -- Symlinking: /home/ashish/ros2_ws/install/turtlebot3_gazebo/share/turtlebot3_gazebo//models/turtlebot3_dqn_world/model.sdf
[739.091s] -- Symlinking: /home/ashish/ros2_ws/install/turtlebot3_gazebo/share/turtlebot3_gazebo//models/turtlebot3_dqn_world/obstacle1/model.config
[739.546s] -- Symlinking: /home/ashish/ros2_ws/install/turtlebot3_gazebo/share/turtlebot3_gazebo//models/turtlebot3_dqn_world/obstacle1/model.sdf
[739.922s] -- Symlinking: /home/ashish/ros2_ws/install/turtlebot3_gazebo/share/turtlebot3_gazebo//models/turtlebot3_dqn_world/obstacle2/model.config
[740.175s] -- Symlinking: /home/ashish/ros2_ws/install/turtlebot3_gazebo/share/turtlebot3_gazebo//models/turtlebot3_dqn_world/obstacle2/model.sdf
[740.671s] -- Symlinking: /home/ashish/ros2_ws/install/turtlebot3_gazebo/share/turtlebot3_gazebo//models/turtlebot3_dqn_world/obstacles/model.config
[740.881s] -- Symlinking: /home/ashish/ros2_ws/install/turtlebot3_gazebo/share/turtlebot3_gazebo//models/turtlebot3_dqn_world/obstacles/model.sdf
[741.015s] -- Symlinking: /home/ashish/ros2_ws/install/turtlebot3_gazebo/share/turtlebot3_gazebo//models/turtlebot3_house/model.config
[741.536s] -- Symlinking: /home/ashish/ros2_ws/install/turtlebot3_gazebo/share/turtlebot3_gazebo//models/turtlebot3_house/model.sdf
[742.279s] -- Symlinking: /home/ashish/ros2_ws/install/turtlebot3_gazebo/share/turtlebot3_gazebo//models/turtlebot3_waffle/model-1_4.sdf
[742.472s] -- Symlinking: /home/ashish/ros2_ws/install/turtlebot3_gazebo/share/turtlebot3_gazebo//models/turtlebot3_waffle/model.config
[742.597s] -- Symlinking: /home/ashish/ros2_ws/install/turtlebot3_gazebo/share/turtlebot3_gazebo//models/turtlebot3_waffle/model.sdf
[743.093s] -- Symlinking: /home/ashish/ros2_ws/install/turtlebot3_gazebo/share/turtlebot3_gazebo//models/turtlebot3_waffle_pi/model-1_4_.sdf
[743.397s] -- Symlinking: /home/ashish/ros2_ws/install/turtlebot3_gazebo/share/turtlebot3_gazebo//models/turtlebot3_waffle_pi/model.config
[743.893s] -- Symlinking: /home/ashish/ros2_ws/install/turtlebot3_gazebo/share/turtlebot3_gazebo//models/turtlebot3_waffle_pi/model.sdf
[744.048s] -- Symlinking: /home/ashish/ros2_ws/install/turtlebot3_gazebo/share/turtlebot3_gazebo//models/turtlebot3_world/meshes/hexagon.dae
[744.191s] -- Symlinking: /home/ashish/ros2_ws/install/turtlebot3_gazebo/share/turtlebot3_gazebo//models/turtlebot3_world/meshes/wall.dae
[744.586s] -- Symlinking: /home/ashish/ros2_ws/install/turtlebot3_gazebo/share/turtlebot3_gazebo//models/turtlebot3_world/model-1_4.sdf
[744.895s] -- Symlinking: /home/ashish/ros2_ws/install/turtlebot3_gazebo/share/turtlebot3_gazebo//models/turtlebot3_world/model.config
[745.041s] -- Symlinking: /home/ashish/ros2_ws/install/turtlebot3_gazebo/share/turtlebot3_gazebo//models/turtlebot3_world/model.sdf
[745.213s] -- Symlinking: /home/ashish/ros2_ws/install/turtlebot3_gazebo/share/turtlebot3_gazebo//rviz/tb3_gazebo.rviz
[745.460s] -- Symlinking: /home/ashish/ros2_ws/install/turtlebot3_gazebo/share/turtlebot3_gazebo//urdf/common_properties.urdf
[745.573s] -- Symlinking: /home/ashish/ros2_ws/install/turtlebot3_gazebo/share/turtlebot3_gazebo//urdf/turtlebot3_burger.urdf
[745.759s] -- Symlinking: /home/ashish/ros2_ws/install/turtlebot3_gazebo/share/turtlebot3_gazebo//urdf/turtlebot3_burger_cam.urdf
[746.708s] -- Symlinking: /home/ashish/ros2_ws/install/turtlebot3_gazebo/share/turtlebot3_gazebo//urdf/turtlebot3_waffle.urdf
[746.800s] -- Symlinking: /home/ashish/ros2_ws/install/turtlebot3_gazebo/share/turtlebot3_gazebo//urdf/turtlebot3_waffle_pi.urdf
[746.932s] -- Symlinking: /home/ashish/ros2_ws/install/turtlebot3_gazebo/share/turtlebot3_gazebo//worlds/empty_world.world
[747.516s] -- Symlinking: /home/ashish/ros2_ws/install/turtlebot3_gazebo/share/turtlebot3_gazebo//worlds/turtlebot3_autorace_2020.world
[748.007s] -- Symlinking: /home/ashish/ros2_ws/install/turtlebot3_gazebo/share/turtlebot3_gazebo//worlds/turtlebot3_dqn_stage1.world
[748.649s] -- Symlinking: /home/ashish/ros2_ws/install/turtlebot3_gazebo/share/turtlebot3_gazebo//worlds/turtlebot3_dqn_stage2.world
[748.785s] -- Symlinking: /home/ashish/ros2_ws/install/turtlebot3_gazebo/share/turtlebot3_gazebo//worlds/turtlebot3_dqn_stage3.world
[748.945s] -- Symlinking: /home/ashish/ros2_ws/install/turtlebot3_gazebo/share/turtlebot3_gazebo//worlds/turtlebot3_dqn_stage4.world
[749.501s] -- Symlinking: /home/ashish/ros2_ws/install/turtlebot3_gazebo/share/turtlebot3_gazebo//worlds/turtlebot3_house.world
[750.090s] -- Symlinking: /home/ashish/ros2_ws/install/turtlebot3_gazebo/share/turtlebot3_gazebo//worlds/turtlebot3_world.world
[750.195s] -- Symlinking: /home/ashish/ros2_ws/install/turtlebot3_gazebo/include//turtlebot3_gazebo/obstacle1.hpp
[750.290s] -- Symlinking: /home/ashish/ros2_ws/install/turtlebot3_gazebo/include//turtlebot3_gazebo/obstacle2.hpp
[750.407s] -- Symlinking: /home/ashish/ros2_ws/install/turtlebot3_gazebo/include//turtlebot3_gazebo/obstacles.hpp
[750.513s] -- Symlinking: /home/ashish/ros2_ws/install/turtlebot3_gazebo/include//turtlebot3_gazebo/traffic_bar_plugin.hpp
[751.085s] -- Symlinking: /home/ashish/ros2_ws/install/turtlebot3_gazebo/include//turtlebot3_gazebo/traffic_light_plugin.hpp
[751.507s] -- Symlinking: /home/ashish/ros2_ws/install/turtlebot3_gazebo/include//turtlebot3_gazebo/turtlebot3_drive.hpp
[751.885s] -- Symlinking: /home/ashish/ros2_ws/install/turtlebot3_gazebo/share/ament_index/resource_index/package_run_dependencies/turtlebot3_gazebo
[751.917s] -- Symlinking: /home/ashish/ros2_ws/install/turtlebot3_gazebo/share/ament_index/resource_index/parent_prefix_path/turtlebot3_gazebo
[751.946s] -- Symlinking: /home/ashish/ros2_ws/install/turtlebot3_gazebo/share/turtlebot3_gazebo/environment/ament_prefix_path.sh
[751.972s] -- Symlinking: /home/ashish/ros2_ws/install/turtlebot3_gazebo/share/turtlebot3_gazebo/environment/ament_prefix_path.dsv
[752.002s] -- Symlinking: /home/ashish/ros2_ws/install/turtlebot3_gazebo/share/turtlebot3_gazebo/environment/path.sh
[752.034s] -- Symlinking: /home/ashish/ros2_ws/install/turtlebot3_gazebo/share/turtlebot3_gazebo/environment/path.dsv
[752.067s] -- Symlinking: /home/ashish/ros2_ws/install/turtlebot3_gazebo/share/turtlebot3_gazebo/local_setup.bash
[752.106s] -- Symlinking: /home/ashish/ros2_ws/install/turtlebot3_gazebo/share/turtlebot3_gazebo/local_setup.sh
[752.348s] -- Symlinking: /home/ashish/ros2_ws/install/turtlebot3_gazebo/share/turtlebot3_gazebo/local_setup.zsh
[752.717s] -- Symlinking: /home/ashish/ros2_ws/install/turtlebot3_gazebo/share/turtlebot3_gazebo/local_setup.dsv
[752.790s] -- Symlinking: /home/ashish/ros2_ws/install/turtlebot3_gazebo/share/turtlebot3_gazebo/package.dsv
[752.830s] -- Symlinking: /home/ashish/ros2_ws/install/turtlebot3_gazebo/share/ament_index/resource_index/packages/turtlebot3_gazebo
[752.860s] -- Symlinking: /home/ashish/ros2_ws/install/turtlebot3_gazebo/share/turtlebot3_gazebo/cmake/ament_cmake_export_include_directories-extras.cmake
[752.884s] -- Symlinking: /home/ashish/ros2_ws/install/turtlebot3_gazebo/share/turtlebot3_gazebo/cmake/ament_cmake_export_dependencies-extras.cmake
[752.910s] -- Symlinking: /home/ashish/ros2_ws/install/turtlebot3_gazebo/share/turtlebot3_gazebo/cmake/turtlebot3_gazeboConfig.cmake
[752.938s] -- Symlinking: /home/ashish/ros2_ws/install/turtlebot3_gazebo/share/turtlebot3_gazebo/cmake/turtlebot3_gazeboConfig-version.cmake
[752.964s] -- Symlinking: /home/ashish/ros2_ws/install/turtlebot3_gazebo/share/turtlebot3_gazebo/package.xml
[753.029s] Invoked command in '/home/ashish/ros2_ws/build/turtlebot3_gazebo' returned '0': CMAKE_PREFIX_PATH=${CMAKE_PREFIX_PATH}:/home/ashish/ros2_ws/install/turtlebot3_teleop:/home/ashish/ros2_ws/install/turtlebot3_example:/opt/ros/humble /usr/bin/cmake --install /home/ashish/ros2_ws/build/turtlebot3_gazebo
