[0.083s] Invoking command in '/home/ashish/ros2_ws/build/rf2o_laser_odometry': CMAKE_PREFIX_PATH=/home/ashish/ros2_ws/install/turtlebot3:/home/ashish/ros2_ws/install/turtlebot3_simulations:/home/ashish/ros2_ws/install/turtlebot3_bringup:/home/ashish/ros2_ws/install/turtlebot3_node:/home/ashish/ros2_ws/install/turtlebot3_navigation2:/home/ashish/ros2_ws/install/turtlebot3_gazebo:/home/ashish/ros2_ws/install/turtlebot3_fake_node:/home/ashish/ros2_ws/install/turtlebot3_description:/home/ashish/ros2_ws/install/turtlebot3_cartographer:/home/ashish/ros2_ws/install/rplidar_ros:/home/ashish/ros2_ws/install/rf2o_laser_odometry:/home/ashish/ros2_ws/install/cartographer_rviz:/home/ashish/ros2_ws/install/cartographer_ros:/home/ashish/ros2_ws/install/turtlebot3_teleop:/home/ashish/ros2_ws/install/turtlebot3_example:/opt/ros/humble:/home/ashish/ros2_ws/install/cartographer_ros_msgs:/home/ashish/ros2_ws/install/cartographer /usr/bin/cmake --build /home/ashish/ros2_ws/build/rf2o_laser_odometry -- -j4 -l4
[0.312s] [ 60%] Built target rf2o_laser_odometry_node
[0.312s] [100%] Built target rf2o_laser_odometry
[0.347s] Invoked command in '/home/ashish/ros2_ws/build/rf2o_laser_odometry' returned '0': CMAKE_PREFIX_PATH=/home/ashish/ros2_ws/install/turtlebot3:/home/ashish/ros2_ws/install/turtlebot3_simulations:/home/ashish/ros2_ws/install/turtlebot3_bringup:/home/ashish/ros2_ws/install/turtlebot3_node:/home/ashish/ros2_ws/install/turtlebot3_navigation2:/home/ashish/ros2_ws/install/turtlebot3_gazebo:/home/ashish/ros2_ws/install/turtlebot3_fake_node:/home/ashish/ros2_ws/install/turtlebot3_description:/home/ashish/ros2_ws/install/turtlebot3_cartographer:/home/ashish/ros2_ws/install/rplidar_ros:/home/ashish/ros2_ws/install/rf2o_laser_odometry:/home/ashish/ros2_ws/install/cartographer_rviz:/home/ashish/ros2_ws/install/cartographer_ros:/home/ashish/ros2_ws/install/turtlebot3_teleop:/home/ashish/ros2_ws/install/turtlebot3_example:/opt/ros/humble:/home/ashish/ros2_ws/install/cartographer_ros_msgs:/home/ashish/ros2_ws/install/cartographer /usr/bin/cmake --build /home/ashish/ros2_ws/build/rf2o_laser_odometry -- -j4 -l4
[0.348s] Invoking command in '/home/ashish/ros2_ws/build/rf2o_laser_odometry': CMAKE_PREFIX_PATH=/home/ashish/ros2_ws/install/turtlebot3:/home/ashish/ros2_ws/install/turtlebot3_simulations:/home/ashish/ros2_ws/install/turtlebot3_bringup:/home/ashish/ros2_ws/install/turtlebot3_node:/home/ashish/ros2_ws/install/turtlebot3_navigation2:/home/ashish/ros2_ws/install/turtlebot3_gazebo:/home/ashish/ros2_ws/install/turtlebot3_fake_node:/home/ashish/ros2_ws/install/turtlebot3_description:/home/ashish/ros2_ws/install/turtlebot3_cartographer:/home/ashish/ros2_ws/install/rplidar_ros:/home/ashish/ros2_ws/install/rf2o_laser_odometry:/home/ashish/ros2_ws/install/cartographer_rviz:/home/ashish/ros2_ws/install/cartographer_ros:/home/ashish/ros2_ws/install/turtlebot3_teleop:/home/ashish/ros2_ws/install/turtlebot3_example:/opt/ros/humble:/home/ashish/ros2_ws/install/cartographer_ros_msgs:/home/ashish/ros2_ws/install/cartographer /usr/bin/cmake --install /home/ashish/ros2_ws/build/rf2o_laser_odometry
[0.358s] -- Install configuration: ""
[0.359s] -- Execute custom install script
[0.359s] -- Up-to-date symlink: /home/ashish/ros2_ws/install/rf2o_laser_odometry/lib/rf2o_laser_odometry/rf2o_laser_odometry_node
[0.360s] -- Up-to-date symlink: /home/ashish/ros2_ws/install/rf2o_laser_odometry/share/rf2o_laser_odometry/launch/rf2o_laser_odometry.launch.py
[0.361s] -- Up-to-date symlink: /home/ashish/ros2_ws/install/rf2o_laser_odometry/share/ament_index/resource_index/package_run_dependencies/rf2o_laser_odometry
[0.361s] -- Up-to-date symlink: /home/ashish/ros2_ws/install/rf2o_laser_odometry/share/ament_index/resource_index/parent_prefix_path/rf2o_laser_odometry
[0.361s] -- Up-to-date symlink: /home/ashish/ros2_ws/install/rf2o_laser_odometry/share/rf2o_laser_odometry/environment/ament_prefix_path.sh
[0.363s] -- Up-to-date symlink: /home/ashish/ros2_ws/install/rf2o_laser_odometry/share/rf2o_laser_odometry/environment/ament_prefix_path.dsv
[0.364s] -- Up-to-date symlink: /home/ashish/ros2_ws/install/rf2o_laser_odometry/share/rf2o_laser_odometry/environment/path.sh
[0.365s] -- Up-to-date symlink: /home/ashish/ros2_ws/install/rf2o_laser_odometry/share/rf2o_laser_odometry/environment/path.dsv
[0.365s] -- Up-to-date symlink: /home/ashish/ros2_ws/install/rf2o_laser_odometry/share/rf2o_laser_odometry/local_setup.bash
[0.366s] -- Up-to-date symlink: /home/ashish/ros2_ws/install/rf2o_laser_odometry/share/rf2o_laser_odometry/local_setup.sh
[0.371s] -- Up-to-date symlink: /home/ashish/ros2_ws/install/rf2o_laser_odometry/share/rf2o_laser_odometry/local_setup.zsh
[0.372s] -- Up-to-date symlink: /home/ashish/ros2_ws/install/rf2o_laser_odometry/share/rf2o_laser_odometry/local_setup.dsv
[0.375s] -- Symlinking: /home/ashish/ros2_ws/install/rf2o_laser_odometry/share/rf2o_laser_odometry/package.dsv
[0.413s] -- Up-to-date symlink: /home/ashish/ros2_ws/install/rf2o_laser_odometry/share/ament_index/resource_index/packages/rf2o_laser_odometry
[0.413s] -- Up-to-date symlink: /home/ashish/ros2_ws/install/rf2o_laser_odometry/share/rf2o_laser_odometry/cmake/rf2o_laser_odometryConfig.cmake
[0.413s] -- Up-to-date symlink: /home/ashish/ros2_ws/install/rf2o_laser_odometry/share/rf2o_laser_odometry/cmake/rf2o_laser_odometryConfig-version.cmake
[0.415s] -- Up-to-date symlink: /home/ashish/ros2_ws/install/rf2o_laser_odometry/share/rf2o_laser_odometry/package.xml
[0.489s] Invoked command in '/home/ashish/ros2_ws/build/rf2o_laser_odometry' returned '0': CMAKE_PREFIX_PATH=/home/ashish/ros2_ws/install/turtlebot3:/home/ashish/ros2_ws/install/turtlebot3_simulations:/home/ashish/ros2_ws/install/turtlebot3_bringup:/home/ashish/ros2_ws/install/turtlebot3_node:/home/ashish/ros2_ws/install/turtlebot3_navigation2:/home/ashish/ros2_ws/install/turtlebot3_gazebo:/home/ashish/ros2_ws/install/turtlebot3_fake_node:/home/ashish/ros2_ws/install/turtlebot3_description:/home/ashish/ros2_ws/install/turtlebot3_cartographer:/home/ashish/ros2_ws/install/rplidar_ros:/home/ashish/ros2_ws/install/rf2o_laser_odometry:/home/ashish/ros2_ws/install/cartographer_rviz:/home/ashish/ros2_ws/install/cartographer_ros:/home/ashish/ros2_ws/install/turtlebot3_teleop:/home/ashish/ros2_ws/install/turtlebot3_example:/opt/ros/humble:/home/ashish/ros2_ws/install/cartographer_ros_msgs:/home/ashish/ros2_ws/install/cartographer /usr/bin/cmake --install /home/ashish/ros2_ws/build/rf2o_laser_odometry
