[0.114s] Invoking command in '/home/ashish/ros2_ws/build/cartographer': CMAKE_PREFIX_PATH=/home/ashish/ros2_ws/install/turtlebot3:/home/ashish/ros2_ws/install/turtlebot3_simulations:/home/ashish/ros2_ws/install/turtlebot3_bringup:/home/ashish/ros2_ws/install/turtlebot3_node:/home/ashish/ros2_ws/install/turtlebot3_navigation2:/home/ashish/ros2_ws/install/turtlebot3_gazebo:/home/ashish/ros2_ws/install/turtlebot3_fake_node:/home/ashish/ros2_ws/install/turtlebot3_description:/home/ashish/ros2_ws/install/turtlebot3_cartographer:/home/ashish/ros2_ws/install/rplidar_ros:/home/ashish/ros2_ws/install/rf2o_laser_odometry:/home/ashish/ros2_ws/install/cartographer_rviz:/home/ashish/ros2_ws/install/cartographer_ros:/home/ashish/ros2_ws/install/turtlebot3_teleop:/home/ashish/ros2_ws/install/turtlebot3_example:/opt/ros/humble:/home/ashish/ros2_ws/install/cartographer_ros_msgs:/home/ashish/ros2_ws/install/cartographer /usr/bin/cmake --build /home/ashish/ros2_ws/build/cartographer -- -j4 -l4
[0.574s] [  0%] [34m[1mBuilding documentation.[0m
[0.638s] [  1%] Built target gtest
[0.694s] [  1%] Built target cartographer_detect_changes
[0.843s] [  2%] Built target gmock
[0.936s] [  2%] Built target gmock_main
[1.730s] [ 55%] Built target cartographer
[1.850s] [ 56%] Built target cartographer_pbstream
[1.909s] [ 57%] Built target cartographer_autogenerate_ground_truth
[1.921s] [ 57%] Built target cartographer_compute_relations_metrics
[1.957s] [ 57%] Built target cartographer_print_configuration
[2.000s] [ 58%] Built target cartographer_test_library
[2.060s] [ 59%] Built target cartographer.common.fixed_ratio_sampler_test
[2.118s] [ 59%] Built target cartographer.common.configuration_files_test
[2.136s] [ 59%] Built target cartographer.common.internal.blocking_queue_test
[2.219s] [ 60%] Built target cartographer.common.internal.rate_timer_test
[2.271s] [ 60%] Built target cartographer.common.lua_parameter_dictionary_test
[2.333s] [ 61%] Built target cartographer.common.math_test
[2.373s] [01mRunning Sphinx v4.3.2[39;49;00m
[2.414s] [ 62%] Built target cartographer.common.thread_pool_test
[2.429s] [ 62%] Built target cartographer.common.task_test
[2.458s] [ 62%] Built target cartographer.io.fake_file_writer_test
[2.542s] [ 63%] Built target cartographer.io.internal.in_memory_proto_stream_test
[2.562s] [ 64%] Built target cartographer.io.points_processor_pipeline_builder_test
[2.577s] [ 64%] Built target cartographer.io.probability_grid_points_processor_test
[2.658s] [ 65%] Built target cartographer.io.proto_stream_deserializer_test
[2.674s] [ 65%] Built target cartographer.io.proto_stream_test
[2.691s] [ 66%] Built target cartographer.io.serialization_format_migration_test
[2.835s] [ 67%] Built target cartographer.mapping.2d.probability_grid_test
[2.853s] [ 67%] Built target cartographer.mapping.2d.map_limits_test
[2.925s] [ 67%] Built target cartographer.mapping.2d.range_data_inserter_2d_test
[3.005s] [ 68%] Built target cartographer.mapping.2d.submap_2d_test
[3.038s] [ 68%] Built target cartographer.mapping.2d.xy_index_test
[3.122s] [ 69%] Built target cartographer.mapping.3d.hybrid_grid_test
[3.229s] [ 69%] Built target cartographer.mapping.3d.range_data_inserter_3d_test
[3.238s] [ 70%] Built target cartographer.mapping.3d.submap_3d_test
[3.271s] [ 70%] Built target cartographer.mapping.id_test
[3.279s] [01mloading pickled environment... [39;49;00mdone
[3.305s] [01mbuilding [mo]: [39;49;00mtargets for 0 po files that are out of date
[3.335s] [01mbuilding [html]: [39;49;00mtargets for 0 source files that are out of date
[3.336s] [01mupdating environment: [39;49;00m0 added, 0 changed, 0 removed
[3.338s] [01mlooking for now-outdated files... [39;49;00mnone found
[3.338s] [01mno targets are out of date.[39;49;00m
[3.340s] [01mbuild succeeded.[39;49;00m
[3.340s] 
[3.340s] The HTML pages are in html.
[3.396s] [ 70%] Built target cartographer.mapping.internal.2d.normal_estimation_2d_test
[3.419s] [ 71%] Built target cartographer.mapping.imu_tracker_test
[3.458s] [ 72%] Built target cartographer.mapping.internal.2d.overlapping_submaps_trimmer_2d_test
[3.509s] [ 72%] Built target build_doc
[3.544s] [ 72%] Built target cartographer.mapping.internal.2d.pose_graph_2d_test
[3.597s] [ 73%] Built target cartographer.mapping.internal.2d.ray_to_pixel_mask_test
[3.597s] [ 73%] Built target cartographer.mapping.internal.2d.scan_matching.ceres_scan_matcher_2d_test
[3.716s] [ 73%] Built target cartographer.mapping.internal.2d.scan_matching.fast_correlative_scan_matcher_2d_test
[3.722s] [ 74%] Built target cartographer.mapping.internal.2d.scan_matching.correlative_scan_matcher_test
[3.739s] [ 75%] Built target cartographer.mapping.internal.2d.scan_matching.interpolated_tsdf_2d_test
[3.741s] [ 75%] Built target cartographer.mapping.internal.2d.scan_matching.occupied_space_cost_function_2d_test
[3.812s] [ 76%] Built target cartographer.mapping.internal.2d.scan_matching.real_time_correlative_scan_matcher_2d_test
[3.817s] [ 76%] Built target cartographer.mapping.internal.2d.scan_matching.tsdf_match_cost_function_2d_test
[3.870s] [ 76%] Built target cartographer.mapping.internal.2d.tsdf_2d_test
[3.876s] [ 77%] Built target cartographer.mapping.internal.2d.tsd_value_converter_test
[3.951s] [ 78%] Built target cartographer.mapping.internal.2d.tsdf_range_data_inserter_2d_test
[3.962s] [ 78%] Built target cartographer.mapping.internal.3d.local_trajectory_builder_3d_test
[4.018s] [ 79%] Built target cartographer.mapping.internal.3d.scan_matching.ceres_scan_matcher_3d_test
[4.058s] [ 80%] Built target cartographer.mapping.internal.3d.pose_graph_3d_test
[4.127s] [ 80%] Built target cartographer.mapping.internal.3d.scan_matching.fast_correlative_scan_matcher_3d_test
[4.151s] [ 81%] Built target cartographer.mapping.internal.3d.scan_matching.intensity_cost_function_3d_test
[4.169s] [ 81%] Built target cartographer.mapping.internal.3d.scan_matching.interpolated_grid_test
[4.210s] [ 82%] Built target cartographer.mapping.internal.3d.scan_matching.precomputation_grid_3d_test
[4.275s] [ 82%] Built target cartographer.mapping.internal.3d.scan_matching.real_time_correlative_scan_matcher_3d_test
[4.283s] [ 83%] Built target cartographer.mapping.internal.3d.scan_matching.rotation_delta_cost_functor_3d_test
[4.284s] [ 83%] Built target cartographer.mapping.internal.3d.scan_matching.rotational_scan_matcher_test
[4.378s] [ 84%] Built target cartographer.mapping.internal.connected_components_test
[4.388s] [ 84%] Built target cartographer.mapping.internal.constraints.constraint_builder_2d_test
[4.412s] [ 84%] Built target cartographer.mapping.internal.motion_filter_test
[4.491s] [ 85%] Built target cartographer.mapping.internal.constraints.constraint_builder_3d_test
[4.544s] [ 86%] Built target cartographer.mapping.internal.optimization.cost_functions.landmark_cost_function_2d_test
[4.584s] [ 86%] Built target cartographer.mapping.internal.optimization.cost_functions.landmark_cost_function_3d_test
[4.584s] [ 87%] Built target cartographer.mapping.internal.optimization.cost_functions.spa_cost_function_2d_test
[4.641s] [ 87%] Built target cartographer.mapping.internal.optimization.optimization_problem_3d_test
[4.724s] [ 88%] Built target cartographer.mapping.internal.range_data_collator_test
[4.753s] [ 88%] Built target cartographer.mapping.pose_extrapolator_test
[4.754s] [ 89%] Built target cartographer.mapping.map_builder_test
[4.766s] [ 89%] Built target cartographer.mapping.internal.trajectory_connectivity_state_test
[4.910s] [ 90%] Built target cartographer.mapping.pose_graph_test
[4.958s] [ 90%] Built target cartographer.mapping.pose_graph_trimmer_test
[5.003s] [ 90%] Built target cartographer.mapping.submaps_test
[5.027s] [ 91%] Built target cartographer.mapping.trajectory_node_test
[5.027s] [ 92%] Built target cartographer.mapping.probability_values_test
[5.115s] [ 93%] Built target cartographer.sensor.compressed_point_cloud_test
[5.223s] [ 93%] Built target cartographer.sensor.internal.collator_test
[5.233s] [ 94%] Built target cartographer.sensor.internal.ordered_multi_queue_test
[5.234s] [ 94%] Built target cartographer.mapping.value_conversion_tables_test
[5.255s] [ 94%] Built target cartographer.sensor.internal.trajectory_collator_test
[5.350s] [ 95%] Built target cartographer.sensor.internal.voxel_filter_test
[5.395s] [ 95%] Built target cartographer.sensor.landmark_data_test
[5.395s] [ 96%] Built target cartographer.sensor.point_cloud_test
[5.424s] [ 97%] Built target cartographer.sensor.map_by_time_test
[5.516s] [ 97%] Built target cartographer.sensor.range_data_test
[5.537s] [ 98%] Built target cartographer.transform.rigid_transform_test
[5.556s] [ 98%] Built target cartographer.transform.timestamped_transform_test
[5.602s] [100%] Built target cartographer.transform.transform_interpolation_buffer_test
[5.652s] [100%] Built target cartographer.transform.transform_test
[5.675s] Invoked command in '/home/ashish/ros2_ws/build/cartographer' returned '0': CMAKE_PREFIX_PATH=/home/ashish/ros2_ws/install/turtlebot3:/home/ashish/ros2_ws/install/turtlebot3_simulations:/home/ashish/ros2_ws/install/turtlebot3_bringup:/home/ashish/ros2_ws/install/turtlebot3_node:/home/ashish/ros2_ws/install/turtlebot3_navigation2:/home/ashish/ros2_ws/install/turtlebot3_gazebo:/home/ashish/ros2_ws/install/turtlebot3_fake_node:/home/ashish/ros2_ws/install/turtlebot3_description:/home/ashish/ros2_ws/install/turtlebot3_cartographer:/home/ashish/ros2_ws/install/rplidar_ros:/home/ashish/ros2_ws/install/rf2o_laser_odometry:/home/ashish/ros2_ws/install/cartographer_rviz:/home/ashish/ros2_ws/install/cartographer_ros:/home/ashish/ros2_ws/install/turtlebot3_teleop:/home/ashish/ros2_ws/install/turtlebot3_example:/opt/ros/humble:/home/ashish/ros2_ws/install/cartographer_ros_msgs:/home/ashish/ros2_ws/install/cartographer /usr/bin/cmake --build /home/ashish/ros2_ws/build/cartographer -- -j4 -l4
[5.691s] Invoking command in '/home/ashish/ros2_ws/build/cartographer': CMAKE_PREFIX_PATH=/home/ashish/ros2_ws/install/turtlebot3:/home/ashish/ros2_ws/install/turtlebot3_simulations:/home/ashish/ros2_ws/install/turtlebot3_bringup:/home/ashish/ros2_ws/install/turtlebot3_node:/home/ashish/ros2_ws/install/turtlebot3_navigation2:/home/ashish/ros2_ws/install/turtlebot3_gazebo:/home/ashish/ros2_ws/install/turtlebot3_fake_node:/home/ashish/ros2_ws/install/turtlebot3_description:/home/ashish/ros2_ws/install/turtlebot3_cartographer:/home/ashish/ros2_ws/install/rplidar_ros:/home/ashish/ros2_ws/install/rf2o_laser_odometry:/home/ashish/ros2_ws/install/cartographer_rviz:/home/ashish/ros2_ws/install/cartographer_ros:/home/ashish/ros2_ws/install/turtlebot3_teleop:/home/ashish/ros2_ws/install/turtlebot3_example:/opt/ros/humble:/home/ashish/ros2_ws/install/cartographer_ros_msgs:/home/ashish/ros2_ws/install/cartographer /usr/bin/cmake --install /home/ashish/ros2_ws/build/cartographer
[5.709s] -- Install configuration: "Release"
[5.709s] -- Up-to-date: /home/ashish/ros2_ws/install/cartographer/share/cartographer/package.xml
[5.709s] -- Up-to-date: /home/ashish/ros2_ws/install/cartographer/share/cartographer//configuration_files
[5.712s] -- Up-to-date: /home/ashish/ros2_ws/install/cartographer/share/cartographer//configuration_files/trajectory_builder.lua
[5.713s] -- Up-to-date: /home/ashish/ros2_ws/install/cartographer/share/cartographer//configuration_files/trajectory_builder_2d.lua
[5.713s] -- Up-to-date: /home/ashish/ros2_ws/install/cartographer/share/cartographer//configuration_files/trajectory_builder_3d.lua
[5.718s] -- Up-to-date: /home/ashish/ros2_ws/install/cartographer/share/cartographer//configuration_files/map_builder_server.lua
[5.719s] -- Up-to-date: /home/ashish/ros2_ws/install/cartographer/share/cartographer//configuration_files/pose_graph.lua
[5.719s] -- Up-to-date: /home/ashish/ros2_ws/install/cartographer/share/cartographer//configuration_files/map_builder.lua
[5.719s] -- Up-to-date: /home/ashish/ros2_ws/install/cartographer/share/cartographer//cmake
[5.719s] -- Up-to-date: /home/ashish/ros2_ws/install/cartographer/share/cartographer//cmake/modules
[5.719s] -- Up-to-date: /home/ashish/ros2_ws/install/cartographer/share/cartographer//cmake/modules/FindGMock.cmake
[5.719s] -- Up-to-date: /home/ashish/ros2_ws/install/cartographer/share/cartographer//cmake/modules/FindLuaGoogle.cmake
[5.719s] -- Up-to-date: /home/ashish/ros2_ws/install/cartographer/share/cartographer//cmake/modules/FindSphinx.cmake
[5.719s] -- Up-to-date: /home/ashish/ros2_ws/install/cartographer/share/cartographer//cmake/modules/FindEigen3.cmake
[5.720s] -- Up-to-date: /home/ashish/ros2_ws/install/cartographer/share/cartographer//cmake/functions.cmake
[5.720s] -- Up-to-date: /home/ashish/ros2_ws/install/cartographer/bin/cartographer_autogenerate_ground_truth
[5.736s] -- Up-to-date: /home/ashish/ros2_ws/install/cartographer/bin/cartographer_compute_relations_metrics
[5.736s] -- Up-to-date: /home/ashish/ros2_ws/install/cartographer/bin/cartographer_pbstream
[5.736s] -- Up-to-date: /home/ashish/ros2_ws/install/cartographer/bin/cartographer_print_configuration
[5.736s] -- Up-to-date: /home/ashish/ros2_ws/install/cartographer/lib/libcartographer.a
[5.739s] -- Up-to-date: /home/ashish/ros2_ws/install/cartographer/include/cartographer/common/configuration_file_resolver.h
[5.739s] -- Up-to-date: /home/ashish/ros2_ws/install/cartographer/include/cartographer/common/fixed_ratio_sampler.h
[5.739s] -- Up-to-date: /home/ashish/ros2_ws/install/cartographer/include/cartographer/common/histogram.h
[5.740s] -- Up-to-date: /home/ashish/ros2_ws/install/cartographer/include/cartographer/common/lua.h
[5.747s] -- Up-to-date: /home/ashish/ros2_ws/install/cartographer/include/cartographer/common/lua_parameter_dictionary.h
[5.747s] -- Up-to-date: /home/ashish/ros2_ws/install/cartographer/include/cartographer/common/math.h
[5.747s] -- Up-to-date: /home/ashish/ros2_ws/install/cartographer/include/cartographer/common/port.h
[5.747s] -- Up-to-date: /home/ashish/ros2_ws/install/cartographer/include/cartographer/common/task.h
[5.747s] -- Up-to-date: /home/ashish/ros2_ws/install/cartographer/include/cartographer/common/thread_pool.h
[5.747s] -- Up-to-date: /home/ashish/ros2_ws/install/cartographer/include/cartographer/common/time.h
[5.748s] -- Up-to-date: /home/ashish/ros2_ws/install/cartographer/include/cartographer/ground_truth/autogenerate_ground_truth.h
[5.748s] -- Up-to-date: /home/ashish/ros2_ws/install/cartographer/include/cartographer/ground_truth/relations_text_file.h
[5.750s] -- Up-to-date: /home/ashish/ros2_ws/install/cartographer/include/cartographer/io/color.h
[5.753s] -- Up-to-date: /home/ashish/ros2_ws/install/cartographer/include/cartographer/io/coloring_points_processor.h
[5.753s] -- Up-to-date: /home/ashish/ros2_ws/install/cartographer/include/cartographer/io/counting_points_processor.h
[5.753s] -- Up-to-date: /home/ashish/ros2_ws/install/cartographer/include/cartographer/io/draw_trajectories.h
[5.753s] -- Up-to-date: /home/ashish/ros2_ws/install/cartographer/include/cartographer/io/file_writer.h
[5.753s] -- Up-to-date: /home/ashish/ros2_ws/install/cartographer/include/cartographer/io/fixed_ratio_sampling_points_processor.h
[5.753s] -- Up-to-date: /home/ashish/ros2_ws/install/cartographer/include/cartographer/io/frame_id_filtering_points_processor.h
[5.753s] -- Up-to-date: /home/ashish/ros2_ws/install/cartographer/include/cartographer/io/hybrid_grid_points_processor.h
[5.753s] -- Up-to-date: /home/ashish/ros2_ws/install/cartographer/include/cartographer/io/image.h
[5.753s] -- Up-to-date: /home/ashish/ros2_ws/install/cartographer/include/cartographer/io/intensity_to_color_points_processor.h
[5.753s] -- Up-to-date: /home/ashish/ros2_ws/install/cartographer/include/cartographer/io/min_max_range_filtering_points_processor.h
[5.753s] -- Up-to-date: /home/ashish/ros2_ws/install/cartographer/include/cartographer/io/null_points_processor.h
[5.754s] -- Up-to-date: /home/ashish/ros2_ws/install/cartographer/include/cartographer/io/outlier_removing_points_processor.h
[5.754s] -- Up-to-date: /home/ashish/ros2_ws/install/cartographer/include/cartographer/io/pcd_writing_points_processor.h
[5.754s] -- Up-to-date: /home/ashish/ros2_ws/install/cartographer/include/cartographer/io/ply_writing_points_processor.h
[5.754s] -- Up-to-date: /home/ashish/ros2_ws/install/cartographer/include/cartographer/io/points_batch.h
[5.754s] -- Up-to-date: /home/ashish/ros2_ws/install/cartographer/include/cartographer/io/points_processor.h
[5.754s] -- Up-to-date: /home/ashish/ros2_ws/install/cartographer/include/cartographer/io/points_processor_pipeline_builder.h
[5.754s] -- Up-to-date: /home/ashish/ros2_ws/install/cartographer/include/cartographer/io/probability_grid_points_processor.h
[5.754s] -- Up-to-date: /home/ashish/ros2_ws/install/cartographer/include/cartographer/io/proto_stream.h
[5.754s] -- Up-to-date: /home/ashish/ros2_ws/install/cartographer/include/cartographer/io/proto_stream_deserializer.h
[5.755s] -- Up-to-date: /home/ashish/ros2_ws/install/cartographer/include/cartographer/io/proto_stream_interface.h
[5.755s] -- Up-to-date: /home/ashish/ros2_ws/install/cartographer/include/cartographer/io/serialization_format_migration.h
[5.756s] -- Up-to-date: /home/ashish/ros2_ws/install/cartographer/include/cartographer/io/submap_painter.h
[5.756s] -- Up-to-date: /home/ashish/ros2_ws/install/cartographer/include/cartographer/io/vertical_range_filtering_points_processor.h
[5.756s] -- Up-to-date: /home/ashish/ros2_ws/install/cartographer/include/cartographer/io/xray_points_processor.h
[5.756s] -- Up-to-date: /home/ashish/ros2_ws/install/cartographer/include/cartographer/io/xyz_writing_points_processor.h
[5.758s] -- Up-to-date: /home/ashish/ros2_ws/install/cartographer/include/cartographer/mapping/2d/grid_2d.h
[5.759s] -- Up-to-date: /home/ashish/ros2_ws/install/cartographer/include/cartographer/mapping/2d/map_limits.h
[5.759s] -- Up-to-date: /home/ashish/ros2_ws/install/cartographer/include/cartographer/mapping/2d/probability_grid.h
[5.759s] -- Up-to-date: /home/ashish/ros2_ws/install/cartographer/include/cartographer/mapping/2d/probability_grid_range_data_inserter_2d.h
[5.759s] -- Up-to-date: /home/ashish/ros2_ws/install/cartographer/include/cartographer/mapping/2d/submap_2d.h
[5.764s] -- Up-to-date: /home/ashish/ros2_ws/install/cartographer/include/cartographer/mapping/2d/xy_index.h
[5.765s] -- Up-to-date: /home/ashish/ros2_ws/install/cartographer/include/cartographer/mapping/3d/hybrid_grid.h
[5.767s] -- Up-to-date: /home/ashish/ros2_ws/install/cartographer/include/cartographer/mapping/3d/range_data_inserter_3d.h
[5.767s] -- Up-to-date: /home/ashish/ros2_ws/install/cartographer/include/cartographer/mapping/3d/submap_3d.h
[5.767s] -- Up-to-date: /home/ashish/ros2_ws/install/cartographer/include/cartographer/mapping/detect_floors.h
[5.768s] -- Up-to-date: /home/ashish/ros2_ws/install/cartographer/include/cartographer/mapping/grid_interface.h
[5.768s] -- Up-to-date: /home/ashish/ros2_ws/install/cartographer/include/cartographer/mapping/id.h
[5.768s] -- Up-to-date: /home/ashish/ros2_ws/install/cartographer/include/cartographer/mapping/imu_tracker.h
[5.768s] -- Up-to-date: /home/ashish/ros2_ws/install/cartographer/include/cartographer/mapping/map_builder.h
[5.768s] -- Up-to-date: /home/ashish/ros2_ws/install/cartographer/include/cartographer/mapping/map_builder_interface.h
[5.768s] -- Up-to-date: /home/ashish/ros2_ws/install/cartographer/include/cartographer/mapping/pose_extrapolator.h
[5.768s] -- Up-to-date: /home/ashish/ros2_ws/install/cartographer/include/cartographer/mapping/pose_extrapolator_interface.h
[5.768s] -- Up-to-date: /home/ashish/ros2_ws/install/cartographer/include/cartographer/mapping/pose_graph.h
[5.769s] -- Up-to-date: /home/ashish/ros2_ws/install/cartographer/include/cartographer/mapping/pose_graph_interface.h
[5.769s] -- Up-to-date: /home/ashish/ros2_ws/install/cartographer/include/cartographer/mapping/pose_graph_trimmer.h
[5.769s] -- Up-to-date: /home/ashish/ros2_ws/install/cartographer/include/cartographer/mapping/probability_values.h
[5.769s] -- Up-to-date: /home/ashish/ros2_ws/install/cartographer/include/cartographer/mapping/range_data_inserter_interface.h
[5.769s] -- Up-to-date: /home/ashish/ros2_ws/install/cartographer/include/cartographer/mapping/submaps.h
[5.769s] -- Up-to-date: /home/ashish/ros2_ws/install/cartographer/include/cartographer/mapping/trajectory_builder_interface.h
[5.770s] -- Up-to-date: /home/ashish/ros2_ws/install/cartographer/include/cartographer/mapping/trajectory_node.h
[5.770s] -- Up-to-date: /home/ashish/ros2_ws/install/cartographer/include/cartographer/mapping/value_conversion_tables.h
[5.770s] -- Up-to-date: /home/ashish/ros2_ws/install/cartographer/include/cartographer/metrics/counter.h
[5.770s] -- Up-to-date: /home/ashish/ros2_ws/install/cartographer/include/cartographer/metrics/family_factory.h
[5.771s] -- Up-to-date: /home/ashish/ros2_ws/install/cartographer/include/cartographer/metrics/gauge.h
[5.772s] -- Up-to-date: /home/ashish/ros2_ws/install/cartographer/include/cartographer/metrics/histogram.h
[5.772s] -- Up-to-date: /home/ashish/ros2_ws/install/cartographer/include/cartographer/metrics/register.h
[5.775s] -- Up-to-date: /home/ashish/ros2_ws/install/cartographer/include/cartographer/sensor/collator_interface.h
[5.776s] -- Up-to-date: /home/ashish/ros2_ws/install/cartographer/include/cartographer/sensor/compressed_point_cloud.h
[5.776s] -- Up-to-date: /home/ashish/ros2_ws/install/cartographer/include/cartographer/sensor/data.h
[5.776s] -- Up-to-date: /home/ashish/ros2_ws/install/cartographer/include/cartographer/sensor/fixed_frame_pose_data.h
[5.776s] -- Up-to-date: /home/ashish/ros2_ws/install/cartographer/include/cartographer/sensor/imu_data.h
[5.777s] -- Up-to-date: /home/ashish/ros2_ws/install/cartographer/include/cartographer/sensor/landmark_data.h
[5.777s] -- Up-to-date: /home/ashish/ros2_ws/install/cartographer/include/cartographer/sensor/map_by_time.h
[5.777s] -- Up-to-date: /home/ashish/ros2_ws/install/cartographer/include/cartographer/sensor/odometry_data.h
[5.777s] -- Up-to-date: /home/ashish/ros2_ws/install/cartographer/include/cartographer/sensor/point_cloud.h
[5.777s] -- Up-to-date: /home/ashish/ros2_ws/install/cartographer/include/cartographer/sensor/range_data.h
[5.777s] -- Up-to-date: /home/ashish/ros2_ws/install/cartographer/include/cartographer/sensor/rangefinder_point.h
[5.777s] -- Up-to-date: /home/ashish/ros2_ws/install/cartographer/include/cartographer/sensor/timed_point_cloud_data.h
[5.778s] -- Up-to-date: /home/ashish/ros2_ws/install/cartographer/include/cartographer/transform/rigid_transform.h
[5.778s] -- Up-to-date: /home/ashish/ros2_ws/install/cartographer/include/cartographer/transform/timestamped_transform.h
[5.779s] -- Up-to-date: /home/ashish/ros2_ws/install/cartographer/include/cartographer/transform/transform.h
[5.779s] -- Up-to-date: /home/ashish/ros2_ws/install/cartographer/include/cartographer/transform/transform_interpolation_buffer.h
[5.779s] -- Up-to-date: /home/ashish/ros2_ws/install/cartographer/include/cartographer/io/fake_file_writer.h
[5.779s] -- Up-to-date: /home/ashish/ros2_ws/install/cartographer/include/cartographer/transform/rigid_transform_test_helpers.h
[5.784s] -- Up-to-date: /home/ashish/ros2_ws/install/cartographer/include/cartographer/common/proto/ceres_solver_options.pb.h
[5.784s] -- Up-to-date: /home/ashish/ros2_ws/install/cartographer/include/cartographer/ground_truth/proto/relations.pb.h
[5.786s] -- Up-to-date: /home/ashish/ros2_ws/install/cartographer/include/cartographer/mapping/proto/cell_limits_2d.pb.h
[5.786s] -- Up-to-date: /home/ashish/ros2_ws/install/cartographer/include/cartographer/mapping/proto/connected_components.pb.h
[5.786s] -- Up-to-date: /home/ashish/ros2_ws/install/cartographer/include/cartographer/mapping/proto/grid_2d.pb.h
[5.786s] -- Up-to-date: /home/ashish/ros2_ws/install/cartographer/include/cartographer/mapping/proto/grid_2d_options.pb.h
[5.786s] -- Up-to-date: /home/ashish/ros2_ws/install/cartographer/include/cartographer/mapping/proto/hybrid_grid.pb.h
[5.786s] -- Up-to-date: /home/ashish/ros2_ws/install/cartographer/include/cartographer/mapping/proto/local_trajectory_builder_options_2d.pb.h
[5.786s] -- Up-to-date: /home/ashish/ros2_ws/install/cartographer/include/cartographer/mapping/proto/local_trajectory_builder_options_3d.pb.h
[5.786s] -- Up-to-date: /home/ashish/ros2_ws/install/cartographer/include/cartographer/mapping/proto/map_builder_options.pb.h
[5.786s] -- Up-to-date: /home/ashish/ros2_ws/install/cartographer/include/cartographer/mapping/proto/map_limits.pb.h
[5.786s] -- Up-to-date: /home/ashish/ros2_ws/install/cartographer/include/cartographer/mapping/proto/motion_filter_options.pb.h
[5.787s] -- Up-to-date: /home/ashish/ros2_ws/install/cartographer/include/cartographer/mapping/proto/normal_estimation_options_2d.pb.h
[5.787s] -- Up-to-date: /home/ashish/ros2_ws/install/cartographer/include/cartographer/mapping/proto/pose_extrapolator_options.pb.h
[5.787s] -- Up-to-date: /home/ashish/ros2_ws/install/cartographer/include/cartographer/mapping/proto/pose_graph.pb.h
[5.787s] -- Up-to-date: /home/ashish/ros2_ws/install/cartographer/include/cartographer/mapping/proto/pose_graph/constraint_builder_options.pb.h
[5.788s] -- Up-to-date: /home/ashish/ros2_ws/install/cartographer/include/cartographer/mapping/proto/pose_graph/optimization_problem_options.pb.h
[5.788s] -- Up-to-date: /home/ashish/ros2_ws/install/cartographer/include/cartographer/mapping/proto/pose_graph_options.pb.h
[5.788s] -- Up-to-date: /home/ashish/ros2_ws/install/cartographer/include/cartographer/mapping/proto/probability_grid.pb.h
[5.788s] -- Up-to-date: /home/ashish/ros2_ws/install/cartographer/include/cartographer/mapping/proto/probability_grid_range_data_inserter_options_2d.pb.h
[5.788s] -- Up-to-date: /home/ashish/ros2_ws/install/cartographer/include/cartographer/mapping/proto/range_data_inserter_options.pb.h
[5.788s] -- Up-to-date: /home/ashish/ros2_ws/install/cartographer/include/cartographer/mapping/proto/range_data_inserter_options_3d.pb.h
[5.816s] -- Up-to-date: /home/ashish/ros2_ws/install/cartographer/include/cartographer/mapping/proto/scan_matching/ceres_scan_matcher_options_2d.pb.h
[5.816s] -- Up-to-date: /home/ashish/ros2_ws/install/cartographer/include/cartographer/mapping/proto/scan_matching/ceres_scan_matcher_options_3d.pb.h
[5.816s] -- Up-to-date: /home/ashish/ros2_ws/install/cartographer/include/cartographer/mapping/proto/scan_matching/fast_correlative_scan_matcher_options_2d.pb.h
[5.816s] -- Up-to-date: /home/ashish/ros2_ws/install/cartographer/include/cartographer/mapping/proto/scan_matching/fast_correlative_scan_matcher_options_3d.pb.h
[5.816s] -- Up-to-date: /home/ashish/ros2_ws/install/cartographer/include/cartographer/mapping/proto/scan_matching/real_time_correlative_scan_matcher_options.pb.h
[5.818s] -- Up-to-date: /home/ashish/ros2_ws/install/cartographer/include/cartographer/mapping/proto/serialization.pb.h
[5.819s] -- Up-to-date: /home/ashish/ros2_ws/install/cartographer/include/cartographer/mapping/proto/submap.pb.h
[5.819s] -- Up-to-date: /home/ashish/ros2_ws/install/cartographer/include/cartographer/mapping/proto/submap_visualization.pb.h
[5.820s] -- Up-to-date: /home/ashish/ros2_ws/install/cartographer/include/cartographer/mapping/proto/submaps_options_2d.pb.h
[5.820s] -- Up-to-date: /home/ashish/ros2_ws/install/cartographer/include/cartographer/mapping/proto/submaps_options_3d.pb.h
[5.820s] -- Up-to-date: /home/ashish/ros2_ws/install/cartographer/include/cartographer/mapping/proto/trajectory.pb.h
[5.821s] -- Up-to-date: /home/ashish/ros2_ws/install/cartographer/include/cartographer/mapping/proto/trajectory_builder_options.pb.h
[5.821s] -- Up-to-date: /home/ashish/ros2_ws/install/cartographer/include/cartographer/mapping/proto/trajectory_node_data.pb.h
[5.821s] -- Up-to-date: /home/ashish/ros2_ws/install/cartographer/include/cartographer/mapping/proto/tsdf_2d.pb.h
[5.821s] -- Up-to-date: /home/ashish/ros2_ws/install/cartographer/include/cartographer/mapping/proto/tsdf_range_data_inserter_options_2d.pb.h
[5.826s] -- Up-to-date: /home/ashish/ros2_ws/install/cartographer/include/cartographer/sensor/proto/adaptive_voxel_filter_options.pb.h
[5.826s] -- Up-to-date: /home/ashish/ros2_ws/install/cartographer/include/cartographer/sensor/proto/sensor.pb.h
[5.831s] -- Up-to-date: /home/ashish/ros2_ws/install/cartographer/include/cartographer/transform/proto/timestamped_transform.pb.h
[5.831s] -- Up-to-date: /home/ashish/ros2_ws/install/cartographer/include/cartographer/transform/proto/transform.pb.h
[5.836s] -- Up-to-date: /home/ashish/ros2_ws/install/cartographer/share/cartographer/cmake/CartographerTargets.cmake
[5.836s] -- Up-to-date: /home/ashish/ros2_ws/install/cartographer/share/cartographer/cmake/CartographerTargets-release.cmake
[5.839s] -- Up-to-date: /home/ashish/ros2_ws/install/cartographer/share/cartographer/cartographer-config.cmake
[5.848s] Invoked command in '/home/ashish/ros2_ws/build/cartographer' returned '0': CMAKE_PREFIX_PATH=/home/ashish/ros2_ws/install/turtlebot3:/home/ashish/ros2_ws/install/turtlebot3_simulations:/home/ashish/ros2_ws/install/turtlebot3_bringup:/home/ashish/ros2_ws/install/turtlebot3_node:/home/ashish/ros2_ws/install/turtlebot3_navigation2:/home/ashish/ros2_ws/install/turtlebot3_gazebo:/home/ashish/ros2_ws/install/turtlebot3_fake_node:/home/ashish/ros2_ws/install/turtlebot3_description:/home/ashish/ros2_ws/install/turtlebot3_cartographer:/home/ashish/ros2_ws/install/rplidar_ros:/home/ashish/ros2_ws/install/rf2o_laser_odometry:/home/ashish/ros2_ws/install/cartographer_rviz:/home/ashish/ros2_ws/install/cartographer_ros:/home/ashish/ros2_ws/install/turtlebot3_teleop:/home/ashish/ros2_ws/install/turtlebot3_example:/opt/ros/humble:/home/ashish/ros2_ws/install/cartographer_ros_msgs:/home/ashish/ros2_ws/install/cartographer /usr/bin/cmake --install /home/ashish/ros2_ws/build/cartographer
