[0.026s] Invoking command in '/home/ashish/ros2_ws/build/rplidar_ros': CMAKE_PREFIX_PATH=${CMAKE_PREFIX_PATH}:/home/ashish/ros2_ws/install/turtlebot3_teleop:/home/ashish/ros2_ws/install/turtlebot3_example:/opt/ros/humble /usr/bin/cmake --build /home/ashish/ros2_ws/build/rplidar_ros -- -j4 -l4
[0.229s] [ 77%] Built target rplidar_composition_node
[0.388s] [100%] Built target rplidar_composition
[0.420s] Invoked command in '/home/ashish/ros2_ws/build/rplidar_ros' returned '0': CMAKE_PREFIX_PATH=${CMAKE_PREFIX_PATH}:/home/ashish/ros2_ws/install/turtlebot3_teleop:/home/ashish/ros2_ws/install/turtlebot3_example:/opt/ros/humble /usr/bin/cmake --build /home/ashish/ros2_ws/build/rplidar_ros -- -j4 -l4
[0.427s] Invoking command in '/home/ashish/ros2_ws/build/rplidar_ros': CMAKE_PREFIX_PATH=${CMAKE_PREFIX_PATH}:/home/ashish/ros2_ws/install/turtlebot3_teleop:/home/ashish/ros2_ws/install/turtlebot3_example:/opt/ros/humble /usr/bin/cmake --install /home/ashish/ros2_ws/build/rplidar_ros
[0.452s] -- Install configuration: ""
[0.454s] -- Execute custom install script
[0.461s] -- Up-to-date symlink: /home/ashish/ros2_ws/install/rplidar_ros/lib/rplidar_ros/rplidar_composition
[0.462s] -- Up-to-date symlink: /home/ashish/ros2_ws/install/rplidar_ros/share/rplidar_ros/launch/rplidar.launch.py
[0.475s] -- Up-to-date symlink: /home/ashish/ros2_ws/install/rplidar_ros/share/rplidar_ros/launch/rplidar_a3.launch.py
[0.475s] -- Up-to-date symlink: /home/ashish/ros2_ws/install/rplidar_ros/share/rplidar_ros/launch/rplidar_s1.launch.py
[0.488s] -- Up-to-date symlink: /home/ashish/ros2_ws/install/rplidar_ros/share/rplidar_ros/launch/rplidar_s1_tcp.launch.py
[0.491s] -- Up-to-date symlink: /home/ashish/ros2_ws/install/rplidar_ros/share/rplidar_ros/launch/test_rplidar_a3.launch.py
[0.491s] -- Up-to-date symlink: /home/ashish/ros2_ws/install/rplidar_ros/share/rplidar_ros/launch/view_rplidar.launch.py
[0.492s] -- Up-to-date symlink: /home/ashish/ros2_ws/install/rplidar_ros/share/rplidar_ros/launch/view_rplidar_a3.launch.py
[0.493s] -- Up-to-date symlink: /home/ashish/ros2_ws/install/rplidar_ros/share/rplidar_ros/launch/view_rplidar_s1.launch.py
[0.494s] -- Up-to-date symlink: /home/ashish/ros2_ws/install/rplidar_ros/share/rplidar_ros/launch/view_rplidar_s1_tcp.launch.py
[0.496s] -- Up-to-date symlink: /home/ashish/ros2_ws/install/rplidar_ros/share/rplidar_ros/rviz/rplidar.rviz
[0.499s] -- Up-to-date symlink: /home/ashish/ros2_ws/install/rplidar_ros/lib/librplidar_composition_node.so
[0.502s] -- Up-to-date symlink: /home/ashish/ros2_ws/install/rplidar_ros/include/rplidar_node.hpp
[0.502s] -- Up-to-date symlink: /home/ashish/ros2_ws/install/rplidar_ros/include/visibility.h
[0.504s] -- Up-to-date symlink: /home/ashish/ros2_ws/install/rplidar_ros/lib/rplidar_ros/rplidar_composition
[0.505s] -- Up-to-date symlink: /home/ashish/ros2_ws/install/rplidar_ros/share/ament_index/resource_index/package_run_dependencies/rplidar_ros
[0.507s] -- Up-to-date symlink: /home/ashish/ros2_ws/install/rplidar_ros/share/ament_index/resource_index/parent_prefix_path/rplidar_ros
[0.508s] -- Up-to-date symlink: /home/ashish/ros2_ws/install/rplidar_ros/share/rplidar_ros/environment/ament_prefix_path.sh
[0.509s] -- Up-to-date symlink: /home/ashish/ros2_ws/install/rplidar_ros/share/rplidar_ros/environment/ament_prefix_path.dsv
[0.513s] -- Up-to-date symlink: /home/ashish/ros2_ws/install/rplidar_ros/share/rplidar_ros/environment/path.sh
[0.513s] -- Up-to-date symlink: /home/ashish/ros2_ws/install/rplidar_ros/share/rplidar_ros/environment/path.dsv
[0.513s] -- Up-to-date symlink: /home/ashish/ros2_ws/install/rplidar_ros/share/rplidar_ros/local_setup.bash
[0.515s] -- Up-to-date symlink: /home/ashish/ros2_ws/install/rplidar_ros/share/rplidar_ros/local_setup.sh
[0.516s] -- Up-to-date symlink: /home/ashish/ros2_ws/install/rplidar_ros/share/rplidar_ros/local_setup.zsh
[0.516s] -- Up-to-date symlink: /home/ashish/ros2_ws/install/rplidar_ros/share/rplidar_ros/local_setup.dsv
[0.516s] -- Symlinking: /home/ashish/ros2_ws/install/rplidar_ros/share/rplidar_ros/package.dsv
[0.530s] -- Up-to-date symlink: /home/ashish/ros2_ws/install/rplidar_ros/share/ament_index/resource_index/packages/rplidar_ros
[0.531s] -- Up-to-date symlink: /home/ashish/ros2_ws/install/rplidar_ros/share/ament_index/resource_index/rclcpp_components/rplidar_ros
[0.534s] -- Up-to-date symlink: /home/ashish/ros2_ws/install/rplidar_ros/share/rplidar_ros/cmake/ament_cmake_export_dependencies-extras.cmake
[0.535s] -- Up-to-date symlink: /home/ashish/ros2_ws/install/rplidar_ros/share/rplidar_ros/cmake/ament_cmake_export_include_directories-extras.cmake
[0.536s] -- Up-to-date symlink: /home/ashish/ros2_ws/install/rplidar_ros/share/rplidar_ros/cmake/rplidar_rosConfig.cmake
[0.537s] -- Up-to-date symlink: /home/ashish/ros2_ws/install/rplidar_ros/share/rplidar_ros/cmake/rplidar_rosConfig-version.cmake
[0.537s] -- Up-to-date symlink: /home/ashish/ros2_ws/install/rplidar_ros/share/rplidar_ros/package.xml
[0.558s] Invoked command in '/home/ashish/ros2_ws/build/rplidar_ros' returned '0': CMAKE_PREFIX_PATH=${CMAKE_PREFIX_PATH}:/home/ashish/ros2_ws/install/turtlebot3_teleop:/home/ashish/ros2_ws/install/turtlebot3_example:/opt/ros/humble /usr/bin/cmake --install /home/ashish/ros2_ws/build/rplidar_ros
