[1.782s] Invoking command in '/home/ashish/ros2_ws/build/turtlebot3_node': CMAKE_PREFIX_PATH=${CMAKE_PREFIX_PATH}:/home/ashish/ros2_ws/install/turtlebot3_teleop:/home/ashish/ros2_ws/install/turtlebot3_example:/opt/ros/humble /usr/bin/cmake /home/ashish/ros2_ws/src/turtlebot3/turtlebot3_node -DAMENT_CMAKE_SYMLINK_INSTALL=1 -DCMAKE_INSTALL_PREFIX=/home/ashish/ros2_ws/install/turtlebot3_node
[5.248s] -- Found ament_cmake: 1.3.11 (/opt/ros/humble/share/ament_cmake/cmake)
[7.032s] -- Override CMake install command with custom implementation using symlinks instead of copying resources
[9.527s] -- Found dynamixel_sdk: 3.8.2 (/opt/ros/humble/share/dynamixel_sdk/cmake)
[9.730s] -- Found geometry_msgs: 4.2.4 (/opt/ros/humble/share/geometry_msgs/cmake)
[12.578s] -- Found rosidl_generator_c: 3.1.6 (/opt/ros/humble/share/rosidl_generator_c/cmake)
[12.686s] -- Found rosidl_adapter: 3.1.6 (/opt/ros/humble/share/rosidl_adapter/cmake)
[12.840s] -- Found rosidl_generator_cpp: 3.1.6 (/opt/ros/humble/share/rosidl_generator_cpp/cmake)
[14.949s] -- Using all available rosidl_typesupport_c: rosidl_typesupport_fastrtps_c;rosidl_typesupport_introspection_c
[15.531s] -- Using all available rosidl_typesupport_cpp: rosidl_typesupport_fastrtps_cpp;rosidl_typesupport_introspection_cpp
[18.619s] -- Found message_filters: 4.3.5 (/opt/ros/humble/share/message_filters/cmake)
[22.433s] -- Found rmw_implementation_cmake: 6.1.2 (/opt/ros/humble/share/rmw_implementation_cmake/cmake)
[23.092s] -- Found rmw_fastrtps_cpp: 6.2.7 (/opt/ros/humble/share/rmw_fastrtps_cpp/cmake)
[29.398s] -- Using RMW implementation 'rmw_fastrtps_cpp' as default
[33.440s] -- Found nav_msgs: 4.2.4 (/opt/ros/humble/share/nav_msgs/cmake)
[36.207s] -- Found sensor_msgs: 4.2.4 (/opt/ros/humble/share/sensor_msgs/cmake)
[39.434s] -- Found std_srvs: 4.2.4 (/opt/ros/humble/share/std_srvs/cmake)
[40.947s] -- Found tf2: 0.25.12 (/opt/ros/humble/share/tf2/cmake)
[41.364s] -- Found tf2_ros: 0.25.12 (/opt/ros/humble/share/tf2_ros/cmake)
[49.638s] -- Found turtlebot3_msgs: 2.3.0 (/opt/ros/humble/share/turtlebot3_msgs/cmake)
[50.616s] -- Configuring done
[52.018s] -- Generating done
[52.745s] -- Build files have been written to: /home/ashish/ros2_ws/build/turtlebot3_node
[53.025s] Invoked command in '/home/ashish/ros2_ws/build/turtlebot3_node' returned '0': CMAKE_PREFIX_PATH=${CMAKE_PREFIX_PATH}:/home/ashish/ros2_ws/install/turtlebot3_teleop:/home/ashish/ros2_ws/install/turtlebot3_example:/opt/ros/humble /usr/bin/cmake /home/ashish/ros2_ws/src/turtlebot3/turtlebot3_node -DAMENT_CMAKE_SYMLINK_INSTALL=1 -DCMAKE_INSTALL_PREFIX=/home/ashish/ros2_ws/install/turtlebot3_node
[53.044s] Invoking command in '/home/ashish/ros2_ws/build/turtlebot3_node': CMAKE_PREFIX_PATH=${CMAKE_PREFIX_PATH}:/home/ashish/ros2_ws/install/turtlebot3_teleop:/home/ashish/ros2_ws/install/turtlebot3_example:/opt/ros/humble /usr/bin/cmake --build /home/ashish/ros2_ws/build/turtlebot3_node -- -j4 -l4
[55.229s] [35m[1mConsolidate compiler generated dependencies of target turtlebot3_node_lib[0m
[59.966s] [ 85%] Built target turtlebot3_node_lib
[60.130s] [35m[1mConsolidate compiler generated dependencies of target turtlebot3_ros[0m
[60.698s] [ 92%] [32m[1mLinking CXX executable turtlebot3_ros[0m
[115.868s] [100%] Built target turtlebot3_ros
[115.923s] Invoked command in '/home/ashish/ros2_ws/build/turtlebot3_node' returned '0': CMAKE_PREFIX_PATH=${CMAKE_PREFIX_PATH}:/home/ashish/ros2_ws/install/turtlebot3_teleop:/home/ashish/ros2_ws/install/turtlebot3_example:/opt/ros/humble /usr/bin/cmake --build /home/ashish/ros2_ws/build/turtlebot3_node -- -j4 -l4
[115.949s] Invoking command in '/home/ashish/ros2_ws/build/turtlebot3_node': CMAKE_PREFIX_PATH=${CMAKE_PREFIX_PATH}:/home/ashish/ros2_ws/install/turtlebot3_teleop:/home/ashish/ros2_ws/install/turtlebot3_example:/opt/ros/humble /usr/bin/cmake --install /home/ashish/ros2_ws/build/turtlebot3_node
[115.950s] -- Install configuration: ""
[115.950s] -- Execute custom install script
[115.957s] -- Symlinking: /home/ashish/ros2_ws/install/turtlebot3_node/share/turtlebot3_node/param/burger.yaml
[116.064s] -- Symlinking: /home/ashish/ros2_ws/install/turtlebot3_node/share/turtlebot3_node/param/waffle.yaml
[116.627s] -- Symlinking: /home/ashish/ros2_ws/install/turtlebot3_node/share/turtlebot3_node/param/waffle_pi.yaml
[117.296s] -- Symlinking: /home/ashish/ros2_ws/install/turtlebot3_node/lib/turtlebot3_node/turtlebot3_ros
[117.477s] -- Symlinking: /home/ashish/ros2_ws/install/turtlebot3_node/share/ament_index/resource_index/package_run_dependencies/turtlebot3_node
[117.595s] -- Symlinking: /home/ashish/ros2_ws/install/turtlebot3_node/share/ament_index/resource_index/parent_prefix_path/turtlebot3_node
[117.600s] -- Symlinking: /home/ashish/ros2_ws/install/turtlebot3_node/share/turtlebot3_node/environment/ament_prefix_path.sh
[117.603s] -- Symlinking: /home/ashish/ros2_ws/install/turtlebot3_node/share/turtlebot3_node/environment/ament_prefix_path.dsv
[117.621s] -- Symlinking: /home/ashish/ros2_ws/install/turtlebot3_node/share/turtlebot3_node/environment/path.sh
[117.645s] -- Symlinking: /home/ashish/ros2_ws/install/turtlebot3_node/share/turtlebot3_node/environment/path.dsv
[117.705s] -- Symlinking: /home/ashish/ros2_ws/install/turtlebot3_node/share/turtlebot3_node/local_setup.bash
[117.786s] -- Symlinking: /home/ashish/ros2_ws/install/turtlebot3_node/share/turtlebot3_node/local_setup.sh
[117.827s] -- Symlinking: /home/ashish/ros2_ws/install/turtlebot3_node/share/turtlebot3_node/local_setup.zsh
[117.860s] -- Symlinking: /home/ashish/ros2_ws/install/turtlebot3_node/share/turtlebot3_node/local_setup.dsv
[117.883s] -- Symlinking: /home/ashish/ros2_ws/install/turtlebot3_node/share/turtlebot3_node/package.dsv
[117.952s] -- Symlinking: /home/ashish/ros2_ws/install/turtlebot3_node/share/ament_index/resource_index/packages/turtlebot3_node
[118.397s] -- Symlinking: /home/ashish/ros2_ws/install/turtlebot3_node/share/turtlebot3_node/cmake/ament_cmake_export_include_directories-extras.cmake
[119.305s] -- Symlinking: /home/ashish/ros2_ws/install/turtlebot3_node/share/turtlebot3_node/cmake/turtlebot3_nodeConfig.cmake
[119.818s] -- Symlinking: /home/ashish/ros2_ws/install/turtlebot3_node/share/turtlebot3_node/cmake/turtlebot3_nodeConfig-version.cmake
[120.228s] -- Symlinking: /home/ashish/ros2_ws/install/turtlebot3_node/share/turtlebot3_node/package.xml
[120.612s] Invoked command in '/home/ashish/ros2_ws/build/turtlebot3_node' returned '0': CMAKE_PREFIX_PATH=${CMAKE_PREFIX_PATH}:/home/ashish/ros2_ws/install/turtlebot3_teleop:/home/ashish/ros2_ws/install/turtlebot3_example:/opt/ros/humble /usr/bin/cmake --install /home/ashish/ros2_ws/build/turtlebot3_node
