[0.064s] Invoking command in '/home/ashish/ros2_ws/build/cartographer_rviz': CMAKE_PREFIX_PATH=/home/ashish/ros2_ws/install/cartographer_ros:/home/ashish/ros2_ws/install/turtlebot3_teleop:/home/ashish/ros2_ws/install/turtlebot3_example:/opt/ros/humble:/home/ashish/ros2_ws/install/cartographer_ros_msgs:/home/ashish/ros2_ws/install/cartographer:/home/ashish/ros2_ws/install/turtlebot3:/home/ashish/ros2_ws/install/turtlebot3_simulations:/home/ashish/ros2_ws/install/turtlebot3_bringup:/home/ashish/ros2_ws/install/turtlebot3_node:/home/ashish/ros2_ws/install/turtlebot3_navigation2:/home/ashish/ros2_ws/install/turtlebot3_gazebo:/home/ashish/ros2_ws/install/turtlebot3_fake_node:/home/ashish/ros2_ws/install/turtlebot3_description:/home/ashish/ros2_ws/install/turtlebot3_cartographer:/home/ashish/ros2_ws/install/rplidar_ros:/home/ashish/ros2_ws/install/rf2o_laser_odometry:/home/ashish/ros2_ws/install/nav2_custom_launch:/home/ashish/ros2_ws/install/my_robot_description:/home/ashish/ros2_ws/install/cartographer_rviz LD_LIBRARY_PATH=/home/ashish/ros2_ws/install/cartographer_ros_msgs/lib:/home/ashish/ros2_ws/install/rplidar_ros/lib:/home/ashish/ros2_ws/install/cartographer_rviz/lib:/home/ashish/ros2_ws/install/cartographer_ros/lib:/usr/lib/x86_64-linux-gnu/gazebo-11/plugins:/opt/ros/humble/opt/rviz_ogre_vendor/lib:/opt/ros/humble/lib/x86_64-linux-gnu:/opt/ros/humble/lib /usr/bin/cmake --build /home/ashish/ros2_ws/build/cartographer_rviz -- -j4 -l4
[0.216s] [ 16%] [34m[1mAutomatic MOC for target cartographer_rviz[0m
[0.240s] [ 16%] Built target cartographer_rviz_detect_changes
[0.275s] [ 16%] Built target cartographer_rviz_autogen
[0.361s] [100%] Built target cartographer_rviz
[0.379s] Invoked command in '/home/ashish/ros2_ws/build/cartographer_rviz' returned '0': CMAKE_PREFIX_PATH=/home/ashish/ros2_ws/install/cartographer_ros:/home/ashish/ros2_ws/install/turtlebot3_teleop:/home/ashish/ros2_ws/install/turtlebot3_example:/opt/ros/humble:/home/ashish/ros2_ws/install/cartographer_ros_msgs:/home/ashish/ros2_ws/install/cartographer:/home/ashish/ros2_ws/install/turtlebot3:/home/ashish/ros2_ws/install/turtlebot3_simulations:/home/ashish/ros2_ws/install/turtlebot3_bringup:/home/ashish/ros2_ws/install/turtlebot3_node:/home/ashish/ros2_ws/install/turtlebot3_navigation2:/home/ashish/ros2_ws/install/turtlebot3_gazebo:/home/ashish/ros2_ws/install/turtlebot3_fake_node:/home/ashish/ros2_ws/install/turtlebot3_description:/home/ashish/ros2_ws/install/turtlebot3_cartographer:/home/ashish/ros2_ws/install/rplidar_ros:/home/ashish/ros2_ws/install/rf2o_laser_odometry:/home/ashish/ros2_ws/install/nav2_custom_launch:/home/ashish/ros2_ws/install/my_robot_description:/home/ashish/ros2_ws/install/cartographer_rviz LD_LIBRARY_PATH=/home/ashish/ros2_ws/install/cartographer_ros_msgs/lib:/home/ashish/ros2_ws/install/rplidar_ros/lib:/home/ashish/ros2_ws/install/cartographer_rviz/lib:/home/ashish/ros2_ws/install/cartographer_ros/lib:/usr/lib/x86_64-linux-gnu/gazebo-11/plugins:/opt/ros/humble/opt/rviz_ogre_vendor/lib:/opt/ros/humble/lib/x86_64-linux-gnu:/opt/ros/humble/lib /usr/bin/cmake --build /home/ashish/ros2_ws/build/cartographer_rviz -- -j4 -l4
[0.382s] Invoking command in '/home/ashish/ros2_ws/build/cartographer_rviz': CMAKE_PREFIX_PATH=/home/ashish/ros2_ws/install/cartographer_ros:/home/ashish/ros2_ws/install/turtlebot3_teleop:/home/ashish/ros2_ws/install/turtlebot3_example:/opt/ros/humble:/home/ashish/ros2_ws/install/cartographer_ros_msgs:/home/ashish/ros2_ws/install/cartographer:/home/ashish/ros2_ws/install/turtlebot3:/home/ashish/ros2_ws/install/turtlebot3_simulations:/home/ashish/ros2_ws/install/turtlebot3_bringup:/home/ashish/ros2_ws/install/turtlebot3_node:/home/ashish/ros2_ws/install/turtlebot3_navigation2:/home/ashish/ros2_ws/install/turtlebot3_gazebo:/home/ashish/ros2_ws/install/turtlebot3_fake_node:/home/ashish/ros2_ws/install/turtlebot3_description:/home/ashish/ros2_ws/install/turtlebot3_cartographer:/home/ashish/ros2_ws/install/rplidar_ros:/home/ashish/ros2_ws/install/rf2o_laser_odometry:/home/ashish/ros2_ws/install/nav2_custom_launch:/home/ashish/ros2_ws/install/my_robot_description:/home/ashish/ros2_ws/install/cartographer_rviz LD_LIBRARY_PATH=/home/ashish/ros2_ws/install/cartographer_ros_msgs/lib:/home/ashish/ros2_ws/install/rplidar_ros/lib:/home/ashish/ros2_ws/install/cartographer_rviz/lib:/home/ashish/ros2_ws/install/cartographer_ros/lib:/usr/lib/x86_64-linux-gnu/gazebo-11/plugins:/opt/ros/humble/opt/rviz_ogre_vendor/lib:/opt/ros/humble/lib/x86_64-linux-gnu:/opt/ros/humble/lib /usr/bin/cmake --install /home/ashish/ros2_ws/build/cartographer_rviz
[0.399s] -- Install configuration: "Release"
[0.399s] -- Execute custom install script
[0.399s] -- Up-to-date symlink: /home/ashish/ros2_ws/install/cartographer_rviz/share/cartographer_rviz//rviz_plugin_description.xml
[0.399s] -- Up-to-date symlink: /home/ashish/ros2_ws/install/cartographer_rviz/include//cartographer_rviz/drawable_submap.h
[0.399s] -- Up-to-date symlink: /home/ashish/ros2_ws/install/cartographer_rviz/include//cartographer_rviz/ogre_slice.h
[0.399s] -- Up-to-date symlink: /home/ashish/ros2_ws/install/cartographer_rviz/include//cartographer_rviz/submaps_display.h
[0.399s] -- Up-to-date symlink: /home/ashish/ros2_ws/install/cartographer_rviz/share/cartographer_rviz/environment/library_path.sh
[0.399s] -- Up-to-date symlink: /home/ashish/ros2_ws/install/cartographer_rviz/share/cartographer_rviz/environment/library_path.dsv
[0.399s] -- Up-to-date symlink: /home/ashish/ros2_ws/install/cartographer_rviz/share/ament_index/resource_index/package_run_dependencies/cartographer_rviz
[0.399s] -- Up-to-date symlink: /home/ashish/ros2_ws/install/cartographer_rviz/share/ament_index/resource_index/parent_prefix_path/cartographer_rviz
[0.399s] -- Up-to-date symlink: /home/ashish/ros2_ws/install/cartographer_rviz/share/cartographer_rviz/environment/ament_prefix_path.sh
[0.399s] -- Up-to-date symlink: /home/ashish/ros2_ws/install/cartographer_rviz/share/cartographer_rviz/environment/ament_prefix_path.dsv
[0.399s] -- Up-to-date symlink: /home/ashish/ros2_ws/install/cartographer_rviz/share/cartographer_rviz/environment/path.sh
[0.399s] -- Up-to-date symlink: /home/ashish/ros2_ws/install/cartographer_rviz/share/cartographer_rviz/environment/path.dsv
[0.399s] -- Up-to-date symlink: /home/ashish/ros2_ws/install/cartographer_rviz/share/cartographer_rviz/local_setup.bash
[0.400s] -- Up-to-date symlink: /home/ashish/ros2_ws/install/cartographer_rviz/share/cartographer_rviz/local_setup.sh
[0.400s] -- Up-to-date symlink: /home/ashish/ros2_ws/install/cartographer_rviz/share/cartographer_rviz/local_setup.zsh
[0.400s] -- Up-to-date symlink: /home/ashish/ros2_ws/install/cartographer_rviz/share/cartographer_rviz/local_setup.dsv
[0.400s] -- Symlinking: /home/ashish/ros2_ws/install/cartographer_rviz/share/cartographer_rviz/package.dsv
[0.414s] -- Up-to-date symlink: /home/ashish/ros2_ws/install/cartographer_rviz/share/ament_index/resource_index/packages/cartographer_rviz
[0.415s] -- Up-to-date symlink: /home/ashish/ros2_ws/install/cartographer_rviz/share/ament_index/resource_index/rviz_common__pluginlib__plugin/cartographer_rviz
[0.415s] -- Up-to-date symlink: /home/ashish/ros2_ws/install/cartographer_rviz/share/ament_index/resource_index/rviz_ogre_media_exports/cartographer_rviz
[0.417s] -- Up-to-date symlink: /home/ashish/ros2_ws/install/cartographer_rviz/share/cartographer_rviz/cmake/ament_cmake_export_include_directories-extras.cmake
[0.423s] -- Up-to-date symlink: /home/ashish/ros2_ws/install/cartographer_rviz/share/cartographer_rviz/cmake/ament_cmake_export_targets-extras.cmake
[0.423s] -- Up-to-date symlink: /home/ashish/ros2_ws/install/cartographer_rviz/share/cartographer_rviz/cmake/ament_cmake_export_dependencies-extras.cmake
[0.424s] -- Up-to-date symlink: /home/ashish/ros2_ws/install/cartographer_rviz/share/cartographer_rviz/cmake/cartographer_rvizConfig.cmake
[0.424s] -- Up-to-date symlink: /home/ashish/ros2_ws/install/cartographer_rviz/share/cartographer_rviz/cmake/cartographer_rvizConfig-version.cmake
[0.427s] -- Up-to-date symlink: /home/ashish/ros2_ws/install/cartographer_rviz/share/cartographer_rviz/package.xml
[0.427s] -- Up-to-date: /home/ashish/ros2_ws/install/cartographer_rviz/lib/libcartographer_rviz.so
[0.427s] -- Up-to-date: /home/ashish/ros2_ws/install/cartographer_rviz/share/cartographer_rviz/ogre_media/materials/glsl120
[0.427s] -- Up-to-date: /home/ashish/ros2_ws/install/cartographer_rviz/share/cartographer_rviz/ogre_media/materials/glsl120/submap.frag
[0.427s] -- Up-to-date: /home/ashish/ros2_ws/install/cartographer_rviz/share/cartographer_rviz/ogre_media/materials/glsl120/submap.vert
[0.428s] -- Up-to-date: /home/ashish/ros2_ws/install/cartographer_rviz/share/cartographer_rviz/ogre_media/materials/glsl120/glsl120.program
[0.428s] -- Up-to-date: /home/ashish/ros2_ws/install/cartographer_rviz/share/cartographer_rviz/ogre_media/materials/scripts
[0.428s] -- Up-to-date: /home/ashish/ros2_ws/install/cartographer_rviz/share/cartographer_rviz/ogre_media/materials/scripts/submap.material
[0.428s] -- Up-to-date: /home/ashish/ros2_ws/install/cartographer_rviz/share/cartographer_rviz/cmake/cartographer_rvizExport.cmake
[0.428s] -- Up-to-date: /home/ashish/ros2_ws/install/cartographer_rviz/share/cartographer_rviz/cmake/cartographer_rvizExport-release.cmake
[0.452s] Invoked command in '/home/ashish/ros2_ws/build/cartographer_rviz' returned '0': CMAKE_PREFIX_PATH=/home/ashish/ros2_ws/install/cartographer_ros:/home/ashish/ros2_ws/install/turtlebot3_teleop:/home/ashish/ros2_ws/install/turtlebot3_example:/opt/ros/humble:/home/ashish/ros2_ws/install/cartographer_ros_msgs:/home/ashish/ros2_ws/install/cartographer:/home/ashish/ros2_ws/install/turtlebot3:/home/ashish/ros2_ws/install/turtlebot3_simulations:/home/ashish/ros2_ws/install/turtlebot3_bringup:/home/ashish/ros2_ws/install/turtlebot3_node:/home/ashish/ros2_ws/install/turtlebot3_navigation2:/home/ashish/ros2_ws/install/turtlebot3_gazebo:/home/ashish/ros2_ws/install/turtlebot3_fake_node:/home/ashish/ros2_ws/install/turtlebot3_description:/home/ashish/ros2_ws/install/turtlebot3_cartographer:/home/ashish/ros2_ws/install/rplidar_ros:/home/ashish/ros2_ws/install/rf2o_laser_odometry:/home/ashish/ros2_ws/install/nav2_custom_launch:/home/ashish/ros2_ws/install/my_robot_description:/home/ashish/ros2_ws/install/cartographer_rviz LD_LIBRARY_PATH=/home/ashish/ros2_ws/install/cartographer_ros_msgs/lib:/home/ashish/ros2_ws/install/rplidar_ros/lib:/home/ashish/ros2_ws/install/cartographer_rviz/lib:/home/ashish/ros2_ws/install/cartographer_ros/lib:/usr/lib/x86_64-linux-gnu/gazebo-11/plugins:/opt/ros/humble/opt/rviz_ogre_vendor/lib:/opt/ros/humble/lib/x86_64-linux-gnu:/opt/ros/humble/lib /usr/bin/cmake --install /home/ashish/ros2_ws/build/cartographer_rviz
