[3.298s] Invoking command in '/home/ashish/ros2_ws/src/turtlebot3/turtlebot3_teleop': PYTHONPATH=/home/ashish/ros2_ws/build/turtlebot3_teleop/prefix_override:/usr/lib/python3/dist-packages/colcon_core/task/python/colcon_distutils_commands:/home/ashish/ros2_ws/install/turtlebot3_teleop/lib/python3.10/site-packages:${PYTHONPATH} /usr/bin/python3 -W ignore:setup.py install is deprecated -W ignore:easy_install command is deprecated setup.py egg_info --egg-base ../../../build/turtlebot3_teleop build --build-base /home/ashish/ros2_ws/build/turtlebot3_teleop/build install --record /home/ashish/ros2_ws/build/turtlebot3_teleop/install.log --single-version-externally-managed install_data
[3.659s] running egg_info
[3.667s] creating ../../../build/turtlebot3_teleop/turtlebot3_teleop.egg-info
[3.670s] writing ../../../build/turtlebot3_teleop/turtlebot3_teleop.egg-info/PKG-INFO
[3.672s] writing dependency_links to ../../../build/turtlebot3_teleop/turtlebot3_teleop.egg-info/dependency_links.txt
[3.673s] writing entry points to ../../../build/turtlebot3_teleop/turtlebot3_teleop.egg-info/entry_points.txt
[3.673s] writing requirements to ../../../build/turtlebot3_teleop/turtlebot3_teleop.egg-info/requires.txt
[3.673s] writing top-level names to ../../../build/turtlebot3_teleop/turtlebot3_teleop.egg-info/top_level.txt
[3.675s] writing manifest file '../../../build/turtlebot3_teleop/turtlebot3_teleop.egg-info/SOURCES.txt'
[3.810s] reading manifest file '../../../build/turtlebot3_teleop/turtlebot3_teleop.egg-info/SOURCES.txt'
[3.810s] writing manifest file '../../../build/turtlebot3_teleop/turtlebot3_teleop.egg-info/SOURCES.txt'
[3.810s] running build
[3.822s] running build_py
[3.822s] creating /home/ashish/ros2_ws/build/turtlebot3_teleop/build
[3.826s] creating /home/ashish/ros2_ws/build/turtlebot3_teleop/build/lib
[3.826s] creating /home/ashish/ros2_ws/build/turtlebot3_teleop/build/lib/turtlebot3_teleop
[3.826s] copying turtlebot3_teleop/__init__.py -> /home/ashish/ros2_ws/build/turtlebot3_teleop/build/lib/turtlebot3_teleop
[3.826s] creating /home/ashish/ros2_ws/build/turtlebot3_teleop/build/lib/turtlebot3_teleop/script
[3.826s] copying turtlebot3_teleop/script/__init__.py -> /home/ashish/ros2_ws/build/turtlebot3_teleop/build/lib/turtlebot3_teleop/script
[3.826s] copying turtlebot3_teleop/script/teleop_keyboard.py -> /home/ashish/ros2_ws/build/turtlebot3_teleop/build/lib/turtlebot3_teleop/script
[3.826s] running install
[3.826s] running install_lib
[3.831s] creating /home/ashish/ros2_ws/install/turtlebot3_teleop/lib/python3.10/site-packages/turtlebot3_teleop
[3.831s] creating /home/ashish/ros2_ws/install/turtlebot3_teleop/lib/python3.10/site-packages/turtlebot3_teleop/script
[3.833s] copying /home/ashish/ros2_ws/build/turtlebot3_teleop/build/lib/turtlebot3_teleop/script/__init__.py -> /home/ashish/ros2_ws/install/turtlebot3_teleop/lib/python3.10/site-packages/turtlebot3_teleop/script
[3.843s] copying /home/ashish/ros2_ws/build/turtlebot3_teleop/build/lib/turtlebot3_teleop/script/teleop_keyboard.py -> /home/ashish/ros2_ws/install/turtlebot3_teleop/lib/python3.10/site-packages/turtlebot3_teleop/script
[3.843s] copying /home/ashish/ros2_ws/build/turtlebot3_teleop/build/lib/turtlebot3_teleop/__init__.py -> /home/ashish/ros2_ws/install/turtlebot3_teleop/lib/python3.10/site-packages/turtlebot3_teleop
[3.843s] byte-compiling /home/ashish/ros2_ws/install/turtlebot3_teleop/lib/python3.10/site-packages/turtlebot3_teleop/script/__init__.py to __init__.cpython-310.pyc
[3.843s] byte-compiling /home/ashish/ros2_ws/install/turtlebot3_teleop/lib/python3.10/site-packages/turtlebot3_teleop/script/teleop_keyboard.py to teleop_keyboard.cpython-310.pyc
[3.854s] byte-compiling /home/ashish/ros2_ws/install/turtlebot3_teleop/lib/python3.10/site-packages/turtlebot3_teleop/__init__.py to __init__.cpython-310.pyc
[3.854s] running install_data
[3.854s] creating /home/ashish/ros2_ws/install/turtlebot3_teleop/share/ament_index
[3.856s] creating /home/ashish/ros2_ws/install/turtlebot3_teleop/share/ament_index/resource_index
[3.856s] creating /home/ashish/ros2_ws/install/turtlebot3_teleop/share/ament_index/resource_index/packages
[3.856s] copying resource/turtlebot3_teleop -> /home/ashish/ros2_ws/install/turtlebot3_teleop/share/ament_index/resource_index/packages
[3.857s] copying package.xml -> /home/ashish/ros2_ws/install/turtlebot3_teleop/share/turtlebot3_teleop
[3.858s] running install_egg_info
[3.861s] Copying ../../../build/turtlebot3_teleop/turtlebot3_teleop.egg-info to /home/ashish/ros2_ws/install/turtlebot3_teleop/lib/python3.10/site-packages/turtlebot3_teleop-2.1.5-py3.10.egg-info
[3.862s] running install_scripts
[3.989s] Installing teleop_keyboard script to /home/ashish/ros2_ws/install/turtlebot3_teleop/lib/turtlebot3_teleop
[3.990s] writing list of installed files to '/home/ashish/ros2_ws/build/turtlebot3_teleop/install.log'
[4.129s] Invoked command in '/home/ashish/ros2_ws/src/turtlebot3/turtlebot3_teleop' returned '0': PYTHONPATH=/home/ashish/ros2_ws/build/turtlebot3_teleop/prefix_override:/usr/lib/python3/dist-packages/colcon_core/task/python/colcon_distutils_commands:/home/ashish/ros2_ws/install/turtlebot3_teleop/lib/python3.10/site-packages:${PYTHONPATH} /usr/bin/python3 -W ignore:setup.py install is deprecated -W ignore:easy_install command is deprecated setup.py egg_info --egg-base ../../../build/turtlebot3_teleop build --build-base /home/ashish/ros2_ws/build/turtlebot3_teleop/build install --record /home/ashish/ros2_ws/build/turtlebot3_teleop/install.log --single-version-externally-managed install_data
