[4.052s] Invoking command in '/home/ashish/ros2_ws/src/turtlebot3/turtlebot3_teleop': PYTHONPATH=/home/ashish/ros2_ws/build/turtlebot3_teleop/prefix_override:/usr/lib/python3/dist-packages/colcon_core/task/python/colcon_distutils_commands:/home/ashish/ros2_ws/install/turtlebot3_teleop/lib/python3.10/site-packages:${PYTHONPATH} /usr/bin/python3 -W ignore:setup.py install is deprecated -W ignore:easy_install command is deprecated setup.py egg_info --egg-base ../../../build/turtlebot3_teleop build --build-base /home/ashish/ros2_ws/build/turtlebot3_teleop/build install --record /home/ashish/ros2_ws/build/turtlebot3_teleop/install.log --single-version-externally-managed install_data
[4.819s] running egg_info
[4.828s] writing ../../../build/turtlebot3_teleop/turtlebot3_teleop.egg-info/PKG-INFO
[4.828s] writing dependency_links to ../../../build/turtlebot3_teleop/turtlebot3_teleop.egg-info/dependency_links.txt
[4.832s] writing entry points to ../../../build/turtlebot3_teleop/turtlebot3_teleop.egg-info/entry_points.txt
[4.832s] writing requirements to ../../../build/turtlebot3_teleop/turtlebot3_teleop.egg-info/requires.txt
[4.832s] writing top-level names to ../../../build/turtlebot3_teleop/turtlebot3_teleop.egg-info/top_level.txt
[4.832s] reading manifest file '../../../build/turtlebot3_teleop/turtlebot3_teleop.egg-info/SOURCES.txt'
[4.833s] writing manifest file '../../../build/turtlebot3_teleop/turtlebot3_teleop.egg-info/SOURCES.txt'
[4.833s] running build
[4.833s] running build_py
[4.833s] running install
[4.833s] running install_lib
[4.842s] running install_data
[4.842s] running install_egg_info
[4.858s] removing '/home/ashish/ros2_ws/install/turtlebot3_teleop/lib/python3.10/site-packages/turtlebot3_teleop-2.1.5-py3.10.egg-info' (and everything under it)
[4.858s] Copying ../../../build/turtlebot3_teleop/turtlebot3_teleop.egg-info to /home/ashish/ros2_ws/install/turtlebot3_teleop/lib/python3.10/site-packages/turtlebot3_teleop-2.1.5-py3.10.egg-info
[4.871s] running install_scripts
[4.937s] Installing teleop_keyboard script to /home/ashish/ros2_ws/install/turtlebot3_teleop/lib/turtlebot3_teleop
[4.938s] writing list of installed files to '/home/ashish/ros2_ws/build/turtlebot3_teleop/install.log'
[4.981s] Invoked command in '/home/ashish/ros2_ws/src/turtlebot3/turtlebot3_teleop' returned '0': PYTHONPATH=/home/ashish/ros2_ws/build/turtlebot3_teleop/prefix_override:/usr/lib/python3/dist-packages/colcon_core/task/python/colcon_distutils_commands:/home/ashish/ros2_ws/install/turtlebot3_teleop/lib/python3.10/site-packages:${PYTHONPATH} /usr/bin/python3 -W ignore:setup.py install is deprecated -W ignore:easy_install command is deprecated setup.py egg_info --egg-base ../../../build/turtlebot3_teleop build --build-base /home/ashish/ros2_ws/build/turtlebot3_teleop/build install --record /home/ashish/ros2_ws/build/turtlebot3_teleop/install.log --single-version-externally-managed install_data
