[0.071s] Invoking command in '/home/ashish/ros2_ws/build/cartographer_ros_msgs': /usr/bin/cmake /home/ashish/ros2_ws/src/cartographer_ros/cartographer_ros_msgs -DCATKIN_INSTALL_INTO_PREFIX_ROOT=0 -DCATKIN_SYMLINK_INSTALL=ON -DCMAKE_INSTALL_PREFIX=/home/ashish/ros2_ws/install/cartographer_ros_msgs
[0.078s] [0mCMake Deprecation Warning at CMakeLists.txt:15 (cmake_minimum_required):
[0.078s]   Compatibility with CMake < 2.8.12 will be removed from a future version of
[0.079s]   CMake.
[0.079s] 
[0.079s]   Update the VERSION argument <min> value or use a ...<max> suffix to tell
[0.080s]   CMake that the project does not need compatibility with older versions.
[0.080s] 
[0.080s] [0m
[0.179s] -- The C compiler identification is GNU 11.4.0
[0.302s] -- The CXX compiler identification is GNU 11.4.0
[0.321s] -- Detecting C compiler ABI info
[0.457s] -- Detecting C compiler ABI info - done
[0.469s] -- Check for working C compiler: /usr/bin/cc - skipped
[0.470s] -- Detecting C compile features
[0.471s] -- Detecting C compile features - done
[0.475s] -- Detecting CXX compiler ABI info
[0.606s] -- Detecting CXX compiler ABI info - done
[0.619s] -- Check for working CXX compiler: /usr/bin/c++ - skipped
[0.622s] -- Detecting CXX compile features
[0.623s] -- Detecting CXX compile features - done
[0.632s] [31mCMake Error at CMakeLists.txt:24 (find_package):
[0.632s]   By not providing "Findcatkin.cmake" in CMAKE_MODULE_PATH this project has
[0.633s]   asked CMake to find a package configuration file provided by "catkin", but
[0.633s]   CMake did not find one.
[0.633s] 
[0.635s]   Could not find a package configuration file provided by "catkin" with any
[0.635s]   of the following names:
[0.635s] 
[0.635s]     catkinConfig.cmake
[0.635s]     catkin-config.cmake
[0.635s] 
[0.635s]   Add the installation prefix of "catkin" to CMAKE_PREFIX_PATH or set
[0.635s]   "catkin_DIR" to a directory containing one of the above files.  If "catkin"
[0.635s]   provides a separate development package or SDK, be sure it has been
[0.635s]   installed.
[0.636s] 
[0.636s] [0m
[0.636s] -- Configuring incomplete, errors occurred!
[0.636s] See also "/home/ashish/ros2_ws/build/cartographer_ros_msgs/CMakeFiles/CMakeOutput.log".
[0.696s] Invoked command in '/home/ashish/ros2_ws/build/cartographer_ros_msgs' returned '1': /usr/bin/cmake /home/ashish/ros2_ws/src/cartographer_ros/cartographer_ros_msgs -DCATKIN_INSTALL_INTO_PREFIX_ROOT=0 -DCATKIN_SYMLINK_INSTALL=ON -DCMAKE_INSTALL_PREFIX=/home/ashish/ros2_ws/install/cartographer_ros_msgs
