[0.091s] Invoking command in '/home/ashish/ros2_ws/build/rplidar_ros': CMAKE_PREFIX_PATH=/home/ashish/ros2_ws/install/my_robot_description:/home/ashish/ros2_ws/install/turtlebot3:/home/ashish/ros2_ws/install/turtlebot3_simulations:/home/ashish/ros2_ws/install/turtlebot3_bringup:/home/ashish/ros2_ws/install/turtlebot3_node:/home/ashish/ros2_ws/install/turtlebot3_navigation2:/home/ashish/ros2_ws/install/turtlebot3_gazebo:/home/ashish/ros2_ws/install/turtlebot3_fake_node:/home/ashish/ros2_ws/install/turtlebot3_description:/home/ashish/ros2_ws/install/turtlebot3_cartographer:/home/ashish/ros2_ws/install/rplidar_ros:/home/ashish/ros2_ws/install/rf2o_laser_odometry:/home/ashish/ros2_ws/install/nav2_custom_launch:/home/ashish/ros2_ws/install/cartographer_rviz:/home/ashish/ros2_ws/install/cartographer_ros:/home/ashish/ros2_ws/install/turtlebot3_teleop:/home/ashish/ros2_ws/install/turtlebot3_example:/opt/ros/humble:/home/ashish/ros2_ws/install/cartographer_ros_msgs:/home/ashish/ros2_ws/install/cartographer /usr/bin/cmake --build /home/ashish/ros2_ws/build/rplidar_ros -- -j4 -l4
[0.248s] [ 77%] Built target rplidar_composition_node
[0.301s] [100%] Built target rplidar_composition
[0.346s] Invoked command in '/home/ashish/ros2_ws/build/rplidar_ros' returned '0': CMAKE_PREFIX_PATH=/home/ashish/ros2_ws/install/my_robot_description:/home/ashish/ros2_ws/install/turtlebot3:/home/ashish/ros2_ws/install/turtlebot3_simulations:/home/ashish/ros2_ws/install/turtlebot3_bringup:/home/ashish/ros2_ws/install/turtlebot3_node:/home/ashish/ros2_ws/install/turtlebot3_navigation2:/home/ashish/ros2_ws/install/turtlebot3_gazebo:/home/ashish/ros2_ws/install/turtlebot3_fake_node:/home/ashish/ros2_ws/install/turtlebot3_description:/home/ashish/ros2_ws/install/turtlebot3_cartographer:/home/ashish/ros2_ws/install/rplidar_ros:/home/ashish/ros2_ws/install/rf2o_laser_odometry:/home/ashish/ros2_ws/install/nav2_custom_launch:/home/ashish/ros2_ws/install/cartographer_rviz:/home/ashish/ros2_ws/install/cartographer_ros:/home/ashish/ros2_ws/install/turtlebot3_teleop:/home/ashish/ros2_ws/install/turtlebot3_example:/opt/ros/humble:/home/ashish/ros2_ws/install/cartographer_ros_msgs:/home/ashish/ros2_ws/install/cartographer /usr/bin/cmake --build /home/ashish/ros2_ws/build/rplidar_ros -- -j4 -l4
[0.346s] Invoking command in '/home/ashish/ros2_ws/build/rplidar_ros': CMAKE_PREFIX_PATH=/home/ashish/ros2_ws/install/my_robot_description:/home/ashish/ros2_ws/install/turtlebot3:/home/ashish/ros2_ws/install/turtlebot3_simulations:/home/ashish/ros2_ws/install/turtlebot3_bringup:/home/ashish/ros2_ws/install/turtlebot3_node:/home/ashish/ros2_ws/install/turtlebot3_navigation2:/home/ashish/ros2_ws/install/turtlebot3_gazebo:/home/ashish/ros2_ws/install/turtlebot3_fake_node:/home/ashish/ros2_ws/install/turtlebot3_description:/home/ashish/ros2_ws/install/turtlebot3_cartographer:/home/ashish/ros2_ws/install/rplidar_ros:/home/ashish/ros2_ws/install/rf2o_laser_odometry:/home/ashish/ros2_ws/install/nav2_custom_launch:/home/ashish/ros2_ws/install/cartographer_rviz:/home/ashish/ros2_ws/install/cartographer_ros:/home/ashish/ros2_ws/install/turtlebot3_teleop:/home/ashish/ros2_ws/install/turtlebot3_example:/opt/ros/humble:/home/ashish/ros2_ws/install/cartographer_ros_msgs:/home/ashish/ros2_ws/install/cartographer /usr/bin/cmake --install /home/ashish/ros2_ws/build/rplidar_ros
[0.369s] -- Install configuration: ""
[0.369s] -- Execute custom install script
[0.370s] -- Up-to-date symlink: /home/ashish/ros2_ws/install/rplidar_ros/lib/rplidar_ros/rplidar_composition
[0.371s] -- Up-to-date symlink: /home/ashish/ros2_ws/install/rplidar_ros/share/rplidar_ros/launch/rplidar.launch.py
[0.371s] -- Up-to-date symlink: /home/ashish/ros2_ws/install/rplidar_ros/share/rplidar_ros/launch/rplidar_a3.launch.py
[0.371s] -- Up-to-date symlink: /home/ashish/ros2_ws/install/rplidar_ros/share/rplidar_ros/launch/rplidar_s1.launch.py
[0.371s] -- Up-to-date symlink: /home/ashish/ros2_ws/install/rplidar_ros/share/rplidar_ros/launch/rplidar_s1_tcp.launch.py
[0.372s] -- Up-to-date symlink: /home/ashish/ros2_ws/install/rplidar_ros/share/rplidar_ros/launch/test_rplidar_a3.launch.py
[0.372s] -- Up-to-date symlink: /home/ashish/ros2_ws/install/rplidar_ros/share/rplidar_ros/launch/view_rplidar.launch.py
[0.373s] -- Up-to-date symlink: /home/ashish/ros2_ws/install/rplidar_ros/share/rplidar_ros/launch/view_rplidar_a3.launch.py
[0.373s] -- Up-to-date symlink: /home/ashish/ros2_ws/install/rplidar_ros/share/rplidar_ros/launch/view_rplidar_s1.launch.py
[0.373s] -- Up-to-date symlink: /home/ashish/ros2_ws/install/rplidar_ros/share/rplidar_ros/launch/view_rplidar_s1_tcp.launch.py
[0.373s] -- Up-to-date symlink: /home/ashish/ros2_ws/install/rplidar_ros/share/rplidar_ros/rviz/rplidar.rviz
[0.374s] -- Up-to-date symlink: /home/ashish/ros2_ws/install/rplidar_ros/lib/librplidar_composition_node.so
[0.374s] -- Up-to-date symlink: /home/ashish/ros2_ws/install/rplidar_ros/include/rplidar_node.hpp
[0.375s] -- Up-to-date symlink: /home/ashish/ros2_ws/install/rplidar_ros/include/visibility.h
[0.378s] -- Up-to-date symlink: /home/ashish/ros2_ws/install/rplidar_ros/lib/rplidar_ros/rplidar_composition
[0.378s] -- Up-to-date symlink: /home/ashish/ros2_ws/install/rplidar_ros/share/ament_index/resource_index/package_run_dependencies/rplidar_ros
[0.378s] -- Up-to-date symlink: /home/ashish/ros2_ws/install/rplidar_ros/share/ament_index/resource_index/parent_prefix_path/rplidar_ros
[0.381s] -- Up-to-date symlink: /home/ashish/ros2_ws/install/rplidar_ros/share/rplidar_ros/environment/ament_prefix_path.sh
[0.381s] -- Up-to-date symlink: /home/ashish/ros2_ws/install/rplidar_ros/share/rplidar_ros/environment/ament_prefix_path.dsv
[0.381s] -- Up-to-date symlink: /home/ashish/ros2_ws/install/rplidar_ros/share/rplidar_ros/environment/path.sh
[0.381s] -- Up-to-date symlink: /home/ashish/ros2_ws/install/rplidar_ros/share/rplidar_ros/environment/path.dsv
[0.381s] -- Up-to-date symlink: /home/ashish/ros2_ws/install/rplidar_ros/share/rplidar_ros/local_setup.bash
[0.382s] -- Up-to-date symlink: /home/ashish/ros2_ws/install/rplidar_ros/share/rplidar_ros/local_setup.sh
[0.382s] -- Up-to-date symlink: /home/ashish/ros2_ws/install/rplidar_ros/share/rplidar_ros/local_setup.zsh
[0.382s] -- Up-to-date symlink: /home/ashish/ros2_ws/install/rplidar_ros/share/rplidar_ros/local_setup.dsv
[0.382s] -- Symlinking: /home/ashish/ros2_ws/install/rplidar_ros/share/rplidar_ros/package.dsv
[0.398s] -- Up-to-date symlink: /home/ashish/ros2_ws/install/rplidar_ros/share/ament_index/resource_index/packages/rplidar_ros
[0.398s] -- Up-to-date symlink: /home/ashish/ros2_ws/install/rplidar_ros/share/ament_index/resource_index/rclcpp_components/rplidar_ros
[0.399s] -- Up-to-date symlink: /home/ashish/ros2_ws/install/rplidar_ros/share/rplidar_ros/cmake/ament_cmake_export_dependencies-extras.cmake
[0.399s] -- Up-to-date symlink: /home/ashish/ros2_ws/install/rplidar_ros/share/rplidar_ros/cmake/ament_cmake_export_include_directories-extras.cmake
[0.399s] -- Up-to-date symlink: /home/ashish/ros2_ws/install/rplidar_ros/share/rplidar_ros/cmake/rplidar_rosConfig.cmake
[0.399s] -- Up-to-date symlink: /home/ashish/ros2_ws/install/rplidar_ros/share/rplidar_ros/cmake/rplidar_rosConfig-version.cmake
[0.402s] -- Up-to-date symlink: /home/ashish/ros2_ws/install/rplidar_ros/share/rplidar_ros/package.xml
[0.417s] Invoked command in '/home/ashish/ros2_ws/build/rplidar_ros' returned '0': CMAKE_PREFIX_PATH=/home/ashish/ros2_ws/install/my_robot_description:/home/ashish/ros2_ws/install/turtlebot3:/home/ashish/ros2_ws/install/turtlebot3_simulations:/home/ashish/ros2_ws/install/turtlebot3_bringup:/home/ashish/ros2_ws/install/turtlebot3_node:/home/ashish/ros2_ws/install/turtlebot3_navigation2:/home/ashish/ros2_ws/install/turtlebot3_gazebo:/home/ashish/ros2_ws/install/turtlebot3_fake_node:/home/ashish/ros2_ws/install/turtlebot3_description:/home/ashish/ros2_ws/install/turtlebot3_cartographer:/home/ashish/ros2_ws/install/rplidar_ros:/home/ashish/ros2_ws/install/rf2o_laser_odometry:/home/ashish/ros2_ws/install/nav2_custom_launch:/home/ashish/ros2_ws/install/cartographer_rviz:/home/ashish/ros2_ws/install/cartographer_ros:/home/ashish/ros2_ws/install/turtlebot3_teleop:/home/ashish/ros2_ws/install/turtlebot3_example:/opt/ros/humble:/home/ashish/ros2_ws/install/cartographer_ros_msgs:/home/ashish/ros2_ws/install/cartographer /usr/bin/cmake --install /home/ashish/ros2_ws/build/rplidar_ros
