[44.420s] Invoking command in '/home/ashish/ros2_ws/build/turtlebot3_example': PYTHONPATH=/home/ashish/ros2_ws/build/turtlebot3_example/prefix_override:/usr/lib/python3/dist-packages/colcon_core/task/python/colcon_distutils_commands:/home/ashish/ros2_ws/install/turtlebot3_example/lib/python3.10/site-packages:${PYTHONPATH} /usr/bin/python3 -W ignore:setup.py install is deprecated -W ignore:easy_install command is deprecated setup.py develop --editable --build-directory /home/ashish/ros2_ws/build/turtlebot3_example/build --no-deps symlink_data --force
[50.537s] running develop
[55.135s] running egg_info
[55.140s] writing turtlebot3_example.egg-info/PKG-INFO
[55.147s] writing dependency_links to turtlebot3_example.egg-info/dependency_links.txt
[55.432s] writing entry points to turtlebot3_example.egg-info/entry_points.txt
[55.501s] writing requirements to turtlebot3_example.egg-info/requires.txt
[55.502s] writing top-level names to turtlebot3_example.egg-info/top_level.txt
[55.502s] reading manifest file 'turtlebot3_example.egg-info/SOURCES.txt'
[55.749s] writing manifest file 'turtlebot3_example.egg-info/SOURCES.txt'
[55.784s] running build_ext
[55.786s] Creating /home/ashish/ros2_ws/install/turtlebot3_example/lib/python3.10/site-packages/turtlebot3-example.egg-link (link to .)
[55.793s] Installing turtlebot3_obstacle_detection script to /home/ashish/ros2_ws/install/turtlebot3_example/lib/turtlebot3_example
[55.828s] Installing turtlebot3_patrol_client script to /home/ashish/ros2_ws/install/turtlebot3_example/lib/turtlebot3_example
[55.828s] Installing turtlebot3_patrol_server script to /home/ashish/ros2_ws/install/turtlebot3_example/lib/turtlebot3_example
[55.879s] Installing turtlebot3_position_control script to /home/ashish/ros2_ws/install/turtlebot3_example/lib/turtlebot3_example
[55.964s] 
[55.964s] Installed /home/ashish/ros2_ws/build/turtlebot3_example
[55.964s] running symlink_data
[55.964s] symbolically linking /home/ashish/ros2_ws/build/turtlebot3_example/resource/turtlebot3_example -> /home/ashish/ros2_ws/install/turtlebot3_example/share/ament_index/resource_index/packages
[56.110s] symbolically linking /home/ashish/ros2_ws/build/turtlebot3_example/package.xml -> /home/ashish/ros2_ws/install/turtlebot3_example/share/turtlebot3_example
[57.606s] Invoked command in '/home/ashish/ros2_ws/build/turtlebot3_example' returned '0': PYTHONPATH=/home/ashish/ros2_ws/build/turtlebot3_example/prefix_override:/usr/lib/python3/dist-packages/colcon_core/task/python/colcon_distutils_commands:/home/ashish/ros2_ws/install/turtlebot3_example/lib/python3.10/site-packages:${PYTHONPATH} /usr/bin/python3 -W ignore:setup.py install is deprecated -W ignore:easy_install command is deprecated setup.py develop --editable --build-directory /home/ashish/ros2_ws/build/turtlebot3_example/build --no-deps symlink_data --force
