[0.035s] Invoking command in '/home/ashish/ros2_ws/build/cartographer_ros': CMAKE_PREFIX_PATH=/home/ashish/ros2_ws/install/turtlebot3_teleop:/home/ashish/ros2_ws/install/turtlebot3_example:/opt/ros/humble:/home/ashish/ros2_ws/install/cartographer_ros_msgs:/home/ashish/ros2_ws/install/cartographer:/home/ashish/ros2_ws/install/turtlebot3:/home/ashish/ros2_ws/install/turtlebot3_simulations:/home/ashish/ros2_ws/install/turtlebot3_bringup:/home/ashish/ros2_ws/install/turtlebot3_node:/home/ashish/ros2_ws/install/turtlebot3_navigation2:/home/ashish/ros2_ws/install/turtlebot3_gazebo:/home/ashish/ros2_ws/install/turtlebot3_fake_node:/home/ashish/ros2_ws/install/turtlebot3_description:/home/ashish/ros2_ws/install/turtlebot3_cartographer:/home/ashish/ros2_ws/install/rplidar_ros:/home/ashish/ros2_ws/install/cartographer_rviz:/home/ashish/ros2_ws/install/cartographer_ros LD_LIBRARY_PATH=/home/ashish/ros2_ws/install/cartographer_ros_msgs/lib:/home/ashish/ros2_ws/install/rplidar_ros/lib:/home/ashish/ros2_ws/install/cartographer_rviz/lib:/home/ashish/ros2_ws/install/cartographer_ros/lib:/usr/lib/x86_64-linux-gnu/gazebo-11/plugins:/opt/ros/humble/opt/rviz_ogre_vendor/lib:/opt/ros/humble/lib/x86_64-linux-gnu:/opt/ros/humble/lib /usr/bin/cmake /home/ashish/ros2_ws/src/cartographer_ros/cartographer_ros -DCMAKE_INSTALL_PREFIX=/home/ashish/ros2_ws/install/cartographer_ros
[0.065s] -- Found ament_cmake: 1.3.11 (/opt/ros/humble/share/ament_cmake/cmake)
[0.305s] -- Override CMake install command with custom implementation using symlinks instead of copying resources
[0.327s] -- Found builtin_interfaces: 1.2.1 (/opt/ros/humble/share/builtin_interfaces/cmake)
[0.353s] -- Found rosidl_generator_c: 3.1.6 (/opt/ros/humble/share/rosidl_generator_c/cmake)
[0.358s] -- Found rosidl_adapter: 3.1.6 (/opt/ros/humble/share/rosidl_adapter/cmake)
[0.370s] -- Found rosidl_generator_cpp: 3.1.6 (/opt/ros/humble/share/rosidl_generator_cpp/cmake)
[0.381s] -- Using all available rosidl_typesupport_c: rosidl_typesupport_fastrtps_c;rosidl_typesupport_introspection_c
[0.392s] -- Using all available rosidl_typesupport_cpp: rosidl_typesupport_fastrtps_cpp;rosidl_typesupport_introspection_cpp
[0.428s] -- Found required Ceres dependency: Eigen version 3.4.0 in /usr/include/eigen3
[0.448s] -- Found required Ceres dependency: glog
[0.449s] -- Found required Ceres dependency: gflags
[0.452s] -- Found Ceres version: 2.0.0 installed in: /usr with components: [EigenSparse, SparseLinearAlgebraLibrary, LAPACK, SuiteSparse, CXSparse, SchurSpecializations, Multithreading]
[0.470s] -- Found cartographer_ros_msgs: 2.0.9002 (/opt/ros/humble/share/cartographer_ros_msgs/cmake)
[0.578s] -- Eigen found (include: /usr/include/eigen3, version: 3.4.0)
[0.593s] -- looking for PCL_COMMON
[0.596s] -- Found nav_msgs: 4.2.4 (/opt/ros/humble/share/nav_msgs/cmake)
[0.619s] -- Found pcl_conversions: 2.4.5 (/opt/ros/humble/share/pcl_conversions/cmake)
[0.669s] -- Found rmw_implementation_cmake: 6.1.2 (/opt/ros/humble/share/rmw_implementation_cmake/cmake)
[0.671s] -- Found rmw_fastrtps_cpp: 6.2.7 (/opt/ros/humble/share/rmw_fastrtps_cpp/cmake)
[0.817s] -- Using RMW implementation 'rmw_fastrtps_cpp' as default
[0.951s] -- Found rosbag2_cpp: 0.15.13 (/opt/ros/humble/share/rosbag2_cpp/cmake)
[0.989s] -- Found tf2: 0.25.12 (/opt/ros/humble/share/tf2/cmake)
[0.996s] -- Found tf2_eigen: 0.25.12 (/opt/ros/humble/share/tf2_eigen/cmake)
[1.092s] -- Found urdf: 2.6.1 (/opt/ros/humble/share/urdf/cmake)
[1.101s] -- Found visualization_msgs: 4.2.4 (/opt/ros/humble/share/visualization_msgs/cmake)
[1.482s] -- Configuring done
[2.091s] -- Generating done
[2.133s] -- Build files have been written to: /home/ashish/ros2_ws/build/cartographer_ros
[2.158s] Invoked command in '/home/ashish/ros2_ws/build/cartographer_ros' returned '0': CMAKE_PREFIX_PATH=/home/ashish/ros2_ws/install/turtlebot3_teleop:/home/ashish/ros2_ws/install/turtlebot3_example:/opt/ros/humble:/home/ashish/ros2_ws/install/cartographer_ros_msgs:/home/ashish/ros2_ws/install/cartographer:/home/ashish/ros2_ws/install/turtlebot3:/home/ashish/ros2_ws/install/turtlebot3_simulations:/home/ashish/ros2_ws/install/turtlebot3_bringup:/home/ashish/ros2_ws/install/turtlebot3_node:/home/ashish/ros2_ws/install/turtlebot3_navigation2:/home/ashish/ros2_ws/install/turtlebot3_gazebo:/home/ashish/ros2_ws/install/turtlebot3_fake_node:/home/ashish/ros2_ws/install/turtlebot3_description:/home/ashish/ros2_ws/install/turtlebot3_cartographer:/home/ashish/ros2_ws/install/rplidar_ros:/home/ashish/ros2_ws/install/cartographer_rviz:/home/ashish/ros2_ws/install/cartographer_ros LD_LIBRARY_PATH=/home/ashish/ros2_ws/install/cartographer_ros_msgs/lib:/home/ashish/ros2_ws/install/rplidar_ros/lib:/home/ashish/ros2_ws/install/cartographer_rviz/lib:/home/ashish/ros2_ws/install/cartographer_ros/lib:/usr/lib/x86_64-linux-gnu/gazebo-11/plugins:/opt/ros/humble/opt/rviz_ogre_vendor/lib:/opt/ros/humble/lib/x86_64-linux-gnu:/opt/ros/humble/lib /usr/bin/cmake /home/ashish/ros2_ws/src/cartographer_ros/cartographer_ros -DCMAKE_INSTALL_PREFIX=/home/ashish/ros2_ws/install/cartographer_ros
[2.167s] Invoking command in '/home/ashish/ros2_ws/build/cartographer_ros': CMAKE_PREFIX_PATH=/home/ashish/ros2_ws/install/turtlebot3_teleop:/home/ashish/ros2_ws/install/turtlebot3_example:/opt/ros/humble:/home/ashish/ros2_ws/install/cartographer_ros_msgs:/home/ashish/ros2_ws/install/cartographer:/home/ashish/ros2_ws/install/turtlebot3:/home/ashish/ros2_ws/install/turtlebot3_simulations:/home/ashish/ros2_ws/install/turtlebot3_bringup:/home/ashish/ros2_ws/install/turtlebot3_node:/home/ashish/ros2_ws/install/turtlebot3_navigation2:/home/ashish/ros2_ws/install/turtlebot3_gazebo:/home/ashish/ros2_ws/install/turtlebot3_fake_node:/home/ashish/ros2_ws/install/turtlebot3_description:/home/ashish/ros2_ws/install/turtlebot3_cartographer:/home/ashish/ros2_ws/install/rplidar_ros:/home/ashish/ros2_ws/install/cartographer_rviz:/home/ashish/ros2_ws/install/cartographer_ros LD_LIBRARY_PATH=/home/ashish/ros2_ws/install/cartographer_ros_msgs/lib:/home/ashish/ros2_ws/install/rplidar_ros/lib:/home/ashish/ros2_ws/install/cartographer_rviz/lib:/home/ashish/ros2_ws/install/cartographer_ros/lib:/usr/lib/x86_64-linux-gnu/gazebo-11/plugins:/opt/ros/humble/opt/rviz_ogre_vendor/lib:/opt/ros/humble/lib/x86_64-linux-gnu:/opt/ros/humble/lib /usr/bin/cmake --build /home/ashish/ros2_ws/build/cartographer_ros -- -j4 -l4
[2.283s] [35m[1mConsolidate compiler generated dependencies of target cartographer_ros[0m
[2.503s] [ 60%] Built target cartographer_ros
[2.576s] [35m[1mConsolidate compiler generated dependencies of target cartographer_assets_writer[0m
[2.577s] [35m[1mConsolidate compiler generated dependencies of target cartographer_occupancy_grid_node[0m
[2.577s] [35m[1mConsolidate compiler generated dependencies of target cartographer_node[0m
[2.623s] [ 65%] Built target cartographer_occupancy_grid_node
[2.653s] [35m[1mConsolidate compiler generated dependencies of target cartographer_pbstream_map_publisher[0m
[2.659s] [ 71%] Built target cartographer_node
[2.659s] [35m[1mConsolidate compiler generated dependencies of target cartographer_offline_node[0m
[2.679s] [ 77%] Built target cartographer_assets_writer
[2.697s] [35m[1mConsolidate compiler generated dependencies of target cartographer_pbstream_to_ros_map[0m
[2.743s] [35m[1mConsolidate compiler generated dependencies of target cartographer_rosbag_validate[0m
[2.743s] [ 82%] Built target cartographer_offline_node
[2.750s] [ 88%] Built target cartographer_pbstream_map_publisher
[2.760s] [ 94%] Built target cartographer_pbstream_to_ros_map
[2.778s] [100%] Built target cartographer_rosbag_validate
[2.796s] Invoked command in '/home/ashish/ros2_ws/build/cartographer_ros' returned '0': CMAKE_PREFIX_PATH=/home/ashish/ros2_ws/install/turtlebot3_teleop:/home/ashish/ros2_ws/install/turtlebot3_example:/opt/ros/humble:/home/ashish/ros2_ws/install/cartographer_ros_msgs:/home/ashish/ros2_ws/install/cartographer:/home/ashish/ros2_ws/install/turtlebot3:/home/ashish/ros2_ws/install/turtlebot3_simulations:/home/ashish/ros2_ws/install/turtlebot3_bringup:/home/ashish/ros2_ws/install/turtlebot3_node:/home/ashish/ros2_ws/install/turtlebot3_navigation2:/home/ashish/ros2_ws/install/turtlebot3_gazebo:/home/ashish/ros2_ws/install/turtlebot3_fake_node:/home/ashish/ros2_ws/install/turtlebot3_description:/home/ashish/ros2_ws/install/turtlebot3_cartographer:/home/ashish/ros2_ws/install/rplidar_ros:/home/ashish/ros2_ws/install/cartographer_rviz:/home/ashish/ros2_ws/install/cartographer_ros LD_LIBRARY_PATH=/home/ashish/ros2_ws/install/cartographer_ros_msgs/lib:/home/ashish/ros2_ws/install/rplidar_ros/lib:/home/ashish/ros2_ws/install/cartographer_rviz/lib:/home/ashish/ros2_ws/install/cartographer_ros/lib:/usr/lib/x86_64-linux-gnu/gazebo-11/plugins:/opt/ros/humble/opt/rviz_ogre_vendor/lib:/opt/ros/humble/lib/x86_64-linux-gnu:/opt/ros/humble/lib /usr/bin/cmake --build /home/ashish/ros2_ws/build/cartographer_ros -- -j4 -l4
[2.799s] Invoking command in '/home/ashish/ros2_ws/build/cartographer_ros': CMAKE_PREFIX_PATH=/home/ashish/ros2_ws/install/turtlebot3_teleop:/home/ashish/ros2_ws/install/turtlebot3_example:/opt/ros/humble:/home/ashish/ros2_ws/install/cartographer_ros_msgs:/home/ashish/ros2_ws/install/cartographer:/home/ashish/ros2_ws/install/turtlebot3:/home/ashish/ros2_ws/install/turtlebot3_simulations:/home/ashish/ros2_ws/install/turtlebot3_bringup:/home/ashish/ros2_ws/install/turtlebot3_node:/home/ashish/ros2_ws/install/turtlebot3_navigation2:/home/ashish/ros2_ws/install/turtlebot3_gazebo:/home/ashish/ros2_ws/install/turtlebot3_fake_node:/home/ashish/ros2_ws/install/turtlebot3_description:/home/ashish/ros2_ws/install/turtlebot3_cartographer:/home/ashish/ros2_ws/install/rplidar_ros:/home/ashish/ros2_ws/install/cartographer_rviz:/home/ashish/ros2_ws/install/cartographer_ros LD_LIBRARY_PATH=/home/ashish/ros2_ws/install/cartographer_ros_msgs/lib:/home/ashish/ros2_ws/install/rplidar_ros/lib:/home/ashish/ros2_ws/install/cartographer_rviz/lib:/home/ashish/ros2_ws/install/cartographer_ros/lib:/usr/lib/x86_64-linux-gnu/gazebo-11/plugins:/opt/ros/humble/opt/rviz_ogre_vendor/lib:/opt/ros/humble/lib/x86_64-linux-gnu:/opt/ros/humble/lib /usr/bin/cmake --install /home/ashish/ros2_ws/build/cartographer_ros
[2.815s] -- Install configuration: ""
[2.815s] -- Execute custom install script
[2.815s] -- Up-to-date symlink: /home/ashish/ros2_ws/install/cartographer_ros/lib/libcartographer_ros.a
[2.817s] -- Up-to-date symlink: /home/ashish/ros2_ws/install/cartographer_ros/lib/cartographer_ros/cartographer_node
[2.818s] -- Up-to-date symlink: /home/ashish/ros2_ws/install/cartographer_ros/lib/cartographer_ros/cartographer_occupancy_grid_node
[2.820s] -- Up-to-date symlink: /home/ashish/ros2_ws/install/cartographer_ros/lib/cartographer_ros/cartographer_offline_node
[2.821s] -- Up-to-date symlink: /home/ashish/ros2_ws/install/cartographer_ros/lib/cartographer_ros/cartographer_assets_writer
[2.821s] -- Up-to-date symlink: /home/ashish/ros2_ws/install/cartographer_ros/lib/cartographer_ros/cartographer_pbstream_map_publisher
[2.823s] -- Up-to-date symlink: /home/ashish/ros2_ws/install/cartographer_ros/lib/cartographer_ros/cartographer_pbstream_to_ros_map
[2.825s] -- Up-to-date symlink: /home/ashish/ros2_ws/install/cartographer_ros/lib/cartographer_ros/cartographer_rosbag_validate
[2.828s] -- Up-to-date symlink: /home/ashish/ros2_ws/install/cartographer_ros/include//cartographer_ros/assets_writer.h
[2.830s] -- Up-to-date symlink: /home/ashish/ros2_ws/install/cartographer_ros/include//cartographer_ros/map_builder_bridge.h
[2.832s] -- Up-to-date symlink: /home/ashish/ros2_ws/install/cartographer_ros/include//cartographer_ros/metrics/family_factory.h
[2.834s] -- Up-to-date symlink: /home/ashish/ros2_ws/install/cartographer_ros/include//cartographer_ros/metrics/internal/counter.h
[2.835s] -- Up-to-date symlink: /home/ashish/ros2_ws/install/cartographer_ros/include//cartographer_ros/metrics/internal/family.h
[2.838s] -- Up-to-date symlink: /home/ashish/ros2_ws/install/cartographer_ros/include//cartographer_ros/metrics/internal/gauge.h
[2.838s] -- Up-to-date symlink: /home/ashish/ros2_ws/install/cartographer_ros/include//cartographer_ros/metrics/internal/histogram.h
[2.838s] -- Up-to-date symlink: /home/ashish/ros2_ws/install/cartographer_ros/include//cartographer_ros/msg_conversion.h
[2.839s] -- Up-to-date symlink: /home/ashish/ros2_ws/install/cartographer_ros/include//cartographer_ros/node.h
[2.840s] -- Up-to-date symlink: /home/ashish/ros2_ws/install/cartographer_ros/include//cartographer_ros/node_constants.h
[2.841s] -- Up-to-date symlink: /home/ashish/ros2_ws/install/cartographer_ros/include//cartographer_ros/node_options.h
[2.842s] -- Up-to-date symlink: /home/ashish/ros2_ws/install/cartographer_ros/include//cartographer_ros/offline_node.h
[2.843s] -- Up-to-date symlink: /home/ashish/ros2_ws/install/cartographer_ros/include//cartographer_ros/playable_bag.h
[2.844s] -- Up-to-date symlink: /home/ashish/ros2_ws/install/cartographer_ros/include//cartographer_ros/ros_log_sink.h
[2.846s] -- Up-to-date symlink: /home/ashish/ros2_ws/install/cartographer_ros/include//cartographer_ros/ros_map.h
[2.848s] -- Up-to-date symlink: /home/ashish/ros2_ws/install/cartographer_ros/include//cartographer_ros/ros_map_writing_points_processor.h
[2.850s] -- Up-to-date symlink: /home/ashish/ros2_ws/install/cartographer_ros/include//cartographer_ros/sensor_bridge.h
[2.850s] -- Up-to-date symlink: /home/ashish/ros2_ws/install/cartographer_ros/include//cartographer_ros/submap.h
[2.852s] -- Up-to-date symlink: /home/ashish/ros2_ws/install/cartographer_ros/include//cartographer_ros/tf_bridge.h
[2.853s] -- Up-to-date symlink: /home/ashish/ros2_ws/install/cartographer_ros/include//cartographer_ros/time_conversion.h
[2.853s] -- Up-to-date symlink: /home/ashish/ros2_ws/install/cartographer_ros/include//cartographer_ros/trajectory_options.h
[2.854s] -- Up-to-date symlink: /home/ashish/ros2_ws/install/cartographer_ros/include//cartographer_ros/urdf_reader.h
[2.861s] -- Up-to-date symlink: /home/ashish/ros2_ws/install/cartographer_ros/share/cartographer_ros//configuration_files/assets_writer_backpack_2d.lua
[2.861s] -- Up-to-date symlink: /home/ashish/ros2_ws/install/cartographer_ros/share/cartographer_ros//configuration_files/assets_writer_backpack_2d_ci.lua
[2.862s] -- Up-to-date symlink: /home/ashish/ros2_ws/install/cartographer_ros/share/cartographer_ros//configuration_files/assets_writer_backpack_3d.lua
[2.864s] -- Up-to-date symlink: /home/ashish/ros2_ws/install/cartographer_ros/share/cartographer_ros//configuration_files/assets_writer_ros_map.lua
[2.865s] -- Up-to-date symlink: /home/ashish/ros2_ws/install/cartographer_ros/share/cartographer_ros//configuration_files/backpack_2d.lua
[2.866s] -- Up-to-date symlink: /home/ashish/ros2_ws/install/cartographer_ros/share/cartographer_ros//configuration_files/backpack_2d_localization.lua
[2.867s] -- Up-to-date symlink: /home/ashish/ros2_ws/install/cartographer_ros/share/cartographer_ros//configuration_files/backpack_2d_localization_evaluation.lua
[2.868s] -- Up-to-date symlink: /home/ashish/ros2_ws/install/cartographer_ros/share/cartographer_ros//configuration_files/backpack_2d_server.lua
[2.869s] -- Up-to-date symlink: /home/ashish/ros2_ws/install/cartographer_ros/share/cartographer_ros//configuration_files/backpack_3d.lua
[2.870s] -- Up-to-date symlink: /home/ashish/ros2_ws/install/cartographer_ros/share/cartographer_ros//configuration_files/backpack_3d_localization.lua
[2.870s] -- Up-to-date symlink: /home/ashish/ros2_ws/install/cartographer_ros/share/cartographer_ros//configuration_files/demo_2d.rviz
[2.872s] -- Up-to-date symlink: /home/ashish/ros2_ws/install/cartographer_ros/share/cartographer_ros//configuration_files/demo_3d.rviz
[2.873s] -- Up-to-date symlink: /home/ashish/ros2_ws/install/cartographer_ros/share/cartographer_ros//configuration_files/mir-100-mapping.lua
[2.873s] -- Up-to-date symlink: /home/ashish/ros2_ws/install/cartographer_ros/share/cartographer_ros//configuration_files/pr2.lua
[2.875s] -- Up-to-date symlink: /home/ashish/ros2_ws/install/cartographer_ros/share/cartographer_ros//configuration_files/revo_lds.lua
[2.875s] -- Up-to-date symlink: /home/ashish/ros2_ws/install/cartographer_ros/share/cartographer_ros//configuration_files/taurob_tracker.lua
[2.876s] -- Up-to-date symlink: /home/ashish/ros2_ws/install/cartographer_ros/share/cartographer_ros//configuration_files/transform.lua
[2.877s] -- Up-to-date symlink: /home/ashish/ros2_ws/install/cartographer_ros/share/cartographer_ros//configuration_files/visualize_pbstream.lua
[2.880s] -- Up-to-date symlink: /home/ashish/ros2_ws/install/cartographer_ros/share/cartographer_ros//urdf/backpack_2d.urdf
[2.881s] -- Up-to-date symlink: /home/ashish/ros2_ws/install/cartographer_ros/share/cartographer_ros//urdf/backpack_3d.urdf
[2.881s] -- Up-to-date symlink: /home/ashish/ros2_ws/install/cartographer_ros/share/cartographer_ros//urdf/mir-100.urdf
[2.884s] -- Up-to-date symlink: /home/ashish/ros2_ws/install/cartographer_ros/share/cartographer_ros//launch/assets_writer_backpack_2d.launch.py
[2.885s] -- Up-to-date symlink: /home/ashish/ros2_ws/install/cartographer_ros/share/cartographer_ros//launch/assets_writer_backpack_3d.launch.py
[2.885s] -- Up-to-date symlink: /home/ashish/ros2_ws/install/cartographer_ros/share/cartographer_ros//launch/assets_writer_ros_map.launch.py
[2.886s] -- Up-to-date symlink: /home/ashish/ros2_ws/install/cartographer_ros/share/cartographer_ros//launch/backpack_2d.launch.py
[2.888s] -- Up-to-date symlink: /home/ashish/ros2_ws/install/cartographer_ros/share/cartographer_ros//launch/backpack_3d.launch.py
[2.888s] -- Up-to-date symlink: /home/ashish/ros2_ws/install/cartographer_ros/share/cartographer_ros//launch/demo_backpack_2d.launch.py
[2.889s] -- Up-to-date symlink: /home/ashish/ros2_ws/install/cartographer_ros/share/cartographer_ros//launch/demo_backpack_2d_localization.launch.py
[2.891s] -- Up-to-date symlink: /home/ashish/ros2_ws/install/cartographer_ros/share/cartographer_ros//launch/demo_backpack_3d.launch.py
[2.891s] -- Up-to-date symlink: /home/ashish/ros2_ws/install/cartographer_ros/share/cartographer_ros//launch/demo_backpack_3d_localization.launch.py
[2.892s] -- Up-to-date symlink: /home/ashish/ros2_ws/install/cartographer_ros/share/cartographer_ros//launch/demo_pr2.launch
[2.893s] -- Up-to-date symlink: /home/ashish/ros2_ws/install/cartographer_ros/share/cartographer_ros//launch/demo_revo_lds.launch.py
[2.894s] -- Up-to-date symlink: /home/ashish/ros2_ws/install/cartographer_ros/share/cartographer_ros//launch/demo_taurob_tracker.launch.py
[2.895s] -- Up-to-date symlink: /home/ashish/ros2_ws/install/cartographer_ros/share/cartographer_ros//launch/grpc_demo_backpack_2d.launch
[2.896s] -- Up-to-date symlink: /home/ashish/ros2_ws/install/cartographer_ros/share/cartographer_ros//launch/grpc_demo_backpack_2d_localization.launch
[2.897s] -- Up-to-date symlink: /home/ashish/ros2_ws/install/cartographer_ros/share/cartographer_ros//launch/offline_backpack_2d.launch.py
[2.900s] -- Up-to-date symlink: /home/ashish/ros2_ws/install/cartographer_ros/share/cartographer_ros//launch/offline_backpack_3d.launch.py
[2.900s] -- Up-to-date symlink: /home/ashish/ros2_ws/install/cartographer_ros/share/cartographer_ros//launch/offline_mir_100_rviz.launch.py
[2.901s] -- Up-to-date symlink: /home/ashish/ros2_ws/install/cartographer_ros/share/cartographer_ros//launch/offline_node.launch.py
[2.901s] -- Up-to-date symlink: /home/ashish/ros2_ws/install/cartographer_ros/share/cartographer_ros//launch/taurob_tracker.launch.py
[2.902s] -- Up-to-date symlink: /home/ashish/ros2_ws/install/cartographer_ros/share/cartographer_ros//launch/visualize_pbstream.launch.py
[2.903s] -- Up-to-date symlink: /home/ashish/ros2_ws/install/cartographer_ros/share/cartographer_ros/environment/library_path.sh
[2.903s] -- Up-to-date symlink: /home/ashish/ros2_ws/install/cartographer_ros/share/cartographer_ros/environment/library_path.dsv
[2.907s] -- Up-to-date symlink: /home/ashish/ros2_ws/install/cartographer_ros/share/ament_index/resource_index/package_run_dependencies/cartographer_ros
[2.907s] -- Up-to-date symlink: /home/ashish/ros2_ws/install/cartographer_ros/share/ament_index/resource_index/parent_prefix_path/cartographer_ros
[2.907s] -- Up-to-date symlink: /home/ashish/ros2_ws/install/cartographer_ros/share/cartographer_ros/environment/ament_prefix_path.sh
[2.908s] -- Up-to-date symlink: /home/ashish/ros2_ws/install/cartographer_ros/share/cartographer_ros/environment/ament_prefix_path.dsv
[2.908s] -- Up-to-date symlink: /home/ashish/ros2_ws/install/cartographer_ros/share/cartographer_ros/environment/path.sh
[2.908s] -- Up-to-date symlink: /home/ashish/ros2_ws/install/cartographer_ros/share/cartographer_ros/environment/path.dsv
[2.909s] -- Up-to-date symlink: /home/ashish/ros2_ws/install/cartographer_ros/share/cartographer_ros/local_setup.bash
[2.909s] -- Up-to-date symlink: /home/ashish/ros2_ws/install/cartographer_ros/share/cartographer_ros/local_setup.sh
[2.910s] -- Up-to-date symlink: /home/ashish/ros2_ws/install/cartographer_ros/share/cartographer_ros/local_setup.zsh
[2.910s] -- Up-to-date symlink: /home/ashish/ros2_ws/install/cartographer_ros/share/cartographer_ros/local_setup.dsv
[2.911s] -- Symlinking: /home/ashish/ros2_ws/install/cartographer_ros/share/cartographer_ros/package.dsv
[2.922s] -- Up-to-date symlink: /home/ashish/ros2_ws/install/cartographer_ros/share/ament_index/resource_index/packages/cartographer_ros
[2.924s] -- Up-to-date symlink: /home/ashish/ros2_ws/install/cartographer_ros/share/cartographer_ros/cmake/ament_cmake_export_include_directories-extras.cmake
[2.924s] -- Up-to-date symlink: /home/ashish/ros2_ws/install/cartographer_ros/share/cartographer_ros/cmake/ament_cmake_export_libraries-extras.cmake
[2.925s] -- Up-to-date symlink: /home/ashish/ros2_ws/install/cartographer_ros/share/cartographer_ros/cmake/ament_cmake_export_dependencies-extras.cmake
[2.926s] -- Up-to-date symlink: /home/ashish/ros2_ws/install/cartographer_ros/share/cartographer_ros/cmake/cartographer_rosConfig.cmake
[2.927s] -- Up-to-date symlink: /home/ashish/ros2_ws/install/cartographer_ros/share/cartographer_ros/cmake/cartographer_rosConfig-version.cmake
[2.937s] -- Up-to-date symlink: /home/ashish/ros2_ws/install/cartographer_ros/share/cartographer_ros/package.xml
[2.938s] Invoked command in '/home/ashish/ros2_ws/build/cartographer_ros' returned '0': CMAKE_PREFIX_PATH=/home/ashish/ros2_ws/install/turtlebot3_teleop:/home/ashish/ros2_ws/install/turtlebot3_example:/opt/ros/humble:/home/ashish/ros2_ws/install/cartographer_ros_msgs:/home/ashish/ros2_ws/install/cartographer:/home/ashish/ros2_ws/install/turtlebot3:/home/ashish/ros2_ws/install/turtlebot3_simulations:/home/ashish/ros2_ws/install/turtlebot3_bringup:/home/ashish/ros2_ws/install/turtlebot3_node:/home/ashish/ros2_ws/install/turtlebot3_navigation2:/home/ashish/ros2_ws/install/turtlebot3_gazebo:/home/ashish/ros2_ws/install/turtlebot3_fake_node:/home/ashish/ros2_ws/install/turtlebot3_description:/home/ashish/ros2_ws/install/turtlebot3_cartographer:/home/ashish/ros2_ws/install/rplidar_ros:/home/ashish/ros2_ws/install/cartographer_rviz:/home/ashish/ros2_ws/install/cartographer_ros LD_LIBRARY_PATH=/home/ashish/ros2_ws/install/cartographer_ros_msgs/lib:/home/ashish/ros2_ws/install/rplidar_ros/lib:/home/ashish/ros2_ws/install/cartographer_rviz/lib:/home/ashish/ros2_ws/install/cartographer_ros/lib:/usr/lib/x86_64-linux-gnu/gazebo-11/plugins:/opt/ros/humble/opt/rviz_ogre_vendor/lib:/opt/ros/humble/lib/x86_64-linux-gnu:/opt/ros/humble/lib /usr/bin/cmake --install /home/ashish/ros2_ws/build/cartographer_ros
