[0.243s] Invoking command in '/home/ashish/ros2_ws/build/cartographer_ros': CMAKE_PREFIX_PATH=/home/ashish/ros2_ws/install/turtlebot3_teleop:/home/ashish/ros2_ws/install/turtlebot3_example:/opt/ros/humble:/home/ashish/ros2_ws/install/cartographer_ros_msgs:/home/ashish/ros2_ws/install/cartographer:/home/ashish/ros2_ws/install/turtlebot3:/home/ashish/ros2_ws/install/turtlebot3_simulations:/home/ashish/ros2_ws/install/turtlebot3_bringup:/home/ashish/ros2_ws/install/turtlebot3_node:/home/ashish/ros2_ws/install/turtlebot3_navigation2:/home/ashish/ros2_ws/install/turtlebot3_gazebo:/home/ashish/ros2_ws/install/turtlebot3_fake_node:/home/ashish/ros2_ws/install/turtlebot3_description:/home/ashish/ros2_ws/install/turtlebot3_cartographer:/home/ashish/ros2_ws/install/rplidar_ros:/home/ashish/ros2_ws/install/rf2o_laser_odometry:/home/ashish/ros2_ws/install/nav2_custom_launch:/home/ashish/ros2_ws/install/my_robot_description:/home/ashish/ros2_ws/install/cartographer_rviz:/home/ashish/ros2_ws/install/cartographer_ros LD_LIBRARY_PATH=/home/ashish/ros2_ws/install/cartographer_ros_msgs/lib:/home/ashish/ros2_ws/install/rplidar_ros/lib:/home/ashish/ros2_ws/install/cartographer_rviz/lib:/home/ashish/ros2_ws/install/cartographer_ros/lib:/usr/lib/x86_64-linux-gnu/gazebo-11/plugins:/opt/ros/humble/opt/rviz_ogre_vendor/lib:/opt/ros/humble/lib/x86_64-linux-gnu:/opt/ros/humble/lib /usr/bin/cmake --build /home/ashish/ros2_ws/build/cartographer_ros -- -j4 -l4
[1.433s] [ 60%] Built target cartographer_ros
[1.745s] [ 65%] Built target cartographer_node
[1.775s] [ 71%] Built target cartographer_occupancy_grid_node
[1.990s] [ 77%] Built target cartographer_assets_writer
[1.992s] [ 82%] Built target cartographer_pbstream_map_publisher
[2.136s] [ 88%] Built target cartographer_pbstream_to_ros_map
[2.143s] [ 94%] Built target cartographer_rosbag_validate
[2.332s] [100%] Built target cartographer_offline_node
[2.391s] Invoked command in '/home/ashish/ros2_ws/build/cartographer_ros' returned '0': CMAKE_PREFIX_PATH=/home/ashish/ros2_ws/install/turtlebot3_teleop:/home/ashish/ros2_ws/install/turtlebot3_example:/opt/ros/humble:/home/ashish/ros2_ws/install/cartographer_ros_msgs:/home/ashish/ros2_ws/install/cartographer:/home/ashish/ros2_ws/install/turtlebot3:/home/ashish/ros2_ws/install/turtlebot3_simulations:/home/ashish/ros2_ws/install/turtlebot3_bringup:/home/ashish/ros2_ws/install/turtlebot3_node:/home/ashish/ros2_ws/install/turtlebot3_navigation2:/home/ashish/ros2_ws/install/turtlebot3_gazebo:/home/ashish/ros2_ws/install/turtlebot3_fake_node:/home/ashish/ros2_ws/install/turtlebot3_description:/home/ashish/ros2_ws/install/turtlebot3_cartographer:/home/ashish/ros2_ws/install/rplidar_ros:/home/ashish/ros2_ws/install/rf2o_laser_odometry:/home/ashish/ros2_ws/install/nav2_custom_launch:/home/ashish/ros2_ws/install/my_robot_description:/home/ashish/ros2_ws/install/cartographer_rviz:/home/ashish/ros2_ws/install/cartographer_ros LD_LIBRARY_PATH=/home/ashish/ros2_ws/install/cartographer_ros_msgs/lib:/home/ashish/ros2_ws/install/rplidar_ros/lib:/home/ashish/ros2_ws/install/cartographer_rviz/lib:/home/ashish/ros2_ws/install/cartographer_ros/lib:/usr/lib/x86_64-linux-gnu/gazebo-11/plugins:/opt/ros/humble/opt/rviz_ogre_vendor/lib:/opt/ros/humble/lib/x86_64-linux-gnu:/opt/ros/humble/lib /usr/bin/cmake --build /home/ashish/ros2_ws/build/cartographer_ros -- -j4 -l4
[2.408s] Invoking command in '/home/ashish/ros2_ws/build/cartographer_ros': CMAKE_PREFIX_PATH=/home/ashish/ros2_ws/install/turtlebot3_teleop:/home/ashish/ros2_ws/install/turtlebot3_example:/opt/ros/humble:/home/ashish/ros2_ws/install/cartographer_ros_msgs:/home/ashish/ros2_ws/install/cartographer:/home/ashish/ros2_ws/install/turtlebot3:/home/ashish/ros2_ws/install/turtlebot3_simulations:/home/ashish/ros2_ws/install/turtlebot3_bringup:/home/ashish/ros2_ws/install/turtlebot3_node:/home/ashish/ros2_ws/install/turtlebot3_navigation2:/home/ashish/ros2_ws/install/turtlebot3_gazebo:/home/ashish/ros2_ws/install/turtlebot3_fake_node:/home/ashish/ros2_ws/install/turtlebot3_description:/home/ashish/ros2_ws/install/turtlebot3_cartographer:/home/ashish/ros2_ws/install/rplidar_ros:/home/ashish/ros2_ws/install/rf2o_laser_odometry:/home/ashish/ros2_ws/install/nav2_custom_launch:/home/ashish/ros2_ws/install/my_robot_description:/home/ashish/ros2_ws/install/cartographer_rviz:/home/ashish/ros2_ws/install/cartographer_ros LD_LIBRARY_PATH=/home/ashish/ros2_ws/install/cartographer_ros_msgs/lib:/home/ashish/ros2_ws/install/rplidar_ros/lib:/home/ashish/ros2_ws/install/cartographer_rviz/lib:/home/ashish/ros2_ws/install/cartographer_ros/lib:/usr/lib/x86_64-linux-gnu/gazebo-11/plugins:/opt/ros/humble/opt/rviz_ogre_vendor/lib:/opt/ros/humble/lib/x86_64-linux-gnu:/opt/ros/humble/lib /usr/bin/cmake --install /home/ashish/ros2_ws/build/cartographer_ros
[2.429s] -- Install configuration: ""
[2.433s] -- Execute custom install script
[2.444s] -- Up-to-date symlink: /home/ashish/ros2_ws/install/cartographer_ros/lib/libcartographer_ros.a
[2.447s] -- Up-to-date symlink: /home/ashish/ros2_ws/install/cartographer_ros/lib/cartographer_ros/cartographer_node
[2.448s] -- Up-to-date symlink: /home/ashish/ros2_ws/install/cartographer_ros/lib/cartographer_ros/cartographer_occupancy_grid_node
[2.457s] -- Up-to-date symlink: /home/ashish/ros2_ws/install/cartographer_ros/lib/cartographer_ros/cartographer_offline_node
[2.474s] -- Up-to-date symlink: /home/ashish/ros2_ws/install/cartographer_ros/lib/cartographer_ros/cartographer_assets_writer
[2.483s] -- Up-to-date symlink: /home/ashish/ros2_ws/install/cartographer_ros/lib/cartographer_ros/cartographer_pbstream_map_publisher
[2.488s] -- Up-to-date symlink: /home/ashish/ros2_ws/install/cartographer_ros/lib/cartographer_ros/cartographer_pbstream_to_ros_map
[2.489s] -- Up-to-date symlink: /home/ashish/ros2_ws/install/cartographer_ros/lib/cartographer_ros/cartographer_rosbag_validate
[2.493s] -- Up-to-date symlink: /home/ashish/ros2_ws/install/cartographer_ros/include//cartographer_ros/assets_writer.h
[2.505s] -- Up-to-date symlink: /home/ashish/ros2_ws/install/cartographer_ros/include//cartographer_ros/map_builder_bridge.h
[2.508s] -- Up-to-date symlink: /home/ashish/ros2_ws/install/cartographer_ros/include//cartographer_ros/metrics/family_factory.h
[2.512s] -- Up-to-date symlink: /home/ashish/ros2_ws/install/cartographer_ros/include//cartographer_ros/metrics/internal/counter.h
[2.513s] -- Up-to-date symlink: /home/ashish/ros2_ws/install/cartographer_ros/include//cartographer_ros/metrics/internal/family.h
[2.515s] -- Up-to-date symlink: /home/ashish/ros2_ws/install/cartographer_ros/include//cartographer_ros/metrics/internal/gauge.h
[2.517s] -- Up-to-date symlink: /home/ashish/ros2_ws/install/cartographer_ros/include//cartographer_ros/metrics/internal/histogram.h
[2.518s] -- Up-to-date symlink: /home/ashish/ros2_ws/install/cartographer_ros/include//cartographer_ros/msg_conversion.h
[2.519s] -- Up-to-date symlink: /home/ashish/ros2_ws/install/cartographer_ros/include//cartographer_ros/node.h
[2.519s] -- Up-to-date symlink: /home/ashish/ros2_ws/install/cartographer_ros/include//cartographer_ros/node_constants.h
[2.533s] -- Up-to-date symlink: /home/ashish/ros2_ws/install/cartographer_ros/include//cartographer_ros/node_options.h
[2.546s] -- Up-to-date symlink: /home/ashish/ros2_ws/install/cartographer_ros/include//cartographer_ros/offline_node.h
[2.552s] -- Up-to-date symlink: /home/ashish/ros2_ws/install/cartographer_ros/include//cartographer_ros/playable_bag.h
[2.553s] -- Up-to-date symlink: /home/ashish/ros2_ws/install/cartographer_ros/include//cartographer_ros/ros_log_sink.h
[2.554s] -- Up-to-date symlink: /home/ashish/ros2_ws/install/cartographer_ros/include//cartographer_ros/ros_map.h
[2.556s] -- Up-to-date symlink: /home/ashish/ros2_ws/install/cartographer_ros/include//cartographer_ros/ros_map_writing_points_processor.h
[2.562s] -- Up-to-date symlink: /home/ashish/ros2_ws/install/cartographer_ros/include//cartographer_ros/sensor_bridge.h
[2.565s] -- Up-to-date symlink: /home/ashish/ros2_ws/install/cartographer_ros/include//cartographer_ros/submap.h
[2.566s] -- Up-to-date symlink: /home/ashish/ros2_ws/install/cartographer_ros/include//cartographer_ros/tf_bridge.h
[2.567s] -- Up-to-date symlink: /home/ashish/ros2_ws/install/cartographer_ros/include//cartographer_ros/time_conversion.h
[2.570s] -- Up-to-date symlink: /home/ashish/ros2_ws/install/cartographer_ros/include//cartographer_ros/trajectory_options.h
[2.581s] -- Up-to-date symlink: /home/ashish/ros2_ws/install/cartographer_ros/include//cartographer_ros/urdf_reader.h
[2.589s] -- Up-to-date symlink: /home/ashish/ros2_ws/install/cartographer_ros/share/cartographer_ros//configuration_files/assets_writer_backpack_2d.lua
[2.602s] -- Up-to-date symlink: /home/ashish/ros2_ws/install/cartographer_ros/share/cartographer_ros//configuration_files/assets_writer_backpack_2d_ci.lua
[2.602s] -- Up-to-date symlink: /home/ashish/ros2_ws/install/cartographer_ros/share/cartographer_ros//configuration_files/assets_writer_backpack_3d.lua
[2.606s] -- Up-to-date symlink: /home/ashish/ros2_ws/install/cartographer_ros/share/cartographer_ros//configuration_files/assets_writer_ros_map.lua
[2.607s] -- Up-to-date symlink: /home/ashish/ros2_ws/install/cartographer_ros/share/cartographer_ros//configuration_files/backpack_2d.lua
[2.609s] -- Up-to-date symlink: /home/ashish/ros2_ws/install/cartographer_ros/share/cartographer_ros//configuration_files/backpack_2d_localization.lua
[2.609s] -- Up-to-date symlink: /home/ashish/ros2_ws/install/cartographer_ros/share/cartographer_ros//configuration_files/backpack_2d_localization_evaluation.lua
[2.610s] -- Up-to-date symlink: /home/ashish/ros2_ws/install/cartographer_ros/share/cartographer_ros//configuration_files/backpack_2d_server.lua
[2.612s] -- Up-to-date symlink: /home/ashish/ros2_ws/install/cartographer_ros/share/cartographer_ros//configuration_files/backpack_3d.lua
[2.614s] -- Up-to-date symlink: /home/ashish/ros2_ws/install/cartographer_ros/share/cartographer_ros//configuration_files/backpack_3d_localization.lua
[2.615s] -- Up-to-date symlink: /home/ashish/ros2_ws/install/cartographer_ros/share/cartographer_ros//configuration_files/demo_2d.rviz
[2.617s] -- Up-to-date symlink: /home/ashish/ros2_ws/install/cartographer_ros/share/cartographer_ros//configuration_files/demo_3d.rviz
[2.618s] -- Up-to-date symlink: /home/ashish/ros2_ws/install/cartographer_ros/share/cartographer_ros//configuration_files/mir-100-mapping.lua
[2.619s] -- Up-to-date symlink: /home/ashish/ros2_ws/install/cartographer_ros/share/cartographer_ros//configuration_files/pr2.lua
[2.634s] -- Up-to-date symlink: /home/ashish/ros2_ws/install/cartographer_ros/share/cartographer_ros//configuration_files/revo_lds.lua
[2.634s] -- Up-to-date symlink: /home/ashish/ros2_ws/install/cartographer_ros/share/cartographer_ros//configuration_files/taurob_tracker.lua
[2.645s] -- Up-to-date symlink: /home/ashish/ros2_ws/install/cartographer_ros/share/cartographer_ros//configuration_files/transform.lua
[2.651s] -- Up-to-date symlink: /home/ashish/ros2_ws/install/cartographer_ros/share/cartographer_ros//configuration_files/visualize_pbstream.lua
[2.654s] -- Up-to-date symlink: /home/ashish/ros2_ws/install/cartographer_ros/share/cartographer_ros//urdf/backpack_2d.urdf
[2.654s] -- Up-to-date symlink: /home/ashish/ros2_ws/install/cartographer_ros/share/cartographer_ros//urdf/backpack_3d.urdf
[2.656s] -- Up-to-date symlink: /home/ashish/ros2_ws/install/cartographer_ros/share/cartographer_ros//urdf/mir-100.urdf
[2.668s] -- Up-to-date symlink: /home/ashish/ros2_ws/install/cartographer_ros/share/cartographer_ros//launch/assets_writer_backpack_2d.launch.py
[2.674s] -- Up-to-date symlink: /home/ashish/ros2_ws/install/cartographer_ros/share/cartographer_ros//launch/assets_writer_backpack_3d.launch.py
[2.675s] -- Up-to-date symlink: /home/ashish/ros2_ws/install/cartographer_ros/share/cartographer_ros//launch/assets_writer_ros_map.launch.py
[2.677s] -- Up-to-date symlink: /home/ashish/ros2_ws/install/cartographer_ros/share/cartographer_ros//launch/backpack_2d.launch.py
[2.678s] -- Up-to-date symlink: /home/ashish/ros2_ws/install/cartographer_ros/share/cartographer_ros//launch/backpack_3d.launch.py
[2.679s] -- Up-to-date symlink: /home/ashish/ros2_ws/install/cartographer_ros/share/cartographer_ros//launch/demo_backpack_2d.launch.py
[2.681s] -- Up-to-date symlink: /home/ashish/ros2_ws/install/cartographer_ros/share/cartographer_ros//launch/demo_backpack_2d_localization.launch.py
[2.694s] -- Up-to-date symlink: /home/ashish/ros2_ws/install/cartographer_ros/share/cartographer_ros//launch/demo_backpack_3d.launch.py
[2.705s] -- Up-to-date symlink: /home/ashish/ros2_ws/install/cartographer_ros/share/cartographer_ros//launch/demo_backpack_3d_localization.launch.py
[2.707s] -- Up-to-date symlink: /home/ashish/ros2_ws/install/cartographer_ros/share/cartographer_ros//launch/demo_pr2.launch
[2.708s] -- Up-to-date symlink: /home/ashish/ros2_ws/install/cartographer_ros/share/cartographer_ros//launch/demo_revo_lds.launch.py
[2.709s] -- Up-to-date symlink: /home/ashish/ros2_ws/install/cartographer_ros/share/cartographer_ros//launch/demo_taurob_tracker.launch.py
[2.710s] -- Up-to-date symlink: /home/ashish/ros2_ws/install/cartographer_ros/share/cartographer_ros//launch/grpc_demo_backpack_2d.launch
[2.711s] -- Up-to-date symlink: /home/ashish/ros2_ws/install/cartographer_ros/share/cartographer_ros//launch/grpc_demo_backpack_2d_localization.launch
[2.713s] -- Up-to-date symlink: /home/ashish/ros2_ws/install/cartographer_ros/share/cartographer_ros//launch/offline_backpack_2d.launch.py
[2.715s] -- Up-to-date symlink: /home/ashish/ros2_ws/install/cartographer_ros/share/cartographer_ros//launch/offline_backpack_3d.launch.py
[2.717s] -- Up-to-date symlink: /home/ashish/ros2_ws/install/cartographer_ros/share/cartographer_ros//launch/offline_mir_100_rviz.launch.py
[2.722s] -- Up-to-date symlink: /home/ashish/ros2_ws/install/cartographer_ros/share/cartographer_ros//launch/offline_node.launch.py
[2.723s] -- Up-to-date symlink: /home/ashish/ros2_ws/install/cartographer_ros/share/cartographer_ros//launch/taurob_tracker.launch.py
[2.723s] -- Up-to-date symlink: /home/ashish/ros2_ws/install/cartographer_ros/share/cartographer_ros//launch/visualize_pbstream.launch.py
[2.726s] -- Up-to-date symlink: /home/ashish/ros2_ws/install/cartographer_ros/share/cartographer_ros/environment/library_path.sh
[2.726s] -- Up-to-date symlink: /home/ashish/ros2_ws/install/cartographer_ros/share/cartographer_ros/environment/library_path.dsv
[2.729s] -- Up-to-date symlink: /home/ashish/ros2_ws/install/cartographer_ros/share/ament_index/resource_index/package_run_dependencies/cartographer_ros
[2.729s] -- Up-to-date symlink: /home/ashish/ros2_ws/install/cartographer_ros/share/ament_index/resource_index/parent_prefix_path/cartographer_ros
[2.731s] -- Up-to-date symlink: /home/ashish/ros2_ws/install/cartographer_ros/share/cartographer_ros/environment/ament_prefix_path.sh
[2.732s] -- Up-to-date symlink: /home/ashish/ros2_ws/install/cartographer_ros/share/cartographer_ros/environment/ament_prefix_path.dsv
[2.733s] -- Up-to-date symlink: /home/ashish/ros2_ws/install/cartographer_ros/share/cartographer_ros/environment/path.sh
[2.734s] -- Up-to-date symlink: /home/ashish/ros2_ws/install/cartographer_ros/share/cartographer_ros/environment/path.dsv
[2.738s] -- Up-to-date symlink: /home/ashish/ros2_ws/install/cartographer_ros/share/cartographer_ros/local_setup.bash
[2.738s] -- Up-to-date symlink: /home/ashish/ros2_ws/install/cartographer_ros/share/cartographer_ros/local_setup.sh
[2.741s] -- Up-to-date symlink: /home/ashish/ros2_ws/install/cartographer_ros/share/cartographer_ros/local_setup.zsh
[2.741s] -- Up-to-date symlink: /home/ashish/ros2_ws/install/cartographer_ros/share/cartographer_ros/local_setup.dsv
[2.744s] -- Symlinking: /home/ashish/ros2_ws/install/cartographer_ros/share/cartographer_ros/package.dsv
[2.828s] -- Up-to-date symlink: /home/ashish/ros2_ws/install/cartographer_ros/share/ament_index/resource_index/packages/cartographer_ros
[2.830s] -- Up-to-date symlink: /home/ashish/ros2_ws/install/cartographer_ros/share/cartographer_ros/cmake/ament_cmake_export_include_directories-extras.cmake
[2.837s] -- Up-to-date symlink: /home/ashish/ros2_ws/install/cartographer_ros/share/cartographer_ros/cmake/ament_cmake_export_libraries-extras.cmake
[2.837s] -- Up-to-date symlink: /home/ashish/ros2_ws/install/cartographer_ros/share/cartographer_ros/cmake/ament_cmake_export_dependencies-extras.cmake
[2.839s] -- Up-to-date symlink: /home/ashish/ros2_ws/install/cartographer_ros/share/cartographer_ros/cmake/cartographer_rosConfig.cmake
[2.840s] -- Up-to-date symlink: /home/ashish/ros2_ws/install/cartographer_ros/share/cartographer_ros/cmake/cartographer_rosConfig-version.cmake
[2.841s] -- Up-to-date symlink: /home/ashish/ros2_ws/install/cartographer_ros/share/cartographer_ros/package.xml
[2.855s] Invoked command in '/home/ashish/ros2_ws/build/cartographer_ros' returned '0': CMAKE_PREFIX_PATH=/home/ashish/ros2_ws/install/turtlebot3_teleop:/home/ashish/ros2_ws/install/turtlebot3_example:/opt/ros/humble:/home/ashish/ros2_ws/install/cartographer_ros_msgs:/home/ashish/ros2_ws/install/cartographer:/home/ashish/ros2_ws/install/turtlebot3:/home/ashish/ros2_ws/install/turtlebot3_simulations:/home/ashish/ros2_ws/install/turtlebot3_bringup:/home/ashish/ros2_ws/install/turtlebot3_node:/home/ashish/ros2_ws/install/turtlebot3_navigation2:/home/ashish/ros2_ws/install/turtlebot3_gazebo:/home/ashish/ros2_ws/install/turtlebot3_fake_node:/home/ashish/ros2_ws/install/turtlebot3_description:/home/ashish/ros2_ws/install/turtlebot3_cartographer:/home/ashish/ros2_ws/install/rplidar_ros:/home/ashish/ros2_ws/install/rf2o_laser_odometry:/home/ashish/ros2_ws/install/nav2_custom_launch:/home/ashish/ros2_ws/install/my_robot_description:/home/ashish/ros2_ws/install/cartographer_rviz:/home/ashish/ros2_ws/install/cartographer_ros LD_LIBRARY_PATH=/home/ashish/ros2_ws/install/cartographer_ros_msgs/lib:/home/ashish/ros2_ws/install/rplidar_ros/lib:/home/ashish/ros2_ws/install/cartographer_rviz/lib:/home/ashish/ros2_ws/install/cartographer_ros/lib:/usr/lib/x86_64-linux-gnu/gazebo-11/plugins:/opt/ros/humble/opt/rviz_ogre_vendor/lib:/opt/ros/humble/lib/x86_64-linux-gnu:/opt/ros/humble/lib /usr/bin/cmake --install /home/ashish/ros2_ws/build/cartographer_ros
