[1.687s] Invoking command in '/home/ashish/ros2_ws/build/turtlebot3_example': PYTHONPATH=/home/ashish/ros2_ws/build/turtlebot3_example/prefix_override:/usr/lib/python3/dist-packages/colcon_core/task/python/colcon_distutils_commands:/home/ashish/ros2_ws/install/turtlebot3_example/lib/python3.10/site-packages:${PYTHONPATH} /usr/bin/python3 -W ignore:setup.py install is deprecated -W ignore:easy_install command is deprecated setup.py develop --uninstall --editable --build-directory /home/ashish/ros2_ws/build/turtlebot3_example/build
[2.129s] running develop
[2.504s] Removing /home/ashish/ros2_ws/install/turtlebot3_example/lib/python3.10/site-packages/turtlebot3-example.egg-link (link to .)
[2.544s] Invoked command in '/home/ashish/ros2_ws/build/turtlebot3_example' returned '0': PYTHONPATH=/home/ashish/ros2_ws/build/turtlebot3_example/prefix_override:/usr/lib/python3/dist-packages/colcon_core/task/python/colcon_distutils_commands:/home/ashish/ros2_ws/install/turtlebot3_example/lib/python3.10/site-packages:${PYTHONPATH} /usr/bin/python3 -W ignore:setup.py install is deprecated -W ignore:easy_install command is deprecated setup.py develop --uninstall --editable --build-directory /home/ashish/ros2_ws/build/turtlebot3_example/build
[2.545s] Invoking command in '/home/ashish/ros2_ws/src/turtlebot3/turtlebot3_example': PYTHONPATH=/home/ashish/ros2_ws/build/turtlebot3_example/prefix_override:/usr/lib/python3/dist-packages/colcon_core/task/python/colcon_distutils_commands:/home/ashish/ros2_ws/install/turtlebot3_example/lib/python3.10/site-packages:${PYTHONPATH} /usr/bin/python3 -W ignore:setup.py install is deprecated -W ignore:easy_install command is deprecated setup.py egg_info --egg-base ../../../build/turtlebot3_example build --build-base /home/ashish/ros2_ws/build/turtlebot3_example/build install --record /home/ashish/ros2_ws/build/turtlebot3_example/install.log --single-version-externally-managed install_data --force
[2.922s] running egg_info
[2.922s] writing ../../../build/turtlebot3_example/turtlebot3_example.egg-info/PKG-INFO
[2.922s] writing dependency_links to ../../../build/turtlebot3_example/turtlebot3_example.egg-info/dependency_links.txt
[2.923s] writing entry points to ../../../build/turtlebot3_example/turtlebot3_example.egg-info/entry_points.txt
[2.927s] writing requirements to ../../../build/turtlebot3_example/turtlebot3_example.egg-info/requires.txt
[2.928s] writing top-level names to ../../../build/turtlebot3_example/turtlebot3_example.egg-info/top_level.txt
[2.929s] reading manifest file '../../../build/turtlebot3_example/turtlebot3_example.egg-info/SOURCES.txt'
[2.936s] writing manifest file '../../../build/turtlebot3_example/turtlebot3_example.egg-info/SOURCES.txt'
[2.936s] running build
[2.936s] running build_py
[2.936s] running install
[2.939s] running install_lib
[2.939s] creating /home/ashish/ros2_ws/install/turtlebot3_example/lib/python3.10/site-packages/turtlebot3_example
[2.939s] creating /home/ashish/ros2_ws/install/turtlebot3_example/lib/python3.10/site-packages/turtlebot3_example/turtlebot3_obstacle_detection
[2.939s] copying /home/ashish/ros2_ws/build/turtlebot3_example/build/lib/turtlebot3_example/turtlebot3_obstacle_detection/main.py -> /home/ashish/ros2_ws/install/turtlebot3_example/lib/python3.10/site-packages/turtlebot3_example/turtlebot3_obstacle_detection
[2.948s] copying /home/ashish/ros2_ws/build/turtlebot3_example/build/lib/turtlebot3_example/turtlebot3_obstacle_detection/turtlebot3_obstacle_detection.py -> /home/ashish/ros2_ws/install/turtlebot3_example/lib/python3.10/site-packages/turtlebot3_example/turtlebot3_obstacle_detection
[2.949s] copying /home/ashish/ros2_ws/build/turtlebot3_example/build/lib/turtlebot3_example/turtlebot3_obstacle_detection/__init__.py -> /home/ashish/ros2_ws/install/turtlebot3_example/lib/python3.10/site-packages/turtlebot3_example/turtlebot3_obstacle_detection
[2.949s] creating /home/ashish/ros2_ws/install/turtlebot3_example/lib/python3.10/site-packages/turtlebot3_example/turtlebot3_patrol_client
[2.949s] copying /home/ashish/ros2_ws/build/turtlebot3_example/build/lib/turtlebot3_example/turtlebot3_patrol_client/main.py -> /home/ashish/ros2_ws/install/turtlebot3_example/lib/python3.10/site-packages/turtlebot3_example/turtlebot3_patrol_client
[2.949s] copying /home/ashish/ros2_ws/build/turtlebot3_example/build/lib/turtlebot3_example/turtlebot3_patrol_client/__init__.py -> /home/ashish/ros2_ws/install/turtlebot3_example/lib/python3.10/site-packages/turtlebot3_example/turtlebot3_patrol_client
[2.949s] copying /home/ashish/ros2_ws/build/turtlebot3_example/build/lib/turtlebot3_example/turtlebot3_patrol_client/turtlebot3_patrol_client.py -> /home/ashish/ros2_ws/install/turtlebot3_example/lib/python3.10/site-packages/turtlebot3_example/turtlebot3_patrol_client
[2.951s] creating /home/ashish/ros2_ws/install/turtlebot3_example/lib/python3.10/site-packages/turtlebot3_example/turtlebot3_patrol_server
[2.951s] copying /home/ashish/ros2_ws/build/turtlebot3_example/build/lib/turtlebot3_example/turtlebot3_patrol_server/turtlebot3_patrol_server.py -> /home/ashish/ros2_ws/install/turtlebot3_example/lib/python3.10/site-packages/turtlebot3_example/turtlebot3_patrol_server
[2.955s] copying /home/ashish/ros2_ws/build/turtlebot3_example/build/lib/turtlebot3_example/turtlebot3_patrol_server/main.py -> /home/ashish/ros2_ws/install/turtlebot3_example/lib/python3.10/site-packages/turtlebot3_example/turtlebot3_patrol_server
[2.956s] copying /home/ashish/ros2_ws/build/turtlebot3_example/build/lib/turtlebot3_example/turtlebot3_patrol_server/__init__.py -> /home/ashish/ros2_ws/install/turtlebot3_example/lib/python3.10/site-packages/turtlebot3_example/turtlebot3_patrol_server
[2.956s] copying /home/ashish/ros2_ws/build/turtlebot3_example/build/lib/turtlebot3_example/turtlebot3_patrol_server/turtlebot3_path.py -> /home/ashish/ros2_ws/install/turtlebot3_example/lib/python3.10/site-packages/turtlebot3_example/turtlebot3_patrol_server
[2.956s] copying /home/ashish/ros2_ws/build/turtlebot3_example/build/lib/turtlebot3_example/__init__.py -> /home/ashish/ros2_ws/install/turtlebot3_example/lib/python3.10/site-packages/turtlebot3_example
[2.957s] creating /home/ashish/ros2_ws/install/turtlebot3_example/lib/python3.10/site-packages/turtlebot3_example/turtlebot3_position_control
[2.957s] copying /home/ashish/ros2_ws/build/turtlebot3_example/build/lib/turtlebot3_example/turtlebot3_position_control/main.py -> /home/ashish/ros2_ws/install/turtlebot3_example/lib/python3.10/site-packages/turtlebot3_example/turtlebot3_position_control
[2.957s] copying /home/ashish/ros2_ws/build/turtlebot3_example/build/lib/turtlebot3_example/turtlebot3_position_control/turtlebot3_position_control.py -> /home/ashish/ros2_ws/install/turtlebot3_example/lib/python3.10/site-packages/turtlebot3_example/turtlebot3_position_control
[2.957s] copying /home/ashish/ros2_ws/build/turtlebot3_example/build/lib/turtlebot3_example/turtlebot3_position_control/__init__.py -> /home/ashish/ros2_ws/install/turtlebot3_example/lib/python3.10/site-packages/turtlebot3_example/turtlebot3_position_control
[2.957s] copying /home/ashish/ros2_ws/build/turtlebot3_example/build/lib/turtlebot3_example/turtlebot3_position_control/turtlebot3_path.py -> /home/ashish/ros2_ws/install/turtlebot3_example/lib/python3.10/site-packages/turtlebot3_example/turtlebot3_position_control
[2.963s] byte-compiling /home/ashish/ros2_ws/install/turtlebot3_example/lib/python3.10/site-packages/turtlebot3_example/turtlebot3_obstacle_detection/main.py to main.cpython-310.pyc
[2.963s] byte-compiling /home/ashish/ros2_ws/install/turtlebot3_example/lib/python3.10/site-packages/turtlebot3_example/turtlebot3_obstacle_detection/turtlebot3_obstacle_detection.py to turtlebot3_obstacle_detection.cpython-310.pyc
[2.964s] byte-compiling /home/ashish/ros2_ws/install/turtlebot3_example/lib/python3.10/site-packages/turtlebot3_example/turtlebot3_obstacle_detection/__init__.py to __init__.cpython-310.pyc
[2.964s] byte-compiling /home/ashish/ros2_ws/install/turtlebot3_example/lib/python3.10/site-packages/turtlebot3_example/turtlebot3_patrol_client/main.py to main.cpython-310.pyc
[2.964s] byte-compiling /home/ashish/ros2_ws/install/turtlebot3_example/lib/python3.10/site-packages/turtlebot3_example/turtlebot3_patrol_client/__init__.py to __init__.cpython-310.pyc
[2.965s] byte-compiling /home/ashish/ros2_ws/install/turtlebot3_example/lib/python3.10/site-packages/turtlebot3_example/turtlebot3_patrol_client/turtlebot3_patrol_client.py to turtlebot3_patrol_client.cpython-310.pyc
[2.966s] byte-compiling /home/ashish/ros2_ws/install/turtlebot3_example/lib/python3.10/site-packages/turtlebot3_example/turtlebot3_patrol_server/turtlebot3_patrol_server.py to turtlebot3_patrol_server.cpython-310.pyc
[2.969s] byte-compiling /home/ashish/ros2_ws/install/turtlebot3_example/lib/python3.10/site-packages/turtlebot3_example/turtlebot3_patrol_server/main.py to main.cpython-310.pyc
[2.970s] byte-compiling /home/ashish/ros2_ws/install/turtlebot3_example/lib/python3.10/site-packages/turtlebot3_example/turtlebot3_patrol_server/__init__.py to __init__.cpython-310.pyc
[2.971s] byte-compiling /home/ashish/ros2_ws/install/turtlebot3_example/lib/python3.10/site-packages/turtlebot3_example/turtlebot3_patrol_server/turtlebot3_path.py to turtlebot3_path.cpython-310.pyc
[2.971s] byte-compiling /home/ashish/ros2_ws/install/turtlebot3_example/lib/python3.10/site-packages/turtlebot3_example/__init__.py to __init__.cpython-310.pyc
[2.972s] byte-compiling /home/ashish/ros2_ws/install/turtlebot3_example/lib/python3.10/site-packages/turtlebot3_example/turtlebot3_position_control/main.py to main.cpython-310.pyc
[2.972s] byte-compiling /home/ashish/ros2_ws/install/turtlebot3_example/lib/python3.10/site-packages/turtlebot3_example/turtlebot3_position_control/turtlebot3_position_control.py to turtlebot3_position_control.cpython-310.pyc
[2.980s] byte-compiling /home/ashish/ros2_ws/install/turtlebot3_example/lib/python3.10/site-packages/turtlebot3_example/turtlebot3_position_control/__init__.py to __init__.cpython-310.pyc
[2.981s] byte-compiling /home/ashish/ros2_ws/install/turtlebot3_example/lib/python3.10/site-packages/turtlebot3_example/turtlebot3_position_control/turtlebot3_path.py to turtlebot3_path.cpython-310.pyc
[2.981s] running install_data
[2.981s] copying resource/turtlebot3_example -> /home/ashish/ros2_ws/install/turtlebot3_example/share/ament_index/resource_index/packages
[2.981s] copying package.xml -> /home/ashish/ros2_ws/install/turtlebot3_example/share/turtlebot3_example
[2.981s] running install_egg_info
[2.982s] Copying ../../../build/turtlebot3_example/turtlebot3_example.egg-info to /home/ashish/ros2_ws/install/turtlebot3_example/lib/python3.10/site-packages/turtlebot3_example-2.1.5-py3.10.egg-info
[2.982s] running install_scripts
[3.026s] Installing turtlebot3_obstacle_detection script to /home/ashish/ros2_ws/install/turtlebot3_example/lib/turtlebot3_example
[3.030s] Installing turtlebot3_patrol_client script to /home/ashish/ros2_ws/install/turtlebot3_example/lib/turtlebot3_example
[3.030s] Installing turtlebot3_patrol_server script to /home/ashish/ros2_ws/install/turtlebot3_example/lib/turtlebot3_example
[3.031s] Installing turtlebot3_position_control script to /home/ashish/ros2_ws/install/turtlebot3_example/lib/turtlebot3_example
[3.031s] writing list of installed files to '/home/ashish/ros2_ws/build/turtlebot3_example/install.log'
[3.086s] Invoked command in '/home/ashish/ros2_ws/src/turtlebot3/turtlebot3_example' returned '0': PYTHONPATH=/home/ashish/ros2_ws/build/turtlebot3_example/prefix_override:/usr/lib/python3/dist-packages/colcon_core/task/python/colcon_distutils_commands:/home/ashish/ros2_ws/install/turtlebot3_example/lib/python3.10/site-packages:${PYTHONPATH} /usr/bin/python3 -W ignore:setup.py install is deprecated -W ignore:easy_install command is deprecated setup.py egg_info --egg-base ../../../build/turtlebot3_example build --build-base /home/ashish/ros2_ws/build/turtlebot3_example/build install --record /home/ashish/ros2_ws/build/turtlebot3_example/install.log --single-version-externally-managed install_data --force
