[0.093s] Invoking command in '/home/ashish/ros2_ws/build/turtlebot3_node': CMAKE_PREFIX_PATH=${CMAKE_PREFIX_PATH}:/home/ashish/ros2_ws/install/turtlebot3_teleop:/home/ashish/ros2_ws/install/turtlebot3_example:/opt/ros/humble /usr/bin/cmake --build /home/ashish/ros2_ws/build/turtlebot3_node -- -j4 -l4
[0.491s] [ 85%] Built target turtlebot3_node_lib
[0.568s] [100%] Built target turtlebot3_ros
[0.609s] Invoked command in '/home/ashish/ros2_ws/build/turtlebot3_node' returned '0': CMAKE_PREFIX_PATH=${CMAKE_PREFIX_PATH}:/home/ashish/ros2_ws/install/turtlebot3_teleop:/home/ashish/ros2_ws/install/turtlebot3_example:/opt/ros/humble /usr/bin/cmake --build /home/ashish/ros2_ws/build/turtlebot3_node -- -j4 -l4
[0.620s] Invoking command in '/home/ashish/ros2_ws/build/turtlebot3_node': CMAKE_PREFIX_PATH=${CMAKE_PREFIX_PATH}:/home/ashish/ros2_ws/install/turtlebot3_teleop:/home/ashish/ros2_ws/install/turtlebot3_example:/opt/ros/humble /usr/bin/cmake --install /home/ashish/ros2_ws/build/turtlebot3_node
[0.654s] -- Install configuration: ""
[0.654s] -- Execute custom install script
[0.659s] -- Up-to-date symlink: /home/ashish/ros2_ws/install/turtlebot3_node/share/turtlebot3_node/param/burger.yaml
[0.659s] -- Up-to-date symlink: /home/ashish/ros2_ws/install/turtlebot3_node/share/turtlebot3_node/param/waffle.yaml
[0.662s] -- Up-to-date symlink: /home/ashish/ros2_ws/install/turtlebot3_node/share/turtlebot3_node/param/waffle_pi.yaml
[0.668s] -- Up-to-date symlink: /home/ashish/ros2_ws/install/turtlebot3_node/lib/turtlebot3_node/turtlebot3_ros
[0.668s] -- Up-to-date symlink: /home/ashish/ros2_ws/install/turtlebot3_node/share/ament_index/resource_index/package_run_dependencies/turtlebot3_node
[0.673s] -- Up-to-date symlink: /home/ashish/ros2_ws/install/turtlebot3_node/share/ament_index/resource_index/parent_prefix_path/turtlebot3_node
[0.674s] -- Up-to-date symlink: /home/ashish/ros2_ws/install/turtlebot3_node/share/turtlebot3_node/environment/ament_prefix_path.sh
[0.675s] -- Up-to-date symlink: /home/ashish/ros2_ws/install/turtlebot3_node/share/turtlebot3_node/environment/ament_prefix_path.dsv
[0.675s] -- Up-to-date symlink: /home/ashish/ros2_ws/install/turtlebot3_node/share/turtlebot3_node/environment/path.sh
[0.675s] -- Up-to-date symlink: /home/ashish/ros2_ws/install/turtlebot3_node/share/turtlebot3_node/environment/path.dsv
[0.675s] -- Up-to-date symlink: /home/ashish/ros2_ws/install/turtlebot3_node/share/turtlebot3_node/local_setup.bash
[0.677s] -- Up-to-date symlink: /home/ashish/ros2_ws/install/turtlebot3_node/share/turtlebot3_node/local_setup.sh
[0.678s] -- Up-to-date symlink: /home/ashish/ros2_ws/install/turtlebot3_node/share/turtlebot3_node/local_setup.zsh
[0.678s] -- Up-to-date symlink: /home/ashish/ros2_ws/install/turtlebot3_node/share/turtlebot3_node/local_setup.dsv
[0.679s] -- Symlinking: /home/ashish/ros2_ws/install/turtlebot3_node/share/turtlebot3_node/package.dsv
[0.690s] -- Up-to-date symlink: /home/ashish/ros2_ws/install/turtlebot3_node/share/ament_index/resource_index/packages/turtlebot3_node
[0.699s] -- Up-to-date symlink: /home/ashish/ros2_ws/install/turtlebot3_node/share/turtlebot3_node/cmake/ament_cmake_export_include_directories-extras.cmake
[0.699s] -- Up-to-date symlink: /home/ashish/ros2_ws/install/turtlebot3_node/share/turtlebot3_node/cmake/turtlebot3_nodeConfig.cmake
[0.699s] -- Up-to-date symlink: /home/ashish/ros2_ws/install/turtlebot3_node/share/turtlebot3_node/cmake/turtlebot3_nodeConfig-version.cmake
[0.699s] -- Up-to-date symlink: /home/ashish/ros2_ws/install/turtlebot3_node/share/turtlebot3_node/package.xml
[0.762s] Invoked command in '/home/ashish/ros2_ws/build/turtlebot3_node' returned '0': CMAKE_PREFIX_PATH=${CMAKE_PREFIX_PATH}:/home/ashish/ros2_ws/install/turtlebot3_teleop:/home/ashish/ros2_ws/install/turtlebot3_example:/opt/ros/humble /usr/bin/cmake --install /home/ashish/ros2_ws/build/turtlebot3_node
