[1.113s] Invoking command in '/home/ashish/ros2_ws/build/turtlebot3_teleop': PYTHONPATH=/home/ashish/ros2_ws/build/turtlebot3_teleop/prefix_override:/usr/lib/python3/dist-packages/colcon_core/task/python/colcon_distutils_commands:/home/ashish/ros2_ws/install/turtlebot3_teleop/lib/python3.10/site-packages:${PYTHONPATH} /usr/bin/python3 -W ignore:setup.py install is deprecated -W ignore:easy_install command is deprecated setup.py develop --uninstall --editable --build-directory /home/ashish/ros2_ws/build/turtlebot3_teleop/build
[1.583s] running develop
[1.863s] Removing /home/ashish/ros2_ws/install/turtlebot3_teleop/lib/python3.10/site-packages/turtlebot3-teleop.egg-link (link to .)
[1.920s] Invoked command in '/home/ashish/ros2_ws/build/turtlebot3_teleop' returned '0': PYTHONPATH=/home/ashish/ros2_ws/build/turtlebot3_teleop/prefix_override:/usr/lib/python3/dist-packages/colcon_core/task/python/colcon_distutils_commands:/home/ashish/ros2_ws/install/turtlebot3_teleop/lib/python3.10/site-packages:${PYTHONPATH} /usr/bin/python3 -W ignore:setup.py install is deprecated -W ignore:easy_install command is deprecated setup.py develop --uninstall --editable --build-directory /home/ashish/ros2_ws/build/turtlebot3_teleop/build
[1.921s] Invoking command in '/home/ashish/ros2_ws/src/turtlebot3/turtlebot3_teleop': PYTHONPATH=/home/ashish/ros2_ws/build/turtlebot3_teleop/prefix_override:/usr/lib/python3/dist-packages/colcon_core/task/python/colcon_distutils_commands:/home/ashish/ros2_ws/install/turtlebot3_teleop/lib/python3.10/site-packages:${PYTHONPATH} /usr/bin/python3 -W ignore:setup.py install is deprecated -W ignore:easy_install command is deprecated setup.py egg_info --egg-base ../../../build/turtlebot3_teleop build --build-base /home/ashish/ros2_ws/build/turtlebot3_teleop/build install --record /home/ashish/ros2_ws/build/turtlebot3_teleop/install.log --single-version-externally-managed install_data --force
[2.268s] running egg_info
[2.269s] writing ../../../build/turtlebot3_teleop/turtlebot3_teleop.egg-info/PKG-INFO
[2.269s] writing dependency_links to ../../../build/turtlebot3_teleop/turtlebot3_teleop.egg-info/dependency_links.txt
[2.269s] writing entry points to ../../../build/turtlebot3_teleop/turtlebot3_teleop.egg-info/entry_points.txt
[2.270s] writing requirements to ../../../build/turtlebot3_teleop/turtlebot3_teleop.egg-info/requires.txt
[2.270s] writing top-level names to ../../../build/turtlebot3_teleop/turtlebot3_teleop.egg-info/top_level.txt
[2.270s] reading manifest file '../../../build/turtlebot3_teleop/turtlebot3_teleop.egg-info/SOURCES.txt'
[2.270s] writing manifest file '../../../build/turtlebot3_teleop/turtlebot3_teleop.egg-info/SOURCES.txt'
[2.270s] running build
[2.270s] running build_py
[2.275s] running install
[2.275s] running install_lib
[2.275s] creating /home/ashish/ros2_ws/install/turtlebot3_teleop/lib/python3.10/site-packages/turtlebot3_teleop
[2.276s] creating /home/ashish/ros2_ws/install/turtlebot3_teleop/lib/python3.10/site-packages/turtlebot3_teleop/script
[2.276s] copying /home/ashish/ros2_ws/build/turtlebot3_teleop/build/lib/turtlebot3_teleop/script/__init__.py -> /home/ashish/ros2_ws/install/turtlebot3_teleop/lib/python3.10/site-packages/turtlebot3_teleop/script
[2.276s] copying /home/ashish/ros2_ws/build/turtlebot3_teleop/build/lib/turtlebot3_teleop/script/teleop_keyboard.py -> /home/ashish/ros2_ws/install/turtlebot3_teleop/lib/python3.10/site-packages/turtlebot3_teleop/script
[2.279s] copying /home/ashish/ros2_ws/build/turtlebot3_teleop/build/lib/turtlebot3_teleop/__init__.py -> /home/ashish/ros2_ws/install/turtlebot3_teleop/lib/python3.10/site-packages/turtlebot3_teleop
[2.279s] byte-compiling /home/ashish/ros2_ws/install/turtlebot3_teleop/lib/python3.10/site-packages/turtlebot3_teleop/script/__init__.py to __init__.cpython-310.pyc
[2.279s] byte-compiling /home/ashish/ros2_ws/install/turtlebot3_teleop/lib/python3.10/site-packages/turtlebot3_teleop/script/teleop_keyboard.py to teleop_keyboard.cpython-310.pyc
[2.283s] byte-compiling /home/ashish/ros2_ws/install/turtlebot3_teleop/lib/python3.10/site-packages/turtlebot3_teleop/__init__.py to __init__.cpython-310.pyc
[2.284s] running install_data
[2.284s] copying resource/turtlebot3_teleop -> /home/ashish/ros2_ws/install/turtlebot3_teleop/share/ament_index/resource_index/packages
[2.284s] copying package.xml -> /home/ashish/ros2_ws/install/turtlebot3_teleop/share/turtlebot3_teleop
[2.285s] running install_egg_info
[2.289s] Copying ../../../build/turtlebot3_teleop/turtlebot3_teleop.egg-info to /home/ashish/ros2_ws/install/turtlebot3_teleop/lib/python3.10/site-packages/turtlebot3_teleop-2.1.5-py3.10.egg-info
[2.300s] running install_scripts
[2.334s] Installing teleop_keyboard script to /home/ashish/ros2_ws/install/turtlebot3_teleop/lib/turtlebot3_teleop
[2.336s] writing list of installed files to '/home/ashish/ros2_ws/build/turtlebot3_teleop/install.log'
[2.373s] Invoked command in '/home/ashish/ros2_ws/src/turtlebot3/turtlebot3_teleop' returned '0': PYTHONPATH=/home/ashish/ros2_ws/build/turtlebot3_teleop/prefix_override:/usr/lib/python3/dist-packages/colcon_core/task/python/colcon_distutils_commands:/home/ashish/ros2_ws/install/turtlebot3_teleop/lib/python3.10/site-packages:${PYTHONPATH} /usr/bin/python3 -W ignore:setup.py install is deprecated -W ignore:easy_install command is deprecated setup.py egg_info --egg-base ../../../build/turtlebot3_teleop build --build-base /home/ashish/ros2_ws/build/turtlebot3_teleop/build install --record /home/ashish/ros2_ws/build/turtlebot3_teleop/install.log --single-version-externally-managed install_data --force
