[0.055s] Invoking command in '/home/ashish/ros2_ws/build/rplidar_ros': CMAKE_PREFIX_PATH=/home/ashish/ros2_ws/install/turtlebot3:/home/ashish/ros2_ws/install/turtlebot3_simulations:/home/ashish/ros2_ws/install/turtlebot3_bringup:/home/ashish/ros2_ws/install/turtlebot3_node:/home/ashish/ros2_ws/install/turtlebot3_navigation2:/home/ashish/ros2_ws/install/turtlebot3_gazebo:/home/ashish/ros2_ws/install/turtlebot3_fake_node:/home/ashish/ros2_ws/install/turtlebot3_description:/home/ashish/ros2_ws/install/turtlebot3_cartographer:/home/ashish/ros2_ws/install/rplidar_ros:/home/ashish/ros2_ws/install/cartographer_rviz:/home/ashish/ros2_ws/install/cartographer_ros:/home/ashish/ros2_ws/install/turtlebot3_teleop:/home/ashish/ros2_ws/install/turtlebot3_example:/opt/ros/humble:/home/ashish/ros2_ws/install/cartographer_ros_msgs:/home/ashish/ros2_ws/install/cartographer /usr/bin/cmake /home/ashish/ros2_ws/src/rplidar_ros -DCMAKE_INSTALL_PREFIX=/home/ashish/ros2_ws/install/rplidar_ros
[0.146s] -- Found ament_cmake_auto: 1.3.11 (/opt/ros/humble/share/ament_cmake_auto/cmake)
[0.535s] -- Override CMake install command with custom implementation using symlinks instead of copying resources
[0.561s] -- Found ament_cmake_ros: 0.10.0 (/opt/ros/humble/share/ament_cmake_ros/cmake)
[0.759s] -- Found rosidl_generator_c: 3.1.6 (/opt/ros/humble/share/rosidl_generator_c/cmake)
[0.762s] -- Found rosidl_adapter: 3.1.6 (/opt/ros/humble/share/rosidl_adapter/cmake)
[0.769s] -- Found rosidl_generator_cpp: 3.1.6 (/opt/ros/humble/share/rosidl_generator_cpp/cmake)
[0.789s] -- Using all available rosidl_typesupport_c: rosidl_typesupport_fastrtps_c;rosidl_typesupport_introspection_c
[0.802s] -- Using all available rosidl_typesupport_cpp: rosidl_typesupport_fastrtps_cpp;rosidl_typesupport_introspection_cpp
[0.842s] -- Found rmw_implementation_cmake: 6.1.2 (/opt/ros/humble/share/rmw_implementation_cmake/cmake)
[0.845s] -- Found rmw_fastrtps_cpp: 6.2.7 (/opt/ros/humble/share/rmw_fastrtps_cpp/cmake)
[1.039s] -- Using RMW implementation 'rmw_fastrtps_cpp' as default
[1.270s] -- Configuring done
[1.330s] -- Generating done
[1.355s] -- Build files have been written to: /home/ashish/ros2_ws/build/rplidar_ros
[1.355s] Invoked command in '/home/ashish/ros2_ws/build/rplidar_ros' returned '0': CMAKE_PREFIX_PATH=/home/ashish/ros2_ws/install/turtlebot3:/home/ashish/ros2_ws/install/turtlebot3_simulations:/home/ashish/ros2_ws/install/turtlebot3_bringup:/home/ashish/ros2_ws/install/turtlebot3_node:/home/ashish/ros2_ws/install/turtlebot3_navigation2:/home/ashish/ros2_ws/install/turtlebot3_gazebo:/home/ashish/ros2_ws/install/turtlebot3_fake_node:/home/ashish/ros2_ws/install/turtlebot3_description:/home/ashish/ros2_ws/install/turtlebot3_cartographer:/home/ashish/ros2_ws/install/rplidar_ros:/home/ashish/ros2_ws/install/cartographer_rviz:/home/ashish/ros2_ws/install/cartographer_ros:/home/ashish/ros2_ws/install/turtlebot3_teleop:/home/ashish/ros2_ws/install/turtlebot3_example:/opt/ros/humble:/home/ashish/ros2_ws/install/cartographer_ros_msgs:/home/ashish/ros2_ws/install/cartographer /usr/bin/cmake /home/ashish/ros2_ws/src/rplidar_ros -DCMAKE_INSTALL_PREFIX=/home/ashish/ros2_ws/install/rplidar_ros
[1.355s] Invoking command in '/home/ashish/ros2_ws/build/rplidar_ros': CMAKE_PREFIX_PATH=/home/ashish/ros2_ws/install/turtlebot3:/home/ashish/ros2_ws/install/turtlebot3_simulations:/home/ashish/ros2_ws/install/turtlebot3_bringup:/home/ashish/ros2_ws/install/turtlebot3_node:/home/ashish/ros2_ws/install/turtlebot3_navigation2:/home/ashish/ros2_ws/install/turtlebot3_gazebo:/home/ashish/ros2_ws/install/turtlebot3_fake_node:/home/ashish/ros2_ws/install/turtlebot3_description:/home/ashish/ros2_ws/install/turtlebot3_cartographer:/home/ashish/ros2_ws/install/rplidar_ros:/home/ashish/ros2_ws/install/cartographer_rviz:/home/ashish/ros2_ws/install/cartographer_ros:/home/ashish/ros2_ws/install/turtlebot3_teleop:/home/ashish/ros2_ws/install/turtlebot3_example:/opt/ros/humble:/home/ashish/ros2_ws/install/cartographer_ros_msgs:/home/ashish/ros2_ws/install/cartographer /usr/bin/cmake --build /home/ashish/ros2_ws/build/rplidar_ros -- -j4 -l4
[1.481s] [35m[1mConsolidate compiler generated dependencies of target rplidar_composition_node[0m
[1.514s] [ 77%] Built target rplidar_composition_node
[1.541s] [35m[1mConsolidate compiler generated dependencies of target rplidar_composition[0m
[1.570s] [100%] Built target rplidar_composition
[1.587s] Invoked command in '/home/ashish/ros2_ws/build/rplidar_ros' returned '0': CMAKE_PREFIX_PATH=/home/ashish/ros2_ws/install/turtlebot3:/home/ashish/ros2_ws/install/turtlebot3_simulations:/home/ashish/ros2_ws/install/turtlebot3_bringup:/home/ashish/ros2_ws/install/turtlebot3_node:/home/ashish/ros2_ws/install/turtlebot3_navigation2:/home/ashish/ros2_ws/install/turtlebot3_gazebo:/home/ashish/ros2_ws/install/turtlebot3_fake_node:/home/ashish/ros2_ws/install/turtlebot3_description:/home/ashish/ros2_ws/install/turtlebot3_cartographer:/home/ashish/ros2_ws/install/rplidar_ros:/home/ashish/ros2_ws/install/cartographer_rviz:/home/ashish/ros2_ws/install/cartographer_ros:/home/ashish/ros2_ws/install/turtlebot3_teleop:/home/ashish/ros2_ws/install/turtlebot3_example:/opt/ros/humble:/home/ashish/ros2_ws/install/cartographer_ros_msgs:/home/ashish/ros2_ws/install/cartographer /usr/bin/cmake --build /home/ashish/ros2_ws/build/rplidar_ros -- -j4 -l4
[1.594s] Invoking command in '/home/ashish/ros2_ws/build/rplidar_ros': CMAKE_PREFIX_PATH=/home/ashish/ros2_ws/install/turtlebot3:/home/ashish/ros2_ws/install/turtlebot3_simulations:/home/ashish/ros2_ws/install/turtlebot3_bringup:/home/ashish/ros2_ws/install/turtlebot3_node:/home/ashish/ros2_ws/install/turtlebot3_navigation2:/home/ashish/ros2_ws/install/turtlebot3_gazebo:/home/ashish/ros2_ws/install/turtlebot3_fake_node:/home/ashish/ros2_ws/install/turtlebot3_description:/home/ashish/ros2_ws/install/turtlebot3_cartographer:/home/ashish/ros2_ws/install/rplidar_ros:/home/ashish/ros2_ws/install/cartographer_rviz:/home/ashish/ros2_ws/install/cartographer_ros:/home/ashish/ros2_ws/install/turtlebot3_teleop:/home/ashish/ros2_ws/install/turtlebot3_example:/opt/ros/humble:/home/ashish/ros2_ws/install/cartographer_ros_msgs:/home/ashish/ros2_ws/install/cartographer /usr/bin/cmake --install /home/ashish/ros2_ws/build/rplidar_ros
[1.603s] -- Install configuration: ""
[1.603s] -- Execute custom install script
[1.606s] -- Up-to-date symlink: /home/ashish/ros2_ws/install/rplidar_ros/lib/rplidar_ros/rplidar_composition
[1.618s] -- Up-to-date symlink: /home/ashish/ros2_ws/install/rplidar_ros/share/rplidar_ros/launch/rplidar.launch.py
[1.618s] -- Up-to-date symlink: /home/ashish/ros2_ws/install/rplidar_ros/share/rplidar_ros/launch/rplidar_a3.launch.py
[1.624s] -- Up-to-date symlink: /home/ashish/ros2_ws/install/rplidar_ros/share/rplidar_ros/launch/rplidar_s1.launch.py
[1.626s] -- Up-to-date symlink: /home/ashish/ros2_ws/install/rplidar_ros/share/rplidar_ros/launch/rplidar_s1_tcp.launch.py
[1.628s] -- Up-to-date symlink: /home/ashish/ros2_ws/install/rplidar_ros/share/rplidar_ros/launch/test_rplidar_a3.launch.py
[1.633s] -- Up-to-date symlink: /home/ashish/ros2_ws/install/rplidar_ros/share/rplidar_ros/launch/view_rplidar.launch.py
[1.635s] -- Up-to-date symlink: /home/ashish/ros2_ws/install/rplidar_ros/share/rplidar_ros/launch/view_rplidar_a3.launch.py
[1.635s] -- Up-to-date symlink: /home/ashish/ros2_ws/install/rplidar_ros/share/rplidar_ros/launch/view_rplidar_s1.launch.py
[1.635s] -- Up-to-date symlink: /home/ashish/ros2_ws/install/rplidar_ros/share/rplidar_ros/launch/view_rplidar_s1_tcp.launch.py
[1.636s] -- Up-to-date symlink: /home/ashish/ros2_ws/install/rplidar_ros/share/rplidar_ros/rviz/rplidar.rviz
[1.638s] -- Up-to-date symlink: /home/ashish/ros2_ws/install/rplidar_ros/lib/librplidar_composition_node.so
[1.640s] -- Up-to-date symlink: /home/ashish/ros2_ws/install/rplidar_ros/include/rplidar_node.hpp
[1.641s] -- Up-to-date symlink: /home/ashish/ros2_ws/install/rplidar_ros/include/visibility.h
[1.641s] -- Up-to-date symlink: /home/ashish/ros2_ws/install/rplidar_ros/lib/rplidar_ros/rplidar_composition
[1.641s] -- Up-to-date symlink: /home/ashish/ros2_ws/install/rplidar_ros/share/ament_index/resource_index/package_run_dependencies/rplidar_ros
[1.644s] -- Up-to-date symlink: /home/ashish/ros2_ws/install/rplidar_ros/share/ament_index/resource_index/parent_prefix_path/rplidar_ros
[1.645s] -- Up-to-date symlink: /home/ashish/ros2_ws/install/rplidar_ros/share/rplidar_ros/environment/ament_prefix_path.sh
[1.645s] -- Up-to-date symlink: /home/ashish/ros2_ws/install/rplidar_ros/share/rplidar_ros/environment/ament_prefix_path.dsv
[1.646s] -- Up-to-date symlink: /home/ashish/ros2_ws/install/rplidar_ros/share/rplidar_ros/environment/path.sh
[1.646s] -- Up-to-date symlink: /home/ashish/ros2_ws/install/rplidar_ros/share/rplidar_ros/environment/path.dsv
[1.647s] -- Up-to-date symlink: /home/ashish/ros2_ws/install/rplidar_ros/share/rplidar_ros/local_setup.bash
[1.648s] -- Up-to-date symlink: /home/ashish/ros2_ws/install/rplidar_ros/share/rplidar_ros/local_setup.sh
[1.649s] -- Up-to-date symlink: /home/ashish/ros2_ws/install/rplidar_ros/share/rplidar_ros/local_setup.zsh
[1.650s] -- Up-to-date symlink: /home/ashish/ros2_ws/install/rplidar_ros/share/rplidar_ros/local_setup.dsv
[1.650s] -- Symlinking: /home/ashish/ros2_ws/install/rplidar_ros/share/rplidar_ros/package.dsv
[1.669s] -- Up-to-date symlink: /home/ashish/ros2_ws/install/rplidar_ros/share/ament_index/resource_index/packages/rplidar_ros
[1.669s] -- Up-to-date symlink: /home/ashish/ros2_ws/install/rplidar_ros/share/ament_index/resource_index/rclcpp_components/rplidar_ros
[1.671s] -- Up-to-date symlink: /home/ashish/ros2_ws/install/rplidar_ros/share/rplidar_ros/cmake/ament_cmake_export_dependencies-extras.cmake
[1.672s] -- Up-to-date symlink: /home/ashish/ros2_ws/install/rplidar_ros/share/rplidar_ros/cmake/ament_cmake_export_include_directories-extras.cmake
[1.673s] -- Up-to-date symlink: /home/ashish/ros2_ws/install/rplidar_ros/share/rplidar_ros/cmake/rplidar_rosConfig.cmake
[1.674s] -- Up-to-date symlink: /home/ashish/ros2_ws/install/rplidar_ros/share/rplidar_ros/cmake/rplidar_rosConfig-version.cmake
[1.674s] -- Up-to-date symlink: /home/ashish/ros2_ws/install/rplidar_ros/share/rplidar_ros/package.xml
[1.679s] Invoked command in '/home/ashish/ros2_ws/build/rplidar_ros' returned '0': CMAKE_PREFIX_PATH=/home/ashish/ros2_ws/install/turtlebot3:/home/ashish/ros2_ws/install/turtlebot3_simulations:/home/ashish/ros2_ws/install/turtlebot3_bringup:/home/ashish/ros2_ws/install/turtlebot3_node:/home/ashish/ros2_ws/install/turtlebot3_navigation2:/home/ashish/ros2_ws/install/turtlebot3_gazebo:/home/ashish/ros2_ws/install/turtlebot3_fake_node:/home/ashish/ros2_ws/install/turtlebot3_description:/home/ashish/ros2_ws/install/turtlebot3_cartographer:/home/ashish/ros2_ws/install/rplidar_ros:/home/ashish/ros2_ws/install/cartographer_rviz:/home/ashish/ros2_ws/install/cartographer_ros:/home/ashish/ros2_ws/install/turtlebot3_teleop:/home/ashish/ros2_ws/install/turtlebot3_example:/opt/ros/humble:/home/ashish/ros2_ws/install/cartographer_ros_msgs:/home/ashish/ros2_ws/install/cartographer /usr/bin/cmake --install /home/ashish/ros2_ws/build/rplidar_ros
