[0.206s] Invoking command in '/home/ashish/ros2_ws/build/turtlebot3_description': CMAKE_PREFIX_PATH=${CMAKE_PREFIX_PATH}:/opt/ros/humble /usr/bin/cmake /home/ashish/ros2_ws/src/turtlebot3/turtlebot3_description -DCMAKE_INSTALL_PREFIX=/home/ashish/ros2_ws/install/turtlebot3_description
[0.722s] -- The C compiler identification is GNU 11.4.0
[0.884s] -- The CXX compiler identification is GNU 11.4.0
[0.897s] -- Detecting C compiler ABI info
[1.238s] -- Detecting C compiler ABI info - done
[1.358s] -- Check for working C compiler: /usr/bin/cc - skipped
[1.358s] -- Detecting C compile features
[1.358s] -- Detecting C compile features - done
[1.358s] -- Detecting CXX compiler ABI info
[2.143s] -- Detecting CXX compiler ABI info - done
[2.158s] -- Check for working CXX compiler: /usr/bin/c++ - skipped
[2.180s] -- Detecting CXX compile features
[2.203s] -- Detecting CXX compile features - done
[2.224s] -- Found ament_cmake: 1.3.11 (/opt/ros/humble/share/ament_cmake/cmake)
[3.147s] -- Found Python3: /usr/bin/python3 (found version "3.10.12") found components: Interpreter 
[3.530s] -- Found urdf: 2.6.1 (/opt/ros/humble/share/urdf/cmake)
[4.300s] -- Configuring done
[4.361s] -- Generating done
[4.438s] -- Build files have been written to: /home/ashish/ros2_ws/build/turtlebot3_description
[4.518s] Invoked command in '/home/ashish/ros2_ws/build/turtlebot3_description' returned '0': CMAKE_PREFIX_PATH=${CMAKE_PREFIX_PATH}:/opt/ros/humble /usr/bin/cmake /home/ashish/ros2_ws/src/turtlebot3/turtlebot3_description -DCMAKE_INSTALL_PREFIX=/home/ashish/ros2_ws/install/turtlebot3_description
[4.546s] Invoking command in '/home/ashish/ros2_ws/build/turtlebot3_description': CMAKE_PREFIX_PATH=${CMAKE_PREFIX_PATH}:/opt/ros/humble /usr/bin/cmake --build /home/ashish/ros2_ws/build/turtlebot3_description -- -j4 -l4
[4.989s] Invoked command in '/home/ashish/ros2_ws/build/turtlebot3_description' returned '0': CMAKE_PREFIX_PATH=${CMAKE_PREFIX_PATH}:/opt/ros/humble /usr/bin/cmake --build /home/ashish/ros2_ws/build/turtlebot3_description -- -j4 -l4
[5.133s] Invoking command in '/home/ashish/ros2_ws/build/turtlebot3_description': CMAKE_PREFIX_PATH=${CMAKE_PREFIX_PATH}:/opt/ros/humble /usr/bin/cmake --install /home/ashish/ros2_ws/build/turtlebot3_description
[5.223s] -- Install configuration: ""
[5.224s] -- Installing: /home/ashish/ros2_ws/install/turtlebot3_description/share/turtlebot3_description/meshes
[5.224s] -- Installing: /home/ashish/ros2_ws/install/turtlebot3_description/share/turtlebot3_description/meshes/wheels
[5.224s] -- Installing: /home/ashish/ros2_ws/install/turtlebot3_description/share/turtlebot3_description/meshes/wheels/right_tire.stl
[5.224s] -- Installing: /home/ashish/ros2_ws/install/turtlebot3_description/share/turtlebot3_description/meshes/wheels/left_tire.stl
[5.224s] -- Installing: /home/ashish/ros2_ws/install/turtlebot3_description/share/turtlebot3_description/meshes/sensors
[5.224s] -- Installing: /home/ashish/ros2_ws/install/turtlebot3_description/share/turtlebot3_description/meshes/sensors/lds.stl
[5.224s] -- Installing: /home/ashish/ros2_ws/install/turtlebot3_description/share/turtlebot3_description/meshes/sensors/r200.dae
[5.224s] -- Installing: /home/ashish/ros2_ws/install/turtlebot3_description/share/turtlebot3_description/meshes/sensors/astra.jpg
[5.225s] -- Installing: /home/ashish/ros2_ws/install/turtlebot3_description/share/turtlebot3_description/meshes/sensors/astra.dae
[5.375s] -- Installing: /home/ashish/ros2_ws/install/turtlebot3_description/share/turtlebot3_description/meshes/sensors/r200.jpg
[5.376s] -- Installing: /home/ashish/ros2_ws/install/turtlebot3_description/share/turtlebot3_description/meshes/bases
[5.390s] -- Installing: /home/ashish/ros2_ws/install/turtlebot3_description/share/turtlebot3_description/meshes/bases/waffle_pi_base.stl
[5.574s] -- Installing: /home/ashish/ros2_ws/install/turtlebot3_description/share/turtlebot3_description/meshes/bases/burger_base.stl
[5.696s] -- Installing: /home/ashish/ros2_ws/install/turtlebot3_description/share/turtlebot3_description/meshes/bases/waffle_base.stl
[5.785s] -- Installing: /home/ashish/ros2_ws/install/turtlebot3_description/share/turtlebot3_description/rviz
[5.786s] -- Installing: /home/ashish/ros2_ws/install/turtlebot3_description/share/turtlebot3_description/rviz/model.rviz
[5.787s] -- Installing: /home/ashish/ros2_ws/install/turtlebot3_description/share/turtlebot3_description/urdf
[5.787s] -- Installing: /home/ashish/ros2_ws/install/turtlebot3_description/share/turtlebot3_description/urdf/common_properties.urdf
[5.787s] -- Installing: /home/ashish/ros2_ws/install/turtlebot3_description/share/turtlebot3_description/urdf/turtlebot3_burger.urdf
[5.789s] -- Installing: /home/ashish/ros2_ws/install/turtlebot3_description/share/turtlebot3_description/urdf/turtlebot3_waffle_pi.urdf
[5.796s] -- Installing: /home/ashish/ros2_ws/install/turtlebot3_description/share/turtlebot3_description/urdf/turtlebot3_waffle.urdf
[5.796s] -- Installing: /home/ashish/ros2_ws/install/turtlebot3_description/share/ament_index/resource_index/package_run_dependencies/turtlebot3_description
[5.796s] -- Installing: /home/ashish/ros2_ws/install/turtlebot3_description/share/ament_index/resource_index/parent_prefix_path/turtlebot3_description
[5.797s] -- Installing: /home/ashish/ros2_ws/install/turtlebot3_description/share/turtlebot3_description/environment/ament_prefix_path.sh
[5.797s] -- Installing: /home/ashish/ros2_ws/install/turtlebot3_description/share/turtlebot3_description/environment/ament_prefix_path.dsv
[5.798s] -- Installing: /home/ashish/ros2_ws/install/turtlebot3_description/share/turtlebot3_description/environment/path.sh
[5.798s] -- Installing: /home/ashish/ros2_ws/install/turtlebot3_description/share/turtlebot3_description/environment/path.dsv
[5.798s] -- Installing: /home/ashish/ros2_ws/install/turtlebot3_description/share/turtlebot3_description/local_setup.bash
[5.798s] -- Installing: /home/ashish/ros2_ws/install/turtlebot3_description/share/turtlebot3_description/local_setup.sh
[5.798s] -- Installing: /home/ashish/ros2_ws/install/turtlebot3_description/share/turtlebot3_description/local_setup.zsh
[5.798s] -- Installing: /home/ashish/ros2_ws/install/turtlebot3_description/share/turtlebot3_description/local_setup.dsv
[5.798s] -- Installing: /home/ashish/ros2_ws/install/turtlebot3_description/share/turtlebot3_description/package.dsv
[5.799s] -- Installing: /home/ashish/ros2_ws/install/turtlebot3_description/share/ament_index/resource_index/packages/turtlebot3_description
[5.799s] -- Installing: /home/ashish/ros2_ws/install/turtlebot3_description/share/turtlebot3_description/cmake/turtlebot3_descriptionConfig.cmake
[5.799s] -- Installing: /home/ashish/ros2_ws/install/turtlebot3_description/share/turtlebot3_description/cmake/turtlebot3_descriptionConfig-version.cmake
[5.799s] -- Installing: /home/ashish/ros2_ws/install/turtlebot3_description/share/turtlebot3_description/package.xml
[5.817s] Invoked command in '/home/ashish/ros2_ws/build/turtlebot3_description' returned '0': CMAKE_PREFIX_PATH=${CMAKE_PREFIX_PATH}:/opt/ros/humble /usr/bin/cmake --install /home/ashish/ros2_ws/build/turtlebot3_description
