[0.180s] Invoking command in '/home/ashish/ros2_ws/build/cartographer': CMAKE_PREFIX_PATH=/home/ashish/ros2_ws/install/turtlebot3:/home/ashish/ros2_ws/install/turtlebot3_simulations:/home/ashish/ros2_ws/install/turtlebot3_bringup:/home/ashish/ros2_ws/install/turtlebot3_node:/home/ashish/ros2_ws/install/turtlebot3_navigation2:/home/ashish/ros2_ws/install/turtlebot3_gazebo:/home/ashish/ros2_ws/install/turtlebot3_fake_node:/home/ashish/ros2_ws/install/turtlebot3_description:/home/ashish/ros2_ws/install/turtlebot3_cartographer:/home/ashish/ros2_ws/install/rplidar_ros:/home/ashish/ros2_ws/install/rf2o_laser_odometry:/home/ashish/ros2_ws/install/nav2_custom_launch:/home/ashish/ros2_ws/install/my_robot_description:/home/ashish/ros2_ws/install/cartographer_rviz:/home/ashish/ros2_ws/install/cartographer_ros:/home/ashish/ros2_ws/install/turtlebot3_teleop:/home/ashish/ros2_ws/install/turtlebot3_example:/opt/ros/humble:/home/ashish/ros2_ws/install/cartographer_ros_msgs:/home/ashish/ros2_ws/install/cartographer /usr/bin/cmake --build /home/ashish/ros2_ws/build/cartographer -- -j4 -l4
[0.554s] [  0%] Built target cartographer_detect_changes
[0.784s] [  0%] [34m[1mBuilding documentation.[0m
[1.719s] [01mRunning Sphinx v4.3.2[39;49;00m
[2.308s] [01mloading pickled environment... [39;49;00mdone
[2.315s] [01mbuilding [mo]: [39;49;00mtargets for 0 po files that are out of date
[2.315s] [01mbuilding [html]: [39;49;00mtargets for 0 source files that are out of date
[2.316s] [01mupdating environment: [39;49;00m0 added, 0 changed, 0 removed
[2.317s] [01mlooking for now-outdated files... [39;49;00mnone found
[2.317s] [01mno targets are out of date.[39;49;00m
[2.317s] [01mbuild succeeded.[39;49;00m
[2.317s] 
[2.317s] The HTML pages are in html.
[2.536s] [  0%] Built target build_doc
[2.688s] [  1%] Built target gtest
[3.794s] [ 54%] Built target cartographer
[3.846s] [ 55%] Built target gmock
[4.099s] [ 56%] Built target cartographer_pbstream
[4.355s] [ 56%] Built target cartographer_print_configuration
[4.609s] [ 57%] Built target cartographer_test_library
[4.847s] [ 57%] Built target gmock_main
[5.118s] [ 57%] Built target cartographer_compute_relations_metrics
[5.426s] [ 58%] Built target cartographer.common.fixed_ratio_sampler_test
[5.527s] [ 58%] Built target cartographer.common.internal.blocking_queue_test
[5.587s] [ 59%] Built target cartographer.common.internal.rate_timer_test
[5.627s] [ 59%] Built target cartographer.common.lua_parameter_dictionary_test
[5.667s] [ 60%] Built target cartographer.common.math_test
[5.728s] [ 60%] Built target cartographer.common.task_test
[5.860s] [ 61%] Built target cartographer.common.thread_pool_test
[6.083s] [ 61%] Built target cartographer.io.fake_file_writer_test
[6.285s] [ 62%] Built target cartographer.io.internal.in_memory_proto_stream_test
[6.457s] [ 63%] Built target cartographer.io.points_processor_pipeline_builder_test
[6.627s] [ 63%] Built target cartographer.io.probability_grid_points_processor_test
[6.969s] [ 64%] Built target cartographer.io.proto_stream_deserializer_test
[7.182s] [ 64%] Built target cartographer.io.proto_stream_test
[7.332s] [ 65%] Built target cartographer.io.serialization_format_migration_test
[7.548s] [ 65%] Built target cartographer.mapping.2d.map_limits_test
[7.882s] [ 66%] Built target cartographer.mapping.2d.probability_grid_test
[8.271s] [ 66%] Built target cartographer.mapping.2d.range_data_inserter_2d_test
[8.911s] [ 67%] Built target cartographer.mapping.2d.submap_2d_test
[9.207s] [ 67%] Built target cartographer.mapping.2d.xy_index_test
[9.393s] [ 68%] Built target cartographer.mapping.3d.hybrid_grid_test
[9.542s] [ 68%] Built target cartographer.mapping.3d.range_data_inserter_3d_test
[9.608s] [ 69%] Built target cartographer.mapping.3d.submap_3d_test
[9.676s] [ 69%] Built target cartographer.mapping.id_test
[9.842s] [ 70%] Built target cartographer.mapping.imu_tracker_test
[10.055s] [ 70%] Built target cartographer.mapping.internal.2d.normal_estimation_2d_test
[10.209s] [ 71%] Built target cartographer.mapping.internal.2d.overlapping_submaps_trimmer_2d_test
[10.378s] [ 71%] Built target cartographer.mapping.internal.2d.pose_graph_2d_test
[10.615s] [ 72%] Built target cartographer.mapping.internal.2d.ray_to_pixel_mask_test
[10.840s] [ 72%] Built target cartographer.mapping.internal.2d.scan_matching.ceres_scan_matcher_2d_test
[10.916s] [ 73%] Built target cartographer.mapping.internal.2d.scan_matching.correlative_scan_matcher_test
[10.992s] [ 73%] Built target cartographer.mapping.internal.2d.scan_matching.fast_correlative_scan_matcher_2d_test
[11.103s] [ 74%] Built target cartographer.mapping.internal.2d.scan_matching.interpolated_tsdf_2d_test
[11.278s] [ 74%] Built target cartographer.mapping.internal.2d.scan_matching.occupied_space_cost_function_2d_test
[11.406s] [ 75%] Built target cartographer.mapping.internal.2d.scan_matching.real_time_correlative_scan_matcher_2d_test
[11.506s] [ 75%] Built target cartographer.mapping.internal.2d.scan_matching.tsdf_match_cost_function_2d_test
[11.652s] [ 76%] Built target cartographer.mapping.internal.2d.tsd_value_converter_test
[11.887s] [ 76%] Built target cartographer.mapping.internal.2d.tsdf_2d_test
[12.092s] [ 77%] Built target cartographer.mapping.internal.2d.tsdf_range_data_inserter_2d_test
[12.209s] [ 77%] Built target cartographer.mapping.internal.3d.local_trajectory_builder_3d_test
[12.432s] [ 78%] Built target cartographer.mapping.internal.3d.pose_graph_3d_test
[12.627s] [ 79%] Built target cartographer.mapping.internal.3d.scan_matching.ceres_scan_matcher_3d_test
[12.812s] [ 79%] Built target cartographer.mapping.internal.3d.scan_matching.fast_correlative_scan_matcher_3d_test
[13.090s] [ 80%] Built target cartographer.mapping.internal.3d.scan_matching.intensity_cost_function_3d_test
[13.191s] [ 80%] Built target cartographer.mapping.internal.3d.scan_matching.interpolated_grid_test
[13.269s] [ 81%] Built target cartographer.mapping.internal.3d.scan_matching.precomputation_grid_3d_test
[13.431s] [ 81%] Built target cartographer.mapping.internal.3d.scan_matching.real_time_correlative_scan_matcher_3d_test
[13.651s] [ 82%] Built target cartographer.mapping.internal.3d.scan_matching.rotation_delta_cost_functor_3d_test
[13.754s] [ 82%] Built target cartographer.mapping.internal.3d.scan_matching.rotational_scan_matcher_test
[13.871s] [ 83%] Built target cartographer.mapping.internal.connected_components_test
[13.986s] [ 83%] Built target cartographer.mapping.internal.constraints.constraint_builder_2d_test
[14.071s] [ 84%] Built target cartographer.mapping.internal.constraints.constraint_builder_3d_test
[14.213s] [ 84%] Built target cartographer.mapping.internal.motion_filter_test
[14.363s] [ 85%] Built target cartographer.mapping.internal.optimization.cost_functions.landmark_cost_function_2d_test
[14.578s] [ 85%] Built target cartographer.mapping.internal.optimization.cost_functions.landmark_cost_function_3d_test
[14.810s] [ 86%] Built target cartographer.mapping.internal.optimization.cost_functions.spa_cost_function_2d_test
[15.029s] [ 86%] Built target cartographer.mapping.internal.optimization.optimization_problem_3d_test
[15.222s] [ 87%] Built target cartographer.mapping.internal.range_data_collator_test
[15.376s] [ 87%] Built target cartographer.mapping.internal.trajectory_connectivity_state_test
[15.572s] [ 88%] Built target cartographer.mapping.map_builder_test
[15.710s] [ 88%] Built target cartographer.mapping.pose_extrapolator_test
[15.834s] [ 89%] Built target cartographer.mapping.pose_graph_test
[16.010s] [ 89%] Built target cartographer.mapping.pose_graph_trimmer_test
[16.117s] [ 90%] Built target cartographer.mapping.probability_values_test
[16.223s] [ 90%] Built target cartographer.mapping.submaps_test
[16.334s] [ 91%] Built target cartographer.mapping.trajectory_node_test
[16.470s] [ 91%] Built target cartographer.mapping.value_conversion_tables_test
[16.708s] [ 92%] Built target cartographer.sensor.compressed_point_cloud_test
[16.896s] [ 92%] Built target cartographer.sensor.internal.collator_test
[17.106s] [ 93%] Built target cartographer.sensor.internal.ordered_multi_queue_test
[17.327s] [ 93%] Built target cartographer.sensor.internal.trajectory_collator_test
[17.555s] [ 94%] Built target cartographer.sensor.internal.voxel_filter_test
[17.670s] [ 94%] Built target cartographer.sensor.landmark_data_test
[17.732s] [ 95%] Built target cartographer.sensor.map_by_time_test
[17.804s] [ 96%] Built target cartographer.sensor.point_cloud_test
[17.889s] [ 96%] Built target cartographer.sensor.range_data_test
[17.961s] [ 97%] Built target cartographer.transform.rigid_transform_test
[18.095s] [ 97%] Built target cartographer.transform.timestamped_transform_test
[18.301s] [ 98%] Built target cartographer.transform.transform_interpolation_buffer_test
[18.379s] [ 98%] Built target cartographer.transform.transform_test
[18.469s] [ 98%] Built target cartographer.common.configuration_files_test
[18.642s] [100%] Built target cartographer_autogenerate_ground_truth
[18.725s] Invoked command in '/home/ashish/ros2_ws/build/cartographer' returned '0': CMAKE_PREFIX_PATH=/home/ashish/ros2_ws/install/turtlebot3:/home/ashish/ros2_ws/install/turtlebot3_simulations:/home/ashish/ros2_ws/install/turtlebot3_bringup:/home/ashish/ros2_ws/install/turtlebot3_node:/home/ashish/ros2_ws/install/turtlebot3_navigation2:/home/ashish/ros2_ws/install/turtlebot3_gazebo:/home/ashish/ros2_ws/install/turtlebot3_fake_node:/home/ashish/ros2_ws/install/turtlebot3_description:/home/ashish/ros2_ws/install/turtlebot3_cartographer:/home/ashish/ros2_ws/install/rplidar_ros:/home/ashish/ros2_ws/install/rf2o_laser_odometry:/home/ashish/ros2_ws/install/nav2_custom_launch:/home/ashish/ros2_ws/install/my_robot_description:/home/ashish/ros2_ws/install/cartographer_rviz:/home/ashish/ros2_ws/install/cartographer_ros:/home/ashish/ros2_ws/install/turtlebot3_teleop:/home/ashish/ros2_ws/install/turtlebot3_example:/opt/ros/humble:/home/ashish/ros2_ws/install/cartographer_ros_msgs:/home/ashish/ros2_ws/install/cartographer /usr/bin/cmake --build /home/ashish/ros2_ws/build/cartographer -- -j4 -l4
[18.725s] Invoking command in '/home/ashish/ros2_ws/build/cartographer': CMAKE_PREFIX_PATH=/home/ashish/ros2_ws/install/turtlebot3:/home/ashish/ros2_ws/install/turtlebot3_simulations:/home/ashish/ros2_ws/install/turtlebot3_bringup:/home/ashish/ros2_ws/install/turtlebot3_node:/home/ashish/ros2_ws/install/turtlebot3_navigation2:/home/ashish/ros2_ws/install/turtlebot3_gazebo:/home/ashish/ros2_ws/install/turtlebot3_fake_node:/home/ashish/ros2_ws/install/turtlebot3_description:/home/ashish/ros2_ws/install/turtlebot3_cartographer:/home/ashish/ros2_ws/install/rplidar_ros:/home/ashish/ros2_ws/install/rf2o_laser_odometry:/home/ashish/ros2_ws/install/nav2_custom_launch:/home/ashish/ros2_ws/install/my_robot_description:/home/ashish/ros2_ws/install/cartographer_rviz:/home/ashish/ros2_ws/install/cartographer_ros:/home/ashish/ros2_ws/install/turtlebot3_teleop:/home/ashish/ros2_ws/install/turtlebot3_example:/opt/ros/humble:/home/ashish/ros2_ws/install/cartographer_ros_msgs:/home/ashish/ros2_ws/install/cartographer /usr/bin/cmake --install /home/ashish/ros2_ws/build/cartographer
[18.755s] -- Install configuration: "Release"
[18.755s] -- Up-to-date: /home/ashish/ros2_ws/install/cartographer/share/cartographer/package.xml
[18.756s] -- Up-to-date: /home/ashish/ros2_ws/install/cartographer/share/cartographer//configuration_files
[18.756s] -- Up-to-date: /home/ashish/ros2_ws/install/cartographer/share/cartographer//configuration_files/trajectory_builder.lua
[18.756s] -- Up-to-date: /home/ashish/ros2_ws/install/cartographer/share/cartographer//configuration_files/trajectory_builder_2d.lua
[18.756s] -- Up-to-date: /home/ashish/ros2_ws/install/cartographer/share/cartographer//configuration_files/trajectory_builder_3d.lua
[18.757s] -- Up-to-date: /home/ashish/ros2_ws/install/cartographer/share/cartographer//configuration_files/map_builder_server.lua
[18.757s] -- Up-to-date: /home/ashish/ros2_ws/install/cartographer/share/cartographer//configuration_files/pose_graph.lua
[18.757s] -- Up-to-date: /home/ashish/ros2_ws/install/cartographer/share/cartographer//configuration_files/map_builder.lua
[18.757s] -- Up-to-date: /home/ashish/ros2_ws/install/cartographer/share/cartographer//cmake
[18.757s] -- Up-to-date: /home/ashish/ros2_ws/install/cartographer/share/cartographer//cmake/modules
[18.757s] -- Up-to-date: /home/ashish/ros2_ws/install/cartographer/share/cartographer//cmake/modules/FindGMock.cmake
[18.757s] -- Up-to-date: /home/ashish/ros2_ws/install/cartographer/share/cartographer//cmake/modules/FindLuaGoogle.cmake
[18.757s] -- Up-to-date: /home/ashish/ros2_ws/install/cartographer/share/cartographer//cmake/modules/FindSphinx.cmake
[18.757s] -- Up-to-date: /home/ashish/ros2_ws/install/cartographer/share/cartographer//cmake/modules/FindEigen3.cmake
[18.757s] -- Up-to-date: /home/ashish/ros2_ws/install/cartographer/share/cartographer//cmake/functions.cmake
[18.757s] -- Up-to-date: /home/ashish/ros2_ws/install/cartographer/bin/cartographer_autogenerate_ground_truth
[18.758s] -- Up-to-date: /home/ashish/ros2_ws/install/cartographer/bin/cartographer_compute_relations_metrics
[18.758s] -- Up-to-date: /home/ashish/ros2_ws/install/cartographer/bin/cartographer_pbstream
[18.758s] -- Up-to-date: /home/ashish/ros2_ws/install/cartographer/bin/cartographer_print_configuration
[18.758s] -- Up-to-date: /home/ashish/ros2_ws/install/cartographer/lib/libcartographer.a
[18.758s] -- Up-to-date: /home/ashish/ros2_ws/install/cartographer/include/cartographer/common/configuration_file_resolver.h
[18.758s] -- Up-to-date: /home/ashish/ros2_ws/install/cartographer/include/cartographer/common/fixed_ratio_sampler.h
[18.758s] -- Up-to-date: /home/ashish/ros2_ws/install/cartographer/include/cartographer/common/histogram.h
[18.758s] -- Up-to-date: /home/ashish/ros2_ws/install/cartographer/include/cartographer/common/lua.h
[18.758s] -- Up-to-date: /home/ashish/ros2_ws/install/cartographer/include/cartographer/common/lua_parameter_dictionary.h
[18.759s] -- Up-to-date: /home/ashish/ros2_ws/install/cartographer/include/cartographer/common/math.h
[18.759s] -- Up-to-date: /home/ashish/ros2_ws/install/cartographer/include/cartographer/common/port.h
[18.759s] -- Up-to-date: /home/ashish/ros2_ws/install/cartographer/include/cartographer/common/task.h
[18.759s] -- Up-to-date: /home/ashish/ros2_ws/install/cartographer/include/cartographer/common/thread_pool.h
[18.759s] -- Up-to-date: /home/ashish/ros2_ws/install/cartographer/include/cartographer/common/time.h
[18.759s] -- Up-to-date: /home/ashish/ros2_ws/install/cartographer/include/cartographer/ground_truth/autogenerate_ground_truth.h
[18.760s] -- Up-to-date: /home/ashish/ros2_ws/install/cartographer/include/cartographer/ground_truth/relations_text_file.h
[18.760s] -- Up-to-date: /home/ashish/ros2_ws/install/cartographer/include/cartographer/io/color.h
[18.760s] -- Up-to-date: /home/ashish/ros2_ws/install/cartographer/include/cartographer/io/coloring_points_processor.h
[18.760s] -- Up-to-date: /home/ashish/ros2_ws/install/cartographer/include/cartographer/io/counting_points_processor.h
[18.760s] -- Up-to-date: /home/ashish/ros2_ws/install/cartographer/include/cartographer/io/draw_trajectories.h
[18.768s] -- Up-to-date: /home/ashish/ros2_ws/install/cartographer/include/cartographer/io/file_writer.h
[18.768s] -- Up-to-date: /home/ashish/ros2_ws/install/cartographer/include/cartographer/io/fixed_ratio_sampling_points_processor.h
[18.768s] -- Up-to-date: /home/ashish/ros2_ws/install/cartographer/include/cartographer/io/frame_id_filtering_points_processor.h
[18.770s] -- Up-to-date: /home/ashish/ros2_ws/install/cartographer/include/cartographer/io/hybrid_grid_points_processor.h
[18.770s] -- Up-to-date: /home/ashish/ros2_ws/install/cartographer/include/cartographer/io/image.h
[18.770s] -- Up-to-date: /home/ashish/ros2_ws/install/cartographer/include/cartographer/io/intensity_to_color_points_processor.h
[18.771s] -- Up-to-date: /home/ashish/ros2_ws/install/cartographer/include/cartographer/io/min_max_range_filtering_points_processor.h
[18.771s] -- Up-to-date: /home/ashish/ros2_ws/install/cartographer/include/cartographer/io/null_points_processor.h
[18.771s] -- Up-to-date: /home/ashish/ros2_ws/install/cartographer/include/cartographer/io/outlier_removing_points_processor.h
[18.771s] -- Up-to-date: /home/ashish/ros2_ws/install/cartographer/include/cartographer/io/pcd_writing_points_processor.h
[18.771s] -- Up-to-date: /home/ashish/ros2_ws/install/cartographer/include/cartographer/io/ply_writing_points_processor.h
[18.772s] -- Up-to-date: /home/ashish/ros2_ws/install/cartographer/include/cartographer/io/points_batch.h
[18.772s] -- Up-to-date: /home/ashish/ros2_ws/install/cartographer/include/cartographer/io/points_processor.h
[18.772s] -- Up-to-date: /home/ashish/ros2_ws/install/cartographer/include/cartographer/io/points_processor_pipeline_builder.h
[18.772s] -- Up-to-date: /home/ashish/ros2_ws/install/cartographer/include/cartographer/io/probability_grid_points_processor.h
[18.772s] -- Up-to-date: /home/ashish/ros2_ws/install/cartographer/include/cartographer/io/proto_stream.h
[18.772s] -- Up-to-date: /home/ashish/ros2_ws/install/cartographer/include/cartographer/io/proto_stream_deserializer.h
[18.772s] -- Up-to-date: /home/ashish/ros2_ws/install/cartographer/include/cartographer/io/proto_stream_interface.h
[18.772s] -- Up-to-date: /home/ashish/ros2_ws/install/cartographer/include/cartographer/io/serialization_format_migration.h
[18.772s] -- Up-to-date: /home/ashish/ros2_ws/install/cartographer/include/cartographer/io/submap_painter.h
[18.772s] -- Up-to-date: /home/ashish/ros2_ws/install/cartographer/include/cartographer/io/vertical_range_filtering_points_processor.h
[18.773s] -- Up-to-date: /home/ashish/ros2_ws/install/cartographer/include/cartographer/io/xray_points_processor.h
[18.773s] -- Up-to-date: /home/ashish/ros2_ws/install/cartographer/include/cartographer/io/xyz_writing_points_processor.h
[18.773s] -- Up-to-date: /home/ashish/ros2_ws/install/cartographer/include/cartographer/mapping/2d/grid_2d.h
[18.773s] -- Up-to-date: /home/ashish/ros2_ws/install/cartographer/include/cartographer/mapping/2d/map_limits.h
[18.773s] -- Up-to-date: /home/ashish/ros2_ws/install/cartographer/include/cartographer/mapping/2d/probability_grid.h
[18.773s] -- Up-to-date: /home/ashish/ros2_ws/install/cartographer/include/cartographer/mapping/2d/probability_grid_range_data_inserter_2d.h
[18.773s] -- Up-to-date: /home/ashish/ros2_ws/install/cartographer/include/cartographer/mapping/2d/submap_2d.h
[18.773s] -- Up-to-date: /home/ashish/ros2_ws/install/cartographer/include/cartographer/mapping/2d/xy_index.h
[18.773s] -- Up-to-date: /home/ashish/ros2_ws/install/cartographer/include/cartographer/mapping/3d/hybrid_grid.h
[18.773s] -- Up-to-date: /home/ashish/ros2_ws/install/cartographer/include/cartographer/mapping/3d/range_data_inserter_3d.h
[18.773s] -- Up-to-date: /home/ashish/ros2_ws/install/cartographer/include/cartographer/mapping/3d/submap_3d.h
[18.773s] -- Up-to-date: /home/ashish/ros2_ws/install/cartographer/include/cartographer/mapping/detect_floors.h
[18.773s] -- Up-to-date: /home/ashish/ros2_ws/install/cartographer/include/cartographer/mapping/grid_interface.h
[18.773s] -- Up-to-date: /home/ashish/ros2_ws/install/cartographer/include/cartographer/mapping/id.h
[18.773s] -- Up-to-date: /home/ashish/ros2_ws/install/cartographer/include/cartographer/mapping/imu_tracker.h
[18.773s] -- Up-to-date: /home/ashish/ros2_ws/install/cartographer/include/cartographer/mapping/map_builder.h
[18.773s] -- Up-to-date: /home/ashish/ros2_ws/install/cartographer/include/cartographer/mapping/map_builder_interface.h
[18.773s] -- Up-to-date: /home/ashish/ros2_ws/install/cartographer/include/cartographer/mapping/pose_extrapolator.h
[18.774s] -- Up-to-date: /home/ashish/ros2_ws/install/cartographer/include/cartographer/mapping/pose_extrapolator_interface.h
[18.775s] -- Up-to-date: /home/ashish/ros2_ws/install/cartographer/include/cartographer/mapping/pose_graph.h
[18.775s] -- Up-to-date: /home/ashish/ros2_ws/install/cartographer/include/cartographer/mapping/pose_graph_interface.h
[18.775s] -- Up-to-date: /home/ashish/ros2_ws/install/cartographer/include/cartographer/mapping/pose_graph_trimmer.h
[18.775s] -- Up-to-date: /home/ashish/ros2_ws/install/cartographer/include/cartographer/mapping/probability_values.h
[18.775s] -- Up-to-date: /home/ashish/ros2_ws/install/cartographer/include/cartographer/mapping/range_data_inserter_interface.h
[18.775s] -- Up-to-date: /home/ashish/ros2_ws/install/cartographer/include/cartographer/mapping/submaps.h
[18.775s] -- Up-to-date: /home/ashish/ros2_ws/install/cartographer/include/cartographer/mapping/trajectory_builder_interface.h
[18.776s] -- Up-to-date: /home/ashish/ros2_ws/install/cartographer/include/cartographer/mapping/trajectory_node.h
[18.776s] -- Up-to-date: /home/ashish/ros2_ws/install/cartographer/include/cartographer/mapping/value_conversion_tables.h
[18.776s] -- Up-to-date: /home/ashish/ros2_ws/install/cartographer/include/cartographer/metrics/counter.h
[18.776s] -- Up-to-date: /home/ashish/ros2_ws/install/cartographer/include/cartographer/metrics/family_factory.h
[18.776s] -- Up-to-date: /home/ashish/ros2_ws/install/cartographer/include/cartographer/metrics/gauge.h
[18.777s] -- Up-to-date: /home/ashish/ros2_ws/install/cartographer/include/cartographer/metrics/histogram.h
[18.777s] -- Up-to-date: /home/ashish/ros2_ws/install/cartographer/include/cartographer/metrics/register.h
[18.777s] -- Up-to-date: /home/ashish/ros2_ws/install/cartographer/include/cartographer/sensor/collator_interface.h
[18.777s] -- Up-to-date: /home/ashish/ros2_ws/install/cartographer/include/cartographer/sensor/compressed_point_cloud.h
[18.777s] -- Up-to-date: /home/ashish/ros2_ws/install/cartographer/include/cartographer/sensor/data.h
[18.777s] -- Up-to-date: /home/ashish/ros2_ws/install/cartographer/include/cartographer/sensor/fixed_frame_pose_data.h
[18.777s] -- Up-to-date: /home/ashish/ros2_ws/install/cartographer/include/cartographer/sensor/imu_data.h
[18.777s] -- Up-to-date: /home/ashish/ros2_ws/install/cartographer/include/cartographer/sensor/landmark_data.h
[18.777s] -- Up-to-date: /home/ashish/ros2_ws/install/cartographer/include/cartographer/sensor/map_by_time.h
[18.777s] -- Up-to-date: /home/ashish/ros2_ws/install/cartographer/include/cartographer/sensor/odometry_data.h
[18.777s] -- Up-to-date: /home/ashish/ros2_ws/install/cartographer/include/cartographer/sensor/point_cloud.h
[18.777s] -- Up-to-date: /home/ashish/ros2_ws/install/cartographer/include/cartographer/sensor/range_data.h
[18.777s] -- Up-to-date: /home/ashish/ros2_ws/install/cartographer/include/cartographer/sensor/rangefinder_point.h
[18.777s] -- Up-to-date: /home/ashish/ros2_ws/install/cartographer/include/cartographer/sensor/timed_point_cloud_data.h
[18.777s] -- Up-to-date: /home/ashish/ros2_ws/install/cartographer/include/cartographer/transform/rigid_transform.h
[18.777s] -- Up-to-date: /home/ashish/ros2_ws/install/cartographer/include/cartographer/transform/timestamped_transform.h
[18.778s] -- Up-to-date: /home/ashish/ros2_ws/install/cartographer/include/cartographer/transform/transform.h
[18.778s] -- Up-to-date: /home/ashish/ros2_ws/install/cartographer/include/cartographer/transform/transform_interpolation_buffer.h
[18.778s] -- Up-to-date: /home/ashish/ros2_ws/install/cartographer/include/cartographer/io/fake_file_writer.h
[18.778s] -- Up-to-date: /home/ashish/ros2_ws/install/cartographer/include/cartographer/transform/rigid_transform_test_helpers.h
[18.778s] -- Up-to-date: /home/ashish/ros2_ws/install/cartographer/include/cartographer/common/proto/ceres_solver_options.pb.h
[18.778s] -- Up-to-date: /home/ashish/ros2_ws/install/cartographer/include/cartographer/ground_truth/proto/relations.pb.h
[18.778s] -- Up-to-date: /home/ashish/ros2_ws/install/cartographer/include/cartographer/mapping/proto/cell_limits_2d.pb.h
[18.778s] -- Up-to-date: /home/ashish/ros2_ws/install/cartographer/include/cartographer/mapping/proto/connected_components.pb.h
[18.778s] -- Up-to-date: /home/ashish/ros2_ws/install/cartographer/include/cartographer/mapping/proto/grid_2d.pb.h
[18.778s] -- Up-to-date: /home/ashish/ros2_ws/install/cartographer/include/cartographer/mapping/proto/grid_2d_options.pb.h
[18.778s] -- Up-to-date: /home/ashish/ros2_ws/install/cartographer/include/cartographer/mapping/proto/hybrid_grid.pb.h
[18.778s] -- Up-to-date: /home/ashish/ros2_ws/install/cartographer/include/cartographer/mapping/proto/local_trajectory_builder_options_2d.pb.h
[18.778s] -- Up-to-date: /home/ashish/ros2_ws/install/cartographer/include/cartographer/mapping/proto/local_trajectory_builder_options_3d.pb.h
[18.778s] -- Up-to-date: /home/ashish/ros2_ws/install/cartographer/include/cartographer/mapping/proto/map_builder_options.pb.h
[18.778s] -- Up-to-date: /home/ashish/ros2_ws/install/cartographer/include/cartographer/mapping/proto/map_limits.pb.h
[18.779s] -- Up-to-date: /home/ashish/ros2_ws/install/cartographer/include/cartographer/mapping/proto/motion_filter_options.pb.h
[18.779s] -- Up-to-date: /home/ashish/ros2_ws/install/cartographer/include/cartographer/mapping/proto/normal_estimation_options_2d.pb.h
[18.779s] -- Up-to-date: /home/ashish/ros2_ws/install/cartographer/include/cartographer/mapping/proto/pose_extrapolator_options.pb.h
[18.779s] -- Up-to-date: /home/ashish/ros2_ws/install/cartographer/include/cartographer/mapping/proto/pose_graph.pb.h
[18.779s] -- Up-to-date: /home/ashish/ros2_ws/install/cartographer/include/cartographer/mapping/proto/pose_graph/constraint_builder_options.pb.h
[18.779s] -- Up-to-date: /home/ashish/ros2_ws/install/cartographer/include/cartographer/mapping/proto/pose_graph/optimization_problem_options.pb.h
[18.779s] -- Up-to-date: /home/ashish/ros2_ws/install/cartographer/include/cartographer/mapping/proto/pose_graph_options.pb.h
[18.780s] -- Up-to-date: /home/ashish/ros2_ws/install/cartographer/include/cartographer/mapping/proto/probability_grid.pb.h
[18.780s] -- Up-to-date: /home/ashish/ros2_ws/install/cartographer/include/cartographer/mapping/proto/probability_grid_range_data_inserter_options_2d.pb.h
[18.780s] -- Up-to-date: /home/ashish/ros2_ws/install/cartographer/include/cartographer/mapping/proto/range_data_inserter_options.pb.h
[18.780s] -- Up-to-date: /home/ashish/ros2_ws/install/cartographer/include/cartographer/mapping/proto/range_data_inserter_options_3d.pb.h
[18.780s] -- Up-to-date: /home/ashish/ros2_ws/install/cartographer/include/cartographer/mapping/proto/scan_matching/ceres_scan_matcher_options_2d.pb.h
[18.780s] -- Up-to-date: /home/ashish/ros2_ws/install/cartographer/include/cartographer/mapping/proto/scan_matching/ceres_scan_matcher_options_3d.pb.h
[18.780s] -- Up-to-date: /home/ashish/ros2_ws/install/cartographer/include/cartographer/mapping/proto/scan_matching/fast_correlative_scan_matcher_options_2d.pb.h
[18.780s] -- Up-to-date: /home/ashish/ros2_ws/install/cartographer/include/cartographer/mapping/proto/scan_matching/fast_correlative_scan_matcher_options_3d.pb.h
[18.780s] -- Up-to-date: /home/ashish/ros2_ws/install/cartographer/include/cartographer/mapping/proto/scan_matching/real_time_correlative_scan_matcher_options.pb.h
[18.781s] -- Up-to-date: /home/ashish/ros2_ws/install/cartographer/include/cartographer/mapping/proto/serialization.pb.h
[18.781s] -- Up-to-date: /home/ashish/ros2_ws/install/cartographer/include/cartographer/mapping/proto/submap.pb.h
[18.781s] -- Up-to-date: /home/ashish/ros2_ws/install/cartographer/include/cartographer/mapping/proto/submap_visualization.pb.h
[18.781s] -- Up-to-date: /home/ashish/ros2_ws/install/cartographer/include/cartographer/mapping/proto/submaps_options_2d.pb.h
[18.781s] -- Up-to-date: /home/ashish/ros2_ws/install/cartographer/include/cartographer/mapping/proto/submaps_options_3d.pb.h
[18.781s] -- Up-to-date: /home/ashish/ros2_ws/install/cartographer/include/cartographer/mapping/proto/trajectory.pb.h
[18.781s] -- Up-to-date: /home/ashish/ros2_ws/install/cartographer/include/cartographer/mapping/proto/trajectory_builder_options.pb.h
[18.781s] -- Up-to-date: /home/ashish/ros2_ws/install/cartographer/include/cartographer/mapping/proto/trajectory_node_data.pb.h
[18.781s] -- Up-to-date: /home/ashish/ros2_ws/install/cartographer/include/cartographer/mapping/proto/tsdf_2d.pb.h
[18.781s] -- Up-to-date: /home/ashish/ros2_ws/install/cartographer/include/cartographer/mapping/proto/tsdf_range_data_inserter_options_2d.pb.h
[18.781s] -- Up-to-date: /home/ashish/ros2_ws/install/cartographer/include/cartographer/sensor/proto/adaptive_voxel_filter_options.pb.h
[18.781s] -- Up-to-date: /home/ashish/ros2_ws/install/cartographer/include/cartographer/sensor/proto/sensor.pb.h
[18.781s] -- Up-to-date: /home/ashish/ros2_ws/install/cartographer/include/cartographer/transform/proto/timestamped_transform.pb.h
[18.781s] -- Up-to-date: /home/ashish/ros2_ws/install/cartographer/include/cartographer/transform/proto/transform.pb.h
[18.781s] -- Up-to-date: /home/ashish/ros2_ws/install/cartographer/share/cartographer/cmake/CartographerTargets.cmake
[18.781s] -- Up-to-date: /home/ashish/ros2_ws/install/cartographer/share/cartographer/cmake/CartographerTargets-release.cmake
[18.781s] -- Up-to-date: /home/ashish/ros2_ws/install/cartographer/share/cartographer/cartographer-config.cmake
[18.788s] Invoked command in '/home/ashish/ros2_ws/build/cartographer' returned '0': CMAKE_PREFIX_PATH=/home/ashish/ros2_ws/install/turtlebot3:/home/ashish/ros2_ws/install/turtlebot3_simulations:/home/ashish/ros2_ws/install/turtlebot3_bringup:/home/ashish/ros2_ws/install/turtlebot3_node:/home/ashish/ros2_ws/install/turtlebot3_navigation2:/home/ashish/ros2_ws/install/turtlebot3_gazebo:/home/ashish/ros2_ws/install/turtlebot3_fake_node:/home/ashish/ros2_ws/install/turtlebot3_description:/home/ashish/ros2_ws/install/turtlebot3_cartographer:/home/ashish/ros2_ws/install/rplidar_ros:/home/ashish/ros2_ws/install/rf2o_laser_odometry:/home/ashish/ros2_ws/install/nav2_custom_launch:/home/ashish/ros2_ws/install/my_robot_description:/home/ashish/ros2_ws/install/cartographer_rviz:/home/ashish/ros2_ws/install/cartographer_ros:/home/ashish/ros2_ws/install/turtlebot3_teleop:/home/ashish/ros2_ws/install/turtlebot3_example:/opt/ros/humble:/home/ashish/ros2_ws/install/cartographer_ros_msgs:/home/ashish/ros2_ws/install/cartographer /usr/bin/cmake --install /home/ashish/ros2_ws/build/cartographer
