[0.060s] Invoking command in '/home/ashish/ros2_ws/build/cartographer_rviz': CMAKE_PREFIX_PATH=/home/ashish/ros2_ws/install/cartographer_ros:/home/ashish/ros2_ws/install/turtlebot3_teleop:/home/ashish/ros2_ws/install/turtlebot3_example:/opt/ros/humble:/home/ashish/ros2_ws/install/cartographer_ros_msgs:/home/ashish/ros2_ws/install/cartographer:/home/ashish/ros2_ws/install/turtlebot3:/home/ashish/ros2_ws/install/turtlebot3_simulations:/home/ashish/ros2_ws/install/turtlebot3_bringup:/home/ashish/ros2_ws/install/turtlebot3_node:/home/ashish/ros2_ws/install/turtlebot3_navigation2:/home/ashish/ros2_ws/install/turtlebot3_gazebo:/home/ashish/ros2_ws/install/turtlebot3_fake_node:/home/ashish/ros2_ws/install/turtlebot3_description:/home/ashish/ros2_ws/install/turtlebot3_cartographer:/home/ashish/ros2_ws/install/rplidar_ros:/home/ashish/ros2_ws/install/rf2o_laser_odometry:/home/ashish/ros2_ws/install/nav2_custom_launch:/home/ashish/ros2_ws/install/cartographer_rviz LD_LIBRARY_PATH=/home/ashish/ros2_ws/install/cartographer_ros_msgs/lib:/home/ashish/ros2_ws/install/rplidar_ros/lib:/home/ashish/ros2_ws/install/cartographer_rviz/lib:/home/ashish/ros2_ws/install/cartographer_ros/lib:/usr/lib/x86_64-linux-gnu/gazebo-11/plugins:/opt/ros/humble/opt/rviz_ogre_vendor/lib:/opt/ros/humble/lib/x86_64-linux-gnu:/opt/ros/humble/lib /usr/bin/cmake /home/ashish/ros2_ws/src/cartographer_ros/cartographer_rviz -DCMAKE_INSTALL_PREFIX=/home/ashish/ros2_ws/install/cartographer_rviz
[0.078s] -- Found ament_cmake: 1.3.11 (/opt/ros/humble/share/ament_cmake/cmake)
[0.251s] -- Override CMake install command with custom implementation using symlinks instead of copying resources
[0.255s] -- Found required Ceres dependency: Eigen version 3.4.0 in /usr/include/eigen3
[0.258s] -- Found required Ceres dependency: glog
[0.258s] -- Found required Ceres dependency: gflags
[0.258s] -- Found Ceres version: 2.0.0 installed in: /usr with components: [EigenSparse, SparseLinearAlgebraLibrary, LAPACK, SuiteSparse, CXSparse, SchurSpecializations, Multithreading]
[0.276s] -- Build type: Release
[0.284s] -- Found cartographer_ros: 2.0.9003 (/home/ashish/ros2_ws/install/cartographer_ros/share/cartographer_ros/cmake)
[0.342s] -- Found rosidl_generator_c: 3.1.6 (/opt/ros/humble/share/rosidl_generator_c/cmake)
[0.345s] -- Found rosidl_adapter: 3.1.6 (/opt/ros/humble/share/rosidl_adapter/cmake)
[0.351s] -- Found rosidl_generator_cpp: 3.1.6 (/opt/ros/humble/share/rosidl_generator_cpp/cmake)
[0.362s] -- Using all available rosidl_typesupport_c: rosidl_typesupport_fastrtps_c;rosidl_typesupport_introspection_c
[0.377s] -- Using all available rosidl_typesupport_cpp: rosidl_typesupport_fastrtps_cpp;rosidl_typesupport_introspection_cpp
[0.535s] -- Found rmw_implementation_cmake: 6.1.2 (/opt/ros/humble/share/rmw_implementation_cmake/cmake)
[0.535s] -- Found rmw_fastrtps_cpp: 6.2.7 (/opt/ros/humble/share/rmw_fastrtps_cpp/cmake)
[0.666s] -- Using RMW implementation 'rmw_fastrtps_cpp' as default
[0.775s] -- Eigen found (include: /usr/include/eigen3, version: 3.4.0)
[0.822s] -- FLANN found (include: /usr/include, lib: /usr/lib/x86_64-linux-gnu/libflann_cpp.so)
[1.704s] -- OpenNI found (version: 1.5.4.0, include: /usr/include/ni, lib: /usr/lib/libOpenNI.so;libusb::libusb)
[1.719s] -- OpenNI2 found (version: 2.2.0.33, include: /usr/include/openni2, lib: /usr/lib/x86_64-linux-gnu/libOpenNI2.so;libusb::libusb)
[1.902s] -- Eigen found (include: /usr/include/eigen3, version: 3.4.0)
[1.913s] -- OpenNI found (version: 1.5.4.0, include: /usr/include/ni, lib: /usr/lib/libOpenNI.so;libusb::libusb)
[1.932s] -- OpenNI2 found (version: 2.2.0.33, include: /usr/include/openni2, lib: /usr/lib/x86_64-linux-gnu/libOpenNI2.so;libusb::libusb)
[2.131s] -- Found Qhull version 8.0.2
[2.307s] -- OpenNI found (version: 1.5.4.0, include: /usr/include/ni, lib: /usr/lib/libOpenNI.so;libusb::libusb)
[2.661s] -- Found rviz_common: 11.2.16 (/opt/ros/humble/share/rviz_common/cmake)
[2.687s] -- Setting assimp_DIR to: '/opt/ros/humble/share/rviz_assimp_vendor/cmake/../../../opt/rviz_assimp_vendor/lib/cmake/assimp-4.1'
[2.706s] -- Setting OGRE_DIR to: '/opt/ros/humble/share/rviz_ogre_vendor/cmake/../../../opt/rviz_ogre_vendor/lib/OGRE/cmake'
[2.712s] -- Found OGRE
[2.713s] --   static     : OFF
[2.713s] --   components : HLMS;MeshLodGenerator;Overlay;Paging;Property;RTShaderSystem;Terrain;Volume
[2.713s] --   plugins    : Plugin_BSPSceneManager;Plugin_OctreeSceneManager;Plugin_PCZSceneManager;Plugin_ParticleFX;RenderSystem_GL;RenderSystem_GL3Plus;Codec_STBI
[2.713s] --   media      : /opt/ros/humble/opt/rviz_ogre_vendor/share/OGRE/Media
[2.713s] -- OGRE_LIBRARIES: OgreHLMS;OgreMeshLodGenerator;OgreOverlay;OgrePaging;OgreProperty;OgreRTShaderSystem;OgreTerrain;OgreVolume;OgreMain
[2.714s] -- OGRE_LIBRARY_DIRS: /opt/ros/humble/opt/rviz_ogre_vendor/lib
[2.714s] -- OGRE_PLUGINS: Plugin_BSPSceneManager;Plugin_OctreeSceneManager;Plugin_PCZSceneManager;Plugin_ParticleFX;RenderSystem_GL;RenderSystem_GL3Plus;Codec_STBI
[2.714s] -- OGRE_PLUGIN_DIR: /opt/ros/humble/opt/rviz_ogre_vendor/lib/OGRE
[2.714s] -- rviz_ogre_vendor::OgreOverlay for IMPORTED_LOCATION_RELEASE: /opt/ros/humble/opt/rviz_ogre_vendor/lib/libOgreOverlay.so
[2.714s] -- rviz_ogre_vendor::OgreOverlay for IMPORTED_LOCATION_DEBUG: /opt/ros/humble/opt/rviz_ogre_vendor/lib/libOgreOverlay.so
[2.714s] -- rviz_ogre_vendor::OgreMain for IMPORTED_LOCATION_RELEASE: /opt/ros/humble/opt/rviz_ogre_vendor/lib/libOgreMain.so
[2.714s] -- rviz_ogre_vendor::OgreMain for IMPORTED_LOCATION_DEBUG: /opt/ros/humble/opt/rviz_ogre_vendor/lib/libOgreMain.so
[2.806s] -- library: /usr/lib/x86_64-linux-gnu/libcurl.so
[2.829s] -- Ensuring Eigen3 include directory is part of orocos-kdl CMake target
[2.968s] -- Deploy OGRE media
[2.971s] -- Configuring done
[3.291s] -- Generating done
[3.308s] -- Build files have been written to: /home/ashish/ros2_ws/build/cartographer_rviz
[3.334s] Invoked command in '/home/ashish/ros2_ws/build/cartographer_rviz' returned '0': CMAKE_PREFIX_PATH=/home/ashish/ros2_ws/install/cartographer_ros:/home/ashish/ros2_ws/install/turtlebot3_teleop:/home/ashish/ros2_ws/install/turtlebot3_example:/opt/ros/humble:/home/ashish/ros2_ws/install/cartographer_ros_msgs:/home/ashish/ros2_ws/install/cartographer:/home/ashish/ros2_ws/install/turtlebot3:/home/ashish/ros2_ws/install/turtlebot3_simulations:/home/ashish/ros2_ws/install/turtlebot3_bringup:/home/ashish/ros2_ws/install/turtlebot3_node:/home/ashish/ros2_ws/install/turtlebot3_navigation2:/home/ashish/ros2_ws/install/turtlebot3_gazebo:/home/ashish/ros2_ws/install/turtlebot3_fake_node:/home/ashish/ros2_ws/install/turtlebot3_description:/home/ashish/ros2_ws/install/turtlebot3_cartographer:/home/ashish/ros2_ws/install/rplidar_ros:/home/ashish/ros2_ws/install/rf2o_laser_odometry:/home/ashish/ros2_ws/install/nav2_custom_launch:/home/ashish/ros2_ws/install/cartographer_rviz LD_LIBRARY_PATH=/home/ashish/ros2_ws/install/cartographer_ros_msgs/lib:/home/ashish/ros2_ws/install/rplidar_ros/lib:/home/ashish/ros2_ws/install/cartographer_rviz/lib:/home/ashish/ros2_ws/install/cartographer_ros/lib:/usr/lib/x86_64-linux-gnu/gazebo-11/plugins:/opt/ros/humble/opt/rviz_ogre_vendor/lib:/opt/ros/humble/lib/x86_64-linux-gnu:/opt/ros/humble/lib /usr/bin/cmake /home/ashish/ros2_ws/src/cartographer_ros/cartographer_rviz -DCMAKE_INSTALL_PREFIX=/home/ashish/ros2_ws/install/cartographer_rviz
[3.339s] Invoking command in '/home/ashish/ros2_ws/build/cartographer_rviz': CMAKE_PREFIX_PATH=/home/ashish/ros2_ws/install/cartographer_ros:/home/ashish/ros2_ws/install/turtlebot3_teleop:/home/ashish/ros2_ws/install/turtlebot3_example:/opt/ros/humble:/home/ashish/ros2_ws/install/cartographer_ros_msgs:/home/ashish/ros2_ws/install/cartographer:/home/ashish/ros2_ws/install/turtlebot3:/home/ashish/ros2_ws/install/turtlebot3_simulations:/home/ashish/ros2_ws/install/turtlebot3_bringup:/home/ashish/ros2_ws/install/turtlebot3_node:/home/ashish/ros2_ws/install/turtlebot3_navigation2:/home/ashish/ros2_ws/install/turtlebot3_gazebo:/home/ashish/ros2_ws/install/turtlebot3_fake_node:/home/ashish/ros2_ws/install/turtlebot3_description:/home/ashish/ros2_ws/install/turtlebot3_cartographer:/home/ashish/ros2_ws/install/rplidar_ros:/home/ashish/ros2_ws/install/rf2o_laser_odometry:/home/ashish/ros2_ws/install/nav2_custom_launch:/home/ashish/ros2_ws/install/cartographer_rviz LD_LIBRARY_PATH=/home/ashish/ros2_ws/install/cartographer_ros_msgs/lib:/home/ashish/ros2_ws/install/rplidar_ros/lib:/home/ashish/ros2_ws/install/cartographer_rviz/lib:/home/ashish/ros2_ws/install/cartographer_ros/lib:/usr/lib/x86_64-linux-gnu/gazebo-11/plugins:/opt/ros/humble/opt/rviz_ogre_vendor/lib:/opt/ros/humble/lib/x86_64-linux-gnu:/opt/ros/humble/lib /usr/bin/cmake --build /home/ashish/ros2_ws/build/cartographer_rviz -- -j4 -l4
[3.452s] [ 16%] [34m[1mAutomatic MOC for target cartographer_rviz[0m
[3.469s] [ 16%] Built target cartographer_rviz_detect_changes
[3.515s] [ 16%] Built target cartographer_rviz_autogen
[3.551s] [35m[1mConsolidate compiler generated dependencies of target cartographer_rviz[0m
[3.614s] [100%] Built target cartographer_rviz
[3.640s] Invoked command in '/home/ashish/ros2_ws/build/cartographer_rviz' returned '0': CMAKE_PREFIX_PATH=/home/ashish/ros2_ws/install/cartographer_ros:/home/ashish/ros2_ws/install/turtlebot3_teleop:/home/ashish/ros2_ws/install/turtlebot3_example:/opt/ros/humble:/home/ashish/ros2_ws/install/cartographer_ros_msgs:/home/ashish/ros2_ws/install/cartographer:/home/ashish/ros2_ws/install/turtlebot3:/home/ashish/ros2_ws/install/turtlebot3_simulations:/home/ashish/ros2_ws/install/turtlebot3_bringup:/home/ashish/ros2_ws/install/turtlebot3_node:/home/ashish/ros2_ws/install/turtlebot3_navigation2:/home/ashish/ros2_ws/install/turtlebot3_gazebo:/home/ashish/ros2_ws/install/turtlebot3_fake_node:/home/ashish/ros2_ws/install/turtlebot3_description:/home/ashish/ros2_ws/install/turtlebot3_cartographer:/home/ashish/ros2_ws/install/rplidar_ros:/home/ashish/ros2_ws/install/rf2o_laser_odometry:/home/ashish/ros2_ws/install/nav2_custom_launch:/home/ashish/ros2_ws/install/cartographer_rviz LD_LIBRARY_PATH=/home/ashish/ros2_ws/install/cartographer_ros_msgs/lib:/home/ashish/ros2_ws/install/rplidar_ros/lib:/home/ashish/ros2_ws/install/cartographer_rviz/lib:/home/ashish/ros2_ws/install/cartographer_ros/lib:/usr/lib/x86_64-linux-gnu/gazebo-11/plugins:/opt/ros/humble/opt/rviz_ogre_vendor/lib:/opt/ros/humble/lib/x86_64-linux-gnu:/opt/ros/humble/lib /usr/bin/cmake --build /home/ashish/ros2_ws/build/cartographer_rviz -- -j4 -l4
[3.641s] Invoking command in '/home/ashish/ros2_ws/build/cartographer_rviz': CMAKE_PREFIX_PATH=/home/ashish/ros2_ws/install/cartographer_ros:/home/ashish/ros2_ws/install/turtlebot3_teleop:/home/ashish/ros2_ws/install/turtlebot3_example:/opt/ros/humble:/home/ashish/ros2_ws/install/cartographer_ros_msgs:/home/ashish/ros2_ws/install/cartographer:/home/ashish/ros2_ws/install/turtlebot3:/home/ashish/ros2_ws/install/turtlebot3_simulations:/home/ashish/ros2_ws/install/turtlebot3_bringup:/home/ashish/ros2_ws/install/turtlebot3_node:/home/ashish/ros2_ws/install/turtlebot3_navigation2:/home/ashish/ros2_ws/install/turtlebot3_gazebo:/home/ashish/ros2_ws/install/turtlebot3_fake_node:/home/ashish/ros2_ws/install/turtlebot3_description:/home/ashish/ros2_ws/install/turtlebot3_cartographer:/home/ashish/ros2_ws/install/rplidar_ros:/home/ashish/ros2_ws/install/rf2o_laser_odometry:/home/ashish/ros2_ws/install/nav2_custom_launch:/home/ashish/ros2_ws/install/cartographer_rviz LD_LIBRARY_PATH=/home/ashish/ros2_ws/install/cartographer_ros_msgs/lib:/home/ashish/ros2_ws/install/rplidar_ros/lib:/home/ashish/ros2_ws/install/cartographer_rviz/lib:/home/ashish/ros2_ws/install/cartographer_ros/lib:/usr/lib/x86_64-linux-gnu/gazebo-11/plugins:/opt/ros/humble/opt/rviz_ogre_vendor/lib:/opt/ros/humble/lib/x86_64-linux-gnu:/opt/ros/humble/lib /usr/bin/cmake --install /home/ashish/ros2_ws/build/cartographer_rviz
[3.652s] -- Install configuration: "Release"
[3.652s] -- Execute custom install script
[3.653s] -- Up-to-date symlink: /home/ashish/ros2_ws/install/cartographer_rviz/share/cartographer_rviz//rviz_plugin_description.xml
[3.653s] -- Up-to-date symlink: /home/ashish/ros2_ws/install/cartographer_rviz/include//cartographer_rviz/drawable_submap.h
[3.654s] -- Up-to-date symlink: /home/ashish/ros2_ws/install/cartographer_rviz/include//cartographer_rviz/ogre_slice.h
[3.654s] -- Up-to-date symlink: /home/ashish/ros2_ws/install/cartographer_rviz/include//cartographer_rviz/submaps_display.h
[3.654s] -- Up-to-date symlink: /home/ashish/ros2_ws/install/cartographer_rviz/share/cartographer_rviz/environment/library_path.sh
[3.655s] -- Up-to-date symlink: /home/ashish/ros2_ws/install/cartographer_rviz/share/cartographer_rviz/environment/library_path.dsv
[3.655s] -- Up-to-date symlink: /home/ashish/ros2_ws/install/cartographer_rviz/share/ament_index/resource_index/package_run_dependencies/cartographer_rviz
[3.655s] -- Up-to-date symlink: /home/ashish/ros2_ws/install/cartographer_rviz/share/ament_index/resource_index/parent_prefix_path/cartographer_rviz
[3.655s] -- Up-to-date symlink: /home/ashish/ros2_ws/install/cartographer_rviz/share/cartographer_rviz/environment/ament_prefix_path.sh
[3.656s] -- Up-to-date symlink: /home/ashish/ros2_ws/install/cartographer_rviz/share/cartographer_rviz/environment/ament_prefix_path.dsv
[3.656s] -- Up-to-date symlink: /home/ashish/ros2_ws/install/cartographer_rviz/share/cartographer_rviz/environment/path.sh
[3.656s] -- Up-to-date symlink: /home/ashish/ros2_ws/install/cartographer_rviz/share/cartographer_rviz/environment/path.dsv
[3.656s] -- Up-to-date symlink: /home/ashish/ros2_ws/install/cartographer_rviz/share/cartographer_rviz/local_setup.bash
[3.656s] -- Up-to-date symlink: /home/ashish/ros2_ws/install/cartographer_rviz/share/cartographer_rviz/local_setup.sh
[3.656s] -- Up-to-date symlink: /home/ashish/ros2_ws/install/cartographer_rviz/share/cartographer_rviz/local_setup.zsh
[3.657s] -- Up-to-date symlink: /home/ashish/ros2_ws/install/cartographer_rviz/share/cartographer_rviz/local_setup.dsv
[3.657s] -- Symlinking: /home/ashish/ros2_ws/install/cartographer_rviz/share/cartographer_rviz/package.dsv
[3.670s] -- Up-to-date symlink: /home/ashish/ros2_ws/install/cartographer_rviz/share/ament_index/resource_index/packages/cartographer_rviz
[3.671s] -- Up-to-date symlink: /home/ashish/ros2_ws/install/cartographer_rviz/share/ament_index/resource_index/rviz_common__pluginlib__plugin/cartographer_rviz
[3.671s] -- Up-to-date symlink: /home/ashish/ros2_ws/install/cartographer_rviz/share/ament_index/resource_index/rviz_ogre_media_exports/cartographer_rviz
[3.671s] -- Up-to-date symlink: /home/ashish/ros2_ws/install/cartographer_rviz/share/cartographer_rviz/cmake/ament_cmake_export_include_directories-extras.cmake
[3.671s] -- Up-to-date symlink: /home/ashish/ros2_ws/install/cartographer_rviz/share/cartographer_rviz/cmake/ament_cmake_export_targets-extras.cmake
[3.671s] -- Up-to-date symlink: /home/ashish/ros2_ws/install/cartographer_rviz/share/cartographer_rviz/cmake/ament_cmake_export_dependencies-extras.cmake
[3.672s] -- Up-to-date symlink: /home/ashish/ros2_ws/install/cartographer_rviz/share/cartographer_rviz/cmake/cartographer_rvizConfig.cmake
[3.672s] -- Up-to-date symlink: /home/ashish/ros2_ws/install/cartographer_rviz/share/cartographer_rviz/cmake/cartographer_rvizConfig-version.cmake
[3.672s] -- Up-to-date symlink: /home/ashish/ros2_ws/install/cartographer_rviz/share/cartographer_rviz/package.xml
[3.674s] -- Up-to-date: /home/ashish/ros2_ws/install/cartographer_rviz/lib/libcartographer_rviz.so
[3.674s] -- Up-to-date: /home/ashish/ros2_ws/install/cartographer_rviz/share/cartographer_rviz/ogre_media/materials/glsl120
[3.674s] -- Up-to-date: /home/ashish/ros2_ws/install/cartographer_rviz/share/cartographer_rviz/ogre_media/materials/glsl120/submap.frag
[3.674s] -- Up-to-date: /home/ashish/ros2_ws/install/cartographer_rviz/share/cartographer_rviz/ogre_media/materials/glsl120/submap.vert
[3.674s] -- Up-to-date: /home/ashish/ros2_ws/install/cartographer_rviz/share/cartographer_rviz/ogre_media/materials/glsl120/glsl120.program
[3.674s] -- Up-to-date: /home/ashish/ros2_ws/install/cartographer_rviz/share/cartographer_rviz/ogre_media/materials/scripts
[3.675s] -- Up-to-date: /home/ashish/ros2_ws/install/cartographer_rviz/share/cartographer_rviz/ogre_media/materials/scripts/submap.material
[3.675s] -- Up-to-date: /home/ashish/ros2_ws/install/cartographer_rviz/share/cartographer_rviz/cmake/cartographer_rvizExport.cmake
[3.675s] -- Up-to-date: /home/ashish/ros2_ws/install/cartographer_rviz/share/cartographer_rviz/cmake/cartographer_rvizExport-release.cmake
[3.678s] Invoked command in '/home/ashish/ros2_ws/build/cartographer_rviz' returned '0': CMAKE_PREFIX_PATH=/home/ashish/ros2_ws/install/cartographer_ros:/home/ashish/ros2_ws/install/turtlebot3_teleop:/home/ashish/ros2_ws/install/turtlebot3_example:/opt/ros/humble:/home/ashish/ros2_ws/install/cartographer_ros_msgs:/home/ashish/ros2_ws/install/cartographer:/home/ashish/ros2_ws/install/turtlebot3:/home/ashish/ros2_ws/install/turtlebot3_simulations:/home/ashish/ros2_ws/install/turtlebot3_bringup:/home/ashish/ros2_ws/install/turtlebot3_node:/home/ashish/ros2_ws/install/turtlebot3_navigation2:/home/ashish/ros2_ws/install/turtlebot3_gazebo:/home/ashish/ros2_ws/install/turtlebot3_fake_node:/home/ashish/ros2_ws/install/turtlebot3_description:/home/ashish/ros2_ws/install/turtlebot3_cartographer:/home/ashish/ros2_ws/install/rplidar_ros:/home/ashish/ros2_ws/install/rf2o_laser_odometry:/home/ashish/ros2_ws/install/nav2_custom_launch:/home/ashish/ros2_ws/install/cartographer_rviz LD_LIBRARY_PATH=/home/ashish/ros2_ws/install/cartographer_ros_msgs/lib:/home/ashish/ros2_ws/install/rplidar_ros/lib:/home/ashish/ros2_ws/install/cartographer_rviz/lib:/home/ashish/ros2_ws/install/cartographer_ros/lib:/usr/lib/x86_64-linux-gnu/gazebo-11/plugins:/opt/ros/humble/opt/rviz_ogre_vendor/lib:/opt/ros/humble/lib/x86_64-linux-gnu:/opt/ros/humble/lib /usr/bin/cmake --install /home/ashish/ros2_ws/build/cartographer_rviz
