[1.122s] Invoking command in '/home/ashish/ros2_ws/build/turtlebot3_example': PYTHONPATH=/home/ashish/ros2_ws/build/turtlebot3_example/prefix_override:/usr/lib/python3/dist-packages/colcon_core/task/python/colcon_distutils_commands:/home/ashish/ros2_ws/install/turtlebot3_example/lib/python3.10/site-packages:${PYTHONPATH} /usr/bin/python3 -W ignore:setup.py install is deprecated -W ignore:easy_install command is deprecated setup.py develop --editable --build-directory /home/ashish/ros2_ws/build/turtlebot3_example/build --no-deps symlink_data
[1.571s] running develop
[1.796s] running egg_info
[1.796s] writing turtlebot3_example.egg-info/PKG-INFO
[1.796s] writing dependency_links to turtlebot3_example.egg-info/dependency_links.txt
[1.796s] writing entry points to turtlebot3_example.egg-info/entry_points.txt
[1.797s] writing requirements to turtlebot3_example.egg-info/requires.txt
[1.797s] writing top-level names to turtlebot3_example.egg-info/top_level.txt
[1.799s] reading manifest file 'turtlebot3_example.egg-info/SOURCES.txt'
[1.799s] writing manifest file 'turtlebot3_example.egg-info/SOURCES.txt'
[1.803s] running build_ext
[1.804s] Creating /home/ashish/ros2_ws/install/turtlebot3_example/lib/python3.10/site-packages/turtlebot3-example.egg-link (link to .)
[1.805s] Installing turtlebot3_obstacle_detection script to /home/ashish/ros2_ws/install/turtlebot3_example/lib/turtlebot3_example
[1.817s] Installing turtlebot3_patrol_client script to /home/ashish/ros2_ws/install/turtlebot3_example/lib/turtlebot3_example
[1.817s] Installing turtlebot3_patrol_server script to /home/ashish/ros2_ws/install/turtlebot3_example/lib/turtlebot3_example
[1.817s] Installing turtlebot3_position_control script to /home/ashish/ros2_ws/install/turtlebot3_example/lib/turtlebot3_example
[1.817s] 
[1.817s] Installed /home/ashish/ros2_ws/build/turtlebot3_example
[1.817s] running symlink_data
[1.872s] Invoked command in '/home/ashish/ros2_ws/build/turtlebot3_example' returned '0': PYTHONPATH=/home/ashish/ros2_ws/build/turtlebot3_example/prefix_override:/usr/lib/python3/dist-packages/colcon_core/task/python/colcon_distutils_commands:/home/ashish/ros2_ws/install/turtlebot3_example/lib/python3.10/site-packages:${PYTHONPATH} /usr/bin/python3 -W ignore:setup.py install is deprecated -W ignore:easy_install command is deprecated setup.py develop --editable --build-directory /home/ashish/ros2_ws/build/turtlebot3_example/build --no-deps symlink_data
