[0.056s] Invoking command in '/home/ashish/ros2_ws/build/cartographer_ros': CMAKE_PREFIX_PATH=/home/ashish/ros2_ws/install/turtlebot3_teleop:/home/ashish/ros2_ws/install/turtlebot3_example:/opt/ros/humble:/home/ashish/ros2_ws/install/cartographer_ros_msgs:/home/ashish/ros2_ws/install/cartographer:/home/ashish/ros2_ws/install/turtlebot3:/home/ashish/ros2_ws/install/turtlebot3_simulations:/home/ashish/ros2_ws/install/turtlebot3_bringup:/home/ashish/ros2_ws/install/turtlebot3_node:/home/ashish/ros2_ws/install/turtlebot3_navigation2:/home/ashish/ros2_ws/install/turtlebot3_gazebo:/home/ashish/ros2_ws/install/turtlebot3_fake_node:/home/ashish/ros2_ws/install/turtlebot3_description:/home/ashish/ros2_ws/install/turtlebot3_cartographer:/home/ashish/ros2_ws/install/rplidar_ros:/home/ashish/ros2_ws/install/rf2o_laser_odometry:/home/ashish/ros2_ws/install/cartographer_rviz:/home/ashish/ros2_ws/install/cartographer_ros LD_LIBRARY_PATH=/home/ashish/ros2_ws/install/cartographer_ros_msgs/lib:/home/ashish/ros2_ws/install/rplidar_ros/lib:/home/ashish/ros2_ws/install/cartographer_rviz/lib:/home/ashish/ros2_ws/install/cartographer_ros/lib:/usr/lib/x86_64-linux-gnu/gazebo-11/plugins:/opt/ros/humble/opt/rviz_ogre_vendor/lib:/opt/ros/humble/lib/x86_64-linux-gnu:/opt/ros/humble/lib /usr/bin/cmake /home/ashish/ros2_ws/src/cartographer_ros/cartographer_ros -DAMENT_CMAKE_SYMLINK_INSTALL=1 -DCMAKE_INSTALL_PREFIX=/home/ashish/ros2_ws/install/cartographer_ros
[0.078s] -- Found ament_cmake: 1.3.11 (/opt/ros/humble/share/ament_cmake/cmake)
[0.246s] -- Override CMake install command with custom implementation using symlinks instead of copying resources
[0.254s] -- Found builtin_interfaces: 1.2.1 (/opt/ros/humble/share/builtin_interfaces/cmake)
[0.276s] -- Found rosidl_generator_c: 3.1.6 (/opt/ros/humble/share/rosidl_generator_c/cmake)
[0.285s] -- Found rosidl_adapter: 3.1.6 (/opt/ros/humble/share/rosidl_adapter/cmake)
[0.285s] -- Found rosidl_generator_cpp: 3.1.6 (/opt/ros/humble/share/rosidl_generator_cpp/cmake)
[0.314s] -- Using all available rosidl_typesupport_c: rosidl_typesupport_fastrtps_c;rosidl_typesupport_introspection_c
[0.333s] -- Using all available rosidl_typesupport_cpp: rosidl_typesupport_fastrtps_cpp;rosidl_typesupport_introspection_cpp
[0.357s] -- Found required Ceres dependency: Eigen version 3.4.0 in /usr/include/eigen3
[0.367s] -- Found required Ceres dependency: glog
[0.367s] -- Found required Ceres dependency: gflags
[0.368s] -- Found Ceres version: 2.0.0 installed in: /usr with components: [EigenSparse, SparseLinearAlgebraLibrary, LAPACK, SuiteSparse, CXSparse, SchurSpecializations, Multithreading]
[0.385s] -- Found cartographer_ros_msgs: 2.0.9002 (/opt/ros/humble/share/cartographer_ros_msgs/cmake)
[0.477s] -- Eigen found (include: /usr/include/eigen3, version: 3.4.0)
[0.500s] -- looking for PCL_COMMON
[0.506s] -- Found nav_msgs: 4.2.4 (/opt/ros/humble/share/nav_msgs/cmake)
[0.550s] -- Found pcl_conversions: 2.4.5 (/opt/ros/humble/share/pcl_conversions/cmake)
[0.615s] -- Found rmw_implementation_cmake: 6.1.2 (/opt/ros/humble/share/rmw_implementation_cmake/cmake)
[0.616s] -- Found rmw_fastrtps_cpp: 6.2.7 (/opt/ros/humble/share/rmw_fastrtps_cpp/cmake)
[0.858s] -- Using RMW implementation 'rmw_fastrtps_cpp' as default
[1.182s] -- Found rosbag2_cpp: 0.15.13 (/opt/ros/humble/share/rosbag2_cpp/cmake)
[1.267s] -- Found tf2: 0.25.12 (/opt/ros/humble/share/tf2/cmake)
[1.317s] -- Found tf2_eigen: 0.25.12 (/opt/ros/humble/share/tf2_eigen/cmake)
[1.457s] -- Found urdf: 2.6.1 (/opt/ros/humble/share/urdf/cmake)
[1.469s] -- Found visualization_msgs: 4.2.4 (/opt/ros/humble/share/visualization_msgs/cmake)
[1.873s] -- Configuring done
[2.436s] -- Generating done
[2.490s] -- Build files have been written to: /home/ashish/ros2_ws/build/cartographer_ros
[2.542s] Invoked command in '/home/ashish/ros2_ws/build/cartographer_ros' returned '0': CMAKE_PREFIX_PATH=/home/ashish/ros2_ws/install/turtlebot3_teleop:/home/ashish/ros2_ws/install/turtlebot3_example:/opt/ros/humble:/home/ashish/ros2_ws/install/cartographer_ros_msgs:/home/ashish/ros2_ws/install/cartographer:/home/ashish/ros2_ws/install/turtlebot3:/home/ashish/ros2_ws/install/turtlebot3_simulations:/home/ashish/ros2_ws/install/turtlebot3_bringup:/home/ashish/ros2_ws/install/turtlebot3_node:/home/ashish/ros2_ws/install/turtlebot3_navigation2:/home/ashish/ros2_ws/install/turtlebot3_gazebo:/home/ashish/ros2_ws/install/turtlebot3_fake_node:/home/ashish/ros2_ws/install/turtlebot3_description:/home/ashish/ros2_ws/install/turtlebot3_cartographer:/home/ashish/ros2_ws/install/rplidar_ros:/home/ashish/ros2_ws/install/rf2o_laser_odometry:/home/ashish/ros2_ws/install/cartographer_rviz:/home/ashish/ros2_ws/install/cartographer_ros LD_LIBRARY_PATH=/home/ashish/ros2_ws/install/cartographer_ros_msgs/lib:/home/ashish/ros2_ws/install/rplidar_ros/lib:/home/ashish/ros2_ws/install/cartographer_rviz/lib:/home/ashish/ros2_ws/install/cartographer_ros/lib:/usr/lib/x86_64-linux-gnu/gazebo-11/plugins:/opt/ros/humble/opt/rviz_ogre_vendor/lib:/opt/ros/humble/lib/x86_64-linux-gnu:/opt/ros/humble/lib /usr/bin/cmake /home/ashish/ros2_ws/src/cartographer_ros/cartographer_ros -DAMENT_CMAKE_SYMLINK_INSTALL=1 -DCMAKE_INSTALL_PREFIX=/home/ashish/ros2_ws/install/cartographer_ros
[2.543s] Invoking command in '/home/ashish/ros2_ws/build/cartographer_ros': CMAKE_PREFIX_PATH=/home/ashish/ros2_ws/install/turtlebot3_teleop:/home/ashish/ros2_ws/install/turtlebot3_example:/opt/ros/humble:/home/ashish/ros2_ws/install/cartographer_ros_msgs:/home/ashish/ros2_ws/install/cartographer:/home/ashish/ros2_ws/install/turtlebot3:/home/ashish/ros2_ws/install/turtlebot3_simulations:/home/ashish/ros2_ws/install/turtlebot3_bringup:/home/ashish/ros2_ws/install/turtlebot3_node:/home/ashish/ros2_ws/install/turtlebot3_navigation2:/home/ashish/ros2_ws/install/turtlebot3_gazebo:/home/ashish/ros2_ws/install/turtlebot3_fake_node:/home/ashish/ros2_ws/install/turtlebot3_description:/home/ashish/ros2_ws/install/turtlebot3_cartographer:/home/ashish/ros2_ws/install/rplidar_ros:/home/ashish/ros2_ws/install/rf2o_laser_odometry:/home/ashish/ros2_ws/install/cartographer_rviz:/home/ashish/ros2_ws/install/cartographer_ros LD_LIBRARY_PATH=/home/ashish/ros2_ws/install/cartographer_ros_msgs/lib:/home/ashish/ros2_ws/install/rplidar_ros/lib:/home/ashish/ros2_ws/install/cartographer_rviz/lib:/home/ashish/ros2_ws/install/cartographer_ros/lib:/usr/lib/x86_64-linux-gnu/gazebo-11/plugins:/opt/ros/humble/opt/rviz_ogre_vendor/lib:/opt/ros/humble/lib/x86_64-linux-gnu:/opt/ros/humble/lib /usr/bin/cmake --build /home/ashish/ros2_ws/build/cartographer_ros -- -j4 -l4
[2.746s] [35m[1mConsolidate compiler generated dependencies of target cartographer_ros[0m
[3.024s] [ 60%] Built target cartographer_ros
[3.082s] [35m[1mConsolidate compiler generated dependencies of target cartographer_node[0m
[3.085s] [35m[1mConsolidate compiler generated dependencies of target cartographer_occupancy_grid_node[0m
[3.130s] [35m[1mConsolidate compiler generated dependencies of target cartographer_assets_writer[0m
[3.134s] [35m[1mConsolidate compiler generated dependencies of target cartographer_offline_node[0m
[3.185s] [ 65%] Built target cartographer_occupancy_grid_node
[3.210s] [ 71%] Built target cartographer_offline_node
[3.217s] [ 77%] Built target cartographer_node
[3.241s] [35m[1mConsolidate compiler generated dependencies of target cartographer_pbstream_map_publisher[0m
[3.246s] [ 82%] Built target cartographer_assets_writer
[3.256s] [35m[1mConsolidate compiler generated dependencies of target cartographer_pbstream_to_ros_map[0m
[3.312s] [35m[1mConsolidate compiler generated dependencies of target cartographer_rosbag_validate[0m
[3.339s] [ 88%] Built target cartographer_pbstream_to_ros_map
[3.358s] [ 94%] Built target cartographer_pbstream_map_publisher
[3.389s] [100%] Built target cartographer_rosbag_validate
[3.414s] Invoked command in '/home/ashish/ros2_ws/build/cartographer_ros' returned '0': CMAKE_PREFIX_PATH=/home/ashish/ros2_ws/install/turtlebot3_teleop:/home/ashish/ros2_ws/install/turtlebot3_example:/opt/ros/humble:/home/ashish/ros2_ws/install/cartographer_ros_msgs:/home/ashish/ros2_ws/install/cartographer:/home/ashish/ros2_ws/install/turtlebot3:/home/ashish/ros2_ws/install/turtlebot3_simulations:/home/ashish/ros2_ws/install/turtlebot3_bringup:/home/ashish/ros2_ws/install/turtlebot3_node:/home/ashish/ros2_ws/install/turtlebot3_navigation2:/home/ashish/ros2_ws/install/turtlebot3_gazebo:/home/ashish/ros2_ws/install/turtlebot3_fake_node:/home/ashish/ros2_ws/install/turtlebot3_description:/home/ashish/ros2_ws/install/turtlebot3_cartographer:/home/ashish/ros2_ws/install/rplidar_ros:/home/ashish/ros2_ws/install/rf2o_laser_odometry:/home/ashish/ros2_ws/install/cartographer_rviz:/home/ashish/ros2_ws/install/cartographer_ros LD_LIBRARY_PATH=/home/ashish/ros2_ws/install/cartographer_ros_msgs/lib:/home/ashish/ros2_ws/install/rplidar_ros/lib:/home/ashish/ros2_ws/install/cartographer_rviz/lib:/home/ashish/ros2_ws/install/cartographer_ros/lib:/usr/lib/x86_64-linux-gnu/gazebo-11/plugins:/opt/ros/humble/opt/rviz_ogre_vendor/lib:/opt/ros/humble/lib/x86_64-linux-gnu:/opt/ros/humble/lib /usr/bin/cmake --build /home/ashish/ros2_ws/build/cartographer_ros -- -j4 -l4
[3.445s] Invoking command in '/home/ashish/ros2_ws/build/cartographer_ros': CMAKE_PREFIX_PATH=/home/ashish/ros2_ws/install/turtlebot3_teleop:/home/ashish/ros2_ws/install/turtlebot3_example:/opt/ros/humble:/home/ashish/ros2_ws/install/cartographer_ros_msgs:/home/ashish/ros2_ws/install/cartographer:/home/ashish/ros2_ws/install/turtlebot3:/home/ashish/ros2_ws/install/turtlebot3_simulations:/home/ashish/ros2_ws/install/turtlebot3_bringup:/home/ashish/ros2_ws/install/turtlebot3_node:/home/ashish/ros2_ws/install/turtlebot3_navigation2:/home/ashish/ros2_ws/install/turtlebot3_gazebo:/home/ashish/ros2_ws/install/turtlebot3_fake_node:/home/ashish/ros2_ws/install/turtlebot3_description:/home/ashish/ros2_ws/install/turtlebot3_cartographer:/home/ashish/ros2_ws/install/rplidar_ros:/home/ashish/ros2_ws/install/rf2o_laser_odometry:/home/ashish/ros2_ws/install/cartographer_rviz:/home/ashish/ros2_ws/install/cartographer_ros LD_LIBRARY_PATH=/home/ashish/ros2_ws/install/cartographer_ros_msgs/lib:/home/ashish/ros2_ws/install/rplidar_ros/lib:/home/ashish/ros2_ws/install/cartographer_rviz/lib:/home/ashish/ros2_ws/install/cartographer_ros/lib:/usr/lib/x86_64-linux-gnu/gazebo-11/plugins:/opt/ros/humble/opt/rviz_ogre_vendor/lib:/opt/ros/humble/lib/x86_64-linux-gnu:/opt/ros/humble/lib /usr/bin/cmake --install /home/ashish/ros2_ws/build/cartographer_ros
[3.468s] -- Install configuration: ""
[3.469s] -- Execute custom install script
[3.472s] -- Up-to-date symlink: /home/ashish/ros2_ws/install/cartographer_ros/lib/libcartographer_ros.a
[3.473s] -- Up-to-date symlink: /home/ashish/ros2_ws/install/cartographer_ros/lib/cartographer_ros/cartographer_node
[3.474s] -- Up-to-date symlink: /home/ashish/ros2_ws/install/cartographer_ros/lib/cartographer_ros/cartographer_occupancy_grid_node
[3.480s] -- Up-to-date symlink: /home/ashish/ros2_ws/install/cartographer_ros/lib/cartographer_ros/cartographer_offline_node
[3.482s] -- Up-to-date symlink: /home/ashish/ros2_ws/install/cartographer_ros/lib/cartographer_ros/cartographer_assets_writer
[3.483s] -- Up-to-date symlink: /home/ashish/ros2_ws/install/cartographer_ros/lib/cartographer_ros/cartographer_pbstream_map_publisher
[3.484s] -- Up-to-date symlink: /home/ashish/ros2_ws/install/cartographer_ros/lib/cartographer_ros/cartographer_pbstream_to_ros_map
[3.487s] -- Up-to-date symlink: /home/ashish/ros2_ws/install/cartographer_ros/lib/cartographer_ros/cartographer_rosbag_validate
[3.493s] -- Up-to-date symlink: /home/ashish/ros2_ws/install/cartographer_ros/include//cartographer_ros/assets_writer.h
[3.498s] -- Up-to-date symlink: /home/ashish/ros2_ws/install/cartographer_ros/include//cartographer_ros/map_builder_bridge.h
[3.508s] -- Up-to-date symlink: /home/ashish/ros2_ws/install/cartographer_ros/include//cartographer_ros/metrics/family_factory.h
[3.511s] -- Up-to-date symlink: /home/ashish/ros2_ws/install/cartographer_ros/include//cartographer_ros/metrics/internal/counter.h
[3.513s] -- Up-to-date symlink: /home/ashish/ros2_ws/install/cartographer_ros/include//cartographer_ros/metrics/internal/family.h
[3.514s] -- Up-to-date symlink: /home/ashish/ros2_ws/install/cartographer_ros/include//cartographer_ros/metrics/internal/gauge.h
[3.516s] -- Up-to-date symlink: /home/ashish/ros2_ws/install/cartographer_ros/include//cartographer_ros/metrics/internal/histogram.h
[3.518s] -- Up-to-date symlink: /home/ashish/ros2_ws/install/cartographer_ros/include//cartographer_ros/msg_conversion.h
[3.518s] -- Up-to-date symlink: /home/ashish/ros2_ws/install/cartographer_ros/include//cartographer_ros/node.h
[3.519s] -- Up-to-date symlink: /home/ashish/ros2_ws/install/cartographer_ros/include//cartographer_ros/node_constants.h
[3.521s] -- Up-to-date symlink: /home/ashish/ros2_ws/install/cartographer_ros/include//cartographer_ros/node_options.h
[3.522s] -- Up-to-date symlink: /home/ashish/ros2_ws/install/cartographer_ros/include//cartographer_ros/offline_node.h
[3.523s] -- Up-to-date symlink: /home/ashish/ros2_ws/install/cartographer_ros/include//cartographer_ros/playable_bag.h
[3.524s] -- Up-to-date symlink: /home/ashish/ros2_ws/install/cartographer_ros/include//cartographer_ros/ros_log_sink.h
[3.525s] -- Up-to-date symlink: /home/ashish/ros2_ws/install/cartographer_ros/include//cartographer_ros/ros_map.h
[3.526s] -- Up-to-date symlink: /home/ashish/ros2_ws/install/cartographer_ros/include//cartographer_ros/ros_map_writing_points_processor.h
[3.535s] -- Up-to-date symlink: /home/ashish/ros2_ws/install/cartographer_ros/include//cartographer_ros/sensor_bridge.h
[3.535s] -- Up-to-date symlink: /home/ashish/ros2_ws/install/cartographer_ros/include//cartographer_ros/submap.h
[3.535s] -- Up-to-date symlink: /home/ashish/ros2_ws/install/cartographer_ros/include//cartographer_ros/tf_bridge.h
[3.535s] -- Up-to-date symlink: /home/ashish/ros2_ws/install/cartographer_ros/include//cartographer_ros/time_conversion.h
[3.537s] -- Up-to-date symlink: /home/ashish/ros2_ws/install/cartographer_ros/include//cartographer_ros/trajectory_options.h
[3.538s] -- Up-to-date symlink: /home/ashish/ros2_ws/install/cartographer_ros/include//cartographer_ros/urdf_reader.h
[3.542s] -- Up-to-date symlink: /home/ashish/ros2_ws/install/cartographer_ros/share/cartographer_ros//configuration_files/assets_writer_backpack_2d.lua
[3.543s] -- Up-to-date symlink: /home/ashish/ros2_ws/install/cartographer_ros/share/cartographer_ros//configuration_files/assets_writer_backpack_2d_ci.lua
[3.544s] -- Up-to-date symlink: /home/ashish/ros2_ws/install/cartographer_ros/share/cartographer_ros//configuration_files/assets_writer_backpack_3d.lua
[3.545s] -- Up-to-date symlink: /home/ashish/ros2_ws/install/cartographer_ros/share/cartographer_ros//configuration_files/assets_writer_ros_map.lua
[3.547s] -- Up-to-date symlink: /home/ashish/ros2_ws/install/cartographer_ros/share/cartographer_ros//configuration_files/backpack_2d.lua
[3.548s] -- Up-to-date symlink: /home/ashish/ros2_ws/install/cartographer_ros/share/cartographer_ros//configuration_files/backpack_2d_localization.lua
[3.549s] -- Up-to-date symlink: /home/ashish/ros2_ws/install/cartographer_ros/share/cartographer_ros//configuration_files/backpack_2d_localization_evaluation.lua
[3.549s] -- Up-to-date symlink: /home/ashish/ros2_ws/install/cartographer_ros/share/cartographer_ros//configuration_files/backpack_2d_server.lua
[3.551s] -- Up-to-date symlink: /home/ashish/ros2_ws/install/cartographer_ros/share/cartographer_ros//configuration_files/backpack_3d.lua
[3.552s] -- Up-to-date symlink: /home/ashish/ros2_ws/install/cartographer_ros/share/cartographer_ros//configuration_files/backpack_3d_localization.lua
[3.552s] -- Up-to-date symlink: /home/ashish/ros2_ws/install/cartographer_ros/share/cartographer_ros//configuration_files/demo_2d.rviz
[3.553s] -- Up-to-date symlink: /home/ashish/ros2_ws/install/cartographer_ros/share/cartographer_ros//configuration_files/demo_3d.rviz
[3.554s] -- Up-to-date symlink: /home/ashish/ros2_ws/install/cartographer_ros/share/cartographer_ros//configuration_files/mir-100-mapping.lua
[3.555s] -- Up-to-date symlink: /home/ashish/ros2_ws/install/cartographer_ros/share/cartographer_ros//configuration_files/pr2.lua
[3.559s] -- Up-to-date symlink: /home/ashish/ros2_ws/install/cartographer_ros/share/cartographer_ros//configuration_files/revo_lds.lua
[3.560s] -- Up-to-date symlink: /home/ashish/ros2_ws/install/cartographer_ros/share/cartographer_ros//configuration_files/taurob_tracker.lua
[3.562s] -- Up-to-date symlink: /home/ashish/ros2_ws/install/cartographer_ros/share/cartographer_ros//configuration_files/transform.lua
[3.563s] -- Up-to-date symlink: /home/ashish/ros2_ws/install/cartographer_ros/share/cartographer_ros//configuration_files/visualize_pbstream.lua
[3.569s] -- Up-to-date symlink: /home/ashish/ros2_ws/install/cartographer_ros/share/cartographer_ros//urdf/backpack_2d.urdf
[3.569s] -- Up-to-date symlink: /home/ashish/ros2_ws/install/cartographer_ros/share/cartographer_ros//urdf/backpack_3d.urdf
[3.569s] -- Up-to-date symlink: /home/ashish/ros2_ws/install/cartographer_ros/share/cartographer_ros//urdf/mir-100.urdf
[3.571s] -- Up-to-date symlink: /home/ashish/ros2_ws/install/cartographer_ros/share/cartographer_ros//launch/assets_writer_backpack_2d.launch.py
[3.572s] -- Up-to-date symlink: /home/ashish/ros2_ws/install/cartographer_ros/share/cartographer_ros//launch/assets_writer_backpack_3d.launch.py
[3.572s] -- Up-to-date symlink: /home/ashish/ros2_ws/install/cartographer_ros/share/cartographer_ros//launch/assets_writer_ros_map.launch.py
[3.573s] -- Up-to-date symlink: /home/ashish/ros2_ws/install/cartographer_ros/share/cartographer_ros//launch/backpack_2d.launch.py
[3.574s] -- Up-to-date symlink: /home/ashish/ros2_ws/install/cartographer_ros/share/cartographer_ros//launch/backpack_3d.launch.py
[3.575s] -- Up-to-date symlink: /home/ashish/ros2_ws/install/cartographer_ros/share/cartographer_ros//launch/demo_backpack_2d.launch.py
[3.576s] -- Up-to-date symlink: /home/ashish/ros2_ws/install/cartographer_ros/share/cartographer_ros//launch/demo_backpack_2d_localization.launch.py
[3.578s] -- Up-to-date symlink: /home/ashish/ros2_ws/install/cartographer_ros/share/cartographer_ros//launch/demo_backpack_3d.launch.py
[3.578s] -- Up-to-date symlink: /home/ashish/ros2_ws/install/cartographer_ros/share/cartographer_ros//launch/demo_backpack_3d_localization.launch.py
[3.579s] -- Up-to-date symlink: /home/ashish/ros2_ws/install/cartographer_ros/share/cartographer_ros//launch/demo_pr2.launch
[3.580s] -- Up-to-date symlink: /home/ashish/ros2_ws/install/cartographer_ros/share/cartographer_ros//launch/demo_revo_lds.launch.py
[3.583s] -- Up-to-date symlink: /home/ashish/ros2_ws/install/cartographer_ros/share/cartographer_ros//launch/demo_taurob_tracker.launch.py
[3.583s] -- Up-to-date symlink: /home/ashish/ros2_ws/install/cartographer_ros/share/cartographer_ros//launch/grpc_demo_backpack_2d.launch
[3.584s] -- Up-to-date symlink: /home/ashish/ros2_ws/install/cartographer_ros/share/cartographer_ros//launch/grpc_demo_backpack_2d_localization.launch
[3.584s] -- Up-to-date symlink: /home/ashish/ros2_ws/install/cartographer_ros/share/cartographer_ros//launch/offline_backpack_2d.launch.py
[3.585s] -- Up-to-date symlink: /home/ashish/ros2_ws/install/cartographer_ros/share/cartographer_ros//launch/offline_backpack_3d.launch.py
[3.586s] -- Up-to-date symlink: /home/ashish/ros2_ws/install/cartographer_ros/share/cartographer_ros//launch/offline_mir_100_rviz.launch.py
[3.587s] -- Up-to-date symlink: /home/ashish/ros2_ws/install/cartographer_ros/share/cartographer_ros//launch/offline_node.launch.py
[3.588s] -- Up-to-date symlink: /home/ashish/ros2_ws/install/cartographer_ros/share/cartographer_ros//launch/taurob_tracker.launch.py
[3.589s] -- Up-to-date symlink: /home/ashish/ros2_ws/install/cartographer_ros/share/cartographer_ros//launch/visualize_pbstream.launch.py
[3.590s] -- Up-to-date symlink: /home/ashish/ros2_ws/install/cartographer_ros/share/cartographer_ros/environment/library_path.sh
[3.591s] -- Up-to-date symlink: /home/ashish/ros2_ws/install/cartographer_ros/share/cartographer_ros/environment/library_path.dsv
[3.591s] -- Up-to-date symlink: /home/ashish/ros2_ws/install/cartographer_ros/share/ament_index/resource_index/package_run_dependencies/cartographer_ros
[3.594s] -- Up-to-date symlink: /home/ashish/ros2_ws/install/cartographer_ros/share/ament_index/resource_index/parent_prefix_path/cartographer_ros
[3.595s] -- Up-to-date symlink: /home/ashish/ros2_ws/install/cartographer_ros/share/cartographer_ros/environment/ament_prefix_path.sh
[3.595s] -- Up-to-date symlink: /home/ashish/ros2_ws/install/cartographer_ros/share/cartographer_ros/environment/ament_prefix_path.dsv
[3.597s] -- Up-to-date symlink: /home/ashish/ros2_ws/install/cartographer_ros/share/cartographer_ros/environment/path.sh
[3.597s] -- Up-to-date symlink: /home/ashish/ros2_ws/install/cartographer_ros/share/cartographer_ros/environment/path.dsv
[3.612s] -- Up-to-date symlink: /home/ashish/ros2_ws/install/cartographer_ros/share/cartographer_ros/local_setup.bash
[3.613s] -- Up-to-date symlink: /home/ashish/ros2_ws/install/cartographer_ros/share/cartographer_ros/local_setup.sh
[3.615s] -- Up-to-date symlink: /home/ashish/ros2_ws/install/cartographer_ros/share/cartographer_ros/local_setup.zsh
[3.615s] -- Up-to-date symlink: /home/ashish/ros2_ws/install/cartographer_ros/share/cartographer_ros/local_setup.dsv
[3.615s] -- Symlinking: /home/ashish/ros2_ws/install/cartographer_ros/share/cartographer_ros/package.dsv
[3.633s] -- Up-to-date symlink: /home/ashish/ros2_ws/install/cartographer_ros/share/ament_index/resource_index/packages/cartographer_ros
[3.635s] -- Up-to-date symlink: /home/ashish/ros2_ws/install/cartographer_ros/share/cartographer_ros/cmake/ament_cmake_export_include_directories-extras.cmake
[3.637s] -- Up-to-date symlink: /home/ashish/ros2_ws/install/cartographer_ros/share/cartographer_ros/cmake/ament_cmake_export_libraries-extras.cmake
[3.638s] -- Up-to-date symlink: /home/ashish/ros2_ws/install/cartographer_ros/share/cartographer_ros/cmake/ament_cmake_export_dependencies-extras.cmake
[3.639s] -- Up-to-date symlink: /home/ashish/ros2_ws/install/cartographer_ros/share/cartographer_ros/cmake/cartographer_rosConfig.cmake
[3.640s] -- Up-to-date symlink: /home/ashish/ros2_ws/install/cartographer_ros/share/cartographer_ros/cmake/cartographer_rosConfig-version.cmake
[3.643s] -- Up-to-date symlink: /home/ashish/ros2_ws/install/cartographer_ros/share/cartographer_ros/package.xml
[3.644s] Invoked command in '/home/ashish/ros2_ws/build/cartographer_ros' returned '0': CMAKE_PREFIX_PATH=/home/ashish/ros2_ws/install/turtlebot3_teleop:/home/ashish/ros2_ws/install/turtlebot3_example:/opt/ros/humble:/home/ashish/ros2_ws/install/cartographer_ros_msgs:/home/ashish/ros2_ws/install/cartographer:/home/ashish/ros2_ws/install/turtlebot3:/home/ashish/ros2_ws/install/turtlebot3_simulations:/home/ashish/ros2_ws/install/turtlebot3_bringup:/home/ashish/ros2_ws/install/turtlebot3_node:/home/ashish/ros2_ws/install/turtlebot3_navigation2:/home/ashish/ros2_ws/install/turtlebot3_gazebo:/home/ashish/ros2_ws/install/turtlebot3_fake_node:/home/ashish/ros2_ws/install/turtlebot3_description:/home/ashish/ros2_ws/install/turtlebot3_cartographer:/home/ashish/ros2_ws/install/rplidar_ros:/home/ashish/ros2_ws/install/rf2o_laser_odometry:/home/ashish/ros2_ws/install/cartographer_rviz:/home/ashish/ros2_ws/install/cartographer_ros LD_LIBRARY_PATH=/home/ashish/ros2_ws/install/cartographer_ros_msgs/lib:/home/ashish/ros2_ws/install/rplidar_ros/lib:/home/ashish/ros2_ws/install/cartographer_rviz/lib:/home/ashish/ros2_ws/install/cartographer_ros/lib:/usr/lib/x86_64-linux-gnu/gazebo-11/plugins:/opt/ros/humble/opt/rviz_ogre_vendor/lib:/opt/ros/humble/lib/x86_64-linux-gnu:/opt/ros/humble/lib /usr/bin/cmake --install /home/ashish/ros2_ws/build/cartographer_ros
