[1.516s] Invoking command in '/home/ashish/ros2_ws/src/turtlebot3/turtlebot3_teleop': PYTHONPATH=/home/ashish/ros2_ws/build/turtlebot3_teleop/prefix_override:/usr/lib/python3/dist-packages/colcon_core/task/python/colcon_distutils_commands:/home/ashish/ros2_ws/install/turtlebot3_teleop/lib/python3.10/site-packages:${PYTHONPATH} /usr/bin/python3 -W ignore:setup.py install is deprecated -W ignore:easy_install command is deprecated setup.py egg_info --egg-base ../../../build/turtlebot3_teleop build --build-base /home/ashish/ros2_ws/build/turtlebot3_teleop/build install --record /home/ashish/ros2_ws/build/turtlebot3_teleop/install.log --single-version-externally-managed install_data
[1.771s] running egg_info
[1.771s] writing ../../../build/turtlebot3_teleop/turtlebot3_teleop.egg-info/PKG-INFO
[1.782s] writing dependency_links to ../../../build/turtlebot3_teleop/turtlebot3_teleop.egg-info/dependency_links.txt
[1.787s] writing entry points to ../../../build/turtlebot3_teleop/turtlebot3_teleop.egg-info/entry_points.txt
[1.812s] writing requirements to ../../../build/turtlebot3_teleop/turtlebot3_teleop.egg-info/requires.txt
[1.812s] writing top-level names to ../../../build/turtlebot3_teleop/turtlebot3_teleop.egg-info/top_level.txt
[1.820s] reading manifest file '../../../build/turtlebot3_teleop/turtlebot3_teleop.egg-info/SOURCES.txt'
[1.828s] writing manifest file '../../../build/turtlebot3_teleop/turtlebot3_teleop.egg-info/SOURCES.txt'
[1.828s] running build
[1.828s] running build_py
[1.829s] running install
[1.829s] running install_lib
[1.829s] running install_data
[1.829s] running install_egg_info
[1.829s] removing '/home/ashish/ros2_ws/install/turtlebot3_teleop/lib/python3.10/site-packages/turtlebot3_teleop-2.1.5-py3.10.egg-info' (and everything under it)
[1.829s] Copying ../../../build/turtlebot3_teleop/turtlebot3_teleop.egg-info to /home/ashish/ros2_ws/install/turtlebot3_teleop/lib/python3.10/site-packages/turtlebot3_teleop-2.1.5-py3.10.egg-info
[1.829s] running install_scripts
[1.854s] Installing teleop_keyboard script to /home/ashish/ros2_ws/install/turtlebot3_teleop/lib/turtlebot3_teleop
[1.854s] writing list of installed files to '/home/ashish/ros2_ws/build/turtlebot3_teleop/install.log'
[1.887s] Invoked command in '/home/ashish/ros2_ws/src/turtlebot3/turtlebot3_teleop' returned '0': PYTHONPATH=/home/ashish/ros2_ws/build/turtlebot3_teleop/prefix_override:/usr/lib/python3/dist-packages/colcon_core/task/python/colcon_distutils_commands:/home/ashish/ros2_ws/install/turtlebot3_teleop/lib/python3.10/site-packages:${PYTHONPATH} /usr/bin/python3 -W ignore:setup.py install is deprecated -W ignore:easy_install command is deprecated setup.py egg_info --egg-base ../../../build/turtlebot3_teleop build --build-base /home/ashish/ros2_ws/build/turtlebot3_teleop/build install --record /home/ashish/ros2_ws/build/turtlebot3_teleop/install.log --single-version-externally-managed install_data
