[0.046s] Invoking command in '/home/ashish/ros2_ws/build/cartographer_ros_msgs': /usr/bin/cmake /home/ashish/ros2_ws/src/cartographer_ros/cartographer_ros_msgs -DCATKIN_INSTALL_INTO_PREFIX_ROOT=0 -DCATKIN_SYMLINK_INSTALL=ON -DCMAKE_INSTALL_PREFIX=/home/ashish/ros2_ws/install/cartographer_ros_msgs
[0.060s] [0mCMake Deprecation Warning at CMakeLists.txt:15 (cmake_minimum_required):
[0.060s]   Compatibility with CMake < 2.8.12 will be removed from a future version of
[0.060s]   CMake.
[0.061s] 
[0.061s]   Update the VERSION argument <min> value or use a ...<max> suffix to tell
[0.061s]   CMake that the project does not need compatibility with older versions.
[0.061s] 
[0.061s] [0m
[0.090s] [31mCMake Error at CMakeLists.txt:24 (find_package):
[0.090s]   By not providing "Findcatkin.cmake" in CMAKE_MODULE_PATH this project has
[0.090s]   asked CMake to find a package configuration file provided by "catkin", but
[0.090s]   CMake did not find one.
[0.090s] 
[0.090s]   Could not find a package configuration file provided by "catkin" with any
[0.090s]   of the following names:
[0.090s] 
[0.090s]     catkinConfig.cmake
[0.090s]     catkin-config.cmake
[0.095s] 
[0.097s]   Add the installation prefix of "catkin" to CMAKE_PREFIX_PATH or set
[0.098s]   "catkin_DIR" to a directory containing one of the above files.  If "catkin"
[0.099s]   provides a separate development package or SDK, be sure it has been
[0.102s]   installed.
[0.104s] 
[0.105s] [0m
[0.107s] -- Configuring incomplete, errors occurred!
[0.109s] See also "/home/ashish/ros2_ws/build/cartographer_ros_msgs/CMakeFiles/CMakeOutput.log".
[0.115s] Invoked command in '/home/ashish/ros2_ws/build/cartographer_ros_msgs' returned '1': /usr/bin/cmake /home/ashish/ros2_ws/src/cartographer_ros/cartographer_ros_msgs -DCATKIN_INSTALL_INTO_PREFIX_ROOT=0 -DCATKIN_SYMLINK_INSTALL=ON -DCMAKE_INSTALL_PREFIX=/home/ashish/ros2_ws/install/cartographer_ros_msgs
